{"path": "LocalSessionManager-4Operational.jsonl", "line": 40, "exists": false, "line_sha256": null, "text": null}
{"path": "RdpCoreTS-4Operational.jsonl", "line": 4, "exists": false, "line_sha256": null, "text": null}
{"path": "RemoteConnectionManager-4Admin.jsonl", "line": 2, "exists": false, "line_sha256": null, "text": null}
{"path": "Security.jsonl", "line": 1, "exists": true, "line_sha256": "410c2a58b6f0ed10ce654f3e445800f212d92ca569c9e8db668cc5b1629933f5", "text": "{\"Event\":{\"#attributes\":{\"xmlns\":\"http://schemas.microsoft.com/win/2004/08/events/event\"},\"System\":{\"Provider\":{\"#attributes\":{\"Name\":\"Microsoft-Windows-Security-Auditing\",\"Guid\":\"54849625-5478-4994-A5BA-3E3B0328C30D\"}},\"EventID\":4625,\"Version\":0,\"Level\":0,\"Task\":12544,\"Opcode\":0,\"Keywords\":\"0x8010000000000000\",\"TimeCreated\":{\"#attributes\":{\"SystemTime\":\"2021-06-01T18:36:04.949933Z\"}},\"EventRecordID\":417258,\"Correlation\":{\"#attributes\":{\"ActivityID\":\"BA79FABD-46AE-0001-31FB-79BAAE46D701\"}},\"Execution\":{\"#attributes\":{\"ProcessID\":712,\"ThreadID\":3380}},\"Channel\":\"Security\",\"Computer\":\"IPSERVER\",\"Security\":null},\"EventData\":{\"SubjectUserSid\":\"S-1-0-0\",\"SubjectUserName\":\"-\",\"SubjectDomainName\":\"-\",\"SubjectLogonId\":\"0x0\",\"TargetUserSid\":\"S-1-0-0\",\"TargetUserName\":\"ADMINI\",\"TargetDomainName\":\"\",\"Status\":\"0xc000006d\",\"FailureReason\":\"%%2313\",\"SubStatus\":\"0xc0000064\",\"LogonType\":3,\"LogonProcessName\":\"NtLmSsp \",\"AuthenticationPackageName\":\"NTLM\",\"WorkstationName\":\"-\",\"TransmittedServices\":\"-\",\"LmPackageName\":\"-\",\"KeyLength\":0,\"ProcessId\":\"0x0\",\"ProcessName\":\"-\",\"IpAddress\":\"45.168.116.98\",\"IpPort\":\"0\"}}}"}
{"path": "Security.jsonl", "line": 7489, "exists": true, "line_sha256": "454ebb5359c7d1228a47bf3e7cb63df3520c072e4ff7d6122a39d6aa00c7b403", "text": "{\"Event\":{\"#attributes\":{\"xmlns\":\"http://schemas.microsoft.com/win/2004/08/events/event\"},\"System\":{\"Provider\":{\"#attributes\":{\"Name\":\"Microsoft-Windows-Security-Auditing\",\"Guid\":\"54849625-5478-4994-A5BA-3E3B0328C30D\"}},\"EventID\":4625,\"Version\":0,\"Level\":0,\"Task\":12544,\"Opcode\":0,\"Keywords\":\"0x8010000000000000\",\"TimeCreated\":{\"#attributes\":{\"SystemTime\":\"2021-06-02T06:10:59.842145Z\"}},\"EventRecordID\":424746,\"Correlation\":{\"#attributes\":{\"ActivityID\":\"BA79FABD-46AE-0001-31FB-79BAAE46D701\"}},\"Execution\":{\"#attributes\":{\"ProcessID\":712,\"ThreadID\":6004}},\"Channel\":\"Security\",\"Computer\":\"IPSERVER\",\"Security\":null},\"EventData\":{\"SubjectUserSid\":\"S-1-0-0\",\"SubjectUserName\":\"-\",\"SubjectDomainName\":\"-\",\"SubjectLogonId\":\"0x0\",\"TargetUserSid\":\"S-1-0-0\",\"TargetUserName\":\"IPSERVER\",\"TargetDomainName\":\"\",\"Status\":\"0xc000006d\",\"FailureReason\":\"%%2313\",\"SubStatus\":\"0xc0000064\",\"LogonType\":3,\"LogonProcessName\":\"NtLmSsp \",\"AuthenticationPackageName\":\"NTLM\",\"WorkstationName\":\"FreeRDP\",\"TransmittedServices\":\"-\",\"LmPackageName\":\"-\",\"KeyLength\":0,\"ProcessId\":\"0x0\",\"ProcessName\":\"-\",\"IpAddress\":\"112.13.203.22\",\"IpPort\":\"0\"}}}"}
{"path": "Security.jsonl", "line": 7702, "exists": true, "line_sha256": "934a3683250f60b395bed72d5af2aaaa44e7c32786678cff1d53a424035f2ae6", "text": "{\"Event\":{\"#attributes\":{\"xmlns\":\"http://schemas.microsoft.com/win/2004/08/events/event\"},\"System\":{\"Provider\":{\"#attributes\":{\"Name\":\"Microsoft-Windows-Security-Auditing\",\"Guid\":\"54849625-5478-4994-A5BA-3E3B0328C30D\"}},\"EventID\":4625,\"Version\":0,\"Level\":0,\"Task\":12544,\"Opcode\":0,\"Keywords\":\"0x8010000000000000\",\"TimeCreated\":{\"#attributes\":{\"SystemTime\":\"2021-06-02T06:37:36.000979Z\"}},\"EventRecordID\":424959,\"Correlation\":{\"#attributes\":{\"ActivityID\":\"BA79FABD-46AE-0001-31FB-79BAAE46D701\"}},\"Execution\":{\"#attributes\":{\"ProcessID\":712,\"ThreadID\":3628}},\"Channel\":\"Security\",\"Computer\":\"IPSERVER\",\"Security\":null},\"EventData\":{\"SubjectUserSid\":\"S-1-0-0\",\"SubjectUserName\":\"-\",\"SubjectDomainName\":\"-\",\"SubjectLogonId\":\"0x0\",\"TargetUserSid\":\"S-1-0-0\",\"TargetUserName\":\"IPSERVER\",\"TargetDomainName\":\"\",\"Status\":\"0xc000006d\",\"FailureReason\":\"%%2313\",\"SubStatus\":\"0xc0000064\",\"LogonType\":3,\"LogonProcessName\":\"NtLmSsp \",\"AuthenticationPackageName\":\"NTLM\",\"WorkstationName\":\"FreeRDP\",\"TransmittedServices\":\"-\",\"LmPackageName\":\"-\",\"KeyLength\":0,\"ProcessId\":\"0x0\",\"ProcessName\":\"-\",\"IpAddress\":\"78.128.91.5\",\"IpPort\":\"0\"}}}"}
{"path": "Security.jsonl", "line": 10146, "exists": true, "line_sha256": "423af6717555ae6c370173df0b0f155f6e1ea0776e34d16cb968103a66dc5f45", "text": "{\"Event\":{\"#attributes\":{\"xmlns\":\"http://schemas.microsoft.com/win/2004/08/events/event\"},\"System\":{\"Provider\":{\"#attributes\":{\"Name\":\"Microsoft-Windows-Security-Auditing\",\"Guid\":\"54849625-5478-4994-A5BA-3E3B0328C30D\"}},\"EventID\":4799,\"Version\":0,\"Level\":0,\"Task\":13826,\"Opcode\":0,\"Keywords\":\"0x8020000000000000\",\"TimeCreated\":{\"#attributes\":{\"SystemTime\":\"2021-06-02T10:49:00.528942Z\"}},\"EventRecordID\":427403,\"Correlation\":{\"#attributes\":{\"ActivityID\":\"BA79FABD-46AE-0001-31FB-79BAAE46D701\"}},\"Execution\":{\"#attributes\":{\"ProcessID\":712,\"ThreadID\":5600}},\"Channel\":\"Security\",\"Computer\":\"IPSERVER\",\"Security\":null},\"EventData\":{\"TargetUserName\":\"Администраторы\",\"TargetDomainName\":\"Builtin\",\"TargetSid\":\"S-1-5-32-544\",\"SubjectUserSid\":\"S-1-5-18\",\"SubjectUserName\":\"IPSERVER$\",\"SubjectDomainName\":\"WORKGROUP\",\"SubjectLogonId\":\"0x3e7\",\"CallerProcessId\":\"0x148c\",\"CallerProcessName\":\"C:\\\\Windows\\\\System32\\\\svchost.exe\"}}}"}
{"path": "Security.jsonl", "line": 10147, "exists": true, "line_sha256": "cd05471dfaf0bd0249d34db9ff0f03e832525beb6bb8b8a716ec64f44679581b", "text": "{\"Event\":{\"#attributes\":{\"xmlns\":\"http://schemas.microsoft.com/win/2004/08/events/event\"},\"System\":{\"Provider\":{\"#attributes\":{\"Name\":\"Microsoft-Windows-Security-Auditing\",\"Guid\":\"54849625-5478-4994-A5BA-3E3B0328C30D\"}},\"EventID\":4799,\"Version\":0,\"Level\":0,\"Task\":13826,\"Opcode\":0,\"Keywords\":\"0x8020000000000000\",\"TimeCreated\":{\"#attributes\":{\"SystemTime\":\"2021-06-02T10:49:00.530363Z\"}},\"EventRecordID\":427404,\"Correlation\":{\"#attributes\":{\"ActivityID\":\"BA79FABD-46AE-0001-31FB-79BAAE46D701\"}},\"Execution\":{\"#attributes\":{\"ProcessID\":712,\"ThreadID\":5600}},\"Channel\":\"Security\",\"Computer\":\"IPSERVER\",\"Security\":null},\"EventData\":{\"TargetUserName\":\"Операторы архива\",\"TargetDomainName\":\"Builtin\",\"TargetSid\":\"S-1-5-32-551\",\"SubjectUserSid\":\"S-1-5-18\",\"SubjectUserName\":\"IPSERVER$\",\"SubjectDomainName\":\"WORKGROUP\",\"SubjectLogonId\":\"0x3e7\",\"CallerProcessId\":\"0x148c\",\"CallerProcessName\":\"C:\\\\Windows\\\\System32\\\\svchost.exe\"}}}"}
{"path": "Security.jsonl", "line": 13497, "exists": true, "line_sha256": "7f49cf3c2f97ed6e18875b8db3b2246824131c9a566d3b08ce40d9d1051a1b7b", "text": "{\"Event\":{\"#attributes\":{\"xmlns\":\"http://schemas.microsoft.com/win/2004/08/events/event\"},\"System\":{\"Provider\":{\"#attributes\":{\"Name\":\"Microsoft-Windows-Security-Auditing\",\"Guid\":\"54849625-5478-4994-A5BA-3E3B0328C30D\"}},\"EventID\":4625,\"Version\":0,\"Level\":0,\"Task\":12544,\"Opcode\":0,\"Keywords\":\"0x8010000000000000\",\"TimeCreated\":{\"#attributes\":{\"SystemTime\":\"2021-06-02T14:53:57.015856Z\"}},\"EventRecordID\":430754,\"Correlation\":{\"#attributes\":{\"ActivityID\":\"BA79FABD-46AE-0001-31FB-79BAAE46D701\"}},\"Execution\":{\"#attributes\":{\"ProcessID\":712,\"ThreadID\":5416}},\"Channel\":\"Security\",\"Computer\":\"IPSERVER\",\"Security\":null},\"EventData\":{\"SubjectUserSid\":\"S-1-5-20\",\"SubjectUserName\":\"IPSERVER$\",\"SubjectDomainName\":\"WORKGROUP\",\"SubjectLogonId\":\"0x3e4\",\"TargetUserSid\":\"S-1-0-0\",\"TargetUserName\":\"0xivfrh1\",\"TargetDomainName\":\"\",\"Status\":\"0xc000006d\",\"FailureReason\":\"%%2313\",\"SubStatus\":\"0xc0000064\",\"LogonType\":3,\"LogonProcessName\":\"Advapi  \",\"AuthenticationPackageName\":\"MICROSOFT_AUTHENTICATION_PACKAGE_V1_0\",\"WorkstationName\":\"IPSERVER\",\"TransmittedServices\":\"-\",\"LmPackageName\":\"-\",\"KeyLength\":0,\"ProcessId\":\"0x358\",\"ProcessName\":\"C:\\\\Windows\\\\System32\\\\svchost.exe\",\"IpAddress\":\"-\",\"IpPort\":\"-\"}}}"}
{"path": "Security.jsonl", "line": 13499, "exists": true, "line_sha256": "7fc5e5f64a22b242193637f34fc46f84ab34975a80a1f886116944e2b9c46a94", "text": "{\"Event\":{\"#attributes\":{\"xmlns\":\"http://schemas.microsoft.com/win/2004/08/events/event\"},\"System\":{\"Provider\":{\"#attributes\":{\"Name\":\"Microsoft-Windows-Security-Auditing\",\"Guid\":\"54849625-5478-4994-A5BA-3E3B0328C30D\"}},\"EventID\":4648,\"Version\":0,\"Level\":0,\"Task\":12544,\"Opcode\":0,\"Keywords\":\"0x8020000000000000\",\"TimeCreated\":{\"#attributes\":{\"SystemTime\":\"2021-06-02T14:53:59.447679Z\"}},\"EventRecordID\":430756,\"Correlation\":{\"#attributes\":{\"ActivityID\":\"BA79FABD-46AE-0001-31FB-79BAAE46D701\"}},\"Execution\":{\"#attributes\":{\"ProcessID\":712,\"ThreadID\":5160}},\"Channel\":\"Security\",\"Computer\":\"IPSERVER\",\"Security\":null},\"EventData\":{\"SubjectUserSid\":\"S-1-5-18\",\"SubjectUserName\":\"IPSERVER$\",\"SubjectDomainName\":\"WORKGROUP\",\"SubjectLogonId\":\"0x3e7\",\"LogonGuid\":\"00000000-0000-0000-0000-000000000000\",\"TargetUserName\":\"UMFD-2\",\"TargetDomainName\":\"Font Driver Host\",\"TargetLogonGuid\":\"00000000-0000-0000-0000-000000000000\",\"TargetServerName\":\"localhost\",\"TargetInfo\":\"localhost\",\"ProcessId\":\"0x11c8\",\"ProcessName\":\"C:\\\\Windows\\\\System32\\\\winlogon.exe\",\"IpAddress\":\"-\",\"IpPort\":\"-\"}}}"}
{"path": "Security.jsonl", "line": 13500, "exists": true, "line_sha256": "8b87492a528fd80bb16b5178f8af4973230de8608e02381ea4515f7208b3b8ef", "text": "{\"Event\":{\"#attributes\":{\"xmlns\":\"http://schemas.microsoft.com/win/2004/08/events/event\"},\"System\":{\"Provider\":{\"#attributes\":{\"Name\":\"Microsoft-Windows-Security-Auditing\",\"Guid\":\"54849625-5478-4994-A5BA-3E3B0328C30D\"}},\"EventID\":4624,\"Version\":2,\"Level\":0,\"Task\":12544,\"Opcode\":0,\"Keywords\":\"0x8020000000000000\",\"TimeCreated\":{\"#attributes\":{\"SystemTime\":\"2021-06-02T14:53:59.447697Z\"}},\"EventRecordID\":430757,\"Correlation\":{\"#attributes\":{\"ActivityID\":\"BA79FABD-46AE-0001-31FB-79BAAE46D701\"}},\"Execution\":{\"#attributes\":{\"ProcessID\":712,\"ThreadID\":5160}},\"Channel\":\"Security\",\"Computer\":\"IPSERVER\",\"Security\":null},\"EventData\":{\"SubjectUserSid\":\"S-1-5-18\",\"SubjectUserName\":\"IPSERVER$\",\"SubjectDomainName\":\"WORKGROUP\",\"SubjectLogonId\":\"0x3e7\",\"TargetUserSid\":\"S-1-5-96-0-2\",\"TargetUserName\":\"UMFD-2\",\"TargetDomainName\":\"Font Driver Host\",\"TargetLogonId\":\"0x38c5a12f\",\"LogonType\":2,\"LogonProcessName\":\"Advapi  \",\"AuthenticationPackageName\":\"Negotiate\",\"WorkstationName\":\"-\",\"LogonGuid\":\"00000000-0000-0000-0000-000000000000\",\"TransmittedServices\":\"-\",\"LmPackageName\":\"-\",\"KeyLength\":0,\"ProcessId\":\"0x11c8\",\"ProcessName\":\"C:\\\\Windows\\\\System32\\\\winlogon.exe\",\"IpAddress\":\"-\",\"IpPort\":\"-\",\"ImpersonationLevel\":\"%%1833\",\"RestrictedAdminMode\":\"-\",\"TargetOutboundUserName\":\"-\",\"TargetOutboundDomainName\":\"-\",\"VirtualAccount\":\"%%1842\",\"TargetLinkedLogonId\":\"0x0\",\"ElevatedToken\":\"%%1843\"}}}"}
{"path": "Security.jsonl", "line": 13502, "exists": true, "line_sha256": "92eab360815f51e41761eeb1fd0c49f0f9938eb876c1b63e4a839a8212a8852f", "text": "{\"Event\":{\"#attributes\":{\"xmlns\":\"http://schemas.microsoft.com/win/2004/08/events/event\"},\"System\":{\"Provider\":{\"#attributes\":{\"Name\":\"Microsoft-Windows-Security-Auditing\",\"Guid\":\"54849625-5478-4994-A5BA-3E3B0328C30D\"}},\"EventID\":4672,\"Version\":0,\"Level\":0,\"Task\":12548,\"Opcode\":0,\"Keywords\":\"0x8020000000000000\",\"TimeCreated\":{\"#attributes\":{\"SystemTime\":\"2021-06-02T14:53:59.464081Z\"}},\"EventRecordID\":430759,\"Correlation\":{\"#attributes\":{\"ActivityID\":\"BA79FABD-46AE-0001-31FB-79BAAE46D701\"}},\"Execution\":{\"#attributes\":{\"ProcessID\":712,\"ThreadID\":5160}},\"Channel\":\"Security\",\"Computer\":\"IPSERVER\",\"Security\":null},\"EventData\":{\"SubjectUserSid\":\"S-1-5-18\",\"SubjectUserName\":\"СИСТЕМА\",\"SubjectDomainName\":\"NT AUTHORITY\",\"SubjectLogonId\":\"0x3e7\",\"PrivilegeList\":\"SeAssignPrimaryTokenPrivilege\\r\\n\\t\\t\\tSeTcbPrivilege\\r\\n\\t\\t\\tSeSecurityPrivilege\\r\\n\\t\\t\\tSeTakeOwnershipPrivilege\\r\\n\\t\\t\\tSeLoadDriverPrivilege\\r\\n\\t\\t\\tSeBackupPrivilege\\r\\n\\t\\t\\tSeRestorePrivilege\\r\\n\\t\\t\\tSeDebugPrivilege\\r\\n\\t\\t\\tSeAuditPrivilege\\r\\n\\t\\t\\tSeSystemEnvironmentPrivilege\\r\\n\\t\\t\\tSeImpersonatePrivilege\\r\\n\\t\\t\\tSeDelegateSessionUserImpersonatePrivilege\"}}}"}
{"path": "Security.jsonl", "line": 13503, "exists": true, "line_sha256": "0c1469ce2c91a7d0c38adde160f1ed0e5f5d9f6255eaefb6ac3011814878dcba", "text": "{\"Event\":{\"#attributes\":{\"xmlns\":\"http://schemas.microsoft.com/win/2004/08/events/event\"},\"System\":{\"Provider\":{\"#attributes\":{\"Name\":\"Microsoft-Windows-Security-Auditing\",\"Guid\":\"54849625-5478-4994-A5BA-3E3B0328C30D\"}},\"EventID\":4648,\"Version\":0,\"Level\":0,\"Task\":12544,\"Opcode\":0,\"Keywords\":\"0x8020000000000000\",\"TimeCreated\":{\"#attributes\":{\"SystemTime\":\"2021-06-02T14:53:59.495903Z\"}},\"EventRecordID\":430760,\"Correlation\":{\"#attributes\":{\"ActivityID\":\"BA79FABD-46AE-0001-31FB-79BAAE46D701\"}},\"Execution\":{\"#attributes\":{\"ProcessID\":712,\"ThreadID\":5160}},\"Channel\":\"Security\",\"Computer\":\"IPSERVER\",\"Security\":null},\"EventData\":{\"SubjectUserSid\":\"S-1-5-18\",\"SubjectUserName\":\"IPSERVER$\",\"SubjectDomainName\":\"WORKGROUP\",\"SubjectLogonId\":\"0x3e7\",\"LogonGuid\":\"00000000-0000-0000-0000-000000000000\",\"TargetUserName\":\"DWM-2\",\"TargetDomainName\":\"Window Manager\",\"TargetLogonGuid\":\"00000000-0000-0000-0000-000000000000\",\"TargetServerName\":\"localhost\",\"TargetInfo\":\"localhost\",\"ProcessId\":\"0x11c8\",\"ProcessName\":\"C:\\\\Windows\\\\System32\\\\winlogon.exe\",\"IpAddress\":\"-\",\"IpPort\":\"-\"}}}"}
{"path": "Security.jsonl", "line": 13504, "exists": true, "line_sha256": "87085516304a34826ad2a7b393a14b692140368e9b423fa3daa9df0c1e41ab82", "text": "{\"Event\":{\"#attributes\":{\"xmlns\":\"http://schemas.microsoft.com/win/2004/08/events/event\"},\"System\":{\"Provider\":{\"#attributes\":{\"Name\":\"Microsoft-Windows-Security-Auditing\",\"Guid\":\"54849625-5478-4994-A5BA-3E3B0328C30D\"}},\"EventID\":4624,\"Version\":2,\"Level\":0,\"Task\":12544,\"Opcode\":0,\"Keywords\":\"0x8020000000000000\",\"TimeCreated\":{\"#attributes\":{\"SystemTime\":\"2021-06-02T14:53:59.495921Z\"}},\"EventRecordID\":430761,\"Correlation\":{\"#attributes\":{\"ActivityID\":\"BA79FABD-46AE-0001-31FB-79BAAE46D701\"}},\"Execution\":{\"#attributes\":{\"ProcessID\":712,\"ThreadID\":5160}},\"Channel\":\"Security\",\"Computer\":\"IPSERVER\",\"Security\":null},\"EventData\":{\"SubjectUserSid\":\"S-1-5-18\",\"SubjectUserName\":\"IPSERVER$\",\"SubjectDomainName\":\"WORKGROUP\",\"SubjectLogonId\":\"0x3e7\",\"TargetUserSid\":\"S-1-5-90-0-2\",\"TargetUserName\":\"DWM-2\",\"TargetDomainName\":\"Window Manager\",\"TargetLogonId\":\"0x38c5aa7c\",\"LogonType\":2,\"LogonProcessName\":\"Advapi  \",\"AuthenticationPackageName\":\"Negotiate\",\"WorkstationName\":\"-\",\"LogonGuid\":\"00000000-0000-0000-0000-000000000000\",\"TransmittedServices\":\"-\",\"LmPackageName\":\"-\",\"KeyLength\":0,\"ProcessId\":\"0x11c8\",\"ProcessName\":\"C:\\\\Windows\\\\System32\\\\winlogon.exe\",\"IpAddress\":\"-\",\"IpPort\":\"-\",\"ImpersonationLevel\":\"%%1833\",\"RestrictedAdminMode\":\"-\",\"TargetOutboundUserName\":\"-\",\"TargetOutboundDomainName\":\"-\",\"VirtualAccount\":\"%%1842\",\"TargetLinkedLogonId\":\"0x38c5af93\",\"ElevatedToken\":\"%%1842\"}}}"}
{"path": "Security.jsonl", "line": 13505, "exists": true, "line_sha256": "7eaf4f456e5f52d2097f98464cb6dc923aabb6be1eecdf176942e2a76f0a89af", "text": "{\"Event\":{\"#attributes\":{\"xmlns\":\"http://schemas.microsoft.com/win/2004/08/events/event\"},\"System\":{\"Provider\":{\"#attributes\":{\"Name\":\"Microsoft-Windows-Security-Auditing\",\"Guid\":\"54849625-5478-4994-A5BA-3E3B0328C30D\"}},\"EventID\":4624,\"Version\":2,\"Level\":0,\"Task\":12544,\"Opcode\":0,\"Keywords\":\"0x8020000000000000\",\"TimeCreated\":{\"#attributes\":{\"SystemTime\":\"2021-06-02T14:53:59.495935Z\"}},\"EventRecordID\":430762,\"Correlation\":{\"#attributes\":{\"ActivityID\":\"BA79FABD-46AE-0001-31FB-79BAAE46D701\"}},\"Execution\":{\"#attributes\":{\"ProcessID\":712,\"ThreadID\":5160}},\"Channel\":\"Security\",\"Computer\":\"IPSERVER\",\"Security\":null},\"EventData\":{\"SubjectUserSid\":\"S-1-5-18\",\"SubjectUserName\":\"IPSERVER$\",\"SubjectDomainName\":\"WORKGROUP\",\"SubjectLogonId\":\"0x3e7\",\"TargetUserSid\":\"S-1-5-90-0-2\",\"TargetUserName\":\"DWM-2\",\"TargetDomainName\":\"Window Manager\",\"TargetLogonId\":\"0x38c5af93\",\"LogonType\":2,\"LogonProcessName\":\"Advapi  \",\"AuthenticationPackageName\":\"Negotiate\",\"WorkstationName\":\"-\",\"LogonGuid\":\"00000000-0000-0000-0000-000000000000\",\"TransmittedServices\":\"-\",\"LmPackageName\":\"-\",\"KeyLength\":0,\"ProcessId\":\"0x11c8\",\"ProcessName\":\"C:\\\\Windows\\\\System32\\\\winlogon.exe\",\"IpAddress\":\"-\",\"IpPort\":\"-\",\"ImpersonationLevel\":\"%%1833\",\"RestrictedAdminMode\":\"-\",\"TargetOutboundUserName\":\"-\",\"TargetOutboundDomainName\":\"-\",\"VirtualAccount\":\"%%1842\",\"TargetLinkedLogonId\":\"0x38c5aa7c\",\"ElevatedToken\":\"%%1843\"}}}"}
{"path": "Security.jsonl", "line": 13506, "exists": true, "line_sha256": "4f92eb74ea505092ae5831c89736b710ac2d2185281bad1eb662883811c0cdd2", "text": "{\"Event\":{\"#attributes\":{\"xmlns\":\"http://schemas.microsoft.com/win/2004/08/events/event\"},\"System\":{\"Provider\":{\"#attributes\":{\"Name\":\"Microsoft-Windows-Security-Auditing\",\"Guid\":\"54849625-5478-4994-A5BA-3E3B0328C30D\"}},\"EventID\":4672,\"Version\":0,\"Level\":0,\"Task\":12548,\"Opcode\":0,\"Keywords\":\"0x8020000000000000\",\"TimeCreated\":{\"#attributes\":{\"SystemTime\":\"2021-06-02T14:53:59.495939Z\"}},\"EventRecordID\":430763,\"Correlation\":{\"#attributes\":{\"ActivityID\":\"BA79FABD-46AE-0001-31FB-79BAAE46D701\"}},\"Execution\":{\"#attributes\":{\"ProcessID\":712,\"ThreadID\":5160}},\"Channel\":\"Security\",\"Computer\":\"IPSERVER\",\"Security\":null},\"EventData\":{\"SubjectUserSid\":\"S-1-5-90-0-2\",\"SubjectUserName\":\"DWM-2\",\"SubjectDomainName\":\"Window Manager\",\"SubjectLogonId\":\"0x38c5aa7c\",\"PrivilegeList\":\"SeAssignPrimaryTokenPrivilege\\r\\n\\t\\t\\tSeAuditPrivilege\\r\\n\\t\\t\\tSeImpersonatePrivilege\"}}}"}
{"path": "Security.jsonl", "line": 13507, "exists": true, "line_sha256": "9c65ab7fbc4a11ed17f7cf52784571f0655dbb9c0aac6cb24185a48912c68ba3", "text": "{\"Event\":{\"#attributes\":{\"xmlns\":\"http://schemas.microsoft.com/win/2004/08/events/event\"},\"System\":{\"Provider\":{\"#attributes\":{\"Name\":\"Microsoft-Windows-Security-Auditing\",\"Guid\":\"54849625-5478-4994-A5BA-3E3B0328C30D\"}},\"EventID\":4672,\"Version\":0,\"Level\":0,\"Task\":12548,\"Opcode\":0,\"Keywords\":\"0x8020000000000000\",\"TimeCreated\":{\"#attributes\":{\"SystemTime\":\"2021-06-02T14:53:59.495941Z\"}},\"EventRecordID\":430764,\"Correlation\":{\"#attributes\":{\"ActivityID\":\"BA79FABD-46AE-0001-31FB-79BAAE46D701\"}},\"Execution\":{\"#attributes\":{\"ProcessID\":712,\"ThreadID\":5160}},\"Channel\":\"Security\",\"Computer\":\"IPSERVER\",\"Security\":null},\"EventData\":{\"SubjectUserSid\":\"S-1-5-90-0-2\",\"SubjectUserName\":\"DWM-2\",\"SubjectDomainName\":\"Window Manager\",\"SubjectLogonId\":\"0x38c5af93\",\"PrivilegeList\":\"SeAssignPrimaryTokenPrivilege\\r\\n\\t\\t\\tSeAuditPrivilege\"}}}"}
{"path": "Security.jsonl", "line": 13511, "exists": true, "line_sha256": "abc1867571a8b40b2b0af0bee9766b5adf1c4f39af04a51ef181d69d2febd59b", "text": "{\"Event\":{\"#attributes\":{\"xmlns\":\"http://schemas.microsoft.com/win/2004/08/events/event\"},\"System\":{\"Provider\":{\"#attributes\":{\"Name\":\"Microsoft-Windows-Security-Auditing\",\"Guid\":\"54849625-5478-4994-A5BA-3E3B0328C30D\"}},\"EventID\":4798,\"Version\":0,\"Level\":0,\"Task\":13824,\"Opcode\":0,\"Keywords\":\"0x8020000000000000\",\"TimeCreated\":{\"#attributes\":{\"SystemTime\":\"2021-06-02T14:53:59.906256Z\"}},\"EventRecordID\":430768,\"Correlation\":{\"#attributes\":{\"ActivityID\":\"BA79FABD-46AE-0001-31FB-79BAAE46D701\"}},\"Execution\":{\"#attributes\":{\"ProcessID\":712,\"ThreadID\":5160}},\"Channel\":\"Security\",\"Computer\":\"IPSERVER\",\"Security\":null},\"EventData\":{\"TargetUserName\":\"root\",\"TargetDomainName\":\"IPSERVER\",\"TargetSid\":\"S-1-5-21-2929202171-1942120112-2054978817-1001\",\"SubjectUserSid\":\"S-1-5-18\",\"SubjectUserName\":\"IPSERVER$\",\"SubjectDomainName\":\"WORKGROUP\",\"SubjectLogonId\":\"0x3e7\",\"CallerProcessId\":\"0x294\",\"CallerProcessName\":\"C:\\\\Windows\\\\System32\\\\LogonUI.exe\"}}}"}
{"path": "Security.jsonl", "line": 13514, "exists": true, "line_sha256": "e4476eefda917365e99dd755588babdefc3b70eb4ed2beeeadeaff8986d18f01", "text": "{\"Event\":{\"#attributes\":{\"xmlns\":\"http://schemas.microsoft.com/win/2004/08/events/event\"},\"System\":{\"Provider\":{\"#attributes\":{\"Name\":\"Microsoft-Windows-Security-Auditing\",\"Guid\":\"54849625-5478-4994-A5BA-3E3B0328C30D\"}},\"EventID\":4634,\"Version\":0,\"Level\":0,\"Task\":12545,\"Opcode\":0,\"Keywords\":\"0x8020000000000000\",\"TimeCreated\":{\"#attributes\":{\"SystemTime\":\"2021-06-02T14:54:07.687711Z\"}},\"EventRecordID\":430771,\"Correlation\":null,\"Execution\":{\"#attributes\":{\"ProcessID\":712,\"ThreadID\":2508}},\"Channel\":\"Security\",\"Computer\":\"IPSERVER\",\"Security\":null},\"EventData\":{\"TargetUserSid\":\"S-1-5-96-0-2\",\"TargetUserName\":\"UMFD-2\",\"TargetDomainName\":\"Font Driver Host\",\"TargetLogonId\":\"0x38c5a12f\",\"LogonType\":2}}}"}
{"path": "Security.jsonl", "line": 13516, "exists": true, "line_sha256": "3d399cf5dccd677d3a3345a94af2e8fdf7063373f0581bc1c039ebfc8f8ba1ed", "text": "{\"Event\":{\"#attributes\":{\"xmlns\":\"http://schemas.microsoft.com/win/2004/08/events/event\"},\"System\":{\"Provider\":{\"#attributes\":{\"Name\":\"Microsoft-Windows-Security-Auditing\",\"Guid\":\"54849625-5478-4994-A5BA-3E3B0328C30D\"}},\"EventID\":4634,\"Version\":0,\"Level\":0,\"Task\":12545,\"Opcode\":0,\"Keywords\":\"0x8020000000000000\",\"TimeCreated\":{\"#attributes\":{\"SystemTime\":\"2021-06-02T14:54:08.911237Z\"}},\"EventRecordID\":430773,\"Correlation\":null,\"Execution\":{\"#attributes\":{\"ProcessID\":712,\"ThreadID\":2508}},\"Channel\":\"Security\",\"Computer\":\"IPSERVER\",\"Security\":null},\"EventData\":{\"TargetUserSid\":\"S-1-5-90-0-2\",\"TargetUserName\":\"DWM-2\",\"TargetDomainName\":\"Window Manager\",\"TargetLogonId\":\"0x38c5af93\",\"LogonType\":2}}}"}
{"path": "Security.jsonl", "line": 13517, "exists": true, "line_sha256": "36b5c5c839a93e6ef3515669c92446a3159dbac8b151c16605e5a288b83244ba", "text": "{\"Event\":{\"#attributes\":{\"xmlns\":\"http://schemas.microsoft.com/win/2004/08/events/event\"},\"System\":{\"Provider\":{\"#attributes\":{\"Name\":\"Microsoft-Windows-Security-Auditing\",\"Guid\":\"54849625-5478-4994-A5BA-3E3B0328C30D\"}},\"EventID\":4634,\"Version\":0,\"Level\":0,\"Task\":12545,\"Opcode\":0,\"Keywords\":\"0x8020000000000000\",\"TimeCreated\":{\"#attributes\":{\"SystemTime\":\"2021-06-02T14:54:08.911306Z\"}},\"EventRecordID\":430774,\"Correlation\":null,\"Execution\":{\"#attributes\":{\"ProcessID\":712,\"ThreadID\":2508}},\"Channel\":\"Security\",\"Computer\":\"IPSERVER\",\"Security\":null},\"EventData\":{\"TargetUserSid\":\"S-1-5-90-0-2\",\"TargetUserName\":\"DWM-2\",\"TargetDomainName\":\"Window Manager\",\"TargetLogonId\":\"0x38c5aa7c\",\"LogonType\":2}}}"}
{"path": "Security.jsonl", "line": 14373, "exists": true, "line_sha256": "9d7ca69e3e2b1ccc242bf28594f0cf98214932529e6ca9beb1442768cad01f9d", "text": "{\"Event\":{\"#attributes\":{\"xmlns\":\"http://schemas.microsoft.com/win/2004/08/events/event\"},\"System\":{\"Provider\":{\"#attributes\":{\"Name\":\"Microsoft-Windows-Security-Auditing\",\"Guid\":\"54849625-5478-4994-A5BA-3E3B0328C30D\"}},\"EventID\":4616,\"Version\":1,\"Level\":0,\"Task\":12288,\"Opcode\":0,\"Keywords\":\"0x8020000000000000\",\"TimeCreated\":{\"#attributes\":{\"SystemTime\":\"2021-06-02T15:46:31.063128Z\"}},\"EventRecordID\":431630,\"Correlation\":null,\"Execution\":{\"#attributes\":{\"ProcessID\":4,\"ThreadID\":5828}},\"Channel\":\"Security\",\"Computer\":\"IPSERVER\",\"Security\":null},\"EventData\":{\"SubjectUserSid\":\"S-1-5-19\",\"SubjectUserName\":\"LOCAL SERVICE\",\"SubjectDomainName\":\"NT AUTHORITY\",\"SubjectLogonId\":\"0x3e5\",\"PreviousTime\":\"2021-06-02T15:46:32.930466Z\",\"NewTime\":\"2021-06-02T15:46:31.061210Z\",\"ProcessId\":\"0x17dc\",\"ProcessName\":\"C:\\\\Windows\\\\System32\\\\svchost.exe\"}}}"}
{"path": "Security.jsonl", "line": 19302, "exists": true, "line_sha256": "7ef0b018594d627a8b7333b3098009f8de32b915fd82e67cfe07995f5389dd36", "text": "{\"Event\":{\"#attributes\":{\"xmlns\":\"http://schemas.microsoft.com/win/2004/08/events/event\"},\"System\":{\"Provider\":{\"#attributes\":{\"Name\":\"Microsoft-Windows-Security-Auditing\",\"Guid\":\"54849625-5478-4994-A5BA-3E3B0328C30D\"}},\"EventID\":5379,\"Version\":0,\"Level\":0,\"Task\":13824,\"Opcode\":0,\"Keywords\":\"0x8020000000000000\",\"TimeCreated\":{\"#attributes\":{\"SystemTime\":\"2021-06-02T20:34:10.477633Z\"}},\"EventRecordID\":436559,\"Correlation\":{\"#attributes\":{\"ActivityID\":\"BA79FABD-46AE-0001-31FB-79BAAE46D701\"}},\"Execution\":{\"#attributes\":{\"ProcessID\":712,\"ThreadID\":5060}},\"Channel\":\"Security\",\"Computer\":\"IPSERVER\",\"Security\":null},\"EventData\":{\"SubjectUserSid\":\"S-1-5-18\",\"SubjectUserName\":\"IPSERVER$\",\"SubjectDomainName\":\"WORKGROUP\",\"SubjectLogonId\":\"0x3e7\",\"TargetName\":\"MicrosoftAccount:user=02ippbnbtczupavl\",\"Type\":0,\"CountOfCredentialsReturned\":0,\"ReadOperation\":\"%%8100\",\"ReturnCode\":3221226021,\"ProcessCreationTime\":\"2021-06-02T20:34:10.423073Z\",\"ClientProcessId\":660}}}"}
{"path": "Security.jsonl", "line": 19933, "exists": true, "line_sha256": "6f038538e4e05be1ed4699c788311a085be75169804696ce554960a3bd785857", "text": "{\"Event\":{\"#attributes\":{\"xmlns\":\"http://schemas.microsoft.com/win/2004/08/events/event\"},\"System\":{\"Provider\":{\"#attributes\":{\"Name\":\"Microsoft-Windows-Security-Auditing\",\"Guid\":\"54849625-5478-4994-A5BA-3E3B0328C30D\"}},\"EventID\":4625,\"Version\":0,\"Level\":0,\"Task\":12544,\"Opcode\":0,\"Keywords\":\"0x8010000000000000\",\"TimeCreated\":{\"#attributes\":{\"SystemTime\":\"2021-06-02T21:11:10.516024Z\"}},\"EventRecordID\":437190,\"Correlation\":{\"#attributes\":{\"ActivityID\":\"BA79FABD-46AE-0001-31FB-79BAAE46D701\"}},\"Execution\":{\"#attributes\":{\"ProcessID\":712,\"ThreadID\":4356}},\"Channel\":\"Security\",\"Computer\":\"IPSERVER\",\"Security\":null},\"EventData\":{\"SubjectUserSid\":\"S-1-0-0\",\"SubjectUserName\":\"-\",\"SubjectDomainName\":\"-\",\"SubjectLogonId\":\"0x0\",\"TargetUserSid\":\"S-1-0-0\",\"TargetUserName\":\"ADMIN\",\"TargetDomainName\":\"\",\"Status\":\"0xc000006d\",\"FailureReason\":\"%%2313\",\"SubStatus\":\"0xc0000064\",\"LogonType\":3,\"LogonProcessName\":\"NtLmSsp \",\"AuthenticationPackageName\":\"NTLM\",\"WorkstationName\":\"-\",\"TransmittedServices\":\"-\",\"LmPackageName\":\"-\",\"KeyLength\":0,\"ProcessId\":\"0x0\",\"ProcessName\":\"-\",\"IpAddress\":\"77.37.206.173\",\"IpPort\":\"0\"}}}"}
{"path": "Security.jsonl", "line": 19934, "exists": true, "line_sha256": "9b7493fe1cc07b02f1c293c1eb8af67e8faf92c2dce3498c854415fe1eaacef3", "text": "{\"Event\":{\"#attributes\":{\"xmlns\":\"http://schemas.microsoft.com/win/2004/08/events/event\"},\"System\":{\"Provider\":{\"#attributes\":{\"Name\":\"Microsoft-Windows-Security-Auditing\",\"Guid\":\"54849625-5478-4994-A5BA-3E3B0328C30D\"}},\"EventID\":4625,\"Version\":0,\"Level\":0,\"Task\":12544,\"Opcode\":0,\"Keywords\":\"0x8010000000000000\",\"TimeCreated\":{\"#attributes\":{\"SystemTime\":\"2021-06-01T00:09:15.930903Z\"}},\"EventRecordID\":402275,\"Correlation\":{\"#attributes\":{\"ActivityID\":\"BA79FABD-46AE-0001-31FB-79BAAE46D701\"}},\"Execution\":{\"#attributes\":{\"ProcessID\":712,\"ThreadID\":5728}},\"Channel\":\"Security\",\"Computer\":\"IPSERVER\",\"Security\":null},\"EventData\":{\"SubjectUserSid\":\"S-1-0-0\",\"SubjectUserName\":\"-\",\"SubjectDomainName\":\"-\",\"SubjectLogonId\":\"0x0\",\"TargetUserSid\":\"S-1-0-0\",\"TargetUserName\":\"АДМИНИСТРАТОР\",\"TargetDomainName\":\"\",\"Status\":\"0xc000006d\",\"FailureReason\":\"%%2313\",\"SubStatus\":\"0xc000006a\",\"LogonType\":3,\"LogonProcessName\":\"NtLmSsp \",\"AuthenticationPackageName\":\"NTLM\",\"WorkstationName\":\"-\",\"TransmittedServices\":\"-\",\"LmPackageName\":\"-\",\"KeyLength\":0,\"ProcessId\":\"0x0\",\"ProcessName\":\"-\",\"IpAddress\":\"91.220.163.170\",\"IpPort\":\"0\"}}}"}
{"path": "Security.jsonl", "line": 20087, "exists": true, "line_sha256": "ae1aea016d5b1eb486535bc772d876a637d01c39f7b66e2fcf81ec51c1ac9cc0", "text": "{\"Event\":{\"#attributes\":{\"xmlns\":\"http://schemas.microsoft.com/win/2004/08/events/event\"},\"System\":{\"Provider\":{\"#attributes\":{\"Name\":\"Microsoft-Windows-Security-Auditing\",\"Guid\":\"54849625-5478-4994-A5BA-3E3B0328C30D\"}},\"EventID\":5379,\"Version\":0,\"Level\":0,\"Task\":13824,\"Opcode\":0,\"Keywords\":\"0x8020000000000000\",\"TimeCreated\":{\"#attributes\":{\"SystemTime\":\"2021-06-01T00:18:45.785234Z\"}},\"EventRecordID\":402428,\"Correlation\":{\"#attributes\":{\"ActivityID\":\"BA79FABD-46AE-0001-31FB-79BAAE46D701\"}},\"Execution\":{\"#attributes\":{\"ProcessID\":712,\"ThreadID\":5728}},\"Channel\":\"Security\",\"Computer\":\"IPSERVER\",\"Security\":null},\"EventData\":{\"SubjectUserSid\":\"S-1-5-18\",\"SubjectUserName\":\"IPSERVER$\",\"SubjectDomainName\":\"WORKGROUP\",\"SubjectLogonId\":\"0x3e7\",\"TargetName\":\"WindowsLive:(token):name=02ippbnbtczupavl;serviceuri=*\",\"Type\":0,\"CountOfCredentialsReturned\":0,\"ReadOperation\":\"%%8100\",\"ReturnCode\":3221226021,\"ProcessCreationTime\":\"2021-06-01T00:18:45.747122Z\",\"ClientProcessId\":2940}}}"}
{"path": "Security.jsonl", "line": 27306, "exists": true, "line_sha256": "5e23c9b42d8f0b944c9fff4c3ada1159cc2a597c291c65ef82140560cef5c045", "text": "{\"Event\":{\"#attributes\":{\"xmlns\":\"http://schemas.microsoft.com/win/2004/08/events/event\"},\"System\":{\"Provider\":{\"#attributes\":{\"Name\":\"Microsoft-Windows-Security-Auditing\",\"Guid\":\"54849625-5478-4994-A5BA-3E3B0328C30D\"}},\"EventID\":4625,\"Version\":0,\"Level\":0,\"Task\":12544,\"Opcode\":0,\"Keywords\":\"0x8010000000000000\",\"TimeCreated\":{\"#attributes\":{\"SystemTime\":\"2021-06-01T07:38:05.006418Z\"}},\"EventRecordID\":409647,\"Correlation\":{\"#attributes\":{\"ActivityID\":\"BA79FABD-46AE-0001-31FB-79BAAE46D701\"}},\"Execution\":{\"#attributes\":{\"ProcessID\":712,\"ThreadID\":1140}},\"Channel\":\"Security\",\"Computer\":\"IPSERVER\",\"Security\":null},\"EventData\":{\"SubjectUserSid\":\"S-1-0-0\",\"SubjectUserName\":\"-\",\"SubjectDomainName\":\"-\",\"SubjectLogonId\":\"0x0\",\"TargetUserSid\":\"S-1-0-0\",\"TargetUserName\":\"IPSERVER\",\"TargetDomainName\":\"\",\"Status\":\"0xc000006d\",\"FailureReason\":\"%%2313\",\"SubStatus\":\"0xc0000064\",\"LogonType\":3,\"LogonProcessName\":\"NtLmSsp \",\"AuthenticationPackageName\":\"NTLM\",\"WorkstationName\":\"FreeRDP\",\"TransmittedServices\":\"-\",\"LmPackageName\":\"-\",\"KeyLength\":0,\"ProcessId\":\"0x0\",\"ProcessName\":\"-\",\"IpAddress\":\"112.25.201.244\",\"IpPort\":\"0\"}}}"}
{"path": "Security.jsonl", "line": 29759, "exists": true, "line_sha256": "4296e97876490de6fdc07cc801144be4f5099d229ff9e4aeb8d09e1213c80dfc", "text": "{\"Event\":{\"#attributes\":{\"xmlns\":\"http://schemas.microsoft.com/win/2004/08/events/event\"},\"System\":{\"Provider\":{\"#attributes\":{\"Name\":\"Microsoft-Windows-Security-Auditing\",\"Guid\":\"54849625-5478-4994-A5BA-3E3B0328C30D\"}},\"EventID\":4799,\"Version\":0,\"Level\":0,\"Task\":13826,\"Opcode\":0,\"Keywords\":\"0x8020000000000000\",\"TimeCreated\":{\"#attributes\":{\"SystemTime\":\"2021-06-01T10:49:00.490597Z\"}},\"EventRecordID\":412100,\"Correlation\":{\"#attributes\":{\"ActivityID\":\"BA79FABD-46AE-0001-31FB-79BAAE46D701\"}},\"Execution\":{\"#attributes\":{\"ProcessID\":712,\"ThreadID\":3084}},\"Channel\":\"Security\",\"Computer\":\"IPSERVER\",\"Security\":null},\"EventData\":{\"TargetUserName\":\"Администраторы\",\"TargetDomainName\":\"Builtin\",\"TargetSid\":\"S-1-5-32-544\",\"SubjectUserSid\":\"S-1-5-18\",\"SubjectUserName\":\"IPSERVER$\",\"SubjectDomainName\":\"WORKGROUP\",\"SubjectLogonId\":\"0x3e7\",\"CallerProcessId\":\"0x17f8\",\"CallerProcessName\":\"C:\\\\Windows\\\\System32\\\\svchost.exe\"}}}"}
{"path": "Security.jsonl", "line": 29760, "exists": true, "line_sha256": "9ca97469687c02be7d11c74d570d3f7c98bea455ea81042631b4e75e8b992fe5", "text": "{\"Event\":{\"#attributes\":{\"xmlns\":\"http://schemas.microsoft.com/win/2004/08/events/event\"},\"System\":{\"Provider\":{\"#attributes\":{\"Name\":\"Microsoft-Windows-Security-Auditing\",\"Guid\":\"54849625-5478-4994-A5BA-3E3B0328C30D\"}},\"EventID\":4799,\"Version\":0,\"Level\":0,\"Task\":13826,\"Opcode\":0,\"Keywords\":\"0x8020000000000000\",\"TimeCreated\":{\"#attributes\":{\"SystemTime\":\"2021-06-01T10:49:00.491991Z\"}},\"EventRecordID\":412101,\"Correlation\":{\"#attributes\":{\"ActivityID\":\"BA79FABD-46AE-0001-31FB-79BAAE46D701\"}},\"Execution\":{\"#attributes\":{\"ProcessID\":712,\"ThreadID\":3084}},\"Channel\":\"Security\",\"Computer\":\"IPSERVER\",\"Security\":null},\"EventData\":{\"TargetUserName\":\"Операторы архива\",\"TargetDomainName\":\"Builtin\",\"TargetSid\":\"S-1-5-32-551\",\"SubjectUserSid\":\"S-1-5-18\",\"SubjectUserName\":\"IPSERVER$\",\"SubjectDomainName\":\"WORKGROUP\",\"SubjectLogonId\":\"0x3e7\",\"CallerProcessId\":\"0x17f8\",\"CallerProcessName\":\"C:\\\\Windows\\\\System32\\\\svchost.exe\"}}}"}
{"path": "Security.jsonl", "line": 33165, "exists": true, "line_sha256": "9fd6c0ebaacd87a4f67655c49f3ba9543bf12363b83a7f99259018a74fb2570b", "text": "{\"Event\":{\"#attributes\":{\"xmlns\":\"http://schemas.microsoft.com/win/2004/08/events/event\"},\"System\":{\"Provider\":{\"#attributes\":{\"Name\":\"Microsoft-Windows-Security-Auditing\",\"Guid\":\"54849625-5478-4994-A5BA-3E3B0328C30D\"}},\"EventID\":4616,\"Version\":1,\"Level\":0,\"Task\":12288,\"Opcode\":0,\"Keywords\":\"0x8020000000000000\",\"TimeCreated\":{\"#attributes\":{\"SystemTime\":\"2021-06-01T15:46:30.955934Z\"}},\"EventRecordID\":415506,\"Correlation\":null,\"Execution\":{\"#attributes\":{\"ProcessID\":4,\"ThreadID\":2024}},\"Channel\":\"Security\",\"Computer\":\"IPSERVER\",\"Security\":null},\"EventData\":{\"SubjectUserSid\":\"S-1-5-19\",\"SubjectUserName\":\"LOCAL SERVICE\",\"SubjectDomainName\":\"NT AUTHORITY\",\"SubjectLogonId\":\"0x3e5\",\"PreviousTime\":\"2021-06-01T15:46:32.822799Z\",\"NewTime\":\"2021-06-01T15:46:30.953945Z\",\"ProcessId\":\"0x1260\",\"ProcessName\":\"C:\\\\Windows\\\\System32\\\\svchost.exe\"}}}"}
{"path": "Security.jsonl", "line": 33546, "exists": true, "line_sha256": "a70acd311c13dc755408e00230d9f75539456af254bcc531b2d285ec7625c26b", "text": "{\"Event\":{\"#attributes\":{\"xmlns\":\"http://schemas.microsoft.com/win/2004/08/events/event\"},\"System\":{\"Provider\":{\"#attributes\":{\"Name\":\"Microsoft-Windows-Security-Auditing\",\"Guid\":\"54849625-5478-4994-A5BA-3E3B0328C30D\"}},\"EventID\":4625,\"Version\":0,\"Level\":0,\"Task\":12544,\"Opcode\":0,\"Keywords\":\"0x8010000000000000\",\"TimeCreated\":{\"#attributes\":{\"SystemTime\":\"2021-06-01T16:21:37.262399Z\"}},\"EventRecordID\":415887,\"Correlation\":{\"#attributes\":{\"ActivityID\":\"BA79FABD-46AE-0001-31FB-79BAAE46D701\"}},\"Execution\":{\"#attributes\":{\"ProcessID\":712,\"ThreadID\":5600}},\"Channel\":\"Security\",\"Computer\":\"IPSERVER\",\"Security\":null},\"EventData\":{\"SubjectUserSid\":\"S-1-0-0\",\"SubjectUserName\":\"-\",\"SubjectDomainName\":\"-\",\"SubjectLogonId\":\"0x0\",\"TargetUserSid\":\"S-1-0-0\",\"TargetUserName\":\"admin\",\"TargetDomainName\":\"\",\"Status\":\"0xc000006d\",\"FailureReason\":\"%%2313\",\"SubStatus\":\"0xc0000064\",\"LogonType\":3,\"LogonProcessName\":\"NtLmSsp \",\"AuthenticationPackageName\":\"NTLM\",\"WorkstationName\":\"FreeRDP\",\"TransmittedServices\":\"-\",\"LmPackageName\":\"-\",\"KeyLength\":0,\"ProcessId\":\"0x0\",\"ProcessName\":\"-\",\"IpAddress\":\"185.153.199.94\",\"IpPort\":\"0\"}}}"}
{"path": "Security.jsonl", "line": 33547, "exists": true, "line_sha256": "1ed473a3c3938b7fbfc8c330e03d222381fa92012bcd08d6d8de2d6140fc3a30", "text": "{\"Event\":{\"#attributes\":{\"xmlns\":\"http://schemas.microsoft.com/win/2004/08/events/event\"},\"System\":{\"Provider\":{\"#attributes\":{\"Name\":\"Microsoft-Windows-Security-Auditing\",\"Guid\":\"54849625-5478-4994-A5BA-3E3B0328C30D\"}},\"EventID\":4625,\"Version\":0,\"Level\":0,\"Task\":12544,\"Opcode\":0,\"Keywords\":\"0x8010000000000000\",\"TimeCreated\":{\"#attributes\":{\"SystemTime\":\"2021-06-01T16:21:38.784629Z\"}},\"EventRecordID\":415888,\"Correlation\":{\"#attributes\":{\"ActivityID\":\"BA79FABD-46AE-0001-31FB-79BAAE46D701\"}},\"Execution\":{\"#attributes\":{\"ProcessID\":712,\"ThreadID\":5600}},\"Channel\":\"Security\",\"Computer\":\"IPSERVER\",\"Security\":null},\"EventData\":{\"SubjectUserSid\":\"S-1-0-0\",\"SubjectUserName\":\"-\",\"SubjectDomainName\":\"-\",\"SubjectLogonId\":\"0x0\",\"TargetUserSid\":\"S-1-0-0\",\"TargetUserName\":\"admin$\",\"TargetDomainName\":\"\",\"Status\":\"0xc000006d\",\"FailureReason\":\"%%2313\",\"SubStatus\":\"0xc0000064\",\"LogonType\":3,\"LogonProcessName\":\"NtLmSsp \",\"AuthenticationPackageName\":\"NTLM\",\"WorkstationName\":\"mstsc\",\"TransmittedServices\":\"-\",\"LmPackageName\":\"-\",\"KeyLength\":0,\"ProcessId\":\"0x0\",\"ProcessName\":\"-\",\"IpAddress\":\"185.153.199.94\",\"IpPort\":\"0\"}}}"}
{"path": "Security.jsonl", "line": 33548, "exists": true, "line_sha256": "88c2eca7f17d8720117400e68b5269d96af2926c675fa8fc94a6648363b99640", "text": "{\"Event\":{\"#attributes\":{\"xmlns\":\"http://schemas.microsoft.com/win/2004/08/events/event\"},\"System\":{\"Provider\":{\"#attributes\":{\"Name\":\"Microsoft-Windows-Security-Auditing\",\"Guid\":\"54849625-5478-4994-A5BA-3E3B0328C30D\"}},\"EventID\":4625,\"Version\":0,\"Level\":0,\"Task\":12544,\"Opcode\":0,\"Keywords\":\"0x8010000000000000\",\"TimeCreated\":{\"#attributes\":{\"SystemTime\":\"2021-06-01T16:21:40.647133Z\"}},\"EventRecordID\":415889,\"Correlation\":{\"#attributes\":{\"ActivityID\":\"BA79FABD-46AE-0001-31FB-79BAAE46D701\"}},\"Execution\":{\"#attributes\":{\"ProcessID\":712,\"ThreadID\":5600}},\"Channel\":\"Security\",\"Computer\":\"IPSERVER\",\"Security\":null},\"EventData\":{\"SubjectUserSid\":\"S-1-0-0\",\"SubjectUserName\":\"-\",\"SubjectDomainName\":\"-\",\"SubjectLogonId\":\"0x0\",\"TargetUserSid\":\"S-1-0-0\",\"TargetUserName\":\"support\",\"TargetDomainName\":\"\",\"Status\":\"0xc000006d\",\"FailureReason\":\"%%2313\",\"SubStatus\":\"0xc0000064\",\"LogonType\":3,\"LogonProcessName\":\"NtLmSsp \",\"AuthenticationPackageName\":\"NTLM\",\"WorkstationName\":\"Remmina\",\"TransmittedServices\":\"-\",\"LmPackageName\":\"-\",\"KeyLength\":0,\"ProcessId\":\"0x0\",\"ProcessName\":\"-\",\"IpAddress\":\"185.153.199.94\",\"IpPort\":\"0\"}}}"}
{"path": "Security.jsonl", "line": 33568, "exists": true, "line_sha256": "8bdf634cb6514d41f58ce4cf2f3347c1cf3b65a504087a5474b4beaa5522defc", "text": "{\"Event\":{\"#attributes\":{\"xmlns\":\"http://schemas.microsoft.com/win/2004/08/events/event\"},\"System\":{\"Provider\":{\"#attributes\":{\"Name\":\"Microsoft-Windows-Security-Auditing\",\"Guid\":\"54849625-5478-4994-A5BA-3E3B0328C30D\"}},\"EventID\":4625,\"Version\":0,\"Level\":0,\"Task\":12544,\"Opcode\":0,\"Keywords\":\"0x8010000000000000\",\"TimeCreated\":{\"#attributes\":{\"SystemTime\":\"2021-06-01T16:22:08.941701Z\"}},\"EventRecordID\":415909,\"Correlation\":{\"#attributes\":{\"ActivityID\":\"BA79FABD-46AE-0001-31FB-79BAAE46D701\"}},\"Execution\":{\"#attributes\":{\"ProcessID\":712,\"ThreadID\":5600}},\"Channel\":\"Security\",\"Computer\":\"IPSERVER\",\"Security\":null},\"EventData\":{\"SubjectUserSid\":\"S-1-0-0\",\"SubjectUserName\":\"-\",\"SubjectDomainName\":\"-\",\"SubjectLogonId\":\"0x0\",\"TargetUserSid\":\"S-1-0-0\",\"TargetUserName\":\"JNAVARRETE\",\"TargetDomainName\":\"\",\"Status\":\"0xc000006d\",\"FailureReason\":\"%%2313\",\"SubStatus\":\"0xc0000064\",\"LogonType\":3,\"LogonProcessName\":\"NtLmSsp \",\"AuthenticationPackageName\":\"NTLM\",\"WorkstationName\":\"FreeRDP\",\"TransmittedServices\":\"-\",\"LmPackageName\":\"-\",\"KeyLength\":0,\"ProcessId\":\"0x0\",\"ProcessName\":\"-\",\"IpAddress\":\"185.153.199.94\",\"IpPort\":\"0\"}}}"}
{"path": "Security.jsonl", "line": 34725, "exists": true, "line_sha256": "745ded771ad119c5ec8d8d312503e8e71e29c1b5b103580820f88a19d96f7c92", "text": "{\"Event\":{\"#attributes\":{\"xmlns\":\"http://schemas.microsoft.com/win/2004/08/events/event\"},\"System\":{\"Provider\":{\"#attributes\":{\"Name\":\"Microsoft-Windows-Security-Auditing\",\"Guid\":\"54849625-5478-4994-A5BA-3E3B0328C30D\"}},\"EventID\":4625,\"Version\":0,\"Level\":0,\"Task\":12544,\"Opcode\":0,\"Keywords\":\"0x8010000000000000\",\"TimeCreated\":{\"#attributes\":{\"SystemTime\":\"2021-06-01T18:17:25.200496Z\"}},\"EventRecordID\":417066,\"Correlation\":{\"#attributes\":{\"ActivityID\":\"BA79FABD-46AE-0001-31FB-79BAAE46D701\"}},\"Execution\":{\"#attributes\":{\"ProcessID\":712,\"ThreadID\":2276}},\"Channel\":\"Security\",\"Computer\":\"IPSERVER\",\"Security\":null},\"EventData\":{\"SubjectUserSid\":\"S-1-0-0\",\"SubjectUserName\":\"-\",\"SubjectDomainName\":\"-\",\"SubjectLogonId\":\"0x0\",\"TargetUserSid\":\"S-1-0-0\",\"TargetUserName\":\"T00391\",\"TargetDomainName\":\"\",\"Status\":\"0xc000006d\",\"FailureReason\":\"%%2313\",\"SubStatus\":\"0xc0000064\",\"LogonType\":3,\"LogonProcessName\":\"NtLmSsp \",\"AuthenticationPackageName\":\"NTLM\",\"WorkstationName\":\"Remmina\",\"TransmittedServices\":\"-\",\"LmPackageName\":\"-\",\"KeyLength\":0,\"ProcessId\":\"0x0\",\"ProcessName\":\"-\",\"IpAddress\":\"193.169.255.182\",\"IpPort\":\"0\"}}}"}
{"path": "Security.jsonl", "line": 34916, "exists": true, "line_sha256": "675f0a3b37ffad16472fac88210026ba1952254ca144c9c57c52abcdbe8ef0ee", "text": "{\"Event\":{\"#attributes\":{\"xmlns\":\"http://schemas.microsoft.com/win/2004/08/events/event\"},\"System\":{\"Provider\":{\"#attributes\":{\"Name\":\"Microsoft-Windows-Security-Auditing\",\"Guid\":\"54849625-5478-4994-A5BA-3E3B0328C30D\"}},\"EventID\":4625,\"Version\":0,\"Level\":0,\"Task\":12544,\"Opcode\":0,\"Keywords\":\"0x8010000000000000\",\"TimeCreated\":{\"#attributes\":{\"SystemTime\":\"2021-06-01T18:35:48.044251Z\"}},\"EventRecordID\":417257,\"Correlation\":{\"#attributes\":{\"ActivityID\":\"BA79FABD-46AE-0001-31FB-79BAAE46D701\"}},\"Execution\":{\"#attributes\":{\"ProcessID\":712,\"ThreadID\":3380}},\"Channel\":\"Security\",\"Computer\":\"IPSERVER\",\"Security\":null},\"EventData\":{\"SubjectUserSid\":\"S-1-0-0\",\"SubjectUserName\":\"-\",\"SubjectDomainName\":\"-\",\"SubjectLogonId\":\"0x0\",\"TargetUserSid\":\"S-1-0-0\",\"TargetUserName\":\"АДМИНИСТРАТОР\",\"TargetDomainName\":\"\",\"Status\":\"0xc000006d\",\"FailureReason\":\"%%2313\",\"SubStatus\":\"0xc000006a\",\"LogonType\":3,\"LogonProcessName\":\"NtLmSsp \",\"AuthenticationPackageName\":\"NTLM\",\"WorkstationName\":\"-\",\"TransmittedServices\":\"-\",\"LmPackageName\":\"-\",\"KeyLength\":0,\"ProcessId\":\"0x0\",\"ProcessName\":\"-\",\"IpAddress\":\"91.220.163.170\",\"IpPort\":\"0\"}}}"}
{"path": "System.jsonl", "line": 1, "exists": true, "line_sha256": "25ecfa45d7e5d00b3b2fbcfc9eda10b33997a8bb8ad9cd4b60b30b115f48e0a0", "text": "{\"Event\":{\"#attributes\":{\"xmlns\":\"http://schemas.microsoft.com/win/2004/08/events/event\"},\"System\":{\"Provider\":{\"#attributes\":{\"Name\":\"EventLog\"}},\"EventID\":{\"#attributes\":{\"Qualifiers\":32768},\"#text\":6009},\"Version\":0,\"Level\":4,\"Task\":0,\"Opcode\":0,\"Keywords\":\"0x80000000000000\",\"TimeCreated\":{\"#attributes\":{\"SystemTime\":\"2021-05-08T15:04:30.215370Z\"}},\"EventRecordID\":1,\"Correlation\":null,\"Execution\":{\"#attributes\":{\"ProcessID\":0,\"ThreadID\":0}},\"Channel\":\"System\",\"Computer\":\"IPSERVER\",\"Security\":null},\"EventData\":{\"Data\":{\"#text\":[\"10.00.\",\"19042\",\"\",\"Multiprocessor Free\",\"0\"]},\"Binary\":null}}}"}
{"path": "System.jsonl", "line": 192, "exists": true, "line_sha256": "d010f7b7789935eb1eee30b9df5c41c5c445f8ea64b18410c96b0dee57b26e4c", "text": "{\"Event\":{\"#attributes\":{\"xmlns\":\"http://schemas.microsoft.com/win/2004/08/events/event\"},\"System\":{\"Provider\":{\"#attributes\":{\"Name\":\"Microsoft-Windows-TerminalServices-RemoteConnectionManager\",\"Guid\":\"{C76BAA63-AE81-421C-B425-340B4B24157F}\",\"EventSourceName\":\"TermService\"}},\"EventID\":{\"#attributes\":{\"Qualifiers\":49152},\"#text\":1056},\"Version\":0,\"Level\":4,\"Task\":0,\"Opcode\":0,\"Keywords\":\"0x80000000000000\",\"TimeCreated\":{\"#attributes\":{\"SystemTime\":\"2021-05-08T15:08:04.106065Z\"}},\"EventRecordID\":192,\"Correlation\":null,\"Execution\":{\"#attributes\":{\"ProcessID\":0,\"ThreadID\":0}},\"Channel\":\"System\",\"Computer\":\"IPSERVER\",\"Security\":null},\"EventData\":{\"Data\":{\"#text\":\"IPSERVER\"},\"Binary\":\"C4C9EEED3D301235CD33583D2E66ACA326C53CFE\"}}}"}
{"path": "System.jsonl", "line": 263, "exists": true, "line_sha256": "6dfaaa83f7890454cca7c0d558574d9968279aa171cadabc3dd08618cc0f1ad6", "text": "{\"Event\":{\"#attributes\":{\"xmlns\":\"http://schemas.microsoft.com/win/2004/08/events/event\"},\"System\":{\"Provider\":{\"#attributes\":{\"Name\":\"Service Control Manager\",\"Guid\":\"{555908d1-a6d7-4695-8e1e-26931d2012f4}\",\"EventSourceName\":\"Service Control Manager\"}},\"EventID\":{\"#attributes\":{\"Qualifiers\":16384},\"#text\":7045},\"Version\":0,\"Level\":4,\"Task\":0,\"Opcode\":0,\"Keywords\":\"0x8080000000000000\",\"TimeCreated\":{\"#attributes\":{\"SystemTime\":\"2021-05-09T22:25:01.786082Z\"}},\"EventRecordID\":263,\"Correlation\":null,\"Execution\":{\"#attributes\":{\"ProcessID\":684,\"ThreadID\":4416}},\"Channel\":\"System\",\"Computer\":\"IPSERVER\",\"Security\":{\"#attributes\":{\"UserID\":\"S-1-5-21-2929202171-1942120112-2054978817-1001\"}}},\"EventData\":{\"ServiceName\":\"3proxy tiny proxy server\",\"ImagePath\":\"\\\"C:\\\\3proxy\\\\bin64\\\\3proxy.exe\\\" \\\"C:\\\\3proxy\\\\bin64\\\\3proxy.cfg\\\" --service\",\"ServiceType\":\"служба режима пользователя\",\"StartType\":\"Автоматически\",\"AccountName\":\"LocalSystem\"}}}"}
{"path": "System.jsonl", "line": 994, "exists": true, "line_sha256": "d76243c51589470402dd9d0be561c9f1828161bb5a6ecee2459de33207c41b77", "text": "{\"Event\":{\"#attributes\":{\"xmlns\":\"http://schemas.microsoft.com/win/2004/08/events/event\"},\"System\":{\"Provider\":{\"#attributes\":{\"Name\":\"Service Control Manager\",\"Guid\":\"{555908d1-a6d7-4695-8e1e-26931d2012f4}\",\"EventSourceName\":\"Service Control Manager\"}},\"EventID\":{\"#attributes\":{\"Qualifiers\":16384},\"#text\":7045},\"Version\":0,\"Level\":4,\"Task\":0,\"Opcode\":0,\"Keywords\":\"0x8080000000000000\",\"TimeCreated\":{\"#attributes\":{\"SystemTime\":\"2021-05-31T23:49:04.556860Z\"}},\"EventRecordID\":994,\"Correlation\":null,\"Execution\":{\"#attributes\":{\"ProcessID\":692,\"ThreadID\":2528}},\"Channel\":\"System\",\"Computer\":\"IPSERVER\",\"Security\":{\"#attributes\":{\"UserID\":\"S-1-5-18\"}}},\"EventData\":{\"ServiceName\":\"MpKsl1105f741\",\"ImagePath\":\"C:\\\\ProgramData\\\\Microsoft\\\\Windows Defender\\\\Definition Updates\\\\{FA99578E-5F16-4577-8BB5-DF5B02C24281}\\\\MpKslDrv.sys\",\"ServiceType\":\"драйвер режима ядра\",\"StartType\":\"Вручную\",\"AccountName\":\"\"}}}"}
{"path": "rendered/Microsoft-Windows-TerminalServices-LocalSessionManager-4Operational.jsonl", "line": 37, "exists": true, "line_sha256": "993f5a47738c174514a90e06b16adaf617267b65f63938eed2379812fb8077a2", "text": "{\"Event\":{\"#attributes\":{\"xmlns\":\"http://schemas.microsoft.com/win/2004/08/events/event\"},\"System\":{\"Provider\":{\"#attributes\":{\"Name\":\"Microsoft-Windows-TerminalServices-LocalSessionManager\",\"Guid\":\"5D896912-022D-40AA-A3A8-4FA5515C76D7\"}},\"EventID\":40,\"Version\":0,\"Level\":4,\"Task\":0,\"Opcode\":0,\"Keywords\":\"0x1000000000000000\",\"TimeCreated\":{\"#attributes\":{\"SystemTime\":\"2021-05-08T23:23:50.238247Z\"}},\"EventRecordID\":37,\"Correlation\":{\"#attributes\":{\"ActivityID\":\"F4206C12-3A50-4A7F-8027-47D525E50000\"}},\"Execution\":{\"#attributes\":{\"ProcessID\":992,\"ThreadID\":3972}},\"Channel\":\"Microsoft-Windows-TerminalServices-LocalSessionManager/Operational\",\"Computer\":\"IPSERVER\",\"Security\":{\"#attributes\":{\"UserID\":\"S-1-5-18\"}}},\"UserData\":{\"EventXML\":{\"#attributes\":{\"xmlns\":\"Event_NS\"},\"Session\":2,\"Reason\":2147942464}}}}"}
