{"path": "rendered/Microsoft-Windows-TerminalServices-RemoteConnectionManager-4Operational.jsonl", "line": 1, "exists": true, "line_sha256": "960a5bc56b3737fe63bfcbdaa3c3fda3a0673b8cde064c738e99685f76f3e612", "text": "{\"Event\":{\"#attributes\":{\"xmlns\":\"http://schemas.microsoft.com/win/2004/08/events/event\"},\"System\":{\"Provider\":{\"#attributes\":{\"Name\":\"Microsoft-Windows-TerminalServices-RemoteConnectionManager\",\"Guid\":\"C76BAA63-AE81-421C-B425-340B4B24157F\"}},\"EventID\":261,\"Version\":0,\"Level\":4,\"Task\":0,\"Opcode\":0,\"Keywords\":\"0x1000000000000000\",\"TimeCreated\":{\"#attributes\":{\"SystemTime\":\"2021-06-02T19:24:11.448121Z\"}},\"EventRecordID\":417779,\"Correlation\":{\"#attributes\":{\"ActivityID\":\"F42061B9-4C12-4046-BDB3-0E7981AC0000\"}},\"Execution\":{\"#attributes\":{\"ProcessID\":856,\"ThreadID\":1632}},\"Channel\":\"Microsoft-Windows-TerminalServices-RemoteConnectionManager/Operational\",\"Computer\":\"IPSERVER\",\"Security\":{\"#attributes\":{\"UserID\":\"S-1-5-20\"}}},\"UserData\":{\"EventXML\":{\"#attributes\":{\"xmlns\":\"Event_NS\"},\"listenerName\":\"RDP-Tcp\"}}}}"}
{"path": "rendered/Microsoft-Windows-Windows-Firewall-With-Advanced-Security-4Firewall.jsonl", "line": 443, "exists": true, "line_sha256": "40a292193a25f477a7cf167d36eed9c9391b53e4002217ff135bbba70c857da8", "text": "{\"Event\":{\"#attributes\":{\"xmlns\":\"http://schemas.microsoft.com/win/2004/08/events/event\"},\"System\":{\"Provider\":{\"#attributes\":{\"Name\":\"Microsoft-Windows-Windows Firewall With Advanced Security\",\"Guid\":\"D1BC9AFF-2ABF-4D71-9146-ECB2A986EB85\"}},\"EventID\":2004,\"Version\":0,\"Level\":4,\"Task\":0,\"Opcode\":0,\"Keywords\":\"0x8000020000000000\",\"TimeCreated\":{\"#attributes\":{\"SystemTime\":\"2021-05-09T22:37:55.328205Z\"}},\"EventRecordID\":443,\"Correlation\":null,\"Execution\":{\"#attributes\":{\"ProcessID\":2392,\"ThreadID\":2508}},\"Channel\":\"Microsoft-Windows-Windows Firewall With Advanced Security/Firewall\",\"Computer\":\"IPSERVER\",\"Security\":{\"#attributes\":{\"UserID\":\"S-1-5-19\"}}},\"EventData\":{\"RuleId\":\"TCP Query User{238142A8-DDD5-4321-A5E7-C33FDF7A183F}C:\\\\3proxy\\\\bin64\\\\3proxy.exe\",\"RuleName\":\"3proxy - tiny proxy server\",\"Origin\":1,\"ApplicationPath\":\"C:\\\\3proxy\\\\bin64\\\\3proxy.exe\",\"ServiceName\":\"\",\"Direction\":1,\"Protocol\":6,\"LocalPorts\":\"*\",\"RemotePorts\":\"*\",\"Action\":2,\"Profiles\":4,\"LocalAddresses\":\"*\",\"RemoteAddresses\":\"*\",\"RemoteMachineAuthorizationList\":\"\",\"RemoteUserAuthorizationList\":\"\",\"EmbeddedContext\":\"\",\"Flags\":1,\"Active\":1,\"EdgeTraversal\":0,\"LooseSourceMapped\":0,\"SecurityOptions\":0,\"ModifyingUser\":\"S-1-5-80-3088073201-1464728630-1879813800-1107566885-823218052\",\"ModifyingApplication\":\"C:\\\\WINDOWS\\\\System32\\\\svchost.exe\",\"SchemaVersion\":522,\"RuleStatus\":65536,\"LocalOnlyMapped\":0}}}"}
{"path": "rendered/Microsoft-Windows-Windows-Firewall-With-Advanced-Security-4Firewall.jsonl", "line": 716, "exists": true, "line_sha256": "4f100d9d57997d74274318299d3d8bd6106ece24cf594a933411f3f1eeb3b932", "text": "{\"Event\":{\"#attributes\":{\"xmlns\":\"http://schemas.microsoft.com/win/2004/08/events/event\"},\"System\":{\"Provider\":{\"#attributes\":{\"Name\":\"Microsoft-Windows-Windows Firewall With Advanced Security\",\"Guid\":\"D1BC9AFF-2ABF-4D71-9146-ECB2A986EB85\"}},\"EventID\":2006,\"Version\":0,\"Level\":4,\"Task\":0,\"Opcode\":0,\"Keywords\":\"0x8000020000000000\",\"TimeCreated\":{\"#attributes\":{\"SystemTime\":\"2021-06-02T14:53:59.463043Z\"}},\"EventRecordID\":716,\"Correlation\":null,\"Execution\":{\"#attributes\":{\"ProcessID\":2408,\"ThreadID\":6100}},\"Channel\":\"Microsoft-Windows-Windows Firewall With Advanced Security/Firewall\",\"Computer\":\"IPSERVER\",\"Security\":{\"#attributes\":{\"UserID\":\"S-1-5-19\"}}},\"EventData\":{\"RuleId\":\"{09A474D1-AFD5-404B-8DB4-121017F4E0B4}\",\"RuleName\":\"Usermode Font Driver Host\",\"ModifyingUser\":\"S-1-5-80-3088073201-1464728630-1879813800-1107566885-823218052\",\"ModifyingApplication\":\"C:\\\\WINDOWS\\\\System32\\\\svchost.exe\"}}}"}
{"path": "rendered/Microsoft-Windows-Winlogon-4Operational.jsonl", "line": 17, "exists": true, "line_sha256": "a3ddc93cb013b180cb5d4ebbfaedcfd2f665fcb4d2f7d9c3f3b8550a6b234c4c", "text": "{\"Event\":{\"#attributes\":{\"xmlns\":\"http://schemas.microsoft.com/win/2004/08/events/event\"},\"System\":{\"Provider\":{\"#attributes\":{\"Name\":\"Microsoft-Windows-Winlogon\",\"Guid\":\"DBE9B383-7CF3-4331-91CC-A3CB16A3B538\"}},\"EventID\":1,\"Version\":0,\"Level\":4,\"Task\":1,\"Opcode\":1,\"Keywords\":\"0x4000200000010000\",\"TimeCreated\":{\"#attributes\":{\"SystemTime\":\"2021-05-09T21:43:08.601760Z\"}},\"EventRecordID\":17,\"Correlation\":null,\"Execution\":{\"#attributes\":{\"ProcessID\":1728,\"ThreadID\":1656}},\"Channel\":\"Microsoft-Windows-Winlogon/Operational\",\"Computer\":\"IPSERVER\",\"Security\":{\"#attributes\":{\"UserID\":\"S-1-5-18\"}}},\"EventData\":null}}"}
{"path": "rendered/Microsoft-Windows-Winlogon-4Operational.jsonl", "line": 349, "exists": true, "line_sha256": "627c5beafdb10a2c80d6fa96a44c9ec7518d865382e9e6cf1713558b32b567c4", "text": "{\"Event\":{\"#attributes\":{\"xmlns\":\"http://schemas.microsoft.com/win/2004/08/events/event\"},\"System\":{\"Provider\":{\"#attributes\":{\"Name\":\"Microsoft-Windows-Winlogon\",\"Guid\":\"DBE9B383-7CF3-4331-91CC-A3CB16A3B538\"}},\"EventID\":811,\"Version\":0,\"Level\":4,\"Task\":811,\"Opcode\":1,\"Keywords\":\"0x4000000000010000\",\"TimeCreated\":{\"#attributes\":{\"SystemTime\":\"2021-06-02T14:53:59.581082Z\"}},\"EventRecordID\":349,\"Correlation\":null,\"Execution\":{\"#attributes\":{\"ProcessID\":4552,\"ThreadID\":2024}},\"Channel\":\"Microsoft-Windows-Winlogon/Operational\",\"Computer\":\"IPSERVER\",\"Security\":{\"#attributes\":{\"UserID\":\"S-1-5-18\"}}},\"EventData\":{\"Event\":0,\"SubscriberName\":\"GPClient\"}}}"}
