{"Event":{"#attributes":{"xmlns":"http://schemas.microsoft.com/win/2004/08/events/event"},"System":{"Provider":{"#attributes":{"Name":"Microsoft-Windows-TerminalServices-RemoteConnectionManager","Guid":"C76BAA63-AE81-421C-B425-340B4B24157F"}},"EventID":261,"Version":0,"Level":4,"Task":0,"Opcode":0,"Keywords":"0x1000000000000000","TimeCreated":{"#attributes":{"SystemTime":"2021-06-02T19:52:11.004032Z"}},"EventRecordID":418267,"Correlation":{"#attributes":{"ActivityID":"F4201410-893F-4891-BDB3-6E88B2E50000"}},"Execution":{"#attributes":{"ProcessID":856,"ThreadID":1632}},"Channel":"Microsoft-Windows-TerminalServices-RemoteConnectionManager/Operational","Computer":"IPSERVER","Security":{"#attributes":{"UserID":"S-1-5-20"}}},"UserData":{"EventXML":{"#attributes":{"xmlns":"Event_NS"},"listenerName":"RDP-Tcp"}}}}
{"Event":{"#attributes":{"xmlns":"http://schemas.microsoft.com/win/2004/08/events/event"},"System":{"Provider":{"#attributes":{"Name":"Microsoft-Windows-TerminalServices-RemoteConnectionManager","Guid":"C76BAA63-AE81-421C-B425-340B4B24157F"}},"EventID":261,"Version":0,"Level":4,"Task":0,"Opcode":0,"Keywords":"0x1000000000000000","TimeCreated":{"#attributes":{"SystemTime":"2021-06-02T19:52:11.806109Z"}},"EventRecordID":418268,"Correlation":{"#attributes":{"ActivityID":"F4201ED7-C06B-4C97-B70F-05E546730000"}},"Execution":{"#attributes":{"ProcessID":856,"ThreadID":1632}},"Channel":"Microsoft-Windows-TerminalServices-RemoteConnectionManager/Operational","Computer":"IPSERVER","Security":{"#attributes":{"UserID":"S-1-5-20"}}},"UserData":{"EventXML":{"#attributes":{"xmlns":"Event_NS"},"listenerName":"RDP-Tcp"}}}}
{"Event":{"#attributes":{"xmlns":"http://schemas.microsoft.com/win/2004/08/events/event"},"System":{"Provider":{"#attributes":{"Name":"Microsoft-Windows-TerminalServices-RemoteConnectionManager","Guid":"C76BAA63-AE81-421C-B425-340B4B24157F"}},"EventID":261,"Version":0,"Level":4,"Task":0,"Opcode":0,"Keywords":"0x1000000000000000","TimeCreated":{"#attributes":{"SystemTime":"2021-06-02T19:52:21.781507Z"}},"EventRecordID":418269,"Correlation":{"#attributes":{"ActivityID":"F420FDFB-62A4-4305-AD53-2B3003B40000"}},"Execution":{"#attributes":{"ProcessID":856,"ThreadID":1632}},"Channel":"Microsoft-Windows-TerminalServices-RemoteConnectionManager/Operational","Computer":"IPSERVER","Security":{"#attributes":{"UserID":"S-1-5-20"}}},"UserData":{"EventXML":{"#attributes":{"xmlns":"Event_NS"},"listenerName":"RDP-Tcp"}}}}
{"Event":{"#attributes":{"xmlns":"http://schemas.microsoft.com/win/2004/08/events/event"},"System":{"Provider":{"#attributes":{"Name":"Microsoft-Windows-TerminalServices-RemoteConnectionManager","Guid":"C76BAA63-AE81-421C-B425-340B4B24157F"}},"EventID":261,"Version":0,"Level":4,"Task":0,"Opcode":0,"Keywords":"0x1000000000000000","TimeCreated":{"#attributes":{"SystemTime":"2021-06-02T19:52:24.471668Z"}},"EventRecordID":418270,"Correlation":{"#attributes":{"ActivityID":"F420E19B-E014-4C04-83CD-ACF37B780000"}},"Execution":{"#attributes":{"ProcessID":856,"ThreadID":1632}},"Channel":"Microsoft-Windows-TerminalServices-RemoteConnectionManager/Operational","Computer":"IPSERVER","Security":{"#attributes":{"UserID":"S-1-5-20"}}},"UserData":{"EventXML":{"#attributes":{"xmlns":"Event_NS"},"listenerName":"RDP-Tcp"}}}}
{"Event":{"#attributes":{"xmlns":"http://schemas.microsoft.com/win/2004/08/events/event"},"System":{"Provider":{"#attributes":{"Name":"Microsoft-Windows-TerminalServices-RemoteConnectionManager","Guid":"C76BAA63-AE81-421C-B425-340B4B24157F"}},"EventID":261,"Version":0,"Level":4,"Task":0,"Opcode":0,"Keywords":"0x1000000000000000","TimeCreated":{"#attributes":{"SystemTime":"2021-06-02T19:52:27.054415Z"}},"EventRecordID":418271,"Correlation":{"#attributes":{"ActivityID":"F4201CDF-4BB3-42F6-932F-FD0E2B3F0000"}},"Execution":{"#attributes":{"ProcessID":856,"ThreadID":1632}},"Channel":"Microsoft-Windows-TerminalServices-RemoteConnectionManager/Operational","Computer":"IPSERVER","Security":{"#attributes":{"UserID":"S-1-5-20"}}},"UserData":{"EventXML":{"#attributes":{"xmlns":"Event_NS"},"listenerName":"RDP-Tcp"}}}}
{"Event":{"#attributes":{"xmlns":"http://schemas.microsoft.com/win/2004/08/events/event"},"System":{"Provider":{"#attributes":{"Name":"Microsoft-Windows-TerminalServices-RemoteConnectionManager","Guid":"C76BAA63-AE81-421C-B425-340B4B24157F"}},"EventID":261,"Version":0,"Level":4,"Task":0,"Opcode":0,"Keywords":"0x1000000000000000","TimeCreated":{"#attributes":{"SystemTime":"2021-06-02T19:52:37.320197Z"}},"EventRecordID":418272,"Correlation":{"#attributes":{"ActivityID":"F42017D5-6031-465E-91F1-FC2308E80000"}},"Execution":{"#attributes":{"ProcessID":856,"ThreadID":1632}},"Channel":"Microsoft-Windows-TerminalServices-RemoteConnectionManager/Operational","Computer":"IPSERVER","Security":{"#attributes":{"UserID":"S-1-5-20"}}},"UserData":{"EventXML":{"#attributes":{"xmlns":"Event_NS"},"listenerName":"RDP-Tcp"}}}}
{"Event":{"#attributes":{"xmlns":"http://schemas.microsoft.com/win/2004/08/events/event"},"System":{"Provider":{"#attributes":{"Name":"Microsoft-Windows-TerminalServices-RemoteConnectionManager","Guid":"C76BAA63-AE81-421C-B425-340B4B24157F"}},"EventID":261,"Version":0,"Level":4,"Task":0,"Opcode":0,"Keywords":"0x1000000000000000","TimeCreated":{"#attributes":{"SystemTime":"2021-06-02T19:52:38.431309Z"}},"EventRecordID":418273,"Correlation":{"#attributes":{"ActivityID":"F4206889-D0AB-4009-ADCF-E52EBC120000"}},"Execution":{"#attributes":{"ProcessID":856,"ThreadID":1632}},"Channel":"Microsoft-Windows-TerminalServices-RemoteConnectionManager/Operational","Computer":"IPSERVER","Security":{"#attributes":{"UserID":"S-1-5-20"}}},"UserData":{"EventXML":{"#attributes":{"xmlns":"Event_NS"},"listenerName":"RDP-Tcp"}}}}
{"Event":{"#attributes":{"xmlns":"http://schemas.microsoft.com/win/2004/08/events/event"},"System":{"Provider":{"#attributes":{"Name":"Microsoft-Windows-TerminalServices-RemoteConnectionManager","Guid":"C76BAA63-AE81-421C-B425-340B4B24157F"}},"EventID":261,"Version":0,"Level":4,"Task":0,"Opcode":0,"Keywords":"0x1000000000000000","TimeCreated":{"#attributes":{"SystemTime":"2021-06-02T19:52:43.300404Z"}},"EventRecordID":418274,"Correlation":{"#attributes":{"ActivityID":"F4208882-6F9A-456B-BF30-CA03D99A0000"}},"Execution":{"#attributes":{"ProcessID":856,"ThreadID":1632}},"Channel":"Microsoft-Windows-TerminalServices-RemoteConnectionManager/Operational","Computer":"IPSERVER","Security":{"#attributes":{"UserID":"S-1-5-20"}}},"UserData":{"EventXML":{"#attributes":{"xmlns":"Event_NS"},"listenerName":"RDP-Tcp"}}}}
{"Event":{"#attributes":{"xmlns":"http://schemas.microsoft.com/win/2004/08/events/event"},"System":{"Provider":{"#attributes":{"Name":"Microsoft-Windows-TerminalServices-RemoteConnectionManager","Guid":"C76BAA63-AE81-421C-B425-340B4B24157F"}},"EventID":261,"Version":0,"Level":4,"Task":0,"Opcode":0,"Keywords":"0x1000000000000000","TimeCreated":{"#attributes":{"SystemTime":"2021-06-02T19:52:45.638281Z"}},"EventRecordID":418275,"Correlation":{"#attributes":{"ActivityID":"F420A02F-8B49-42BF-A0D1-64B9C20A0000"}},"Execution":{"#attributes":{"ProcessID":856,"ThreadID":1632}},"Channel":"Microsoft-Windows-TerminalServices-RemoteConnectionManager/Operational","Computer":"IPSERVER","Security":{"#attributes":{"UserID":"S-1-5-20"}}},"UserData":{"EventXML":{"#attributes":{"xmlns":"Event_NS"},"listenerName":"RDP-Tcp"}}}}
{"Event":{"#attributes":{"xmlns":"http://schemas.microsoft.com/win/2004/08/events/event"},"System":{"Provider":{"#attributes":{"Name":"Microsoft-Windows-TerminalServices-RemoteConnectionManager","Guid":"C76BAA63-AE81-421C-B425-340B4B24157F"}},"EventID":261,"Version":0,"Level":4,"Task":0,"Opcode":0,"Keywords":"0x1000000000000000","TimeCreated":{"#attributes":{"SystemTime":"2021-06-02T19:52:59.485995Z"}},"EventRecordID":418276,"Correlation":{"#attributes":{"ActivityID":"F420B51D-9680-48CA-ACD9-BB849F3D0000"}},"Execution":{"#attributes":{"ProcessID":856,"ThreadID":1632}},"Channel":"Microsoft-Windows-TerminalServices-RemoteConnectionManager/Operational","Computer":"IPSERVER","Security":{"#attributes":{"UserID":"S-1-5-20"}}},"UserData":{"EventXML":{"#attributes":{"xmlns":"Event_NS"},"listenerName":"RDP-Tcp"}}}}
{"Event":{"#attributes":{"xmlns":"http://schemas.microsoft.com/win/2004/08/events/event"},"System":{"Provider":{"#attributes":{"Name":"Microsoft-Windows-TerminalServices-RemoteConnectionManager","Guid":"C76BAA63-AE81-421C-B425-340B4B24157F"}},"EventID":261,"Version":0,"Level":4,"Task":0,"Opcode":0,"Keywords":"0x1000000000000000","TimeCreated":{"#attributes":{"SystemTime":"2021-06-02T19:53:01.120529Z"}},"EventRecordID":418277,"Correlation":{"#attributes":{"ActivityID":"F42000E8-E08F-4AC3-A584-AE48706D0000"}},"Execution":{"#attributes":{"ProcessID":856,"ThreadID":1632}},"Channel":"Microsoft-Windows-TerminalServices-RemoteConnectionManager/Operational","Computer":"IPSERVER","Security":{"#attributes":{"UserID":"S-1-5-20"}}},"UserData":{"EventXML":{"#attributes":{"xmlns":"Event_NS"},"listenerName":"RDP-Tcp"}}}}
{"Event":{"#attributes":{"xmlns":"http://schemas.microsoft.com/win/2004/08/events/event"},"System":{"Provider":{"#attributes":{"Name":"Microsoft-Windows-TerminalServices-RemoteConnectionManager","Guid":"C76BAA63-AE81-421C-B425-340B4B24157F"}},"EventID":261,"Version":0,"Level":4,"Task":0,"Opcode":0,"Keywords":"0x1000000000000000","TimeCreated":{"#attributes":{"SystemTime":"2021-06-02T19:53:07.326887Z"}},"EventRecordID":418278,"Correlation":{"#attributes":{"ActivityID":"F4201C49-943B-4B38-84CD-4D665C630000"}},"Execution":{"#attributes":{"ProcessID":856,"ThreadID":1632}},"Channel":"Microsoft-Windows-TerminalServices-RemoteConnectionManager/Operational","Computer":"IPSERVER","Security":{"#attributes":{"UserID":"S-1-5-20"}}},"UserData":{"EventXML":{"#attributes":{"xmlns":"Event_NS"},"listenerName":"RDP-Tcp"}}}}
{"Event":{"#attributes":{"xmlns":"http://schemas.microsoft.com/win/2004/08/events/event"},"System":{"Provider":{"#attributes":{"Name":"Microsoft-Windows-TerminalServices-RemoteConnectionManager","Guid":"C76BAA63-AE81-421C-B425-340B4B24157F"}},"EventID":261,"Version":0,"Level":4,"Task":0,"Opcode":0,"Keywords":"0x1000000000000000","TimeCreated":{"#attributes":{"SystemTime":"2021-06-02T19:53:11.391947Z"}},"EventRecordID":418279,"Correlation":{"#attributes":{"ActivityID":"F4201E3F-3662-4FAB-A59E-B8BB34490000"}},"Execution":{"#attributes":{"ProcessID":856,"ThreadID":1632}},"Channel":"Microsoft-Windows-TerminalServices-RemoteConnectionManager/Operational","Computer":"IPSERVER","Security":{"#attributes":{"UserID":"S-1-5-20"}}},"UserData":{"EventXML":{"#attributes":{"xmlns":"Event_NS"},"listenerName":"RDP-Tcp"}}}}
{"Event":{"#attributes":{"xmlns":"http://schemas.microsoft.com/win/2004/08/events/event"},"System":{"Provider":{"#attributes":{"Name":"Microsoft-Windows-TerminalServices-RemoteConnectionManager","Guid":"C76BAA63-AE81-421C-B425-340B4B24157F"}},"EventID":261,"Version":0,"Level":4,"Task":0,"Opcode":0,"Keywords":"0x1000000000000000","TimeCreated":{"#attributes":{"SystemTime":"2021-06-02T19:53:11.579029Z"}},"EventRecordID":418280,"Correlation":{"#attributes":{"ActivityID":"F4205228-BFF2-419A-BB64-8A48AE8B0000"}},"Execution":{"#attributes":{"ProcessID":856,"ThreadID":1632}},"Channel":"Microsoft-Windows-TerminalServices-RemoteConnectionManager/Operational","Computer":"IPSERVER","Security":{"#attributes":{"UserID":"S-1-5-20"}}},"UserData":{"EventXML":{"#attributes":{"xmlns":"Event_NS"},"listenerName":"RDP-Tcp"}}}}
{"Event":{"#attributes":{"xmlns":"http://schemas.microsoft.com/win/2004/08/events/event"},"System":{"Provider":{"#attributes":{"Name":"Microsoft-Windows-TerminalServices-RemoteConnectionManager","Guid":"C76BAA63-AE81-421C-B425-340B4B24157F"}},"EventID":261,"Version":0,"Level":4,"Task":0,"Opcode":0,"Keywords":"0x1000000000000000","TimeCreated":{"#attributes":{"SystemTime":"2021-06-02T19:53:15.042767Z"}},"EventRecordID":418281,"Correlation":{"#attributes":{"ActivityID":"F420AAC8-9286-4CA6-B30B-FB757F010000"}},"Execution":{"#attributes":{"ProcessID":856,"ThreadID":1632}},"Channel":"Microsoft-Windows-TerminalServices-RemoteConnectionManager/Operational","Computer":"IPSERVER","Security":{"#attributes":{"UserID":"S-1-5-20"}}},"UserData":{"EventXML":{"#attributes":{"xmlns":"Event_NS"},"listenerName":"RDP-Tcp"}}}}
{"Event":{"#attributes":{"xmlns":"http://schemas.microsoft.com/win/2004/08/events/event"},"System":{"Provider":{"#attributes":{"Name":"Microsoft-Windows-TerminalServices-RemoteConnectionManager","Guid":"C76BAA63-AE81-421C-B425-340B4B24157F"}},"EventID":261,"Version":0,"Level":4,"Task":0,"Opcode":0,"Keywords":"0x1000000000000000","TimeCreated":{"#attributes":{"SystemTime":"2021-06-02T19:53:20.307843Z"}},"EventRecordID":418282,"Correlation":{"#attributes":{"ActivityID":"F4200BC2-702B-490D-B1ED-68B7E2630000"}},"Execution":{"#attributes":{"ProcessID":856,"ThreadID":1632}},"Channel":"Microsoft-Windows-TerminalServices-RemoteConnectionManager/Operational","Computer":"IPSERVER","Security":{"#attributes":{"UserID":"S-1-5-20"}}},"UserData":{"EventXML":{"#attributes":{"xmlns":"Event_NS"},"listenerName":"RDP-Tcp"}}}}
{"Event":{"#attributes":{"xmlns":"http://schemas.microsoft.com/win/2004/08/events/event"},"System":{"Provider":{"#attributes":{"Name":"Microsoft-Windows-TerminalServices-RemoteConnectionManager","Guid":"C76BAA63-AE81-421C-B425-340B4B24157F"}},"EventID":261,"Version":0,"Level":4,"Task":0,"Opcode":0,"Keywords":"0x1000000000000000","TimeCreated":{"#attributes":{"SystemTime":"2021-06-02T19:53:27.589551Z"}},"EventRecordID":418283,"Correlation":{"#attributes":{"ActivityID":"F420B2C1-A350-419B-A4CF-A165D0F10000"}},"Execution":{"#attributes":{"ProcessID":856,"ThreadID":1632}},"Channel":"Microsoft-Windows-TerminalServices-RemoteConnectionManager/Operational","Computer":"IPSERVER","Security":{"#attributes":{"UserID":"S-1-5-20"}}},"UserData":{"EventXML":{"#attributes":{"xmlns":"Event_NS"},"listenerName":"RDP-Tcp"}}}}
{"Event":{"#attributes":{"xmlns":"http://schemas.microsoft.com/win/2004/08/events/event"},"System":{"Provider":{"#attributes":{"Name":"Microsoft-Windows-TerminalServices-RemoteConnectionManager","Guid":"C76BAA63-AE81-421C-B425-340B4B24157F"}},"EventID":261,"Version":0,"Level":4,"Task":0,"Opcode":0,"Keywords":"0x1000000000000000","TimeCreated":{"#attributes":{"SystemTime":"2021-06-02T19:53:27.685700Z"}},"EventRecordID":418284,"Correlation":{"#attributes":{"ActivityID":"F420F35E-9DE0-4CC8-B1A7-FFD7E7590000"}},"Execution":{"#attributes":{"ProcessID":856,"ThreadID":1632}},"Channel":"Microsoft-Windows-TerminalServices-RemoteConnectionManager/Operational","Computer":"IPSERVER","Security":{"#attributes":{"UserID":"S-1-5-20"}}},"UserData":{"EventXML":{"#attributes":{"xmlns":"Event_NS"},"listenerName":"RDP-Tcp"}}}}
{"Event":{"#attributes":{"xmlns":"http://schemas.microsoft.com/win/2004/08/events/event"},"System":{"Provider":{"#attributes":{"Name":"Microsoft-Windows-TerminalServices-RemoteConnectionManager","Guid":"C76BAA63-AE81-421C-B425-340B4B24157F"}},"EventID":261,"Version":0,"Level":4,"Task":0,"Opcode":0,"Keywords":"0x1000000000000000","TimeCreated":{"#attributes":{"SystemTime":"2021-06-02T19:53:28.411097Z"}},"EventRecordID":418285,"Correlation":{"#attributes":{"ActivityID":"F4200EA4-7510-4C1B-B9E4-8B6A42B20000"}},"Execution":{"#attributes":{"ProcessID":856,"ThreadID":1632}},"Channel":"Microsoft-Windows-TerminalServices-RemoteConnectionManager/Operational","Computer":"IPSERVER","Security":{"#attributes":{"UserID":"S-1-5-20"}}},"UserData":{"EventXML":{"#attributes":{"xmlns":"Event_NS"},"listenerName":"RDP-Tcp"}}}}
{"Event":{"#attributes":{"xmlns":"http://schemas.microsoft.com/win/2004/08/events/event"},"System":{"Provider":{"#attributes":{"Name":"Microsoft-Windows-TerminalServices-RemoteConnectionManager","Guid":"C76BAA63-AE81-421C-B425-340B4B24157F"}},"EventID":261,"Version":0,"Level":4,"Task":0,"Opcode":0,"Keywords":"0x1000000000000000","TimeCreated":{"#attributes":{"SystemTime":"2021-06-02T19:53:36.567038Z"}},"EventRecordID":418286,"Correlation":{"#attributes":{"ActivityID":"F420D1DE-55A9-489F-870A-B77307BE0000"}},"Execution":{"#attributes":{"ProcessID":856,"ThreadID":1632}},"Channel":"Microsoft-Windows-TerminalServices-RemoteConnectionManager/Operational","Computer":"IPSERVER","Security":{"#attributes":{"UserID":"S-1-5-20"}}},"UserData":{"EventXML":{"#attributes":{"xmlns":"Event_NS"},"listenerName":"RDP-Tcp"}}}}
{"Event":{"#attributes":{"xmlns":"http://schemas.microsoft.com/win/2004/08/events/event"},"System":{"Provider":{"#attributes":{"Name":"Microsoft-Windows-TerminalServices-RemoteConnectionManager","Guid":"C76BAA63-AE81-421C-B425-340B4B24157F"}},"EventID":261,"Version":0,"Level":4,"Task":0,"Opcode":0,"Keywords":"0x1000000000000000","TimeCreated":{"#attributes":{"SystemTime":"2021-06-02T19:53:39.209666Z"}},"EventRecordID":418287,"Correlation":{"#attributes":{"ActivityID":"F4206DBD-51C9-4602-BF2E-503646690000"}},"Execution":{"#attributes":{"ProcessID":856,"ThreadID":1632}},"Channel":"Microsoft-Windows-TerminalServices-RemoteConnectionManager/Operational","Computer":"IPSERVER","Security":{"#attributes":{"UserID":"S-1-5-20"}}},"UserData":{"EventXML":{"#attributes":{"xmlns":"Event_NS"},"listenerName":"RDP-Tcp"}}}}
{"Event":{"#attributes":{"xmlns":"http://schemas.microsoft.com/win/2004/08/events/event"},"System":{"Provider":{"#attributes":{"Name":"Microsoft-Windows-TerminalServices-RemoteConnectionManager","Guid":"C76BAA63-AE81-421C-B425-340B4B24157F"}},"EventID":261,"Version":0,"Level":4,"Task":0,"Opcode":0,"Keywords":"0x1000000000000000","TimeCreated":{"#attributes":{"SystemTime":"2021-06-02T19:53:42.035234Z"}},"EventRecordID":418288,"Correlation":{"#attributes":{"ActivityID":"F420FF5A-BB1A-4CD4-9D15-520084160000"}},"Execution":{"#attributes":{"ProcessID":856,"ThreadID":1632}},"Channel":"Microsoft-Windows-TerminalServices-RemoteConnectionManager/Operational","Computer":"IPSERVER","Security":{"#attributes":{"UserID":"S-1-5-20"}}},"UserData":{"EventXML":{"#attributes":{"xmlns":"Event_NS"},"listenerName":"RDP-Tcp"}}}}
{"Event":{"#attributes":{"xmlns":"http://schemas.microsoft.com/win/2004/08/events/event"},"System":{"Provider":{"#attributes":{"Name":"Microsoft-Windows-TerminalServices-RemoteConnectionManager","Guid":"C76BAA63-AE81-421C-B425-340B4B24157F"}},"EventID":261,"Version":0,"Level":4,"Task":0,"Opcode":0,"Keywords":"0x1000000000000000","TimeCreated":{"#attributes":{"SystemTime":"2021-06-02T19:53:43.810443Z"}},"EventRecordID":418289,"Correlation":{"#attributes":{"ActivityID":"F4200283-8992-4EF2-8562-4ACFF3630000"}},"Execution":{"#attributes":{"ProcessID":856,"ThreadID":1632}},"Channel":"Microsoft-Windows-TerminalServices-RemoteConnectionManager/Operational","Computer":"IPSERVER","Security":{"#attributes":{"UserID":"S-1-5-20"}}},"UserData":{"EventXML":{"#attributes":{"xmlns":"Event_NS"},"listenerName":"RDP-Tcp"}}}}
{"Event":{"#attributes":{"xmlns":"http://schemas.microsoft.com/win/2004/08/events/event"},"System":{"Provider":{"#attributes":{"Name":"Microsoft-Windows-TerminalServices-RemoteConnectionManager","Guid":"C76BAA63-AE81-421C-B425-340B4B24157F"}},"EventID":261,"Version":0,"Level":4,"Task":0,"Opcode":0,"Keywords":"0x1000000000000000","TimeCreated":{"#attributes":{"SystemTime":"2021-06-02T19:53:44.527118Z"}},"EventRecordID":418290,"Correlation":{"#attributes":{"ActivityID":"F4205AE6-15B7-4416-AB46-D4D1E7970000"}},"Execution":{"#attributes":{"ProcessID":856,"ThreadID":1632}},"Channel":"Microsoft-Windows-TerminalServices-RemoteConnectionManager/Operational","Computer":"IPSERVER","Security":{"#attributes":{"UserID":"S-1-5-20"}}},"UserData":{"EventXML":{"#attributes":{"xmlns":"Event_NS"},"listenerName":"RDP-Tcp"}}}}
{"Event":{"#attributes":{"xmlns":"http://schemas.microsoft.com/win/2004/08/events/event"},"System":{"Provider":{"#attributes":{"Name":"Microsoft-Windows-TerminalServices-RemoteConnectionManager","Guid":"C76BAA63-AE81-421C-B425-340B4B24157F"}},"EventID":261,"Version":0,"Level":4,"Task":0,"Opcode":0,"Keywords":"0x1000000000000000","TimeCreated":{"#attributes":{"SystemTime":"2021-06-02T19:53:45.582314Z"}},"EventRecordID":418291,"Correlation":{"#attributes":{"ActivityID":"F42041F6-B97D-4A8B-8ABA-F0E7A5E40000"}},"Execution":{"#attributes":{"ProcessID":856,"ThreadID":1632}},"Channel":"Microsoft-Windows-TerminalServices-RemoteConnectionManager/Operational","Computer":"IPSERVER","Security":{"#attributes":{"UserID":"S-1-5-20"}}},"UserData":{"EventXML":{"#attributes":{"xmlns":"Event_NS"},"listenerName":"RDP-Tcp"}}}}
{"Event":{"#attributes":{"xmlns":"http://schemas.microsoft.com/win/2004/08/events/event"},"System":{"Provider":{"#attributes":{"Name":"Microsoft-Windows-TerminalServices-RemoteConnectionManager","Guid":"C76BAA63-AE81-421C-B425-340B4B24157F"}},"EventID":261,"Version":0,"Level":4,"Task":0,"Opcode":0,"Keywords":"0x1000000000000000","TimeCreated":{"#attributes":{"SystemTime":"2021-06-02T19:53:46.797634Z"}},"EventRecordID":418292,"Correlation":{"#attributes":{"ActivityID":"F4203D32-994B-4497-809F-E87F590B0000"}},"Execution":{"#attributes":{"ProcessID":856,"ThreadID":1632}},"Channel":"Microsoft-Windows-TerminalServices-RemoteConnectionManager/Operational","Computer":"IPSERVER","Security":{"#attributes":{"UserID":"S-1-5-20"}}},"UserData":{"EventXML":{"#attributes":{"xmlns":"Event_NS"},"listenerName":"RDP-Tcp"}}}}
{"Event":{"#attributes":{"xmlns":"http://schemas.microsoft.com/win/2004/08/events/event"},"System":{"Provider":{"#attributes":{"Name":"Microsoft-Windows-TerminalServices-RemoteConnectionManager","Guid":"C76BAA63-AE81-421C-B425-340B4B24157F"}},"EventID":261,"Version":0,"Level":4,"Task":0,"Opcode":0,"Keywords":"0x1000000000000000","TimeCreated":{"#attributes":{"SystemTime":"2021-06-02T19:53:47.329682Z"}},"EventRecordID":418293,"Correlation":{"#attributes":{"ActivityID":"F420C2E3-96CF-4053-BC21-E33DFF030000"}},"Execution":{"#attributes":{"ProcessID":856,"ThreadID":1632}},"Channel":"Microsoft-Windows-TerminalServices-RemoteConnectionManager/Operational","Computer":"IPSERVER","Security":{"#attributes":{"UserID":"S-1-5-20"}}},"UserData":{"EventXML":{"#attributes":{"xmlns":"Event_NS"},"listenerName":"RDP-Tcp"}}}}
{"Event":{"#attributes":{"xmlns":"http://schemas.microsoft.com/win/2004/08/events/event"},"System":{"Provider":{"#attributes":{"Name":"Microsoft-Windows-TerminalServices-RemoteConnectionManager","Guid":"C76BAA63-AE81-421C-B425-340B4B24157F"}},"EventID":261,"Version":0,"Level":4,"Task":0,"Opcode":0,"Keywords":"0x1000000000000000","TimeCreated":{"#attributes":{"SystemTime":"2021-06-02T19:53:50.570005Z"}},"EventRecordID":418294,"Correlation":{"#attributes":{"ActivityID":"F4202852-0943-4298-BF03-320ADB610000"}},"Execution":{"#attributes":{"ProcessID":856,"ThreadID":1632}},"Channel":"Microsoft-Windows-TerminalServices-RemoteConnectionManager/Operational","Computer":"IPSERVER","Security":{"#attributes":{"UserID":"S-1-5-20"}}},"UserData":{"EventXML":{"#attributes":{"xmlns":"Event_NS"},"listenerName":"RDP-Tcp"}}}}
{"Event":{"#attributes":{"xmlns":"http://schemas.microsoft.com/win/2004/08/events/event"},"System":{"Provider":{"#attributes":{"Name":"Microsoft-Windows-TerminalServices-RemoteConnectionManager","Guid":"C76BAA63-AE81-421C-B425-340B4B24157F"}},"EventID":261,"Version":0,"Level":4,"Task":0,"Opcode":0,"Keywords":"0x1000000000000000","TimeCreated":{"#attributes":{"SystemTime":"2021-06-02T19:53:53.835524Z"}},"EventRecordID":418295,"Correlation":{"#attributes":{"ActivityID":"F42098F7-703D-470B-A157-2B8694750000"}},"Execution":{"#attributes":{"ProcessID":856,"ThreadID":1632}},"Channel":"Microsoft-Windows-TerminalServices-RemoteConnectionManager/Operational","Computer":"IPSERVER","Security":{"#attributes":{"UserID":"S-1-5-20"}}},"UserData":{"EventXML":{"#attributes":{"xmlns":"Event_NS"},"listenerName":"RDP-Tcp"}}}}
{"Event":{"#attributes":{"xmlns":"http://schemas.microsoft.com/win/2004/08/events/event"},"System":{"Provider":{"#attributes":{"Name":"Microsoft-Windows-TerminalServices-RemoteConnectionManager","Guid":"C76BAA63-AE81-421C-B425-340B4B24157F"}},"EventID":261,"Version":0,"Level":4,"Task":0,"Opcode":0,"Keywords":"0x1000000000000000","TimeCreated":{"#attributes":{"SystemTime":"2021-06-02T19:54:00.307750Z"}},"EventRecordID":418296,"Correlation":{"#attributes":{"ActivityID":"F4204AE0-7234-48BB-B392-216A22830000"}},"Execution":{"#attributes":{"ProcessID":856,"ThreadID":1632}},"Channel":"Microsoft-Windows-TerminalServices-RemoteConnectionManager/Operational","Computer":"IPSERVER","Security":{"#attributes":{"UserID":"S-1-5-20"}}},"UserData":{"EventXML":{"#attributes":{"xmlns":"Event_NS"},"listenerName":"RDP-Tcp"}}}}
{"Event":{"#attributes":{"xmlns":"http://schemas.microsoft.com/win/2004/08/events/event"},"System":{"Provider":{"#attributes":{"Name":"Microsoft-Windows-TerminalServices-RemoteConnectionManager","Guid":"C76BAA63-AE81-421C-B425-340B4B24157F"}},"EventID":261,"Version":0,"Level":4,"Task":0,"Opcode":0,"Keywords":"0x1000000000000000","TimeCreated":{"#attributes":{"SystemTime":"2021-06-02T19:54:01.360702Z"}},"EventRecordID":418297,"Correlation":{"#attributes":{"ActivityID":"F420DE2F-ED96-459A-96B5-C183AB4B0000"}},"Execution":{"#attributes":{"ProcessID":856,"ThreadID":1632}},"Channel":"Microsoft-Windows-TerminalServices-RemoteConnectionManager/Operational","Computer":"IPSERVER","Security":{"#attributes":{"UserID":"S-1-5-20"}}},"UserData":{"EventXML":{"#attributes":{"xmlns":"Event_NS"},"listenerName":"RDP-Tcp"}}}}
{"Event":{"#attributes":{"xmlns":"http://schemas.microsoft.com/win/2004/08/events/event"},"System":{"Provider":{"#attributes":{"Name":"Microsoft-Windows-TerminalServices-RemoteConnectionManager","Guid":"C76BAA63-AE81-421C-B425-340B4B24157F"}},"EventID":261,"Version":0,"Level":4,"Task":0,"Opcode":0,"Keywords":"0x1000000000000000","TimeCreated":{"#attributes":{"SystemTime":"2021-06-02T19:54:03.145846Z"}},"EventRecordID":418298,"Correlation":{"#attributes":{"ActivityID":"F4203B12-1B2E-4377-8732-F042E3180000"}},"Execution":{"#attributes":{"ProcessID":856,"ThreadID":1632}},"Channel":"Microsoft-Windows-TerminalServices-RemoteConnectionManager/Operational","Computer":"IPSERVER","Security":{"#attributes":{"UserID":"S-1-5-20"}}},"UserData":{"EventXML":{"#attributes":{"xmlns":"Event_NS"},"listenerName":"RDP-Tcp"}}}}
{"Event":{"#attributes":{"xmlns":"http://schemas.microsoft.com/win/2004/08/events/event"},"System":{"Provider":{"#attributes":{"Name":"Microsoft-Windows-TerminalServices-RemoteConnectionManager","Guid":"C76BAA63-AE81-421C-B425-340B4B24157F"}},"EventID":261,"Version":0,"Level":4,"Task":0,"Opcode":0,"Keywords":"0x1000000000000000","TimeCreated":{"#attributes":{"SystemTime":"2021-06-02T19:54:05.568327Z"}},"EventRecordID":418299,"Correlation":{"#attributes":{"ActivityID":"F420E56F-5991-421E-AB2A-1DD2890D0000"}},"Execution":{"#attributes":{"ProcessID":856,"ThreadID":1632}},"Channel":"Microsoft-Windows-TerminalServices-RemoteConnectionManager/Operational","Computer":"IPSERVER","Security":{"#attributes":{"UserID":"S-1-5-20"}}},"UserData":{"EventXML":{"#attributes":{"xmlns":"Event_NS"},"listenerName":"RDP-Tcp"}}}}
{"Event":{"#attributes":{"xmlns":"http://schemas.microsoft.com/win/2004/08/events/event"},"System":{"Provider":{"#attributes":{"Name":"Microsoft-Windows-TerminalServices-RemoteConnectionManager","Guid":"C76BAA63-AE81-421C-B425-340B4B24157F"}},"EventID":261,"Version":0,"Level":4,"Task":0,"Opcode":0,"Keywords":"0x1000000000000000","TimeCreated":{"#attributes":{"SystemTime":"2021-06-02T19:54:07.825096Z"}},"EventRecordID":418300,"Correlation":{"#attributes":{"ActivityID":"F420B064-F4D5-418A-A476-B8EFF8970000"}},"Execution":{"#attributes":{"ProcessID":856,"ThreadID":1632}},"Channel":"Microsoft-Windows-TerminalServices-RemoteConnectionManager/Operational","Computer":"IPSERVER","Security":{"#attributes":{"UserID":"S-1-5-20"}}},"UserData":{"EventXML":{"#attributes":{"xmlns":"Event_NS"},"listenerName":"RDP-Tcp"}}}}
{"Event":{"#attributes":{"xmlns":"http://schemas.microsoft.com/win/2004/08/events/event"},"System":{"Provider":{"#attributes":{"Name":"Microsoft-Windows-TerminalServices-RemoteConnectionManager","Guid":"C76BAA63-AE81-421C-B425-340B4B24157F"}},"EventID":261,"Version":0,"Level":4,"Task":0,"Opcode":0,"Keywords":"0x1000000000000000","TimeCreated":{"#attributes":{"SystemTime":"2021-06-02T19:54:10.588271Z"}},"EventRecordID":418301,"Correlation":{"#attributes":{"ActivityID":"F4202333-862D-493E-87E6-8EB3F6B20000"}},"Execution":{"#attributes":{"ProcessID":856,"ThreadID":1632}},"Channel":"Microsoft-Windows-TerminalServices-RemoteConnectionManager/Operational","Computer":"IPSERVER","Security":{"#attributes":{"UserID":"S-1-5-20"}}},"UserData":{"EventXML":{"#attributes":{"xmlns":"Event_NS"},"listenerName":"RDP-Tcp"}}}}
{"Event":{"#attributes":{"xmlns":"http://schemas.microsoft.com/win/2004/08/events/event"},"System":{"Provider":{"#attributes":{"Name":"Microsoft-Windows-TerminalServices-RemoteConnectionManager","Guid":"C76BAA63-AE81-421C-B425-340B4B24157F"}},"EventID":261,"Version":0,"Level":4,"Task":0,"Opcode":0,"Keywords":"0x1000000000000000","TimeCreated":{"#attributes":{"SystemTime":"2021-06-02T19:54:11.009581Z"}},"EventRecordID":418302,"Correlation":{"#attributes":{"ActivityID":"F420E008-19B9-4214-BB1C-AFF86E540000"}},"Execution":{"#attributes":{"ProcessID":856,"ThreadID":1632}},"Channel":"Microsoft-Windows-TerminalServices-RemoteConnectionManager/Operational","Computer":"IPSERVER","Security":{"#attributes":{"UserID":"S-1-5-20"}}},"UserData":{"EventXML":{"#attributes":{"xmlns":"Event_NS"},"listenerName":"RDP-Tcp"}}}}
{"Event":{"#attributes":{"xmlns":"http://schemas.microsoft.com/win/2004/08/events/event"},"System":{"Provider":{"#attributes":{"Name":"Microsoft-Windows-TerminalServices-RemoteConnectionManager","Guid":"C76BAA63-AE81-421C-B425-340B4B24157F"}},"EventID":261,"Version":0,"Level":4,"Task":0,"Opcode":0,"Keywords":"0x1000000000000000","TimeCreated":{"#attributes":{"SystemTime":"2021-06-02T19:54:20.099344Z"}},"EventRecordID":418303,"Correlation":{"#attributes":{"ActivityID":"F420A87F-C729-4152-9F5C-9600D2790000"}},"Execution":{"#attributes":{"ProcessID":856,"ThreadID":1632}},"Channel":"Microsoft-Windows-TerminalServices-RemoteConnectionManager/Operational","Computer":"IPSERVER","Security":{"#attributes":{"UserID":"S-1-5-20"}}},"UserData":{"EventXML":{"#attributes":{"xmlns":"Event_NS"},"listenerName":"RDP-Tcp"}}}}
{"Event":{"#attributes":{"xmlns":"http://schemas.microsoft.com/win/2004/08/events/event"},"System":{"Provider":{"#attributes":{"Name":"Microsoft-Windows-TerminalServices-RemoteConnectionManager","Guid":"C76BAA63-AE81-421C-B425-340B4B24157F"}},"EventID":261,"Version":0,"Level":4,"Task":0,"Opcode":0,"Keywords":"0x1000000000000000","TimeCreated":{"#attributes":{"SystemTime":"2021-06-02T19:54:22.614027Z"}},"EventRecordID":418304,"Correlation":{"#attributes":{"ActivityID":"F4205CC0-0C57-4447-9DF5-A4DF36350000"}},"Execution":{"#attributes":{"ProcessID":856,"ThreadID":1632}},"Channel":"Microsoft-Windows-TerminalServices-RemoteConnectionManager/Operational","Computer":"IPSERVER","Security":{"#attributes":{"UserID":"S-1-5-20"}}},"UserData":{"EventXML":{"#attributes":{"xmlns":"Event_NS"},"listenerName":"RDP-Tcp"}}}}
{"Event":{"#attributes":{"xmlns":"http://schemas.microsoft.com/win/2004/08/events/event"},"System":{"Provider":{"#attributes":{"Name":"Microsoft-Windows-TerminalServices-RemoteConnectionManager","Guid":"C76BAA63-AE81-421C-B425-340B4B24157F"}},"EventID":261,"Version":0,"Level":4,"Task":0,"Opcode":0,"Keywords":"0x1000000000000000","TimeCreated":{"#attributes":{"SystemTime":"2021-06-02T19:54:31.375172Z"}},"EventRecordID":418305,"Correlation":{"#attributes":{"ActivityID":"F420671B-CB9A-4DEB-BC50-907B99C10000"}},"Execution":{"#attributes":{"ProcessID":856,"ThreadID":1632}},"Channel":"Microsoft-Windows-TerminalServices-RemoteConnectionManager/Operational","Computer":"IPSERVER","Security":{"#attributes":{"UserID":"S-1-5-20"}}},"UserData":{"EventXML":{"#attributes":{"xmlns":"Event_NS"},"listenerName":"RDP-Tcp"}}}}
{"Event":{"#attributes":{"xmlns":"http://schemas.microsoft.com/win/2004/08/events/event"},"System":{"Provider":{"#attributes":{"Name":"Microsoft-Windows-TerminalServices-RemoteConnectionManager","Guid":"C76BAA63-AE81-421C-B425-340B4B24157F"}},"EventID":261,"Version":0,"Level":4,"Task":0,"Opcode":0,"Keywords":"0x1000000000000000","TimeCreated":{"#attributes":{"SystemTime":"2021-06-02T19:54:34.378640Z"}},"EventRecordID":418306,"Correlation":{"#attributes":{"ActivityID":"F4205F24-75DD-4E88-9D71-3CD30FCD0000"}},"Execution":{"#attributes":{"ProcessID":856,"ThreadID":1632}},"Channel":"Microsoft-Windows-TerminalServices-RemoteConnectionManager/Operational","Computer":"IPSERVER","Security":{"#attributes":{"UserID":"S-1-5-20"}}},"UserData":{"EventXML":{"#attributes":{"xmlns":"Event_NS"},"listenerName":"RDP-Tcp"}}}}
{"Event":{"#attributes":{"xmlns":"http://schemas.microsoft.com/win/2004/08/events/event"},"System":{"Provider":{"#attributes":{"Name":"Microsoft-Windows-TerminalServices-RemoteConnectionManager","Guid":"C76BAA63-AE81-421C-B425-340B4B24157F"}},"EventID":261,"Version":0,"Level":4,"Task":0,"Opcode":0,"Keywords":"0x1000000000000000","TimeCreated":{"#attributes":{"SystemTime":"2021-06-02T19:54:37.431060Z"}},"EventRecordID":418307,"Correlation":{"#attributes":{"ActivityID":"F420AF7E-D9D4-4792-8BD2-CBE4A70C0000"}},"Execution":{"#attributes":{"ProcessID":856,"ThreadID":1632}},"Channel":"Microsoft-Windows-TerminalServices-RemoteConnectionManager/Operational","Computer":"IPSERVER","Security":{"#attributes":{"UserID":"S-1-5-20"}}},"UserData":{"EventXML":{"#attributes":{"xmlns":"Event_NS"},"listenerName":"RDP-Tcp"}}}}
{"Event":{"#attributes":{"xmlns":"http://schemas.microsoft.com/win/2004/08/events/event"},"System":{"Provider":{"#attributes":{"Name":"Microsoft-Windows-TerminalServices-RemoteConnectionManager","Guid":"C76BAA63-AE81-421C-B425-340B4B24157F"}},"EventID":261,"Version":0,"Level":4,"Task":0,"Opcode":0,"Keywords":"0x1000000000000000","TimeCreated":{"#attributes":{"SystemTime":"2021-06-02T19:54:44.853772Z"}},"EventRecordID":418308,"Correlation":{"#attributes":{"ActivityID":"F420E495-19DB-4ECE-B5E3-71979BCC0000"}},"Execution":{"#attributes":{"ProcessID":856,"ThreadID":1632}},"Channel":"Microsoft-Windows-TerminalServices-RemoteConnectionManager/Operational","Computer":"IPSERVER","Security":{"#attributes":{"UserID":"S-1-5-20"}}},"UserData":{"EventXML":{"#attributes":{"xmlns":"Event_NS"},"listenerName":"RDP-Tcp"}}}}
{"Event":{"#attributes":{"xmlns":"http://schemas.microsoft.com/win/2004/08/events/event"},"System":{"Provider":{"#attributes":{"Name":"Microsoft-Windows-TerminalServices-RemoteConnectionManager","Guid":"C76BAA63-AE81-421C-B425-340B4B24157F"}},"EventID":261,"Version":0,"Level":4,"Task":0,"Opcode":0,"Keywords":"0x1000000000000000","TimeCreated":{"#attributes":{"SystemTime":"2021-06-02T19:54:46.875198Z"}},"EventRecordID":418309,"Correlation":{"#attributes":{"ActivityID":"F42070A5-C8D1-465E-8284-50E127900000"}},"Execution":{"#attributes":{"ProcessID":856,"ThreadID":1632}},"Channel":"Microsoft-Windows-TerminalServices-RemoteConnectionManager/Operational","Computer":"IPSERVER","Security":{"#attributes":{"UserID":"S-1-5-20"}}},"UserData":{"EventXML":{"#attributes":{"xmlns":"Event_NS"},"listenerName":"RDP-Tcp"}}}}
{"Event":{"#attributes":{"xmlns":"http://schemas.microsoft.com/win/2004/08/events/event"},"System":{"Provider":{"#attributes":{"Name":"Microsoft-Windows-TerminalServices-RemoteConnectionManager","Guid":"C76BAA63-AE81-421C-B425-340B4B24157F"}},"EventID":261,"Version":0,"Level":4,"Task":0,"Opcode":0,"Keywords":"0x1000000000000000","TimeCreated":{"#attributes":{"SystemTime":"2021-06-02T19:54:52.185671Z"}},"EventRecordID":418310,"Correlation":{"#attributes":{"ActivityID":"F420829F-84FC-4353-909E-E91D96CD0000"}},"Execution":{"#attributes":{"ProcessID":856,"ThreadID":1632}},"Channel":"Microsoft-Windows-TerminalServices-RemoteConnectionManager/Operational","Computer":"IPSERVER","Security":{"#attributes":{"UserID":"S-1-5-20"}}},"UserData":{"EventXML":{"#attributes":{"xmlns":"Event_NS"},"listenerName":"RDP-Tcp"}}}}
{"Event":{"#attributes":{"xmlns":"http://schemas.microsoft.com/win/2004/08/events/event"},"System":{"Provider":{"#attributes":{"Name":"Microsoft-Windows-TerminalServices-RemoteConnectionManager","Guid":"C76BAA63-AE81-421C-B425-340B4B24157F"}},"EventID":261,"Version":0,"Level":4,"Task":0,"Opcode":0,"Keywords":"0x1000000000000000","TimeCreated":{"#attributes":{"SystemTime":"2021-06-02T19:54:54.411660Z"}},"EventRecordID":418311,"Correlation":{"#attributes":{"ActivityID":"F42033FC-535B-4473-884A-4EBFCDDA0000"}},"Execution":{"#attributes":{"ProcessID":856,"ThreadID":1632}},"Channel":"Microsoft-Windows-TerminalServices-RemoteConnectionManager/Operational","Computer":"IPSERVER","Security":{"#attributes":{"UserID":"S-1-5-20"}}},"UserData":{"EventXML":{"#attributes":{"xmlns":"Event_NS"},"listenerName":"RDP-Tcp"}}}}
{"Event":{"#attributes":{"xmlns":"http://schemas.microsoft.com/win/2004/08/events/event"},"System":{"Provider":{"#attributes":{"Name":"Microsoft-Windows-TerminalServices-RemoteConnectionManager","Guid":"C76BAA63-AE81-421C-B425-340B4B24157F"}},"EventID":261,"Version":0,"Level":4,"Task":0,"Opcode":0,"Keywords":"0x1000000000000000","TimeCreated":{"#attributes":{"SystemTime":"2021-06-02T19:54:56.711199Z"}},"EventRecordID":418312,"Correlation":{"#attributes":{"ActivityID":"F420D82C-FEBD-4DCA-9C15-992281570000"}},"Execution":{"#attributes":{"ProcessID":856,"ThreadID":1632}},"Channel":"Microsoft-Windows-TerminalServices-RemoteConnectionManager/Operational","Computer":"IPSERVER","Security":{"#attributes":{"UserID":"S-1-5-20"}}},"UserData":{"EventXML":{"#attributes":{"xmlns":"Event_NS"},"listenerName":"RDP-Tcp"}}}}
{"Event":{"#attributes":{"xmlns":"http://schemas.microsoft.com/win/2004/08/events/event"},"System":{"Provider":{"#attributes":{"Name":"Microsoft-Windows-TerminalServices-RemoteConnectionManager","Guid":"C76BAA63-AE81-421C-B425-340B4B24157F"}},"EventID":261,"Version":0,"Level":4,"Task":0,"Opcode":0,"Keywords":"0x1000000000000000","TimeCreated":{"#attributes":{"SystemTime":"2021-06-02T19:54:57.202823Z"}},"EventRecordID":418313,"Correlation":{"#attributes":{"ActivityID":"F4207A93-7107-4FFD-A407-0104134C0000"}},"Execution":{"#attributes":{"ProcessID":856,"ThreadID":1632}},"Channel":"Microsoft-Windows-TerminalServices-RemoteConnectionManager/Operational","Computer":"IPSERVER","Security":{"#attributes":{"UserID":"S-1-5-20"}}},"UserData":{"EventXML":{"#attributes":{"xmlns":"Event_NS"},"listenerName":"RDP-Tcp"}}}}
{"Event":{"#attributes":{"xmlns":"http://schemas.microsoft.com/win/2004/08/events/event"},"System":{"Provider":{"#attributes":{"Name":"Microsoft-Windows-TerminalServices-RemoteConnectionManager","Guid":"C76BAA63-AE81-421C-B425-340B4B24157F"}},"EventID":261,"Version":0,"Level":4,"Task":0,"Opcode":0,"Keywords":"0x1000000000000000","TimeCreated":{"#attributes":{"SystemTime":"2021-06-02T19:54:57.412480Z"}},"EventRecordID":418314,"Correlation":{"#attributes":{"ActivityID":"F420E81A-4326-4021-A278-A2CAC2520000"}},"Execution":{"#attributes":{"ProcessID":856,"ThreadID":1632}},"Channel":"Microsoft-Windows-TerminalServices-RemoteConnectionManager/Operational","Computer":"IPSERVER","Security":{"#attributes":{"UserID":"S-1-5-20"}}},"UserData":{"EventXML":{"#attributes":{"xmlns":"Event_NS"},"listenerName":"RDP-Tcp"}}}}
{"Event":{"#attributes":{"xmlns":"http://schemas.microsoft.com/win/2004/08/events/event"},"System":{"Provider":{"#attributes":{"Name":"Microsoft-Windows-TerminalServices-RemoteConnectionManager","Guid":"C76BAA63-AE81-421C-B425-340B4B24157F"}},"EventID":261,"Version":0,"Level":4,"Task":0,"Opcode":0,"Keywords":"0x1000000000000000","TimeCreated":{"#attributes":{"SystemTime":"2021-06-02T19:55:06.020134Z"}},"EventRecordID":418315,"Correlation":{"#attributes":{"ActivityID":"F4207FEE-CA44-4D9C-B49B-9685CBED0000"}},"Execution":{"#attributes":{"ProcessID":856,"ThreadID":1632}},"Channel":"Microsoft-Windows-TerminalServices-RemoteConnectionManager/Operational","Computer":"IPSERVER","Security":{"#attributes":{"UserID":"S-1-5-20"}}},"UserData":{"EventXML":{"#attributes":{"xmlns":"Event_NS"},"listenerName":"RDP-Tcp"}}}}
{"Event":{"#attributes":{"xmlns":"http://schemas.microsoft.com/win/2004/08/events/event"},"System":{"Provider":{"#attributes":{"Name":"Microsoft-Windows-TerminalServices-RemoteConnectionManager","Guid":"C76BAA63-AE81-421C-B425-340B4B24157F"}},"EventID":261,"Version":0,"Level":4,"Task":0,"Opcode":0,"Keywords":"0x1000000000000000","TimeCreated":{"#attributes":{"SystemTime":"2021-06-02T19:55:06.219705Z"}},"EventRecordID":418316,"Correlation":{"#attributes":{"ActivityID":"F4200BA4-2364-4421-AAAB-9EA20A6E0000"}},"Execution":{"#attributes":{"ProcessID":856,"ThreadID":1632}},"Channel":"Microsoft-Windows-TerminalServices-RemoteConnectionManager/Operational","Computer":"IPSERVER","Security":{"#attributes":{"UserID":"S-1-5-20"}}},"UserData":{"EventXML":{"#attributes":{"xmlns":"Event_NS"},"listenerName":"RDP-Tcp"}}}}
{"Event":{"#attributes":{"xmlns":"http://schemas.microsoft.com/win/2004/08/events/event"},"System":{"Provider":{"#attributes":{"Name":"Microsoft-Windows-TerminalServices-RemoteConnectionManager","Guid":"C76BAA63-AE81-421C-B425-340B4B24157F"}},"EventID":261,"Version":0,"Level":4,"Task":0,"Opcode":0,"Keywords":"0x1000000000000000","TimeCreated":{"#attributes":{"SystemTime":"2021-06-02T19:55:08.982037Z"}},"EventRecordID":418317,"Correlation":{"#attributes":{"ActivityID":"F4206770-30B9-49D4-A082-A627C4B00000"}},"Execution":{"#attributes":{"ProcessID":856,"ThreadID":1632}},"Channel":"Microsoft-Windows-TerminalServices-RemoteConnectionManager/Operational","Computer":"IPSERVER","Security":{"#attributes":{"UserID":"S-1-5-20"}}},"UserData":{"EventXML":{"#attributes":{"xmlns":"Event_NS"},"listenerName":"RDP-Tcp"}}}}
{"Event":{"#attributes":{"xmlns":"http://schemas.microsoft.com/win/2004/08/events/event"},"System":{"Provider":{"#attributes":{"Name":"Microsoft-Windows-TerminalServices-RemoteConnectionManager","Guid":"C76BAA63-AE81-421C-B425-340B4B24157F"}},"EventID":261,"Version":0,"Level":4,"Task":0,"Opcode":0,"Keywords":"0x1000000000000000","TimeCreated":{"#attributes":{"SystemTime":"2021-06-02T19:55:11.702318Z"}},"EventRecordID":418318,"Correlation":{"#attributes":{"ActivityID":"F4201731-2069-42DE-A6DB-C2953D300000"}},"Execution":{"#attributes":{"ProcessID":856,"ThreadID":1632}},"Channel":"Microsoft-Windows-TerminalServices-RemoteConnectionManager/Operational","Computer":"IPSERVER","Security":{"#attributes":{"UserID":"S-1-5-20"}}},"UserData":{"EventXML":{"#attributes":{"xmlns":"Event_NS"},"listenerName":"RDP-Tcp"}}}}
{"Event":{"#attributes":{"xmlns":"http://schemas.microsoft.com/win/2004/08/events/event"},"System":{"Provider":{"#attributes":{"Name":"Microsoft-Windows-TerminalServices-RemoteConnectionManager","Guid":"C76BAA63-AE81-421C-B425-340B4B24157F"}},"EventID":261,"Version":0,"Level":4,"Task":0,"Opcode":0,"Keywords":"0x1000000000000000","TimeCreated":{"#attributes":{"SystemTime":"2021-06-02T19:55:12.286026Z"}},"EventRecordID":418319,"Correlation":{"#attributes":{"ActivityID":"F420DBE3-4407-425A-A7EB-1BBBDD860000"}},"Execution":{"#attributes":{"ProcessID":856,"ThreadID":1632}},"Channel":"Microsoft-Windows-TerminalServices-RemoteConnectionManager/Operational","Computer":"IPSERVER","Security":{"#attributes":{"UserID":"S-1-5-20"}}},"UserData":{"EventXML":{"#attributes":{"xmlns":"Event_NS"},"listenerName":"RDP-Tcp"}}}}
{"Event":{"#attributes":{"xmlns":"http://schemas.microsoft.com/win/2004/08/events/event"},"System":{"Provider":{"#attributes":{"Name":"Microsoft-Windows-TerminalServices-RemoteConnectionManager","Guid":"C76BAA63-AE81-421C-B425-340B4B24157F"}},"EventID":261,"Version":0,"Level":4,"Task":0,"Opcode":0,"Keywords":"0x1000000000000000","TimeCreated":{"#attributes":{"SystemTime":"2021-06-02T19:55:15.691907Z"}},"EventRecordID":418320,"Correlation":{"#attributes":{"ActivityID":"F42023EA-50D1-470E-83E4-FF2A96F10000"}},"Execution":{"#attributes":{"ProcessID":856,"ThreadID":1632}},"Channel":"Microsoft-Windows-TerminalServices-RemoteConnectionManager/Operational","Computer":"IPSERVER","Security":{"#attributes":{"UserID":"S-1-5-20"}}},"UserData":{"EventXML":{"#attributes":{"xmlns":"Event_NS"},"listenerName":"RDP-Tcp"}}}}
{"Event":{"#attributes":{"xmlns":"http://schemas.microsoft.com/win/2004/08/events/event"},"System":{"Provider":{"#attributes":{"Name":"Microsoft-Windows-TerminalServices-RemoteConnectionManager","Guid":"C76BAA63-AE81-421C-B425-340B4B24157F"}},"EventID":261,"Version":0,"Level":4,"Task":0,"Opcode":0,"Keywords":"0x1000000000000000","TimeCreated":{"#attributes":{"SystemTime":"2021-06-02T19:55:18.913278Z"}},"EventRecordID":418321,"Correlation":{"#attributes":{"ActivityID":"F4201E13-3E3E-4C3F-A848-2C1A49350000"}},"Execution":{"#attributes":{"ProcessID":856,"ThreadID":1632}},"Channel":"Microsoft-Windows-TerminalServices-RemoteConnectionManager/Operational","Computer":"IPSERVER","Security":{"#attributes":{"UserID":"S-1-5-20"}}},"UserData":{"EventXML":{"#attributes":{"xmlns":"Event_NS"},"listenerName":"RDP-Tcp"}}}}
{"Event":{"#attributes":{"xmlns":"http://schemas.microsoft.com/win/2004/08/events/event"},"System":{"Provider":{"#attributes":{"Name":"Microsoft-Windows-TerminalServices-RemoteConnectionManager","Guid":"C76BAA63-AE81-421C-B425-340B4B24157F"}},"EventID":261,"Version":0,"Level":4,"Task":0,"Opcode":0,"Keywords":"0x1000000000000000","TimeCreated":{"#attributes":{"SystemTime":"2021-06-02T19:55:19.056433Z"}},"EventRecordID":418322,"Correlation":{"#attributes":{"ActivityID":"F420F85D-538C-4B8B-BD90-F783CFF80000"}},"Execution":{"#attributes":{"ProcessID":856,"ThreadID":1632}},"Channel":"Microsoft-Windows-TerminalServices-RemoteConnectionManager/Operational","Computer":"IPSERVER","Security":{"#attributes":{"UserID":"S-1-5-20"}}},"UserData":{"EventXML":{"#attributes":{"xmlns":"Event_NS"},"listenerName":"RDP-Tcp"}}}}
{"Event":{"#attributes":{"xmlns":"http://schemas.microsoft.com/win/2004/08/events/event"},"System":{"Provider":{"#attributes":{"Name":"Microsoft-Windows-TerminalServices-RemoteConnectionManager","Guid":"C76BAA63-AE81-421C-B425-340B4B24157F"}},"EventID":261,"Version":0,"Level":4,"Task":0,"Opcode":0,"Keywords":"0x1000000000000000","TimeCreated":{"#attributes":{"SystemTime":"2021-06-02T19:55:24.732529Z"}},"EventRecordID":418323,"Correlation":{"#attributes":{"ActivityID":"F4206DB0-C447-4D38-BA83-3913937F0000"}},"Execution":{"#attributes":{"ProcessID":856,"ThreadID":1632}},"Channel":"Microsoft-Windows-TerminalServices-RemoteConnectionManager/Operational","Computer":"IPSERVER","Security":{"#attributes":{"UserID":"S-1-5-20"}}},"UserData":{"EventXML":{"#attributes":{"xmlns":"Event_NS"},"listenerName":"RDP-Tcp"}}}}
{"Event":{"#attributes":{"xmlns":"http://schemas.microsoft.com/win/2004/08/events/event"},"System":{"Provider":{"#attributes":{"Name":"Microsoft-Windows-TerminalServices-RemoteConnectionManager","Guid":"C76BAA63-AE81-421C-B425-340B4B24157F"}},"EventID":261,"Version":0,"Level":4,"Task":0,"Opcode":0,"Keywords":"0x1000000000000000","TimeCreated":{"#attributes":{"SystemTime":"2021-06-02T19:55:29.975803Z"}},"EventRecordID":418324,"Correlation":{"#attributes":{"ActivityID":"F420B977-E827-4326-920C-9E54A5410000"}},"Execution":{"#attributes":{"ProcessID":856,"ThreadID":1632}},"Channel":"Microsoft-Windows-TerminalServices-RemoteConnectionManager/Operational","Computer":"IPSERVER","Security":{"#attributes":{"UserID":"S-1-5-20"}}},"UserData":{"EventXML":{"#attributes":{"xmlns":"Event_NS"},"listenerName":"RDP-Tcp"}}}}
{"Event":{"#attributes":{"xmlns":"http://schemas.microsoft.com/win/2004/08/events/event"},"System":{"Provider":{"#attributes":{"Name":"Microsoft-Windows-TerminalServices-RemoteConnectionManager","Guid":"C76BAA63-AE81-421C-B425-340B4B24157F"}},"EventID":261,"Version":0,"Level":4,"Task":0,"Opcode":0,"Keywords":"0x1000000000000000","TimeCreated":{"#attributes":{"SystemTime":"2021-06-02T19:55:32.779061Z"}},"EventRecordID":418325,"Correlation":{"#attributes":{"ActivityID":"F420B865-CB38-4C36-92D3-076D218A0000"}},"Execution":{"#attributes":{"ProcessID":856,"ThreadID":1632}},"Channel":"Microsoft-Windows-TerminalServices-RemoteConnectionManager/Operational","Computer":"IPSERVER","Security":{"#attributes":{"UserID":"S-1-5-20"}}},"UserData":{"EventXML":{"#attributes":{"xmlns":"Event_NS"},"listenerName":"RDP-Tcp"}}}}
{"Event":{"#attributes":{"xmlns":"http://schemas.microsoft.com/win/2004/08/events/event"},"System":{"Provider":{"#attributes":{"Name":"Microsoft-Windows-TerminalServices-RemoteConnectionManager","Guid":"C76BAA63-AE81-421C-B425-340B4B24157F"}},"EventID":261,"Version":0,"Level":4,"Task":0,"Opcode":0,"Keywords":"0x1000000000000000","TimeCreated":{"#attributes":{"SystemTime":"2021-06-02T19:55:34.200257Z"}},"EventRecordID":418326,"Correlation":{"#attributes":{"ActivityID":"F420E845-927E-46E6-BFAC-F46E49F50000"}},"Execution":{"#attributes":{"ProcessID":856,"ThreadID":1632}},"Channel":"Microsoft-Windows-TerminalServices-RemoteConnectionManager/Operational","Computer":"IPSERVER","Security":{"#attributes":{"UserID":"S-1-5-20"}}},"UserData":{"EventXML":{"#attributes":{"xmlns":"Event_NS"},"listenerName":"RDP-Tcp"}}}}
{"Event":{"#attributes":{"xmlns":"http://schemas.microsoft.com/win/2004/08/events/event"},"System":{"Provider":{"#attributes":{"Name":"Microsoft-Windows-TerminalServices-RemoteConnectionManager","Guid":"C76BAA63-AE81-421C-B425-340B4B24157F"}},"EventID":261,"Version":0,"Level":4,"Task":0,"Opcode":0,"Keywords":"0x1000000000000000","TimeCreated":{"#attributes":{"SystemTime":"2021-06-02T19:55:39.720706Z"}},"EventRecordID":418327,"Correlation":{"#attributes":{"ActivityID":"F420367B-5A0F-4B20-BF9A-EB74DFC20000"}},"Execution":{"#attributes":{"ProcessID":856,"ThreadID":1632}},"Channel":"Microsoft-Windows-TerminalServices-RemoteConnectionManager/Operational","Computer":"IPSERVER","Security":{"#attributes":{"UserID":"S-1-5-20"}}},"UserData":{"EventXML":{"#attributes":{"xmlns":"Event_NS"},"listenerName":"RDP-Tcp"}}}}
