{"Event":{"#attributes":{"xmlns":"http://schemas.microsoft.com/win/2004/08/events/event"},"System":{"Provider":{"#attributes":{"Name":"Microsoft-Windows-WMI-Activity","Guid":"1418EF04-B0B4-4623-BF7E-D74AB47BBDAA"}},"EventID":5857,"Version":0,"Level":0,"Task":0,"Opcode":0,"Keywords":"0x4000000000000000","TimeCreated":{"#attributes":{"SystemTime":"2021-05-12T23:25:24.900182Z"}},"EventRecordID":335,"Correlation":null,"Execution":{"#attributes":{"ProcessID":1576,"ThreadID":4492}},"Channel":"Microsoft-Windows-WMI-Activity/Operational","Computer":"IPSERVER","Security":{"#attributes":{"UserID":"S-1-5-20"}}},"UserData":{"Operation_StartedOperational":{"#attributes":{"xmlns":"http://manifests.microsoft.com/win/2006/windows/WMI"},"ProviderName":"CIMWin32","Code":"0x0","HostProcess":"wmiprvse.exe","ProcessID":1576,"ProviderPath":"%systemroot%\\system32\\wbem\\cimwin32.dll"}}}}
{"Event":{"#attributes":{"xmlns":"http://schemas.microsoft.com/win/2004/08/events/event"},"System":{"Provider":{"#attributes":{"Name":"Microsoft-Windows-WMI-Activity","Guid":"1418EF04-B0B4-4623-BF7E-D74AB47BBDAA"}},"EventID":5857,"Version":0,"Level":0,"Task":0,"Opcode":0,"Keywords":"0x4000000000000000","TimeCreated":{"#attributes":{"SystemTime":"2021-05-12T23:25:24.940047Z"}},"EventRecordID":336,"Correlation":null,"Execution":{"#attributes":{"ProcessID":1576,"ThreadID":4492}},"Channel":"Microsoft-Windows-WMI-Activity/Operational","Computer":"IPSERVER","Security":{"#attributes":{"UserID":"S-1-5-20"}}},"UserData":{"Operation_StartedOperational":{"#attributes":{"xmlns":"http://manifests.microsoft.com/win/2006/windows/WMI"},"ProviderName":"CIMWin32a","Code":"0x0","HostProcess":"wmiprvse.exe","ProcessID":1576,"ProviderPath":"%systemroot%\\system32\\wbem\\wmipcima.dll"}}}}
{"Event":{"#attributes":{"xmlns":"http://schemas.microsoft.com/win/2004/08/events/event"},"System":{"Provider":{"#attributes":{"Name":"Microsoft-Windows-WMI-Activity","Guid":"1418EF04-B0B4-4623-BF7E-D74AB47BBDAA"}},"EventID":5857,"Version":0,"Level":0,"Task":0,"Opcode":0,"Keywords":"0x4000000000000000","TimeCreated":{"#attributes":{"SystemTime":"2021-05-13T00:04:01.859936Z"}},"EventRecordID":337,"Correlation":null,"Execution":{"#attributes":{"ProcessID":3628,"ThreadID":892}},"Channel":"Microsoft-Windows-WMI-Activity/Operational","Computer":"IPSERVER","Security":{"#attributes":{"UserID":"S-1-5-20"}}},"UserData":{"Operation_StartedOperational":{"#attributes":{"xmlns":"http://manifests.microsoft.com/win/2006/windows/WMI"},"ProviderName":"CIMWin32","Code":"0x0","HostProcess":"wmiprvse.exe","ProcessID":3628,"ProviderPath":"%systemroot%\\system32\\wbem\\cimwin32.dll"}}}}
{"Event":{"#attributes":{"xmlns":"http://schemas.microsoft.com/win/2004/08/events/event"},"System":{"Provider":{"#attributes":{"Name":"Microsoft-Windows-WMI-Activity","Guid":"1418EF04-B0B4-4623-BF7E-D74AB47BBDAA"}},"EventID":5857,"Version":0,"Level":0,"Task":0,"Opcode":0,"Keywords":"0x4000000000000000","TimeCreated":{"#attributes":{"SystemTime":"2021-05-13T00:04:01.900333Z"}},"EventRecordID":338,"Correlation":null,"Execution":{"#attributes":{"ProcessID":3628,"ThreadID":1676}},"Channel":"Microsoft-Windows-WMI-Activity/Operational","Computer":"IPSERVER","Security":{"#attributes":{"UserID":"S-1-5-20"}}},"UserData":{"Operation_StartedOperational":{"#attributes":{"xmlns":"http://manifests.microsoft.com/win/2006/windows/WMI"},"ProviderName":"CIMWin32a","Code":"0x0","HostProcess":"wmiprvse.exe","ProcessID":3628,"ProviderPath":"%systemroot%\\system32\\wbem\\wmipcima.dll"}}}}
{"Event":{"#attributes":{"xmlns":"http://schemas.microsoft.com/win/2004/08/events/event"},"System":{"Provider":{"#attributes":{"Name":"Microsoft-Windows-WMI-Activity","Guid":"1418EF04-B0B4-4623-BF7E-D74AB47BBDAA"}},"EventID":5857,"Version":0,"Level":0,"Task":0,"Opcode":0,"Keywords":"0x4000000000000000","TimeCreated":{"#attributes":{"SystemTime":"2021-05-13T00:04:04.664163Z"}},"EventRecordID":339,"Correlation":null,"Execution":{"#attributes":{"ProcessID":3628,"ThreadID":2516}},"Channel":"Microsoft-Windows-WMI-Activity/Operational","Computer":"IPSERVER","Security":{"#attributes":{"UserID":"S-1-5-20"}}},"UserData":{"Operation_StartedOperational":{"#attributes":{"xmlns":"http://manifests.microsoft.com/win/2006/windows/WMI"},"ProviderName":"Win32_WIN32_TERMINALSERVICE_Prov","Code":"0x0","HostProcess":"wmiprvse.exe","ProcessID":3628,"ProviderPath":"%SystemRoot%\\system32\\tscfgwmi.dll"}}}}
{"Event":{"#attributes":{"xmlns":"http://schemas.microsoft.com/win/2004/08/events/event"},"System":{"Provider":{"#attributes":{"Name":"Microsoft-Windows-WMI-Activity","Guid":"1418EF04-B0B4-4623-BF7E-D74AB47BBDAA"}},"EventID":5858,"Version":0,"Level":2,"Task":0,"Opcode":0,"Keywords":"0x4000000000000000","TimeCreated":{"#attributes":{"SystemTime":"2021-05-13T00:04:04.681432Z"}},"EventRecordID":340,"Correlation":null,"Execution":{"#attributes":{"ProcessID":2776,"ThreadID":2100}},"Channel":"Microsoft-Windows-WMI-Activity/Operational","Computer":"IPSERVER","Security":{"#attributes":{"UserID":"S-1-5-18"}}},"UserData":{"Operation_ClientFailure":{"#attributes":{"xmlns":"http://manifests.microsoft.com/win/2006/windows/WMI"},"Id":"{00000000-0000-0000-0000-000000000000}","ClientMachine":"IPSERVER","User":"NT AUTHORITY\\СИСТЕМА","ClientProcessId":120,"Component":"Unknown","Operation":"Start IWbemServices::ExecQuery - ROOT\\CIMV2 : SELECT State FROM Win32_Service","ResultCode":"0x80041032","PossibleCause":"Unknown"}}}}
{"Event":{"#attributes":{"xmlns":"http://schemas.microsoft.com/win/2004/08/events/event"},"System":{"Provider":{"#attributes":{"Name":"Microsoft-Windows-WMI-Activity","Guid":"1418EF04-B0B4-4623-BF7E-D74AB47BBDAA"}},"EventID":5857,"Version":0,"Level":0,"Task":0,"Opcode":0,"Keywords":"0x4000000000000000","TimeCreated":{"#attributes":{"SystemTime":"2021-05-13T00:25:24.923439Z"}},"EventRecordID":341,"Correlation":null,"Execution":{"#attributes":{"ProcessID":3380,"ThreadID":4764}},"Channel":"Microsoft-Windows-WMI-Activity/Operational","Computer":"IPSERVER","Security":{"#attributes":{"UserID":"S-1-5-20"}}},"UserData":{"Operation_StartedOperational":{"#attributes":{"xmlns":"http://manifests.microsoft.com/win/2006/windows/WMI"},"ProviderName":"CIMWin32","Code":"0x0","HostProcess":"wmiprvse.exe","ProcessID":3380,"ProviderPath":"%systemroot%\\system32\\wbem\\cimwin32.dll"}}}}
{"Event":{"#attributes":{"xmlns":"http://schemas.microsoft.com/win/2004/08/events/event"},"System":{"Provider":{"#attributes":{"Name":"Microsoft-Windows-WMI-Activity","Guid":"1418EF04-B0B4-4623-BF7E-D74AB47BBDAA"}},"EventID":5857,"Version":0,"Level":0,"Task":0,"Opcode":0,"Keywords":"0x4000000000000000","TimeCreated":{"#attributes":{"SystemTime":"2021-05-13T00:25:24.964953Z"}},"EventRecordID":342,"Correlation":null,"Execution":{"#attributes":{"ProcessID":3380,"ThreadID":4764}},"Channel":"Microsoft-Windows-WMI-Activity/Operational","Computer":"IPSERVER","Security":{"#attributes":{"UserID":"S-1-5-20"}}},"UserData":{"Operation_StartedOperational":{"#attributes":{"xmlns":"http://manifests.microsoft.com/win/2006/windows/WMI"},"ProviderName":"CIMWin32a","Code":"0x0","HostProcess":"wmiprvse.exe","ProcessID":3380,"ProviderPath":"%systemroot%\\system32\\wbem\\wmipcima.dll"}}}}
{"Event":{"#attributes":{"xmlns":"http://schemas.microsoft.com/win/2004/08/events/event"},"System":{"Provider":{"#attributes":{"Name":"Microsoft-Windows-WMI-Activity","Guid":"1418EF04-B0B4-4623-BF7E-D74AB47BBDAA"}},"EventID":5857,"Version":0,"Level":0,"Task":0,"Opcode":0,"Keywords":"0x4000000000000000","TimeCreated":{"#attributes":{"SystemTime":"2021-05-13T01:25:24.947945Z"}},"EventRecordID":343,"Correlation":null,"Execution":{"#attributes":{"ProcessID":32,"ThreadID":1348}},"Channel":"Microsoft-Windows-WMI-Activity/Operational","Computer":"IPSERVER","Security":{"#attributes":{"UserID":"S-1-5-20"}}},"UserData":{"Operation_StartedOperational":{"#attributes":{"xmlns":"http://manifests.microsoft.com/win/2006/windows/WMI"},"ProviderName":"CIMWin32","Code":"0x0","HostProcess":"wmiprvse.exe","ProcessID":32,"ProviderPath":"%systemroot%\\system32\\wbem\\cimwin32.dll"}}}}
{"Event":{"#attributes":{"xmlns":"http://schemas.microsoft.com/win/2004/08/events/event"},"System":{"Provider":{"#attributes":{"Name":"Microsoft-Windows-WMI-Activity","Guid":"1418EF04-B0B4-4623-BF7E-D74AB47BBDAA"}},"EventID":5857,"Version":0,"Level":0,"Task":0,"Opcode":0,"Keywords":"0x4000000000000000","TimeCreated":{"#attributes":{"SystemTime":"2021-05-13T01:25:24.989846Z"}},"EventRecordID":344,"Correlation":null,"Execution":{"#attributes":{"ProcessID":32,"ThreadID":1348}},"Channel":"Microsoft-Windows-WMI-Activity/Operational","Computer":"IPSERVER","Security":{"#attributes":{"UserID":"S-1-5-20"}}},"UserData":{"Operation_StartedOperational":{"#attributes":{"xmlns":"http://manifests.microsoft.com/win/2006/windows/WMI"},"ProviderName":"CIMWin32a","Code":"0x0","HostProcess":"wmiprvse.exe","ProcessID":32,"ProviderPath":"%systemroot%\\system32\\wbem\\wmipcima.dll"}}}}
{"Event":{"#attributes":{"xmlns":"http://schemas.microsoft.com/win/2004/08/events/event"},"System":{"Provider":{"#attributes":{"Name":"Microsoft-Windows-WMI-Activity","Guid":"1418EF04-B0B4-4623-BF7E-D74AB47BBDAA"}},"EventID":5857,"Version":0,"Level":0,"Task":0,"Opcode":0,"Keywords":"0x4000000000000000","TimeCreated":{"#attributes":{"SystemTime":"2021-05-13T01:31:23.626652Z"}},"EventRecordID":345,"Correlation":null,"Execution":{"#attributes":{"ProcessID":2148,"ThreadID":832}},"Channel":"Microsoft-Windows-WMI-Activity/Operational","Computer":"IPSERVER","Security":{"#attributes":{"UserID":"S-1-5-18"}}},"UserData":{"Operation_StartedOperational":{"#attributes":{"xmlns":"http://manifests.microsoft.com/win/2006/windows/WMI"},"ProviderName":"WmiPerfClass","Code":"0x0","HostProcess":"wmiprvse.exe","ProcessID":2148,"ProviderPath":"C:\\Windows\\System32\\wbem\\WmiPerfClass.dll"}}}}
{"Event":{"#attributes":{"xmlns":"http://schemas.microsoft.com/win/2004/08/events/event"},"System":{"Provider":{"#attributes":{"Name":"Microsoft-Windows-WMI-Activity","Guid":"1418EF04-B0B4-4623-BF7E-D74AB47BBDAA"}},"EventID":5858,"Version":0,"Level":2,"Task":0,"Opcode":0,"Keywords":"0x4000000000000000","TimeCreated":{"#attributes":{"SystemTime":"2021-05-13T01:31:23.630344Z"}},"EventRecordID":346,"Correlation":null,"Execution":{"#attributes":{"ProcessID":2776,"ThreadID":2644}},"Channel":"Microsoft-Windows-WMI-Activity/Operational","Computer":"IPSERVER","Security":{"#attributes":{"UserID":"S-1-5-18"}}},"UserData":{"Operation_ClientFailure":{"#attributes":{"xmlns":"http://manifests.microsoft.com/win/2006/windows/WMI"},"Id":"{00000000-0000-0000-0000-000000000000}","ClientMachine":"IPSERVER","User":"NT AUTHORITY\\СИСТЕМА","ClientProcessId":4528,"Component":"Unknown","Operation":"Start IWbemServices::ExecQuery - ROOT\\CIMV2 : SELECT ID FROM Win32_ServerFeature","ResultCode":"0x80041010","PossibleCause":"Unknown"}}}}
{"Event":{"#attributes":{"xmlns":"http://schemas.microsoft.com/win/2004/08/events/event"},"System":{"Provider":{"#attributes":{"Name":"Microsoft-Windows-WMI-Activity","Guid":"1418EF04-B0B4-4623-BF7E-D74AB47BBDAA"}},"EventID":5857,"Version":0,"Level":0,"Task":0,"Opcode":0,"Keywords":"0x4000000000000000","TimeCreated":{"#attributes":{"SystemTime":"2021-05-13T01:31:23.734858Z"}},"EventRecordID":347,"Correlation":null,"Execution":{"#attributes":{"ProcessID":3720,"ThreadID":2192}},"Channel":"Microsoft-Windows-WMI-Activity/Operational","Computer":"IPSERVER","Security":{"#attributes":{"UserID":"S-1-5-20"}}},"UserData":{"Operation_StartedOperational":{"#attributes":{"xmlns":"http://manifests.microsoft.com/win/2006/windows/WMI"},"ProviderName":"Win32_TpmProvider","Code":"0x0","HostProcess":"wmiprvse.exe","ProcessID":3720,"ProviderPath":"C:\\Windows\\System32\\wbem\\Win32_TPM.dll"}}}}
{"Event":{"#attributes":{"xmlns":"http://schemas.microsoft.com/win/2004/08/events/event"},"System":{"Provider":{"#attributes":{"Name":"Microsoft-Windows-WMI-Activity","Guid":"1418EF04-B0B4-4623-BF7E-D74AB47BBDAA"}},"EventID":5857,"Version":0,"Level":0,"Task":0,"Opcode":0,"Keywords":"0x4000000000000000","TimeCreated":{"#attributes":{"SystemTime":"2021-05-13T01:31:24.308130Z"}},"EventRecordID":348,"Correlation":null,"Execution":{"#attributes":{"ProcessID":3720,"ThreadID":2192}},"Channel":"Microsoft-Windows-WMI-Activity/Operational","Computer":"IPSERVER","Security":{"#attributes":{"UserID":"S-1-5-20"}}},"UserData":{"Operation_StartedOperational":{"#attributes":{"xmlns":"http://manifests.microsoft.com/win/2006/windows/WMI"},"ProviderName":"Win32_DeviceGuard","Code":"0x0","HostProcess":"wmiprvse.exe","ProcessID":3720,"ProviderPath":"%SystemRoot%\\System32\\Win32_DeviceGuard.dll"}}}}
{"Event":{"#attributes":{"xmlns":"http://schemas.microsoft.com/win/2004/08/events/event"},"System":{"Provider":{"#attributes":{"Name":"Microsoft-Windows-WMI-Activity","Guid":"1418EF04-B0B4-4623-BF7E-D74AB47BBDAA"}},"EventID":5858,"Version":0,"Level":2,"Task":0,"Opcode":0,"Keywords":"0x4000000000000000","TimeCreated":{"#attributes":{"SystemTime":"2021-05-13T01:31:24.316959Z"}},"EventRecordID":349,"Correlation":null,"Execution":{"#attributes":{"ProcessID":2776,"ThreadID":1344}},"Channel":"Microsoft-Windows-WMI-Activity/Operational","Computer":"IPSERVER","Security":{"#attributes":{"UserID":"S-1-5-18"}}},"UserData":{"Operation_ClientFailure":{"#attributes":{"xmlns":"http://manifests.microsoft.com/win/2006/windows/WMI"},"Id":"{00000000-0000-0000-0000-000000000000}","ClientMachine":"IPSERVER","User":"NT AUTHORITY\\СИСТЕМА","ClientProcessId":4528,"Component":"Unknown","Operation":"Start IWbemServices::ExecQuery - root\\Microsoft\\Windows\\DeviceGuard : SELECT RequiredSecurityProperties FROM Win32_DeviceGuard ","ResultCode":"0x80041032","PossibleCause":"Unknown"}}}}
{"Event":{"#attributes":{"xmlns":"http://schemas.microsoft.com/win/2004/08/events/event"},"System":{"Provider":{"#attributes":{"Name":"Microsoft-Windows-WMI-Activity","Guid":"1418EF04-B0B4-4623-BF7E-D74AB47BBDAA"}},"EventID":5857,"Version":0,"Level":0,"Task":0,"Opcode":0,"Keywords":"0x4000000000000000","TimeCreated":{"#attributes":{"SystemTime":"2021-05-13T02:25:24.960220Z"}},"EventRecordID":350,"Correlation":null,"Execution":{"#attributes":{"ProcessID":3972,"ThreadID":4004}},"Channel":"Microsoft-Windows-WMI-Activity/Operational","Computer":"IPSERVER","Security":{"#attributes":{"UserID":"S-1-5-20"}}},"UserData":{"Operation_StartedOperational":{"#attributes":{"xmlns":"http://manifests.microsoft.com/win/2006/windows/WMI"},"ProviderName":"CIMWin32","Code":"0x0","HostProcess":"wmiprvse.exe","ProcessID":3972,"ProviderPath":"%systemroot%\\system32\\wbem\\cimwin32.dll"}}}}
{"Event":{"#attributes":{"xmlns":"http://schemas.microsoft.com/win/2004/08/events/event"},"System":{"Provider":{"#attributes":{"Name":"Microsoft-Windows-WMI-Activity","Guid":"1418EF04-B0B4-4623-BF7E-D74AB47BBDAA"}},"EventID":5857,"Version":0,"Level":0,"Task":0,"Opcode":0,"Keywords":"0x4000000000000000","TimeCreated":{"#attributes":{"SystemTime":"2021-05-13T02:25:25.003357Z"}},"EventRecordID":351,"Correlation":null,"Execution":{"#attributes":{"ProcessID":3972,"ThreadID":4004}},"Channel":"Microsoft-Windows-WMI-Activity/Operational","Computer":"IPSERVER","Security":{"#attributes":{"UserID":"S-1-5-20"}}},"UserData":{"Operation_StartedOperational":{"#attributes":{"xmlns":"http://manifests.microsoft.com/win/2006/windows/WMI"},"ProviderName":"CIMWin32a","Code":"0x0","HostProcess":"wmiprvse.exe","ProcessID":3972,"ProviderPath":"%systemroot%\\system32\\wbem\\wmipcima.dll"}}}}
{"Event":{"#attributes":{"xmlns":"http://schemas.microsoft.com/win/2004/08/events/event"},"System":{"Provider":{"#attributes":{"Name":"Microsoft-Windows-WMI-Activity","Guid":"1418EF04-B0B4-4623-BF7E-D74AB47BBDAA"}},"EventID":5857,"Version":0,"Level":0,"Task":0,"Opcode":0,"Keywords":"0x4000000000000000","TimeCreated":{"#attributes":{"SystemTime":"2021-05-13T03:25:24.949772Z"}},"EventRecordID":352,"Correlation":null,"Execution":{"#attributes":{"ProcessID":3916,"ThreadID":4496}},"Channel":"Microsoft-Windows-WMI-Activity/Operational","Computer":"IPSERVER","Security":{"#attributes":{"UserID":"S-1-5-20"}}},"UserData":{"Operation_StartedOperational":{"#attributes":{"xmlns":"http://manifests.microsoft.com/win/2006/windows/WMI"},"ProviderName":"CIMWin32","Code":"0x0","HostProcess":"wmiprvse.exe","ProcessID":3916,"ProviderPath":"%systemroot%\\system32\\wbem\\cimwin32.dll"}}}}
{"Event":{"#attributes":{"xmlns":"http://schemas.microsoft.com/win/2004/08/events/event"},"System":{"Provider":{"#attributes":{"Name":"Microsoft-Windows-WMI-Activity","Guid":"1418EF04-B0B4-4623-BF7E-D74AB47BBDAA"}},"EventID":5857,"Version":0,"Level":0,"Task":0,"Opcode":0,"Keywords":"0x4000000000000000","TimeCreated":{"#attributes":{"SystemTime":"2021-05-13T03:25:24.986139Z"}},"EventRecordID":353,"Correlation":null,"Execution":{"#attributes":{"ProcessID":3916,"ThreadID":4496}},"Channel":"Microsoft-Windows-WMI-Activity/Operational","Computer":"IPSERVER","Security":{"#attributes":{"UserID":"S-1-5-20"}}},"UserData":{"Operation_StartedOperational":{"#attributes":{"xmlns":"http://manifests.microsoft.com/win/2006/windows/WMI"},"ProviderName":"CIMWin32a","Code":"0x0","HostProcess":"wmiprvse.exe","ProcessID":3916,"ProviderPath":"%systemroot%\\system32\\wbem\\wmipcima.dll"}}}}
{"Event":{"#attributes":{"xmlns":"http://schemas.microsoft.com/win/2004/08/events/event"},"System":{"Provider":{"#attributes":{"Name":"Microsoft-Windows-WMI-Activity","Guid":"1418EF04-B0B4-4623-BF7E-D74AB47BBDAA"}},"EventID":5857,"Version":0,"Level":0,"Task":0,"Opcode":0,"Keywords":"0x4000000000000000","TimeCreated":{"#attributes":{"SystemTime":"2021-05-13T04:01:17.875682Z"}},"EventRecordID":354,"Correlation":null,"Execution":{"#attributes":{"ProcessID":4720,"ThreadID":4764}},"Channel":"Microsoft-Windows-WMI-Activity/Operational","Computer":"IPSERVER","Security":{"#attributes":{"UserID":"S-1-5-20"}}},"UserData":{"Operation_StartedOperational":{"#attributes":{"xmlns":"http://manifests.microsoft.com/win/2006/windows/WMI"},"ProviderName":"CIMWin32","Code":"0x0","HostProcess":"wmiprvse.exe","ProcessID":4720,"ProviderPath":"%systemroot%\\system32\\wbem\\cimwin32.dll"}}}}
{"Event":{"#attributes":{"xmlns":"http://schemas.microsoft.com/win/2004/08/events/event"},"System":{"Provider":{"#attributes":{"Name":"Microsoft-Windows-WMI-Activity","Guid":"1418EF04-B0B4-4623-BF7E-D74AB47BBDAA"}},"EventID":5857,"Version":0,"Level":0,"Task":0,"Opcode":0,"Keywords":"0x4000000000000000","TimeCreated":{"#attributes":{"SystemTime":"2021-05-13T04:01:17.912779Z"}},"EventRecordID":355,"Correlation":null,"Execution":{"#attributes":{"ProcessID":4720,"ThreadID":4764}},"Channel":"Microsoft-Windows-WMI-Activity/Operational","Computer":"IPSERVER","Security":{"#attributes":{"UserID":"S-1-5-20"}}},"UserData":{"Operation_StartedOperational":{"#attributes":{"xmlns":"http://manifests.microsoft.com/win/2006/windows/WMI"},"ProviderName":"CIMWin32a","Code":"0x0","HostProcess":"wmiprvse.exe","ProcessID":4720,"ProviderPath":"%systemroot%\\system32\\wbem\\wmipcima.dll"}}}}
{"Event":{"#attributes":{"xmlns":"http://schemas.microsoft.com/win/2004/08/events/event"},"System":{"Provider":{"#attributes":{"Name":"Microsoft-Windows-WMI-Activity","Guid":"1418EF04-B0B4-4623-BF7E-D74AB47BBDAA"}},"EventID":5857,"Version":0,"Level":0,"Task":0,"Opcode":0,"Keywords":"0x4000000000000000","TimeCreated":{"#attributes":{"SystemTime":"2021-05-13T04:20:54.150540Z"}},"EventRecordID":356,"Correlation":null,"Execution":{"#attributes":{"ProcessID":5092,"ThreadID":1948}},"Channel":"Microsoft-Windows-WMI-Activity/Operational","Computer":"IPSERVER","Security":{"#attributes":{"UserID":"S-1-5-20"}}},"UserData":{"Operation_StartedOperational":{"#attributes":{"xmlns":"http://manifests.microsoft.com/win/2006/windows/WMI"},"ProviderName":"CIMWin32","Code":"0x0","HostProcess":"wmiprvse.exe","ProcessID":5092,"ProviderPath":"%systemroot%\\system32\\wbem\\cimwin32.dll"}}}}
{"Event":{"#attributes":{"xmlns":"http://schemas.microsoft.com/win/2004/08/events/event"},"System":{"Provider":{"#attributes":{"Name":"Microsoft-Windows-WMI-Activity","Guid":"1418EF04-B0B4-4623-BF7E-D74AB47BBDAA"}},"EventID":5857,"Version":0,"Level":0,"Task":0,"Opcode":0,"Keywords":"0x4000000000000000","TimeCreated":{"#attributes":{"SystemTime":"2021-05-13T04:20:54.189538Z"}},"EventRecordID":357,"Correlation":null,"Execution":{"#attributes":{"ProcessID":5092,"ThreadID":1948}},"Channel":"Microsoft-Windows-WMI-Activity/Operational","Computer":"IPSERVER","Security":{"#attributes":{"UserID":"S-1-5-20"}}},"UserData":{"Operation_StartedOperational":{"#attributes":{"xmlns":"http://manifests.microsoft.com/win/2006/windows/WMI"},"ProviderName":"CIMWin32a","Code":"0x0","HostProcess":"wmiprvse.exe","ProcessID":5092,"ProviderPath":"%systemroot%\\system32\\wbem\\wmipcima.dll"}}}}
{"Event":{"#attributes":{"xmlns":"http://schemas.microsoft.com/win/2004/08/events/event"},"System":{"Provider":{"#attributes":{"Name":"Microsoft-Windows-WMI-Activity","Guid":"1418EF04-B0B4-4623-BF7E-D74AB47BBDAA"}},"EventID":5857,"Version":0,"Level":0,"Task":0,"Opcode":0,"Keywords":"0x4000000000000000","TimeCreated":{"#attributes":{"SystemTime":"2021-05-13T05:15:18.609729Z"}},"EventRecordID":358,"Correlation":null,"Execution":{"#attributes":{"ProcessID":2728,"ThreadID":3376}},"Channel":"Microsoft-Windows-WMI-Activity/Operational","Computer":"IPSERVER","Security":{"#attributes":{"UserID":"S-1-5-20"}}},"UserData":{"Operation_StartedOperational":{"#attributes":{"xmlns":"http://manifests.microsoft.com/win/2006/windows/WMI"},"ProviderName":"CIMWin32","Code":"0x0","HostProcess":"wmiprvse.exe","ProcessID":2728,"ProviderPath":"%systemroot%\\system32\\wbem\\cimwin32.dll"}}}}
{"Event":{"#attributes":{"xmlns":"http://schemas.microsoft.com/win/2004/08/events/event"},"System":{"Provider":{"#attributes":{"Name":"Microsoft-Windows-WMI-Activity","Guid":"1418EF04-B0B4-4623-BF7E-D74AB47BBDAA"}},"EventID":5857,"Version":0,"Level":0,"Task":0,"Opcode":0,"Keywords":"0x4000000000000000","TimeCreated":{"#attributes":{"SystemTime":"2021-05-13T05:21:38.609093Z"}},"EventRecordID":359,"Correlation":null,"Execution":{"#attributes":{"ProcessID":1552,"ThreadID":2976}},"Channel":"Microsoft-Windows-WMI-Activity/Operational","Computer":"IPSERVER","Security":{"#attributes":{"UserID":"S-1-5-20"}}},"UserData":{"Operation_StartedOperational":{"#attributes":{"xmlns":"http://manifests.microsoft.com/win/2006/windows/WMI"},"ProviderName":"CIMWin32","Code":"0x0","HostProcess":"wmiprvse.exe","ProcessID":1552,"ProviderPath":"%systemroot%\\system32\\wbem\\cimwin32.dll"}}}}
{"Event":{"#attributes":{"xmlns":"http://schemas.microsoft.com/win/2004/08/events/event"},"System":{"Provider":{"#attributes":{"Name":"Microsoft-Windows-WMI-Activity","Guid":"1418EF04-B0B4-4623-BF7E-D74AB47BBDAA"}},"EventID":5857,"Version":0,"Level":0,"Task":0,"Opcode":0,"Keywords":"0x4000000000000000","TimeCreated":{"#attributes":{"SystemTime":"2021-05-13T05:21:38.646598Z"}},"EventRecordID":360,"Correlation":null,"Execution":{"#attributes":{"ProcessID":1552,"ThreadID":2976}},"Channel":"Microsoft-Windows-WMI-Activity/Operational","Computer":"IPSERVER","Security":{"#attributes":{"UserID":"S-1-5-20"}}},"UserData":{"Operation_StartedOperational":{"#attributes":{"xmlns":"http://manifests.microsoft.com/win/2006/windows/WMI"},"ProviderName":"CIMWin32a","Code":"0x0","HostProcess":"wmiprvse.exe","ProcessID":1552,"ProviderPath":"%systemroot%\\system32\\wbem\\wmipcima.dll"}}}}
{"Event":{"#attributes":{"xmlns":"http://schemas.microsoft.com/win/2004/08/events/event"},"System":{"Provider":{"#attributes":{"Name":"Microsoft-Windows-WMI-Activity","Guid":"1418EF04-B0B4-4623-BF7E-D74AB47BBDAA"}},"EventID":5857,"Version":0,"Level":0,"Task":0,"Opcode":0,"Keywords":"0x4000000000000000","TimeCreated":{"#attributes":{"SystemTime":"2021-05-13T06:21:38.581333Z"}},"EventRecordID":361,"Correlation":null,"Execution":{"#attributes":{"ProcessID":4776,"ThreadID":860}},"Channel":"Microsoft-Windows-WMI-Activity/Operational","Computer":"IPSERVER","Security":{"#attributes":{"UserID":"S-1-5-20"}}},"UserData":{"Operation_StartedOperational":{"#attributes":{"xmlns":"http://manifests.microsoft.com/win/2006/windows/WMI"},"ProviderName":"CIMWin32","Code":"0x0","HostProcess":"wmiprvse.exe","ProcessID":4776,"ProviderPath":"%systemroot%\\system32\\wbem\\cimwin32.dll"}}}}
{"Event":{"#attributes":{"xmlns":"http://schemas.microsoft.com/win/2004/08/events/event"},"System":{"Provider":{"#attributes":{"Name":"Microsoft-Windows-WMI-Activity","Guid":"1418EF04-B0B4-4623-BF7E-D74AB47BBDAA"}},"EventID":5857,"Version":0,"Level":0,"Task":0,"Opcode":0,"Keywords":"0x4000000000000000","TimeCreated":{"#attributes":{"SystemTime":"2021-05-13T06:21:38.620802Z"}},"EventRecordID":362,"Correlation":null,"Execution":{"#attributes":{"ProcessID":4776,"ThreadID":860}},"Channel":"Microsoft-Windows-WMI-Activity/Operational","Computer":"IPSERVER","Security":{"#attributes":{"UserID":"S-1-5-20"}}},"UserData":{"Operation_StartedOperational":{"#attributes":{"xmlns":"http://manifests.microsoft.com/win/2006/windows/WMI"},"ProviderName":"CIMWin32a","Code":"0x0","HostProcess":"wmiprvse.exe","ProcessID":4776,"ProviderPath":"%systemroot%\\system32\\wbem\\wmipcima.dll"}}}}
{"Event":{"#attributes":{"xmlns":"http://schemas.microsoft.com/win/2004/08/events/event"},"System":{"Provider":{"#attributes":{"Name":"Microsoft-Windows-WMI-Activity","Guid":"1418EF04-B0B4-4623-BF7E-D74AB47BBDAA"}},"EventID":5857,"Version":0,"Level":0,"Task":0,"Opcode":0,"Keywords":"0x4000000000000000","TimeCreated":{"#attributes":{"SystemTime":"2021-05-13T07:21:38.626008Z"}},"EventRecordID":363,"Correlation":null,"Execution":{"#attributes":{"ProcessID":4720,"ThreadID":2880}},"Channel":"Microsoft-Windows-WMI-Activity/Operational","Computer":"IPSERVER","Security":{"#attributes":{"UserID":"S-1-5-20"}}},"UserData":{"Operation_StartedOperational":{"#attributes":{"xmlns":"http://manifests.microsoft.com/win/2006/windows/WMI"},"ProviderName":"CIMWin32","Code":"0x0","HostProcess":"wmiprvse.exe","ProcessID":4720,"ProviderPath":"%systemroot%\\system32\\wbem\\cimwin32.dll"}}}}
{"Event":{"#attributes":{"xmlns":"http://schemas.microsoft.com/win/2004/08/events/event"},"System":{"Provider":{"#attributes":{"Name":"Microsoft-Windows-WMI-Activity","Guid":"1418EF04-B0B4-4623-BF7E-D74AB47BBDAA"}},"EventID":5857,"Version":0,"Level":0,"Task":0,"Opcode":0,"Keywords":"0x4000000000000000","TimeCreated":{"#attributes":{"SystemTime":"2021-05-13T07:21:38.669137Z"}},"EventRecordID":364,"Correlation":null,"Execution":{"#attributes":{"ProcessID":4720,"ThreadID":1348}},"Channel":"Microsoft-Windows-WMI-Activity/Operational","Computer":"IPSERVER","Security":{"#attributes":{"UserID":"S-1-5-20"}}},"UserData":{"Operation_StartedOperational":{"#attributes":{"xmlns":"http://manifests.microsoft.com/win/2006/windows/WMI"},"ProviderName":"CIMWin32a","Code":"0x0","HostProcess":"wmiprvse.exe","ProcessID":4720,"ProviderPath":"%systemroot%\\system32\\wbem\\wmipcima.dll"}}}}
{"Event":{"#attributes":{"xmlns":"http://schemas.microsoft.com/win/2004/08/events/event"},"System":{"Provider":{"#attributes":{"Name":"Microsoft-Windows-WMI-Activity","Guid":"1418EF04-B0B4-4623-BF7E-D74AB47BBDAA"}},"EventID":5857,"Version":0,"Level":0,"Task":0,"Opcode":0,"Keywords":"0x4000000000000000","TimeCreated":{"#attributes":{"SystemTime":"2021-05-13T08:21:38.620486Z"}},"EventRecordID":365,"Correlation":null,"Execution":{"#attributes":{"ProcessID":3344,"ThreadID":5072}},"Channel":"Microsoft-Windows-WMI-Activity/Operational","Computer":"IPSERVER","Security":{"#attributes":{"UserID":"S-1-5-20"}}},"UserData":{"Operation_StartedOperational":{"#attributes":{"xmlns":"http://manifests.microsoft.com/win/2006/windows/WMI"},"ProviderName":"CIMWin32","Code":"0x0","HostProcess":"wmiprvse.exe","ProcessID":3344,"ProviderPath":"%systemroot%\\system32\\wbem\\cimwin32.dll"}}}}
{"Event":{"#attributes":{"xmlns":"http://schemas.microsoft.com/win/2004/08/events/event"},"System":{"Provider":{"#attributes":{"Name":"Microsoft-Windows-WMI-Activity","Guid":"1418EF04-B0B4-4623-BF7E-D74AB47BBDAA"}},"EventID":5857,"Version":0,"Level":0,"Task":0,"Opcode":0,"Keywords":"0x4000000000000000","TimeCreated":{"#attributes":{"SystemTime":"2021-05-13T08:21:38.659779Z"}},"EventRecordID":366,"Correlation":null,"Execution":{"#attributes":{"ProcessID":3344,"ThreadID":5072}},"Channel":"Microsoft-Windows-WMI-Activity/Operational","Computer":"IPSERVER","Security":{"#attributes":{"UserID":"S-1-5-20"}}},"UserData":{"Operation_StartedOperational":{"#attributes":{"xmlns":"http://manifests.microsoft.com/win/2006/windows/WMI"},"ProviderName":"CIMWin32a","Code":"0x0","HostProcess":"wmiprvse.exe","ProcessID":3344,"ProviderPath":"%systemroot%\\system32\\wbem\\wmipcima.dll"}}}}
{"Event":{"#attributes":{"xmlns":"http://schemas.microsoft.com/win/2004/08/events/event"},"System":{"Provider":{"#attributes":{"Name":"Microsoft-Windows-WMI-Activity","Guid":"1418EF04-B0B4-4623-BF7E-D74AB47BBDAA"}},"EventID":5857,"Version":0,"Level":0,"Task":0,"Opcode":0,"Keywords":"0x4000000000000000","TimeCreated":{"#attributes":{"SystemTime":"2021-05-13T09:21:38.629634Z"}},"EventRecordID":367,"Correlation":null,"Execution":{"#attributes":{"ProcessID":780,"ThreadID":3196}},"Channel":"Microsoft-Windows-WMI-Activity/Operational","Computer":"IPSERVER","Security":{"#attributes":{"UserID":"S-1-5-20"}}},"UserData":{"Operation_StartedOperational":{"#attributes":{"xmlns":"http://manifests.microsoft.com/win/2006/windows/WMI"},"ProviderName":"CIMWin32","Code":"0x0","HostProcess":"wmiprvse.exe","ProcessID":780,"ProviderPath":"%systemroot%\\system32\\wbem\\cimwin32.dll"}}}}
{"Event":{"#attributes":{"xmlns":"http://schemas.microsoft.com/win/2004/08/events/event"},"System":{"Provider":{"#attributes":{"Name":"Microsoft-Windows-WMI-Activity","Guid":"1418EF04-B0B4-4623-BF7E-D74AB47BBDAA"}},"EventID":5857,"Version":0,"Level":0,"Task":0,"Opcode":0,"Keywords":"0x4000000000000000","TimeCreated":{"#attributes":{"SystemTime":"2021-05-13T09:21:38.669187Z"}},"EventRecordID":368,"Correlation":null,"Execution":{"#attributes":{"ProcessID":780,"ThreadID":3196}},"Channel":"Microsoft-Windows-WMI-Activity/Operational","Computer":"IPSERVER","Security":{"#attributes":{"UserID":"S-1-5-20"}}},"UserData":{"Operation_StartedOperational":{"#attributes":{"xmlns":"http://manifests.microsoft.com/win/2006/windows/WMI"},"ProviderName":"CIMWin32a","Code":"0x0","HostProcess":"wmiprvse.exe","ProcessID":780,"ProviderPath":"%systemroot%\\system32\\wbem\\wmipcima.dll"}}}}
{"Event":{"#attributes":{"xmlns":"http://schemas.microsoft.com/win/2004/08/events/event"},"System":{"Provider":{"#attributes":{"Name":"Microsoft-Windows-WMI-Activity","Guid":"1418EF04-B0B4-4623-BF7E-D74AB47BBDAA"}},"EventID":5857,"Version":0,"Level":0,"Task":0,"Opcode":0,"Keywords":"0x4000000000000000","TimeCreated":{"#attributes":{"SystemTime":"2021-05-13T09:44:23.371219Z"}},"EventRecordID":369,"Correlation":null,"Execution":{"#attributes":{"ProcessID":1552,"ThreadID":4112}},"Channel":"Microsoft-Windows-WMI-Activity/Operational","Computer":"IPSERVER","Security":{"#attributes":{"UserID":"S-1-5-20"}}},"UserData":{"Operation_StartedOperational":{"#attributes":{"xmlns":"http://manifests.microsoft.com/win/2006/windows/WMI"},"ProviderName":"CIMWin32","Code":"0x0","HostProcess":"wmiprvse.exe","ProcessID":1552,"ProviderPath":"%systemroot%\\system32\\wbem\\cimwin32.dll"}}}}
{"Event":{"#attributes":{"xmlns":"http://schemas.microsoft.com/win/2004/08/events/event"},"System":{"Provider":{"#attributes":{"Name":"Microsoft-Windows-WMI-Activity","Guid":"1418EF04-B0B4-4623-BF7E-D74AB47BBDAA"}},"EventID":5857,"Version":0,"Level":0,"Task":0,"Opcode":0,"Keywords":"0x4000000000000000","TimeCreated":{"#attributes":{"SystemTime":"2021-05-13T10:21:38.616386Z"}},"EventRecordID":370,"Correlation":null,"Execution":{"#attributes":{"ProcessID":2844,"ThreadID":2356}},"Channel":"Microsoft-Windows-WMI-Activity/Operational","Computer":"IPSERVER","Security":{"#attributes":{"UserID":"S-1-5-20"}}},"UserData":{"Operation_StartedOperational":{"#attributes":{"xmlns":"http://manifests.microsoft.com/win/2006/windows/WMI"},"ProviderName":"CIMWin32","Code":"0x0","HostProcess":"wmiprvse.exe","ProcessID":2844,"ProviderPath":"%systemroot%\\system32\\wbem\\cimwin32.dll"}}}}
{"Event":{"#attributes":{"xmlns":"http://schemas.microsoft.com/win/2004/08/events/event"},"System":{"Provider":{"#attributes":{"Name":"Microsoft-Windows-WMI-Activity","Guid":"1418EF04-B0B4-4623-BF7E-D74AB47BBDAA"}},"EventID":5857,"Version":0,"Level":0,"Task":0,"Opcode":0,"Keywords":"0x4000000000000000","TimeCreated":{"#attributes":{"SystemTime":"2021-05-13T10:21:38.658868Z"}},"EventRecordID":371,"Correlation":null,"Execution":{"#attributes":{"ProcessID":2844,"ThreadID":2356}},"Channel":"Microsoft-Windows-WMI-Activity/Operational","Computer":"IPSERVER","Security":{"#attributes":{"UserID":"S-1-5-20"}}},"UserData":{"Operation_StartedOperational":{"#attributes":{"xmlns":"http://manifests.microsoft.com/win/2006/windows/WMI"},"ProviderName":"CIMWin32a","Code":"0x0","HostProcess":"wmiprvse.exe","ProcessID":2844,"ProviderPath":"%systemroot%\\system32\\wbem\\wmipcima.dll"}}}}
{"Event":{"#attributes":{"xmlns":"http://schemas.microsoft.com/win/2004/08/events/event"},"System":{"Provider":{"#attributes":{"Name":"Microsoft-Windows-WMI-Activity","Guid":"1418EF04-B0B4-4623-BF7E-D74AB47BBDAA"}},"EventID":5857,"Version":0,"Level":0,"Task":0,"Opcode":0,"Keywords":"0x4000000000000000","TimeCreated":{"#attributes":{"SystemTime":"2021-05-13T10:40:56.158165Z"}},"EventRecordID":372,"Correlation":null,"Execution":{"#attributes":{"ProcessID":3456,"ThreadID":2904}},"Channel":"Microsoft-Windows-WMI-Activity/Operational","Computer":"IPSERVER","Security":{"#attributes":{"UserID":"S-1-5-20"}}},"UserData":{"Operation_StartedOperational":{"#attributes":{"xmlns":"http://manifests.microsoft.com/win/2006/windows/WMI"},"ProviderName":"CIMWin32","Code":"0x0","HostProcess":"wmiprvse.exe","ProcessID":3456,"ProviderPath":"%systemroot%\\system32\\wbem\\cimwin32.dll"}}}}
{"Event":{"#attributes":{"xmlns":"http://schemas.microsoft.com/win/2004/08/events/event"},"System":{"Provider":{"#attributes":{"Name":"Microsoft-Windows-WMI-Activity","Guid":"1418EF04-B0B4-4623-BF7E-D74AB47BBDAA"}},"EventID":5857,"Version":0,"Level":0,"Task":0,"Opcode":0,"Keywords":"0x4000000000000000","TimeCreated":{"#attributes":{"SystemTime":"2021-05-13T10:40:56.196047Z"}},"EventRecordID":373,"Correlation":null,"Execution":{"#attributes":{"ProcessID":3456,"ThreadID":2904}},"Channel":"Microsoft-Windows-WMI-Activity/Operational","Computer":"IPSERVER","Security":{"#attributes":{"UserID":"S-1-5-20"}}},"UserData":{"Operation_StartedOperational":{"#attributes":{"xmlns":"http://manifests.microsoft.com/win/2006/windows/WMI"},"ProviderName":"CIMWin32a","Code":"0x0","HostProcess":"wmiprvse.exe","ProcessID":3456,"ProviderPath":"%systemroot%\\system32\\wbem\\wmipcima.dll"}}}}
{"Event":{"#attributes":{"xmlns":"http://schemas.microsoft.com/win/2004/08/events/event"},"System":{"Provider":{"#attributes":{"Name":"Microsoft-Windows-WMI-Activity","Guid":"1418EF04-B0B4-4623-BF7E-D74AB47BBDAA"}},"EventID":5857,"Version":0,"Level":0,"Task":0,"Opcode":0,"Keywords":"0x4000000000000000","TimeCreated":{"#attributes":{"SystemTime":"2021-05-13T11:21:38.636215Z"}},"EventRecordID":374,"Correlation":null,"Execution":{"#attributes":{"ProcessID":4492,"ThreadID":4056}},"Channel":"Microsoft-Windows-WMI-Activity/Operational","Computer":"IPSERVER","Security":{"#attributes":{"UserID":"S-1-5-20"}}},"UserData":{"Operation_StartedOperational":{"#attributes":{"xmlns":"http://manifests.microsoft.com/win/2006/windows/WMI"},"ProviderName":"CIMWin32","Code":"0x0","HostProcess":"wmiprvse.exe","ProcessID":4492,"ProviderPath":"%systemroot%\\system32\\wbem\\cimwin32.dll"}}}}
{"Event":{"#attributes":{"xmlns":"http://schemas.microsoft.com/win/2004/08/events/event"},"System":{"Provider":{"#attributes":{"Name":"Microsoft-Windows-WMI-Activity","Guid":"1418EF04-B0B4-4623-BF7E-D74AB47BBDAA"}},"EventID":5857,"Version":0,"Level":0,"Task":0,"Opcode":0,"Keywords":"0x4000000000000000","TimeCreated":{"#attributes":{"SystemTime":"2021-05-13T11:21:38.682575Z"}},"EventRecordID":375,"Correlation":null,"Execution":{"#attributes":{"ProcessID":4492,"ThreadID":4056}},"Channel":"Microsoft-Windows-WMI-Activity/Operational","Computer":"IPSERVER","Security":{"#attributes":{"UserID":"S-1-5-20"}}},"UserData":{"Operation_StartedOperational":{"#attributes":{"xmlns":"http://manifests.microsoft.com/win/2006/windows/WMI"},"ProviderName":"CIMWin32a","Code":"0x0","HostProcess":"wmiprvse.exe","ProcessID":4492,"ProviderPath":"%systemroot%\\system32\\wbem\\wmipcima.dll"}}}}
{"Event":{"#attributes":{"xmlns":"http://schemas.microsoft.com/win/2004/08/events/event"},"System":{"Provider":{"#attributes":{"Name":"Microsoft-Windows-WMI-Activity","Guid":"1418EF04-B0B4-4623-BF7E-D74AB47BBDAA"}},"EventID":5857,"Version":0,"Level":0,"Task":0,"Opcode":0,"Keywords":"0x4000000000000000","TimeCreated":{"#attributes":{"SystemTime":"2021-05-13T11:59:33.745532Z"}},"EventRecordID":376,"Correlation":null,"Execution":{"#attributes":{"ProcessID":3984,"ThreadID":1644}},"Channel":"Microsoft-Windows-WMI-Activity/Operational","Computer":"IPSERVER","Security":{"#attributes":{"UserID":"S-1-5-20"}}},"UserData":{"Operation_StartedOperational":{"#attributes":{"xmlns":"http://manifests.microsoft.com/win/2006/windows/WMI"},"ProviderName":"CIMWin32","Code":"0x0","HostProcess":"wmiprvse.exe","ProcessID":3984,"ProviderPath":"%systemroot%\\system32\\wbem\\cimwin32.dll"}}}}
{"Event":{"#attributes":{"xmlns":"http://schemas.microsoft.com/win/2004/08/events/event"},"System":{"Provider":{"#attributes":{"Name":"Microsoft-Windows-WMI-Activity","Guid":"1418EF04-B0B4-4623-BF7E-D74AB47BBDAA"}},"EventID":5857,"Version":0,"Level":0,"Task":0,"Opcode":0,"Keywords":"0x4000000000000000","TimeCreated":{"#attributes":{"SystemTime":"2021-05-13T11:59:33.784154Z"}},"EventRecordID":377,"Correlation":null,"Execution":{"#attributes":{"ProcessID":3984,"ThreadID":1644}},"Channel":"Microsoft-Windows-WMI-Activity/Operational","Computer":"IPSERVER","Security":{"#attributes":{"UserID":"S-1-5-20"}}},"UserData":{"Operation_StartedOperational":{"#attributes":{"xmlns":"http://manifests.microsoft.com/win/2006/windows/WMI"},"ProviderName":"CIMWin32a","Code":"0x0","HostProcess":"wmiprvse.exe","ProcessID":3984,"ProviderPath":"%systemroot%\\system32\\wbem\\wmipcima.dll"}}}}
{"Event":{"#attributes":{"xmlns":"http://schemas.microsoft.com/win/2004/08/events/event"},"System":{"Provider":{"#attributes":{"Name":"Microsoft-Windows-WMI-Activity","Guid":"1418EF04-B0B4-4623-BF7E-D74AB47BBDAA"}},"EventID":5857,"Version":0,"Level":0,"Task":0,"Opcode":0,"Keywords":"0x4000000000000000","TimeCreated":{"#attributes":{"SystemTime":"2021-05-13T12:21:38.656190Z"}},"EventRecordID":378,"Correlation":null,"Execution":{"#attributes":{"ProcessID":3688,"ThreadID":4776}},"Channel":"Microsoft-Windows-WMI-Activity/Operational","Computer":"IPSERVER","Security":{"#attributes":{"UserID":"S-1-5-20"}}},"UserData":{"Operation_StartedOperational":{"#attributes":{"xmlns":"http://manifests.microsoft.com/win/2006/windows/WMI"},"ProviderName":"CIMWin32","Code":"0x0","HostProcess":"wmiprvse.exe","ProcessID":3688,"ProviderPath":"%systemroot%\\system32\\wbem\\cimwin32.dll"}}}}
{"Event":{"#attributes":{"xmlns":"http://schemas.microsoft.com/win/2004/08/events/event"},"System":{"Provider":{"#attributes":{"Name":"Microsoft-Windows-WMI-Activity","Guid":"1418EF04-B0B4-4623-BF7E-D74AB47BBDAA"}},"EventID":5857,"Version":0,"Level":0,"Task":0,"Opcode":0,"Keywords":"0x4000000000000000","TimeCreated":{"#attributes":{"SystemTime":"2021-05-13T12:21:38.696501Z"}},"EventRecordID":379,"Correlation":null,"Execution":{"#attributes":{"ProcessID":3688,"ThreadID":4776}},"Channel":"Microsoft-Windows-WMI-Activity/Operational","Computer":"IPSERVER","Security":{"#attributes":{"UserID":"S-1-5-20"}}},"UserData":{"Operation_StartedOperational":{"#attributes":{"xmlns":"http://manifests.microsoft.com/win/2006/windows/WMI"},"ProviderName":"CIMWin32a","Code":"0x0","HostProcess":"wmiprvse.exe","ProcessID":3688,"ProviderPath":"%systemroot%\\system32\\wbem\\wmipcima.dll"}}}}
{"Event":{"#attributes":{"xmlns":"http://schemas.microsoft.com/win/2004/08/events/event"},"System":{"Provider":{"#attributes":{"Name":"Microsoft-Windows-WMI-Activity","Guid":"1418EF04-B0B4-4623-BF7E-D74AB47BBDAA"}},"EventID":5857,"Version":0,"Level":0,"Task":0,"Opcode":0,"Keywords":"0x4000000000000000","TimeCreated":{"#attributes":{"SystemTime":"2021-05-13T13:21:38.647649Z"}},"EventRecordID":380,"Correlation":null,"Execution":{"#attributes":{"ProcessID":1140,"ThreadID":4040}},"Channel":"Microsoft-Windows-WMI-Activity/Operational","Computer":"IPSERVER","Security":{"#attributes":{"UserID":"S-1-5-20"}}},"UserData":{"Operation_StartedOperational":{"#attributes":{"xmlns":"http://manifests.microsoft.com/win/2006/windows/WMI"},"ProviderName":"CIMWin32","Code":"0x0","HostProcess":"wmiprvse.exe","ProcessID":1140,"ProviderPath":"%systemroot%\\system32\\wbem\\cimwin32.dll"}}}}
{"Event":{"#attributes":{"xmlns":"http://schemas.microsoft.com/win/2004/08/events/event"},"System":{"Provider":{"#attributes":{"Name":"Microsoft-Windows-WMI-Activity","Guid":"1418EF04-B0B4-4623-BF7E-D74AB47BBDAA"}},"EventID":5857,"Version":0,"Level":0,"Task":0,"Opcode":0,"Keywords":"0x4000000000000000","TimeCreated":{"#attributes":{"SystemTime":"2021-05-13T13:21:38.685406Z"}},"EventRecordID":381,"Correlation":null,"Execution":{"#attributes":{"ProcessID":1140,"ThreadID":4040}},"Channel":"Microsoft-Windows-WMI-Activity/Operational","Computer":"IPSERVER","Security":{"#attributes":{"UserID":"S-1-5-20"}}},"UserData":{"Operation_StartedOperational":{"#attributes":{"xmlns":"http://manifests.microsoft.com/win/2006/windows/WMI"},"ProviderName":"CIMWin32a","Code":"0x0","HostProcess":"wmiprvse.exe","ProcessID":1140,"ProviderPath":"%systemroot%\\system32\\wbem\\wmipcima.dll"}}}}
{"Event":{"#attributes":{"xmlns":"http://schemas.microsoft.com/win/2004/08/events/event"},"System":{"Provider":{"#attributes":{"Name":"Microsoft-Windows-WMI-Activity","Guid":"1418EF04-B0B4-4623-BF7E-D74AB47BBDAA"}},"EventID":5857,"Version":0,"Level":0,"Task":0,"Opcode":0,"Keywords":"0x4000000000000000","TimeCreated":{"#attributes":{"SystemTime":"2021-05-13T14:21:38.673149Z"}},"EventRecordID":382,"Correlation":null,"Execution":{"#attributes":{"ProcessID":4584,"ThreadID":4380}},"Channel":"Microsoft-Windows-WMI-Activity/Operational","Computer":"IPSERVER","Security":{"#attributes":{"UserID":"S-1-5-20"}}},"UserData":{"Operation_StartedOperational":{"#attributes":{"xmlns":"http://manifests.microsoft.com/win/2006/windows/WMI"},"ProviderName":"CIMWin32","Code":"0x0","HostProcess":"wmiprvse.exe","ProcessID":4584,"ProviderPath":"%systemroot%\\system32\\wbem\\cimwin32.dll"}}}}
{"Event":{"#attributes":{"xmlns":"http://schemas.microsoft.com/win/2004/08/events/event"},"System":{"Provider":{"#attributes":{"Name":"Microsoft-Windows-WMI-Activity","Guid":"1418EF04-B0B4-4623-BF7E-D74AB47BBDAA"}},"EventID":5857,"Version":0,"Level":0,"Task":0,"Opcode":0,"Keywords":"0x4000000000000000","TimeCreated":{"#attributes":{"SystemTime":"2021-05-13T14:21:38.732484Z"}},"EventRecordID":383,"Correlation":null,"Execution":{"#attributes":{"ProcessID":4584,"ThreadID":4932}},"Channel":"Microsoft-Windows-WMI-Activity/Operational","Computer":"IPSERVER","Security":{"#attributes":{"UserID":"S-1-5-20"}}},"UserData":{"Operation_StartedOperational":{"#attributes":{"xmlns":"http://manifests.microsoft.com/win/2006/windows/WMI"},"ProviderName":"CIMWin32a","Code":"0x0","HostProcess":"wmiprvse.exe","ProcessID":4584,"ProviderPath":"%systemroot%\\system32\\wbem\\wmipcima.dll"}}}}
{"Event":{"#attributes":{"xmlns":"http://schemas.microsoft.com/win/2004/08/events/event"},"System":{"Provider":{"#attributes":{"Name":"Microsoft-Windows-WMI-Activity","Guid":"1418EF04-B0B4-4623-BF7E-D74AB47BBDAA"}},"EventID":5857,"Version":0,"Level":0,"Task":0,"Opcode":0,"Keywords":"0x4000000000000000","TimeCreated":{"#attributes":{"SystemTime":"2021-05-13T15:06:36.159233Z"}},"EventRecordID":384,"Correlation":null,"Execution":{"#attributes":{"ProcessID":2492,"ThreadID":3980}},"Channel":"Microsoft-Windows-WMI-Activity/Operational","Computer":"IPSERVER","Security":{"#attributes":{"UserID":"S-1-5-20"}}},"UserData":{"Operation_StartedOperational":{"#attributes":{"xmlns":"http://manifests.microsoft.com/win/2006/windows/WMI"},"ProviderName":"CIMWin32","Code":"0x0","HostProcess":"wmiprvse.exe","ProcessID":2492,"ProviderPath":"%systemroot%\\system32\\wbem\\cimwin32.dll"}}}}
{"Event":{"#attributes":{"xmlns":"http://schemas.microsoft.com/win/2004/08/events/event"},"System":{"Provider":{"#attributes":{"Name":"Microsoft-Windows-WMI-Activity","Guid":"1418EF04-B0B4-4623-BF7E-D74AB47BBDAA"}},"EventID":5857,"Version":0,"Level":0,"Task":0,"Opcode":0,"Keywords":"0x4000000000000000","TimeCreated":{"#attributes":{"SystemTime":"2021-05-13T15:06:36.199459Z"}},"EventRecordID":385,"Correlation":null,"Execution":{"#attributes":{"ProcessID":2492,"ThreadID":3980}},"Channel":"Microsoft-Windows-WMI-Activity/Operational","Computer":"IPSERVER","Security":{"#attributes":{"UserID":"S-1-5-20"}}},"UserData":{"Operation_StartedOperational":{"#attributes":{"xmlns":"http://manifests.microsoft.com/win/2006/windows/WMI"},"ProviderName":"CIMWin32a","Code":"0x0","HostProcess":"wmiprvse.exe","ProcessID":2492,"ProviderPath":"%systemroot%\\system32\\wbem\\wmipcima.dll"}}}}
{"Event":{"#attributes":{"xmlns":"http://schemas.microsoft.com/win/2004/08/events/event"},"System":{"Provider":{"#attributes":{"Name":"Microsoft-Windows-WMI-Activity","Guid":"1418EF04-B0B4-4623-BF7E-D74AB47BBDAA"}},"EventID":5857,"Version":0,"Level":0,"Task":0,"Opcode":0,"Keywords":"0x4000000000000000","TimeCreated":{"#attributes":{"SystemTime":"2021-05-13T15:21:38.660642Z"}},"EventRecordID":386,"Correlation":null,"Execution":{"#attributes":{"ProcessID":4912,"ThreadID":408}},"Channel":"Microsoft-Windows-WMI-Activity/Operational","Computer":"IPSERVER","Security":{"#attributes":{"UserID":"S-1-5-20"}}},"UserData":{"Operation_StartedOperational":{"#attributes":{"xmlns":"http://manifests.microsoft.com/win/2006/windows/WMI"},"ProviderName":"CIMWin32","Code":"0x0","HostProcess":"wmiprvse.exe","ProcessID":4912,"ProviderPath":"%systemroot%\\system32\\wbem\\cimwin32.dll"}}}}
{"Event":{"#attributes":{"xmlns":"http://schemas.microsoft.com/win/2004/08/events/event"},"System":{"Provider":{"#attributes":{"Name":"Microsoft-Windows-WMI-Activity","Guid":"1418EF04-B0B4-4623-BF7E-D74AB47BBDAA"}},"EventID":5857,"Version":0,"Level":0,"Task":0,"Opcode":0,"Keywords":"0x4000000000000000","TimeCreated":{"#attributes":{"SystemTime":"2021-05-13T15:21:38.700943Z"}},"EventRecordID":387,"Correlation":null,"Execution":{"#attributes":{"ProcessID":4912,"ThreadID":408}},"Channel":"Microsoft-Windows-WMI-Activity/Operational","Computer":"IPSERVER","Security":{"#attributes":{"UserID":"S-1-5-20"}}},"UserData":{"Operation_StartedOperational":{"#attributes":{"xmlns":"http://manifests.microsoft.com/win/2006/windows/WMI"},"ProviderName":"CIMWin32a","Code":"0x0","HostProcess":"wmiprvse.exe","ProcessID":4912,"ProviderPath":"%systemroot%\\system32\\wbem\\wmipcima.dll"}}}}
{"Event":{"#attributes":{"xmlns":"http://schemas.microsoft.com/win/2004/08/events/event"},"System":{"Provider":{"#attributes":{"Name":"Microsoft-Windows-WMI-Activity","Guid":"1418EF04-B0B4-4623-BF7E-D74AB47BBDAA"}},"EventID":5857,"Version":0,"Level":0,"Task":0,"Opcode":0,"Keywords":"0x4000000000000000","TimeCreated":{"#attributes":{"SystemTime":"2021-05-13T15:43:57.408686Z"}},"EventRecordID":388,"Correlation":null,"Execution":{"#attributes":{"ProcessID":1052,"ThreadID":2184}},"Channel":"Microsoft-Windows-WMI-Activity/Operational","Computer":"IPSERVER","Security":{"#attributes":{"UserID":"S-1-5-20"}}},"UserData":{"Operation_StartedOperational":{"#attributes":{"xmlns":"http://manifests.microsoft.com/win/2006/windows/WMI"},"ProviderName":"UserProfileProvider","Code":"0x0","HostProcess":"wmiprvse.exe","ProcessID":1052,"ProviderPath":"%systemroot%\\system32\\profprov.dll"}}}}
{"Event":{"#attributes":{"xmlns":"http://schemas.microsoft.com/win/2004/08/events/event"},"System":{"Provider":{"#attributes":{"Name":"Microsoft-Windows-WMI-Activity","Guid":"1418EF04-B0B4-4623-BF7E-D74AB47BBDAA"}},"EventID":5857,"Version":0,"Level":0,"Task":0,"Opcode":0,"Keywords":"0x4000000000000000","TimeCreated":{"#attributes":{"SystemTime":"2021-05-13T15:45:13.626974Z"}},"EventRecordID":389,"Correlation":null,"Execution":{"#attributes":{"ProcessID":1716,"ThreadID":4180}},"Channel":"Microsoft-Windows-WMI-Activity/Operational","Computer":"IPSERVER","Security":{"#attributes":{"UserID":"S-1-5-18"}}},"UserData":{"Operation_StartedOperational":{"#attributes":{"xmlns":"http://manifests.microsoft.com/win/2006/windows/WMI"},"ProviderName":"WMIProv","Code":"0x0","HostProcess":"wmiprvse.exe","ProcessID":1716,"ProviderPath":"%systemroot%\\system32\\wbem\\wmiprov.dll"}}}}
{"Event":{"#attributes":{"xmlns":"http://schemas.microsoft.com/win/2004/08/events/event"},"System":{"Provider":{"#attributes":{"Name":"Microsoft-Windows-WMI-Activity","Guid":"1418EF04-B0B4-4623-BF7E-D74AB47BBDAA"}},"EventID":5857,"Version":0,"Level":0,"Task":0,"Opcode":0,"Keywords":"0x4000000000000000","TimeCreated":{"#attributes":{"SystemTime":"2021-05-13T16:21:36.669920Z"}},"EventRecordID":390,"Correlation":null,"Execution":{"#attributes":{"ProcessID":1748,"ThreadID":5064}},"Channel":"Microsoft-Windows-WMI-Activity/Operational","Computer":"IPSERVER","Security":{"#attributes":{"UserID":"S-1-5-20"}}},"UserData":{"Operation_StartedOperational":{"#attributes":{"xmlns":"http://manifests.microsoft.com/win/2006/windows/WMI"},"ProviderName":"CIMWin32","Code":"0x0","HostProcess":"wmiprvse.exe","ProcessID":1748,"ProviderPath":"%systemroot%\\system32\\wbem\\cimwin32.dll"}}}}
