{"Event":{"#attributes":{"xmlns":"http://schemas.microsoft.com/win/2004/08/events/event"},"System":{"Provider":{"#attributes":{"Name":"Microsoft-Windows-WMI-Activity","Guid":"1418EF04-B0B4-4623-BF7E-D74AB47BBDAA"}},"EventID":5858,"Version":0,"Level":2,"Task":0,"Opcode":0,"Keywords":"0x4000000000000000","TimeCreated":{"#attributes":{"SystemTime":"2021-05-09T21:43:09.158350Z"}},"EventRecordID":118,"Correlation":null,"Execution":{"#attributes":{"ProcessID":2564,"ThreadID":1344}},"Channel":"Microsoft-Windows-WMI-Activity/Operational","Computer":"IPSERVER","Security":{"#attributes":{"UserID":"S-1-5-18"}}},"UserData":{"Operation_ClientFailure":{"#attributes":{"xmlns":"http://manifests.microsoft.com/win/2006/windows/WMI"},"Id":"{D54159F6-A1F9-4E1F-8E42-5132ADDDD2AD}","ClientMachine":"IPSERVER","User":"NT AUTHORITY\\СИСТЕМА","ClientProcessId":108,"Component":"Unknown","Operation":"Start IWbemServices::DeleteInstance - Root\\Rsop\\User\\S_1_5_21_2929202171_1942120112_2054978817_1001 : RSOP_ExtensionStatus.extensionGuid=\"{7B849a69-220F-451E-B3FE-2CB811AF94AE}\"","ResultCode":"0x80041002","PossibleCause":"Unknown"}}}}
{"Event":{"#attributes":{"xmlns":"http://schemas.microsoft.com/win/2004/08/events/event"},"System":{"Provider":{"#attributes":{"Name":"Microsoft-Windows-WMI-Activity","Guid":"1418EF04-B0B4-4623-BF7E-D74AB47BBDAA"}},"EventID":5858,"Version":0,"Level":2,"Task":0,"Opcode":0,"Keywords":"0x4000000000000000","TimeCreated":{"#attributes":{"SystemTime":"2021-05-09T21:43:09.159433Z"}},"EventRecordID":119,"Correlation":null,"Execution":{"#attributes":{"ProcessID":2564,"ThreadID":1344}},"Channel":"Microsoft-Windows-WMI-Activity/Operational","Computer":"IPSERVER","Security":{"#attributes":{"UserID":"S-1-5-18"}}},"UserData":{"Operation_ClientFailure":{"#attributes":{"xmlns":"http://manifests.microsoft.com/win/2006/windows/WMI"},"Id":"{D54159F6-A1F9-4E1F-8E42-5132ADDDD2AD}","ClientMachine":"IPSERVER","User":"NT AUTHORITY\\СИСТЕМА","ClientProcessId":108,"Component":"Unknown","Operation":"Start IWbemServices::DeleteInstance - Root\\Rsop\\User\\S_1_5_21_2929202171_1942120112_2054978817_1001 : RSOP_ExtensionStatus.extensionGuid=\"{8A28E2C5-8D06-49A4-A08C-632DAA493E17}\"","ResultCode":"0x80041002","PossibleCause":"Unknown"}}}}
{"Event":{"#attributes":{"xmlns":"http://schemas.microsoft.com/win/2004/08/events/event"},"System":{"Provider":{"#attributes":{"Name":"Microsoft-Windows-WMI-Activity","Guid":"1418EF04-B0B4-4623-BF7E-D74AB47BBDAA"}},"EventID":5858,"Version":0,"Level":2,"Task":0,"Opcode":0,"Keywords":"0x4000000000000000","TimeCreated":{"#attributes":{"SystemTime":"2021-05-09T21:43:09.160484Z"}},"EventRecordID":120,"Correlation":null,"Execution":{"#attributes":{"ProcessID":2564,"ThreadID":1344}},"Channel":"Microsoft-Windows-WMI-Activity/Operational","Computer":"IPSERVER","Security":{"#attributes":{"UserID":"S-1-5-18"}}},"UserData":{"Operation_ClientFailure":{"#attributes":{"xmlns":"http://manifests.microsoft.com/win/2006/windows/WMI"},"Id":"{D54159F6-A1F9-4E1F-8E42-5132ADDDD2AD}","ClientMachine":"IPSERVER","User":"NT AUTHORITY\\СИСТЕМА","ClientProcessId":108,"Component":"Unknown","Operation":"Start IWbemServices::DeleteInstance - Root\\Rsop\\User\\S_1_5_21_2929202171_1942120112_2054978817_1001 : RSOP_ExtensionStatus.extensionGuid=\"{91FBB303-0CD5-4055-BF42-E512A681B325}\"","ResultCode":"0x80041002","PossibleCause":"Unknown"}}}}
{"Event":{"#attributes":{"xmlns":"http://schemas.microsoft.com/win/2004/08/events/event"},"System":{"Provider":{"#attributes":{"Name":"Microsoft-Windows-WMI-Activity","Guid":"1418EF04-B0B4-4623-BF7E-D74AB47BBDAA"}},"EventID":5858,"Version":0,"Level":2,"Task":0,"Opcode":0,"Keywords":"0x4000000000000000","TimeCreated":{"#attributes":{"SystemTime":"2021-05-09T21:43:09.161167Z"}},"EventRecordID":121,"Correlation":null,"Execution":{"#attributes":{"ProcessID":2564,"ThreadID":1344}},"Channel":"Microsoft-Windows-WMI-Activity/Operational","Computer":"IPSERVER","Security":{"#attributes":{"UserID":"S-1-5-18"}}},"UserData":{"Operation_ClientFailure":{"#attributes":{"xmlns":"http://manifests.microsoft.com/win/2006/windows/WMI"},"Id":"{D54159F6-A1F9-4E1F-8E42-5132ADDDD2AD}","ClientMachine":"IPSERVER","User":"NT AUTHORITY\\СИСТЕМА","ClientProcessId":108,"Component":"Unknown","Operation":"Start IWbemServices::DeleteInstance - Root\\Rsop\\User\\S_1_5_21_2929202171_1942120112_2054978817_1001 : RSOP_ExtensionStatus.extensionGuid=\"{A3F3E39B-5D83-4940-B954-28315B82F0A8}\"","ResultCode":"0x80041002","PossibleCause":"Unknown"}}}}
{"Event":{"#attributes":{"xmlns":"http://schemas.microsoft.com/win/2004/08/events/event"},"System":{"Provider":{"#attributes":{"Name":"Microsoft-Windows-WMI-Activity","Guid":"1418EF04-B0B4-4623-BF7E-D74AB47BBDAA"}},"EventID":5858,"Version":0,"Level":2,"Task":0,"Opcode":0,"Keywords":"0x4000000000000000","TimeCreated":{"#attributes":{"SystemTime":"2021-05-09T21:43:09.161757Z"}},"EventRecordID":122,"Correlation":null,"Execution":{"#attributes":{"ProcessID":2564,"ThreadID":1344}},"Channel":"Microsoft-Windows-WMI-Activity/Operational","Computer":"IPSERVER","Security":{"#attributes":{"UserID":"S-1-5-18"}}},"UserData":{"Operation_ClientFailure":{"#attributes":{"xmlns":"http://manifests.microsoft.com/win/2006/windows/WMI"},"Id":"{D54159F6-A1F9-4E1F-8E42-5132ADDDD2AD}","ClientMachine":"IPSERVER","User":"NT AUTHORITY\\СИСТЕМА","ClientProcessId":108,"Component":"Unknown","Operation":"Start IWbemServices::DeleteInstance - Root\\Rsop\\User\\S_1_5_21_2929202171_1942120112_2054978817_1001 : RSOP_ExtensionStatus.extensionGuid=\"{AADCED64-746C-4633-A97C-D61349046527}\"","ResultCode":"0x80041002","PossibleCause":"Unknown"}}}}
{"Event":{"#attributes":{"xmlns":"http://schemas.microsoft.com/win/2004/08/events/event"},"System":{"Provider":{"#attributes":{"Name":"Microsoft-Windows-WMI-Activity","Guid":"1418EF04-B0B4-4623-BF7E-D74AB47BBDAA"}},"EventID":5858,"Version":0,"Level":2,"Task":0,"Opcode":0,"Keywords":"0x4000000000000000","TimeCreated":{"#attributes":{"SystemTime":"2021-05-09T21:43:09.162439Z"}},"EventRecordID":123,"Correlation":null,"Execution":{"#attributes":{"ProcessID":2564,"ThreadID":1344}},"Channel":"Microsoft-Windows-WMI-Activity/Operational","Computer":"IPSERVER","Security":{"#attributes":{"UserID":"S-1-5-18"}}},"UserData":{"Operation_ClientFailure":{"#attributes":{"xmlns":"http://manifests.microsoft.com/win/2006/windows/WMI"},"Id":"{D54159F6-A1F9-4E1F-8E42-5132ADDDD2AD}","ClientMachine":"IPSERVER","User":"NT AUTHORITY\\СИСТЕМА","ClientProcessId":108,"Component":"Unknown","Operation":"Start IWbemServices::DeleteInstance - Root\\Rsop\\User\\S_1_5_21_2929202171_1942120112_2054978817_1001 : RSOP_ExtensionStatus.extensionGuid=\"{B087BE9D-ED37-454f-AF9C-04291E351182}\"","ResultCode":"0x80041002","PossibleCause":"Unknown"}}}}
{"Event":{"#attributes":{"xmlns":"http://schemas.microsoft.com/win/2004/08/events/event"},"System":{"Provider":{"#attributes":{"Name":"Microsoft-Windows-WMI-Activity","Guid":"1418EF04-B0B4-4623-BF7E-D74AB47BBDAA"}},"EventID":5858,"Version":0,"Level":2,"Task":0,"Opcode":0,"Keywords":"0x4000000000000000","TimeCreated":{"#attributes":{"SystemTime":"2021-05-09T21:43:09.163081Z"}},"EventRecordID":124,"Correlation":null,"Execution":{"#attributes":{"ProcessID":2564,"ThreadID":1344}},"Channel":"Microsoft-Windows-WMI-Activity/Operational","Computer":"IPSERVER","Security":{"#attributes":{"UserID":"S-1-5-18"}}},"UserData":{"Operation_ClientFailure":{"#attributes":{"xmlns":"http://manifests.microsoft.com/win/2006/windows/WMI"},"Id":"{D54159F6-A1F9-4E1F-8E42-5132ADDDD2AD}","ClientMachine":"IPSERVER","User":"NT AUTHORITY\\СИСТЕМА","ClientProcessId":108,"Component":"Unknown","Operation":"Start IWbemServices::DeleteInstance - Root\\Rsop\\User\\S_1_5_21_2929202171_1942120112_2054978817_1001 : RSOP_ExtensionStatus.extensionGuid=\"{BA649533-0AAC-4E04-B9BC-4DBAE0325B12}\"","ResultCode":"0x80041002","PossibleCause":"Unknown"}}}}
{"Event":{"#attributes":{"xmlns":"http://schemas.microsoft.com/win/2004/08/events/event"},"System":{"Provider":{"#attributes":{"Name":"Microsoft-Windows-WMI-Activity","Guid":"1418EF04-B0B4-4623-BF7E-D74AB47BBDAA"}},"EventID":5858,"Version":0,"Level":2,"Task":0,"Opcode":0,"Keywords":"0x4000000000000000","TimeCreated":{"#attributes":{"SystemTime":"2021-05-09T21:43:09.163781Z"}},"EventRecordID":125,"Correlation":null,"Execution":{"#attributes":{"ProcessID":2564,"ThreadID":1344}},"Channel":"Microsoft-Windows-WMI-Activity/Operational","Computer":"IPSERVER","Security":{"#attributes":{"UserID":"S-1-5-18"}}},"UserData":{"Operation_ClientFailure":{"#attributes":{"xmlns":"http://manifests.microsoft.com/win/2006/windows/WMI"},"Id":"{D54159F6-A1F9-4E1F-8E42-5132ADDDD2AD}","ClientMachine":"IPSERVER","User":"NT AUTHORITY\\СИСТЕМА","ClientProcessId":108,"Component":"Unknown","Operation":"Start IWbemServices::DeleteInstance - Root\\Rsop\\User\\S_1_5_21_2929202171_1942120112_2054978817_1001 : RSOP_ExtensionStatus.extensionGuid=\"{BC75B1ED-5833-4858-9BB8-CBF0B166DF9D}\"","ResultCode":"0x80041002","PossibleCause":"Unknown"}}}}
{"Event":{"#attributes":{"xmlns":"http://schemas.microsoft.com/win/2004/08/events/event"},"System":{"Provider":{"#attributes":{"Name":"Microsoft-Windows-WMI-Activity","Guid":"1418EF04-B0B4-4623-BF7E-D74AB47BBDAA"}},"EventID":5858,"Version":0,"Level":2,"Task":0,"Opcode":0,"Keywords":"0x4000000000000000","TimeCreated":{"#attributes":{"SystemTime":"2021-05-09T21:43:09.164545Z"}},"EventRecordID":126,"Correlation":null,"Execution":{"#attributes":{"ProcessID":2564,"ThreadID":1344}},"Channel":"Microsoft-Windows-WMI-Activity/Operational","Computer":"IPSERVER","Security":{"#attributes":{"UserID":"S-1-5-18"}}},"UserData":{"Operation_ClientFailure":{"#attributes":{"xmlns":"http://manifests.microsoft.com/win/2006/windows/WMI"},"Id":"{D54159F6-A1F9-4E1F-8E42-5132ADDDD2AD}","ClientMachine":"IPSERVER","User":"NT AUTHORITY\\СИСТЕМА","ClientProcessId":108,"Component":"Unknown","Operation":"Start IWbemServices::DeleteInstance - Root\\Rsop\\User\\S_1_5_21_2929202171_1942120112_2054978817_1001 : RSOP_ExtensionStatus.extensionGuid=\"{C34B2751-1CF4-44F5-9262-C3FC39666591}\"","ResultCode":"0x80041002","PossibleCause":"Unknown"}}}}
{"Event":{"#attributes":{"xmlns":"http://schemas.microsoft.com/win/2004/08/events/event"},"System":{"Provider":{"#attributes":{"Name":"Microsoft-Windows-WMI-Activity","Guid":"1418EF04-B0B4-4623-BF7E-D74AB47BBDAA"}},"EventID":5858,"Version":0,"Level":2,"Task":0,"Opcode":0,"Keywords":"0x4000000000000000","TimeCreated":{"#attributes":{"SystemTime":"2021-05-09T21:43:09.165332Z"}},"EventRecordID":127,"Correlation":null,"Execution":{"#attributes":{"ProcessID":2564,"ThreadID":1344}},"Channel":"Microsoft-Windows-WMI-Activity/Operational","Computer":"IPSERVER","Security":{"#attributes":{"UserID":"S-1-5-18"}}},"UserData":{"Operation_ClientFailure":{"#attributes":{"xmlns":"http://manifests.microsoft.com/win/2006/windows/WMI"},"Id":"{D54159F6-A1F9-4E1F-8E42-5132ADDDD2AD}","ClientMachine":"IPSERVER","User":"NT AUTHORITY\\СИСТЕМА","ClientProcessId":108,"Component":"Unknown","Operation":"Start IWbemServices::DeleteInstance - Root\\Rsop\\User\\S_1_5_21_2929202171_1942120112_2054978817_1001 : RSOP_ExtensionStatus.extensionGuid=\"{C418DD9D-0D14-4efb-8FBF-CFE535C8FAC7}\"","ResultCode":"0x80041002","PossibleCause":"Unknown"}}}}
{"Event":{"#attributes":{"xmlns":"http://schemas.microsoft.com/win/2004/08/events/event"},"System":{"Provider":{"#attributes":{"Name":"Microsoft-Windows-WMI-Activity","Guid":"1418EF04-B0B4-4623-BF7E-D74AB47BBDAA"}},"EventID":5858,"Version":0,"Level":2,"Task":0,"Opcode":0,"Keywords":"0x4000000000000000","TimeCreated":{"#attributes":{"SystemTime":"2021-05-09T21:43:09.166114Z"}},"EventRecordID":128,"Correlation":null,"Execution":{"#attributes":{"ProcessID":2564,"ThreadID":1344}},"Channel":"Microsoft-Windows-WMI-Activity/Operational","Computer":"IPSERVER","Security":{"#attributes":{"UserID":"S-1-5-18"}}},"UserData":{"Operation_ClientFailure":{"#attributes":{"xmlns":"http://manifests.microsoft.com/win/2006/windows/WMI"},"Id":"{D54159F6-A1F9-4E1F-8E42-5132ADDDD2AD}","ClientMachine":"IPSERVER","User":"NT AUTHORITY\\СИСТЕМА","ClientProcessId":108,"Component":"Unknown","Operation":"Start IWbemServices::DeleteInstance - Root\\Rsop\\User\\S_1_5_21_2929202171_1942120112_2054978817_1001 : RSOP_ExtensionStatus.extensionGuid=\"{C631DF4C-088F-4156-B058-4375F0853CD8}\"","ResultCode":"0x80041002","PossibleCause":"Unknown"}}}}
{"Event":{"#attributes":{"xmlns":"http://schemas.microsoft.com/win/2004/08/events/event"},"System":{"Provider":{"#attributes":{"Name":"Microsoft-Windows-WMI-Activity","Guid":"1418EF04-B0B4-4623-BF7E-D74AB47BBDAA"}},"EventID":5858,"Version":0,"Level":2,"Task":0,"Opcode":0,"Keywords":"0x4000000000000000","TimeCreated":{"#attributes":{"SystemTime":"2021-05-09T21:43:09.166932Z"}},"EventRecordID":129,"Correlation":null,"Execution":{"#attributes":{"ProcessID":2564,"ThreadID":1344}},"Channel":"Microsoft-Windows-WMI-Activity/Operational","Computer":"IPSERVER","Security":{"#attributes":{"UserID":"S-1-5-18"}}},"UserData":{"Operation_ClientFailure":{"#attributes":{"xmlns":"http://manifests.microsoft.com/win/2006/windows/WMI"},"Id":"{D54159F6-A1F9-4E1F-8E42-5132ADDDD2AD}","ClientMachine":"IPSERVER","User":"NT AUTHORITY\\СИСТЕМА","ClientProcessId":108,"Component":"Unknown","Operation":"Start IWbemServices::DeleteInstance - Root\\Rsop\\User\\S_1_5_21_2929202171_1942120112_2054978817_1001 : RSOP_ExtensionStatus.extensionGuid=\"{c6dc5466-785a-11d2-84d0-00c04fb169f7}\"","ResultCode":"0x80041002","PossibleCause":"Unknown"}}}}
{"Event":{"#attributes":{"xmlns":"http://schemas.microsoft.com/win/2004/08/events/event"},"System":{"Provider":{"#attributes":{"Name":"Microsoft-Windows-WMI-Activity","Guid":"1418EF04-B0B4-4623-BF7E-D74AB47BBDAA"}},"EventID":5858,"Version":0,"Level":2,"Task":0,"Opcode":0,"Keywords":"0x4000000000000000","TimeCreated":{"#attributes":{"SystemTime":"2021-05-09T21:43:09.167701Z"}},"EventRecordID":130,"Correlation":null,"Execution":{"#attributes":{"ProcessID":2564,"ThreadID":1344}},"Channel":"Microsoft-Windows-WMI-Activity/Operational","Computer":"IPSERVER","Security":{"#attributes":{"UserID":"S-1-5-18"}}},"UserData":{"Operation_ClientFailure":{"#attributes":{"xmlns":"http://manifests.microsoft.com/win/2006/windows/WMI"},"Id":"{D54159F6-A1F9-4E1F-8E42-5132ADDDD2AD}","ClientMachine":"IPSERVER","User":"NT AUTHORITY\\СИСТЕМА","ClientProcessId":108,"Component":"Unknown","Operation":"Start IWbemServices::DeleteInstance - Root\\Rsop\\User\\S_1_5_21_2929202171_1942120112_2054978817_1001 : RSOP_ExtensionStatus.extensionGuid=\"{CF7639F3-ABA2-41DB-97F2-81E2C5DBFC5D}\"","ResultCode":"0x80041002","PossibleCause":"Unknown"}}}}
{"Event":{"#attributes":{"xmlns":"http://schemas.microsoft.com/win/2004/08/events/event"},"System":{"Provider":{"#attributes":{"Name":"Microsoft-Windows-WMI-Activity","Guid":"1418EF04-B0B4-4623-BF7E-D74AB47BBDAA"}},"EventID":5858,"Version":0,"Level":2,"Task":0,"Opcode":0,"Keywords":"0x4000000000000000","TimeCreated":{"#attributes":{"SystemTime":"2021-05-09T21:43:09.168315Z"}},"EventRecordID":131,"Correlation":null,"Execution":{"#attributes":{"ProcessID":2564,"ThreadID":1344}},"Channel":"Microsoft-Windows-WMI-Activity/Operational","Computer":"IPSERVER","Security":{"#attributes":{"UserID":"S-1-5-18"}}},"UserData":{"Operation_ClientFailure":{"#attributes":{"xmlns":"http://manifests.microsoft.com/win/2006/windows/WMI"},"Id":"{D54159F6-A1F9-4E1F-8E42-5132ADDDD2AD}","ClientMachine":"IPSERVER","User":"NT AUTHORITY\\СИСТЕМА","ClientProcessId":108,"Component":"Unknown","Operation":"Start IWbemServices::DeleteInstance - Root\\Rsop\\User\\S_1_5_21_2929202171_1942120112_2054978817_1001 : RSOP_ExtensionStatus.extensionGuid=\"{CFF649BD-601D-4361-AD3D-0FC365DB4DB7}\"","ResultCode":"0x80041002","PossibleCause":"Unknown"}}}}
{"Event":{"#attributes":{"xmlns":"http://schemas.microsoft.com/win/2004/08/events/event"},"System":{"Provider":{"#attributes":{"Name":"Microsoft-Windows-WMI-Activity","Guid":"1418EF04-B0B4-4623-BF7E-D74AB47BBDAA"}},"EventID":5858,"Version":0,"Level":2,"Task":0,"Opcode":0,"Keywords":"0x4000000000000000","TimeCreated":{"#attributes":{"SystemTime":"2021-05-09T21:43:09.169136Z"}},"EventRecordID":132,"Correlation":null,"Execution":{"#attributes":{"ProcessID":2564,"ThreadID":1344}},"Channel":"Microsoft-Windows-WMI-Activity/Operational","Computer":"IPSERVER","Security":{"#attributes":{"UserID":"S-1-5-18"}}},"UserData":{"Operation_ClientFailure":{"#attributes":{"xmlns":"http://manifests.microsoft.com/win/2006/windows/WMI"},"Id":"{D54159F6-A1F9-4E1F-8E42-5132ADDDD2AD}","ClientMachine":"IPSERVER","User":"NT AUTHORITY\\СИСТЕМА","ClientProcessId":108,"Component":"Unknown","Operation":"Start IWbemServices::DeleteInstance - Root\\Rsop\\User\\S_1_5_21_2929202171_1942120112_2054978817_1001 : RSOP_ExtensionStatus.extensionGuid=\"{E47248BA-94CC-49c4-BBB5-9EB7F05183D0}\"","ResultCode":"0x80041002","PossibleCause":"Unknown"}}}}
{"Event":{"#attributes":{"xmlns":"http://schemas.microsoft.com/win/2004/08/events/event"},"System":{"Provider":{"#attributes":{"Name":"Microsoft-Windows-WMI-Activity","Guid":"1418EF04-B0B4-4623-BF7E-D74AB47BBDAA"}},"EventID":5858,"Version":0,"Level":2,"Task":0,"Opcode":0,"Keywords":"0x4000000000000000","TimeCreated":{"#attributes":{"SystemTime":"2021-05-09T21:43:09.169849Z"}},"EventRecordID":133,"Correlation":null,"Execution":{"#attributes":{"ProcessID":2564,"ThreadID":1344}},"Channel":"Microsoft-Windows-WMI-Activity/Operational","Computer":"IPSERVER","Security":{"#attributes":{"UserID":"S-1-5-18"}}},"UserData":{"Operation_ClientFailure":{"#attributes":{"xmlns":"http://manifests.microsoft.com/win/2006/windows/WMI"},"Id":"{D54159F6-A1F9-4E1F-8E42-5132ADDDD2AD}","ClientMachine":"IPSERVER","User":"NT AUTHORITY\\СИСТЕМА","ClientProcessId":108,"Component":"Unknown","Operation":"Start IWbemServices::DeleteInstance - Root\\Rsop\\User\\S_1_5_21_2929202171_1942120112_2054978817_1001 : RSOP_ExtensionStatus.extensionGuid=\"{E4F48E54-F38D-4884-BFB9-D4D2E5729C18}\"","ResultCode":"0x80041002","PossibleCause":"Unknown"}}}}
{"Event":{"#attributes":{"xmlns":"http://schemas.microsoft.com/win/2004/08/events/event"},"System":{"Provider":{"#attributes":{"Name":"Microsoft-Windows-WMI-Activity","Guid":"1418EF04-B0B4-4623-BF7E-D74AB47BBDAA"}},"EventID":5858,"Version":0,"Level":2,"Task":0,"Opcode":0,"Keywords":"0x4000000000000000","TimeCreated":{"#attributes":{"SystemTime":"2021-05-09T21:43:09.170487Z"}},"EventRecordID":134,"Correlation":null,"Execution":{"#attributes":{"ProcessID":2564,"ThreadID":1344}},"Channel":"Microsoft-Windows-WMI-Activity/Operational","Computer":"IPSERVER","Security":{"#attributes":{"UserID":"S-1-5-18"}}},"UserData":{"Operation_ClientFailure":{"#attributes":{"xmlns":"http://manifests.microsoft.com/win/2006/windows/WMI"},"Id":"{D54159F6-A1F9-4E1F-8E42-5132ADDDD2AD}","ClientMachine":"IPSERVER","User":"NT AUTHORITY\\СИСТЕМА","ClientProcessId":108,"Component":"Unknown","Operation":"Start IWbemServices::DeleteInstance - Root\\Rsop\\User\\S_1_5_21_2929202171_1942120112_2054978817_1001 : RSOP_ExtensionStatus.extensionGuid=\"{E5094040-C46C-4115-B030-04FB2E545B00}\"","ResultCode":"0x80041002","PossibleCause":"Unknown"}}}}
{"Event":{"#attributes":{"xmlns":"http://schemas.microsoft.com/win/2004/08/events/event"},"System":{"Provider":{"#attributes":{"Name":"Microsoft-Windows-WMI-Activity","Guid":"1418EF04-B0B4-4623-BF7E-D74AB47BBDAA"}},"EventID":5858,"Version":0,"Level":2,"Task":0,"Opcode":0,"Keywords":"0x4000000000000000","TimeCreated":{"#attributes":{"SystemTime":"2021-05-09T21:43:09.171103Z"}},"EventRecordID":135,"Correlation":null,"Execution":{"#attributes":{"ProcessID":2564,"ThreadID":1344}},"Channel":"Microsoft-Windows-WMI-Activity/Operational","Computer":"IPSERVER","Security":{"#attributes":{"UserID":"S-1-5-18"}}},"UserData":{"Operation_ClientFailure":{"#attributes":{"xmlns":"http://manifests.microsoft.com/win/2006/windows/WMI"},"Id":"{D54159F6-A1F9-4E1F-8E42-5132ADDDD2AD}","ClientMachine":"IPSERVER","User":"NT AUTHORITY\\СИСТЕМА","ClientProcessId":108,"Component":"Unknown","Operation":"Start IWbemServices::DeleteInstance - Root\\Rsop\\User\\S_1_5_21_2929202171_1942120112_2054978817_1001 : RSOP_ExtensionStatus.extensionGuid=\"{E62688F0-25FD-4c90-BFF5-F508B9D2E31F}\"","ResultCode":"0x80041002","PossibleCause":"Unknown"}}}}
{"Event":{"#attributes":{"xmlns":"http://schemas.microsoft.com/win/2004/08/events/event"},"System":{"Provider":{"#attributes":{"Name":"Microsoft-Windows-WMI-Activity","Guid":"1418EF04-B0B4-4623-BF7E-D74AB47BBDAA"}},"EventID":5858,"Version":0,"Level":2,"Task":0,"Opcode":0,"Keywords":"0x4000000000000000","TimeCreated":{"#attributes":{"SystemTime":"2021-05-09T21:43:09.171727Z"}},"EventRecordID":136,"Correlation":null,"Execution":{"#attributes":{"ProcessID":2564,"ThreadID":1344}},"Channel":"Microsoft-Windows-WMI-Activity/Operational","Computer":"IPSERVER","Security":{"#attributes":{"UserID":"S-1-5-18"}}},"UserData":{"Operation_ClientFailure":{"#attributes":{"xmlns":"http://manifests.microsoft.com/win/2006/windows/WMI"},"Id":"{D54159F6-A1F9-4E1F-8E42-5132ADDDD2AD}","ClientMachine":"IPSERVER","User":"NT AUTHORITY\\СИСТЕМА","ClientProcessId":108,"Component":"Unknown","Operation":"Start IWbemServices::DeleteInstance - Root\\Rsop\\User\\S_1_5_21_2929202171_1942120112_2054978817_1001 : RSOP_ExtensionStatus.extensionGuid=\"{F9C77450-3A41-477E-9310-9ACD617BD9E3}\"","ResultCode":"0x80041002","PossibleCause":"Unknown"}}}}
{"Event":{"#attributes":{"xmlns":"http://schemas.microsoft.com/win/2004/08/events/event"},"System":{"Provider":{"#attributes":{"Name":"Microsoft-Windows-WMI-Activity","Guid":"1418EF04-B0B4-4623-BF7E-D74AB47BBDAA"}},"EventID":5858,"Version":0,"Level":2,"Task":0,"Opcode":0,"Keywords":"0x4000000000000000","TimeCreated":{"#attributes":{"SystemTime":"2021-05-09T21:43:09.172345Z"}},"EventRecordID":137,"Correlation":null,"Execution":{"#attributes":{"ProcessID":2564,"ThreadID":1344}},"Channel":"Microsoft-Windows-WMI-Activity/Operational","Computer":"IPSERVER","Security":{"#attributes":{"UserID":"S-1-5-18"}}},"UserData":{"Operation_ClientFailure":{"#attributes":{"xmlns":"http://manifests.microsoft.com/win/2006/windows/WMI"},"Id":"{D54159F6-A1F9-4E1F-8E42-5132ADDDD2AD}","ClientMachine":"IPSERVER","User":"NT AUTHORITY\\СИСТЕМА","ClientProcessId":108,"Component":"Unknown","Operation":"Start IWbemServices::DeleteInstance - Root\\Rsop\\User\\S_1_5_21_2929202171_1942120112_2054978817_1001 : RSOP_ExtensionStatus.extensionGuid=\"{FB2CA36D-0B40-4307-821B-A13B252DE56C}\"","ResultCode":"0x80041002","PossibleCause":"Unknown"}}}}
{"Event":{"#attributes":{"xmlns":"http://schemas.microsoft.com/win/2004/08/events/event"},"System":{"Provider":{"#attributes":{"Name":"Microsoft-Windows-WMI-Activity","Guid":"1418EF04-B0B4-4623-BF7E-D74AB47BBDAA"}},"EventID":5857,"Version":0,"Level":0,"Task":0,"Opcode":0,"Keywords":"0x4000000000000000","TimeCreated":{"#attributes":{"SystemTime":"2021-05-09T21:43:09.463933Z"}},"EventRecordID":138,"Correlation":null,"Execution":{"#attributes":{"ProcessID":2296,"ThreadID":3272}},"Channel":"Microsoft-Windows-WMI-Activity/Operational","Computer":"IPSERVER","Security":{"#attributes":{"UserID":"S-1-5-20"}}},"UserData":{"Operation_StartedOperational":{"#attributes":{"xmlns":"http://manifests.microsoft.com/win/2006/windows/WMI"},"ProviderName":"CIMWin32","Code":"0x0","HostProcess":"wmiprvse.exe","ProcessID":2296,"ProviderPath":"%systemroot%\\system32\\wbem\\cimwin32.dll"}}}}
{"Event":{"#attributes":{"xmlns":"http://schemas.microsoft.com/win/2004/08/events/event"},"System":{"Provider":{"#attributes":{"Name":"Microsoft-Windows-WMI-Activity","Guid":"1418EF04-B0B4-4623-BF7E-D74AB47BBDAA"}},"EventID":5857,"Version":0,"Level":0,"Task":0,"Opcode":0,"Keywords":"0x4000000000000000","TimeCreated":{"#attributes":{"SystemTime":"2021-05-09T21:43:09.551182Z"}},"EventRecordID":139,"Correlation":null,"Execution":{"#attributes":{"ProcessID":2296,"ThreadID":5200}},"Channel":"Microsoft-Windows-WMI-Activity/Operational","Computer":"IPSERVER","Security":{"#attributes":{"UserID":"S-1-5-20"}}},"UserData":{"Operation_StartedOperational":{"#attributes":{"xmlns":"http://manifests.microsoft.com/win/2006/windows/WMI"},"ProviderName":"CIMWin32a","Code":"0x0","HostProcess":"wmiprvse.exe","ProcessID":2296,"ProviderPath":"%systemroot%\\system32\\wbem\\wmipcima.dll"}}}}
{"Event":{"#attributes":{"xmlns":"http://schemas.microsoft.com/win/2004/08/events/event"},"System":{"Provider":{"#attributes":{"Name":"Microsoft-Windows-WMI-Activity","Guid":"1418EF04-B0B4-4623-BF7E-D74AB47BBDAA"}},"EventID":5857,"Version":0,"Level":0,"Task":0,"Opcode":0,"Keywords":"0x4000000000000000","TimeCreated":{"#attributes":{"SystemTime":"2021-05-09T21:44:25.205009Z"}},"EventRecordID":140,"Correlation":null,"Execution":{"#attributes":{"ProcessID":2296,"ThreadID":5200}},"Channel":"Microsoft-Windows-WMI-Activity/Operational","Computer":"IPSERVER","Security":{"#attributes":{"UserID":"S-1-5-20"}}},"UserData":{"Operation_StartedOperational":{"#attributes":{"xmlns":"http://manifests.microsoft.com/win/2006/windows/WMI"},"ProviderName":"CIMWin32","Code":"0x0","HostProcess":"wmiprvse.exe","ProcessID":2296,"ProviderPath":"%systemroot%\\system32\\wbem\\cimwin32.dll"}}}}
{"Event":{"#attributes":{"xmlns":"http://schemas.microsoft.com/win/2004/08/events/event"},"System":{"Provider":{"#attributes":{"Name":"Microsoft-Windows-WMI-Activity","Guid":"1418EF04-B0B4-4623-BF7E-D74AB47BBDAA"}},"EventID":5857,"Version":0,"Level":0,"Task":0,"Opcode":0,"Keywords":"0x4000000000000000","TimeCreated":{"#attributes":{"SystemTime":"2021-05-09T21:46:29.801259Z"}},"EventRecordID":141,"Correlation":null,"Execution":{"#attributes":{"ProcessID":2296,"ThreadID":5200}},"Channel":"Microsoft-Windows-WMI-Activity/Operational","Computer":"IPSERVER","Security":{"#attributes":{"UserID":"S-1-5-20"}}},"UserData":{"Operation_StartedOperational":{"#attributes":{"xmlns":"http://manifests.microsoft.com/win/2006/windows/WMI"},"ProviderName":"CIMWin32","Code":"0x0","HostProcess":"wmiprvse.exe","ProcessID":2296,"ProviderPath":"%systemroot%\\system32\\wbem\\cimwin32.dll"}}}}
{"Event":{"#attributes":{"xmlns":"http://schemas.microsoft.com/win/2004/08/events/event"},"System":{"Provider":{"#attributes":{"Name":"Microsoft-Windows-WMI-Activity","Guid":"1418EF04-B0B4-4623-BF7E-D74AB47BBDAA"}},"EventID":5857,"Version":0,"Level":0,"Task":0,"Opcode":0,"Keywords":"0x4000000000000000","TimeCreated":{"#attributes":{"SystemTime":"2021-05-09T21:48:10.872897Z"}},"EventRecordID":142,"Correlation":null,"Execution":{"#attributes":{"ProcessID":4132,"ThreadID":9568}},"Channel":"Microsoft-Windows-WMI-Activity/Operational","Computer":"IPSERVER","Security":{"#attributes":{"UserID":"S-1-5-20"}}},"UserData":{"Operation_StartedOperational":{"#attributes":{"xmlns":"http://manifests.microsoft.com/win/2006/windows/WMI"},"ProviderName":"CIMWin32","Code":"0x0","HostProcess":"wmiprvse.exe","ProcessID":4132,"ProviderPath":"%systemroot%\\system32\\wbem\\cimwin32.dll"}}}}
{"Event":{"#attributes":{"xmlns":"http://schemas.microsoft.com/win/2004/08/events/event"},"System":{"Provider":{"#attributes":{"Name":"Microsoft-Windows-WMI-Activity","Guid":"1418EF04-B0B4-4623-BF7E-D74AB47BBDAA"}},"EventID":5857,"Version":0,"Level":0,"Task":0,"Opcode":0,"Keywords":"0x4000000000000000","TimeCreated":{"#attributes":{"SystemTime":"2021-05-09T22:16:20.016870Z"}},"EventRecordID":143,"Correlation":null,"Execution":{"#attributes":{"ProcessID":7564,"ThreadID":7752}},"Channel":"Microsoft-Windows-WMI-Activity/Operational","Computer":"IPSERVER","Security":{"#attributes":{"UserID":"S-1-5-20"}}},"UserData":{"Operation_StartedOperational":{"#attributes":{"xmlns":"http://manifests.microsoft.com/win/2006/windows/WMI"},"ProviderName":"CIMWin32","Code":"0x0","HostProcess":"wmiprvse.exe","ProcessID":7564,"ProviderPath":"%systemroot%\\system32\\wbem\\cimwin32.dll"}}}}
{"Event":{"#attributes":{"xmlns":"http://schemas.microsoft.com/win/2004/08/events/event"},"System":{"Provider":{"#attributes":{"Name":"Microsoft-Windows-WMI-Activity","Guid":"1418EF04-B0B4-4623-BF7E-D74AB47BBDAA"}},"EventID":5857,"Version":0,"Level":0,"Task":0,"Opcode":0,"Keywords":"0x4000000000000000","TimeCreated":{"#attributes":{"SystemTime":"2021-05-09T22:17:16.879748Z"}},"EventRecordID":144,"Correlation":null,"Execution":{"#attributes":{"ProcessID":7564,"ThreadID":7752}},"Channel":"Microsoft-Windows-WMI-Activity/Operational","Computer":"IPSERVER","Security":{"#attributes":{"UserID":"S-1-5-20"}}},"UserData":{"Operation_StartedOperational":{"#attributes":{"xmlns":"http://manifests.microsoft.com/win/2006/windows/WMI"},"ProviderName":"Win32_WinSAT","Code":"0x0","HostProcess":"wmiprvse.exe","ProcessID":7564,"ProviderPath":"%SystemRoot%\\system32\\WinSATAPI.dll"}}}}
{"Event":{"#attributes":{"xmlns":"http://schemas.microsoft.com/win/2004/08/events/event"},"System":{"Provider":{"#attributes":{"Name":"Microsoft-Windows-WMI-Activity","Guid":"1418EF04-B0B4-4623-BF7E-D74AB47BBDAA"}},"EventID":5857,"Version":0,"Level":0,"Task":0,"Opcode":0,"Keywords":"0x4000000000000000","TimeCreated":{"#attributes":{"SystemTime":"2021-05-09T22:23:48.920090Z"}},"EventRecordID":145,"Correlation":null,"Execution":{"#attributes":{"ProcessID":4968,"ThreadID":2172}},"Channel":"Microsoft-Windows-WMI-Activity/Operational","Computer":"IPSERVER","Security":{"#attributes":{"UserID":"S-1-5-20"}}},"UserData":{"Operation_StartedOperational":{"#attributes":{"xmlns":"http://manifests.microsoft.com/win/2006/windows/WMI"},"ProviderName":"CIMWin32","Code":"0x0","HostProcess":"wmiprvse.exe","ProcessID":4968,"ProviderPath":"%systemroot%\\system32\\wbem\\cimwin32.dll"}}}}
{"Event":{"#attributes":{"xmlns":"http://schemas.microsoft.com/win/2004/08/events/event"},"System":{"Provider":{"#attributes":{"Name":"Microsoft-Windows-WMI-Activity","Guid":"1418EF04-B0B4-4623-BF7E-D74AB47BBDAA"}},"EventID":5857,"Version":0,"Level":0,"Task":0,"Opcode":0,"Keywords":"0x4000000000000000","TimeCreated":{"#attributes":{"SystemTime":"2021-05-09T22:26:24.794083Z"}},"EventRecordID":146,"Correlation":null,"Execution":{"#attributes":{"ProcessID":7092,"ThreadID":8684}},"Channel":"Microsoft-Windows-WMI-Activity/Operational","Computer":"IPSERVER","Security":{"#attributes":{"UserID":"S-1-5-20"}}},"UserData":{"Operation_StartedOperational":{"#attributes":{"xmlns":"http://manifests.microsoft.com/win/2006/windows/WMI"},"ProviderName":"CIMWin32","Code":"0x0","HostProcess":"wmiprvse.exe","ProcessID":7092,"ProviderPath":"%systemroot%\\system32\\wbem\\cimwin32.dll"}}}}
{"Event":{"#attributes":{"xmlns":"http://schemas.microsoft.com/win/2004/08/events/event"},"System":{"Provider":{"#attributes":{"Name":"Microsoft-Windows-WMI-Activity","Guid":"1418EF04-B0B4-4623-BF7E-D74AB47BBDAA"}},"EventID":5857,"Version":0,"Level":0,"Task":0,"Opcode":0,"Keywords":"0x4000000000000000","TimeCreated":{"#attributes":{"SystemTime":"2021-05-09T22:41:34.499929Z"}},"EventRecordID":147,"Correlation":null,"Execution":{"#attributes":{"ProcessID":9872,"ThreadID":5892}},"Channel":"Microsoft-Windows-WMI-Activity/Operational","Computer":"IPSERVER","Security":{"#attributes":{"UserID":"S-1-5-20"}}},"UserData":{"Operation_StartedOperational":{"#attributes":{"xmlns":"http://manifests.microsoft.com/win/2006/windows/WMI"},"ProviderName":"CIMWin32","Code":"0x0","HostProcess":"wmiprvse.exe","ProcessID":9872,"ProviderPath":"%systemroot%\\system32\\wbem\\cimwin32.dll"}}}}
{"Event":{"#attributes":{"xmlns":"http://schemas.microsoft.com/win/2004/08/events/event"},"System":{"Provider":{"#attributes":{"Name":"Microsoft-Windows-WMI-Activity","Guid":"1418EF04-B0B4-4623-BF7E-D74AB47BBDAA"}},"EventID":5857,"Version":0,"Level":0,"Task":0,"Opcode":0,"Keywords":"0x4000000000000000","TimeCreated":{"#attributes":{"SystemTime":"2021-05-09T23:06:42.185506Z"}},"EventRecordID":148,"Correlation":null,"Execution":{"#attributes":{"ProcessID":8108,"ThreadID":7848}},"Channel":"Microsoft-Windows-WMI-Activity/Operational","Computer":"IPSERVER","Security":{"#attributes":{"UserID":"S-1-5-20"}}},"UserData":{"Operation_StartedOperational":{"#attributes":{"xmlns":"http://manifests.microsoft.com/win/2006/windows/WMI"},"ProviderName":"CIMWin32","Code":"0x0","HostProcess":"wmiprvse.exe","ProcessID":8108,"ProviderPath":"%systemroot%\\system32\\wbem\\cimwin32.dll"}}}}
{"Event":{"#attributes":{"xmlns":"http://schemas.microsoft.com/win/2004/08/events/event"},"System":{"Provider":{"#attributes":{"Name":"Microsoft-Windows-WMI-Activity","Guid":"1418EF04-B0B4-4623-BF7E-D74AB47BBDAA"}},"EventID":5857,"Version":0,"Level":0,"Task":0,"Opcode":0,"Keywords":"0x4000000000000000","TimeCreated":{"#attributes":{"SystemTime":"2021-05-09T23:06:42.229973Z"}},"EventRecordID":149,"Correlation":null,"Execution":{"#attributes":{"ProcessID":8108,"ThreadID":7848}},"Channel":"Microsoft-Windows-WMI-Activity/Operational","Computer":"IPSERVER","Security":{"#attributes":{"UserID":"S-1-5-20"}}},"UserData":{"Operation_StartedOperational":{"#attributes":{"xmlns":"http://manifests.microsoft.com/win/2006/windows/WMI"},"ProviderName":"CIMWin32a","Code":"0x0","HostProcess":"wmiprvse.exe","ProcessID":8108,"ProviderPath":"%systemroot%\\system32\\wbem\\wmipcima.dll"}}}}
{"Event":{"#attributes":{"xmlns":"http://schemas.microsoft.com/win/2004/08/events/event"},"System":{"Provider":{"#attributes":{"Name":"Microsoft-Windows-WMI-Activity","Guid":"1418EF04-B0B4-4623-BF7E-D74AB47BBDAA"}},"EventID":5857,"Version":0,"Level":0,"Task":0,"Opcode":0,"Keywords":"0x4000000000000000","TimeCreated":{"#attributes":{"SystemTime":"2021-05-09T23:43:10.768590Z"}},"EventRecordID":150,"Correlation":null,"Execution":{"#attributes":{"ProcessID":5084,"ThreadID":7144}},"Channel":"Microsoft-Windows-WMI-Activity/Operational","Computer":"IPSERVER","Security":{"#attributes":{"UserID":"S-1-5-20"}}},"UserData":{"Operation_StartedOperational":{"#attributes":{"xmlns":"http://manifests.microsoft.com/win/2006/windows/WMI"},"ProviderName":"CIMWin32","Code":"0x0","HostProcess":"wmiprvse.exe","ProcessID":5084,"ProviderPath":"%systemroot%\\system32\\wbem\\cimwin32.dll"}}}}
{"Event":{"#attributes":{"xmlns":"http://schemas.microsoft.com/win/2004/08/events/event"},"System":{"Provider":{"#attributes":{"Name":"Microsoft-Windows-WMI-Activity","Guid":"1418EF04-B0B4-4623-BF7E-D74AB47BBDAA"}},"EventID":5857,"Version":0,"Level":0,"Task":0,"Opcode":0,"Keywords":"0x4000000000000000","TimeCreated":{"#attributes":{"SystemTime":"2021-05-09T23:43:10.813746Z"}},"EventRecordID":151,"Correlation":null,"Execution":{"#attributes":{"ProcessID":5084,"ThreadID":7144}},"Channel":"Microsoft-Windows-WMI-Activity/Operational","Computer":"IPSERVER","Security":{"#attributes":{"UserID":"S-1-5-20"}}},"UserData":{"Operation_StartedOperational":{"#attributes":{"xmlns":"http://manifests.microsoft.com/win/2006/windows/WMI"},"ProviderName":"CIMWin32a","Code":"0x0","HostProcess":"wmiprvse.exe","ProcessID":5084,"ProviderPath":"%systemroot%\\system32\\wbem\\wmipcima.dll"}}}}
{"Event":{"#attributes":{"xmlns":"http://schemas.microsoft.com/win/2004/08/events/event"},"System":{"Provider":{"#attributes":{"Name":"Microsoft-Windows-WMI-Activity","Guid":"1418EF04-B0B4-4623-BF7E-D74AB47BBDAA"}},"EventID":5857,"Version":0,"Level":0,"Task":0,"Opcode":0,"Keywords":"0x4000000000000000","TimeCreated":{"#attributes":{"SystemTime":"2021-05-09T23:44:30.108809Z"}},"EventRecordID":152,"Correlation":null,"Execution":{"#attributes":{"ProcessID":5084,"ThreadID":7144}},"Channel":"Microsoft-Windows-WMI-Activity/Operational","Computer":"IPSERVER","Security":{"#attributes":{"UserID":"S-1-5-20"}}},"UserData":{"Operation_StartedOperational":{"#attributes":{"xmlns":"http://manifests.microsoft.com/win/2006/windows/WMI"},"ProviderName":"CIMWin32","Code":"0x0","HostProcess":"wmiprvse.exe","ProcessID":5084,"ProviderPath":"%systemroot%\\system32\\wbem\\cimwin32.dll"}}}}
{"Event":{"#attributes":{"xmlns":"http://schemas.microsoft.com/win/2004/08/events/event"},"System":{"Provider":{"#attributes":{"Name":"Microsoft-Windows-WMI-Activity","Guid":"1418EF04-B0B4-4623-BF7E-D74AB47BBDAA"}},"EventID":5857,"Version":0,"Level":0,"Task":0,"Opcode":0,"Keywords":"0x4000000000000000","TimeCreated":{"#attributes":{"SystemTime":"2021-05-09T23:48:33.794080Z"}},"EventRecordID":153,"Correlation":null,"Execution":{"#attributes":{"ProcessID":7876,"ThreadID":9280}},"Channel":"Microsoft-Windows-WMI-Activity/Operational","Computer":"IPSERVER","Security":{"#attributes":{"UserID":"S-1-5-20"}}},"UserData":{"Operation_StartedOperational":{"#attributes":{"xmlns":"http://manifests.microsoft.com/win/2006/windows/WMI"},"ProviderName":"CIMWin32","Code":"0x0","HostProcess":"wmiprvse.exe","ProcessID":7876,"ProviderPath":"%systemroot%\\system32\\wbem\\cimwin32.dll"}}}}
{"Event":{"#attributes":{"xmlns":"http://schemas.microsoft.com/win/2004/08/events/event"},"System":{"Provider":{"#attributes":{"Name":"Microsoft-Windows-WMI-Activity","Guid":"1418EF04-B0B4-4623-BF7E-D74AB47BBDAA"}},"EventID":5857,"Version":0,"Level":0,"Task":0,"Opcode":0,"Keywords":"0x4000000000000000","TimeCreated":{"#attributes":{"SystemTime":"2021-05-09T23:48:35.315462Z"}},"EventRecordID":154,"Correlation":null,"Execution":{"#attributes":{"ProcessID":7876,"ThreadID":6828}},"Channel":"Microsoft-Windows-WMI-Activity/Operational","Computer":"IPSERVER","Security":{"#attributes":{"UserID":"S-1-5-20"}}},"UserData":{"Operation_StartedOperational":{"#attributes":{"xmlns":"http://manifests.microsoft.com/win/2006/windows/WMI"},"ProviderName":"SppProvider","Code":"0x0","HostProcess":"wmiprvse.exe","ProcessID":7876,"ProviderPath":"%SystemRoot%\\System32\\sppwmi.dll"}}}}
{"Event":{"#attributes":{"xmlns":"http://schemas.microsoft.com/win/2004/08/events/event"},"System":{"Provider":{"#attributes":{"Name":"Microsoft-Windows-WMI-Activity","Guid":"1418EF04-B0B4-4623-BF7E-D74AB47BBDAA"}},"EventID":5857,"Version":0,"Level":0,"Task":0,"Opcode":0,"Keywords":"0x4000000000000000","TimeCreated":{"#attributes":{"SystemTime":"2021-05-09T23:52:14.010744Z"}},"EventRecordID":155,"Correlation":null,"Execution":{"#attributes":{"ProcessID":7444,"ThreadID":1560}},"Channel":"Microsoft-Windows-WMI-Activity/Operational","Computer":"IPSERVER","Security":{"#attributes":{"UserID":"S-1-5-20"}}},"UserData":{"Operation_StartedOperational":{"#attributes":{"xmlns":"http://manifests.microsoft.com/win/2006/windows/WMI"},"ProviderName":"UserProfileProvider","Code":"0x0","HostProcess":"wmiprvse.exe","ProcessID":7444,"ProviderPath":"%systemroot%\\system32\\profprov.dll"}}}}
{"Event":{"#attributes":{"xmlns":"http://schemas.microsoft.com/win/2004/08/events/event"},"System":{"Provider":{"#attributes":{"Name":"Microsoft-Windows-WMI-Activity","Guid":"1418EF04-B0B4-4623-BF7E-D74AB47BBDAA"}},"EventID":5857,"Version":0,"Level":0,"Task":0,"Opcode":0,"Keywords":"0x4000000000000000","TimeCreated":{"#attributes":{"SystemTime":"2021-05-09T23:54:55.447035Z"}},"EventRecordID":156,"Correlation":null,"Execution":{"#attributes":{"ProcessID":7444,"ThreadID":1560}},"Channel":"Microsoft-Windows-WMI-Activity/Operational","Computer":"IPSERVER","Security":{"#attributes":{"UserID":"S-1-5-20"}}},"UserData":{"Operation_StartedOperational":{"#attributes":{"xmlns":"http://manifests.microsoft.com/win/2006/windows/WMI"},"ProviderName":"CIMWin32","Code":"0x0","HostProcess":"wmiprvse.exe","ProcessID":7444,"ProviderPath":"%systemroot%\\system32\\wbem\\cimwin32.dll"}}}}
{"Event":{"#attributes":{"xmlns":"http://schemas.microsoft.com/win/2004/08/events/event"},"System":{"Provider":{"#attributes":{"Name":"Microsoft-Windows-WMI-Activity","Guid":"1418EF04-B0B4-4623-BF7E-D74AB47BBDAA"}},"EventID":5857,"Version":0,"Level":0,"Task":0,"Opcode":0,"Keywords":"0x4000000000000000","TimeCreated":{"#attributes":{"SystemTime":"2021-05-10T00:25:15.451796Z"}},"EventRecordID":157,"Correlation":null,"Execution":{"#attributes":{"ProcessID":8384,"ThreadID":6248}},"Channel":"Microsoft-Windows-WMI-Activity/Operational","Computer":"IPSERVER","Security":{"#attributes":{"UserID":"S-1-5-20"}}},"UserData":{"Operation_StartedOperational":{"#attributes":{"xmlns":"http://manifests.microsoft.com/win/2006/windows/WMI"},"ProviderName":"Win32_DeviceGuard","Code":"0x0","HostProcess":"wmiprvse.exe","ProcessID":8384,"ProviderPath":"%SystemRoot%\\System32\\Win32_DeviceGuard.dll"}}}}
{"Event":{"#attributes":{"xmlns":"http://schemas.microsoft.com/win/2004/08/events/event"},"System":{"Provider":{"#attributes":{"Name":"Microsoft-Windows-WMI-Activity","Guid":"1418EF04-B0B4-4623-BF7E-D74AB47BBDAA"}},"EventID":5858,"Version":0,"Level":2,"Task":0,"Opcode":0,"Keywords":"0x4000000000000000","TimeCreated":{"#attributes":{"SystemTime":"2021-05-10T00:25:15.461352Z"}},"EventRecordID":158,"Correlation":null,"Execution":{"#attributes":{"ProcessID":2564,"ThreadID":4892}},"Channel":"Microsoft-Windows-WMI-Activity/Operational","Computer":"IPSERVER","Security":{"#attributes":{"UserID":"S-1-5-18"}}},"UserData":{"Operation_ClientFailure":{"#attributes":{"xmlns":"http://manifests.microsoft.com/win/2006/windows/WMI"},"Id":"{00000000-0000-0000-0000-000000000000}","ClientMachine":"IPSERVER","User":"IPSERVER\\root","ClientProcessId":4404,"Component":"Unknown","Operation":"Start IWbemServices::ExecQuery - root\\Microsoft\\Windows\\DeviceGuard : SELECT * FROM Win32_DeviceGuard","ResultCode":"0x80041032","PossibleCause":"Unknown"}}}}
{"Event":{"#attributes":{"xmlns":"http://schemas.microsoft.com/win/2004/08/events/event"},"System":{"Provider":{"#attributes":{"Name":"Microsoft-Windows-WMI-Activity","Guid":"1418EF04-B0B4-4623-BF7E-D74AB47BBDAA"}},"EventID":5857,"Version":0,"Level":0,"Task":0,"Opcode":0,"Keywords":"0x4000000000000000","TimeCreated":{"#attributes":{"SystemTime":"2021-05-10T01:05:42.208799Z"}},"EventRecordID":159,"Correlation":null,"Execution":{"#attributes":{"ProcessID":5132,"ThreadID":9084}},"Channel":"Microsoft-Windows-WMI-Activity/Operational","Computer":"IPSERVER","Security":{"#attributes":{"UserID":"S-1-5-20"}}},"UserData":{"Operation_StartedOperational":{"#attributes":{"xmlns":"http://manifests.microsoft.com/win/2006/windows/WMI"},"ProviderName":"CIMWin32","Code":"0x0","HostProcess":"wmiprvse.exe","ProcessID":5132,"ProviderPath":"%systemroot%\\system32\\wbem\\cimwin32.dll"}}}}
{"Event":{"#attributes":{"xmlns":"http://schemas.microsoft.com/win/2004/08/events/event"},"System":{"Provider":{"#attributes":{"Name":"Microsoft-Windows-WMI-Activity","Guid":"1418EF04-B0B4-4623-BF7E-D74AB47BBDAA"}},"EventID":5857,"Version":0,"Level":0,"Task":0,"Opcode":0,"Keywords":"0x4000000000000000","TimeCreated":{"#attributes":{"SystemTime":"2021-05-10T01:16:30.495543Z"}},"EventRecordID":160,"Correlation":null,"Execution":{"#attributes":{"ProcessID":400,"ThreadID":6252}},"Channel":"Microsoft-Windows-WMI-Activity/Operational","Computer":"IPSERVER","Security":{"#attributes":{"UserID":"S-1-5-20"}}},"UserData":{"Operation_StartedOperational":{"#attributes":{"xmlns":"http://manifests.microsoft.com/win/2006/windows/WMI"},"ProviderName":"CIMWin32","Code":"0x0","HostProcess":"wmiprvse.exe","ProcessID":400,"ProviderPath":"%systemroot%\\system32\\wbem\\cimwin32.dll"}}}}
{"Event":{"#attributes":{"xmlns":"http://schemas.microsoft.com/win/2004/08/events/event"},"System":{"Provider":{"#attributes":{"Name":"Microsoft-Windows-WMI-Activity","Guid":"1418EF04-B0B4-4623-BF7E-D74AB47BBDAA"}},"EventID":5857,"Version":0,"Level":0,"Task":0,"Opcode":0,"Keywords":"0x4000000000000000","TimeCreated":{"#attributes":{"SystemTime":"2021-05-10T01:16:45.468705Z"}},"EventRecordID":161,"Correlation":null,"Execution":{"#attributes":{"ProcessID":400,"ThreadID":6252}},"Channel":"Microsoft-Windows-WMI-Activity/Operational","Computer":"IPSERVER","Security":{"#attributes":{"UserID":"S-1-5-20"}}},"UserData":{"Operation_StartedOperational":{"#attributes":{"xmlns":"http://manifests.microsoft.com/win/2006/windows/WMI"},"ProviderName":"SppProvider","Code":"0x0","HostProcess":"wmiprvse.exe","ProcessID":400,"ProviderPath":"%SystemRoot%\\System32\\sppwmi.dll"}}}}
{"Event":{"#attributes":{"xmlns":"http://schemas.microsoft.com/win/2004/08/events/event"},"System":{"Provider":{"#attributes":{"Name":"Microsoft-Windows-WMI-Activity","Guid":"1418EF04-B0B4-4623-BF7E-D74AB47BBDAA"}},"EventID":5857,"Version":0,"Level":0,"Task":0,"Opcode":0,"Keywords":"0x4000000000000000","TimeCreated":{"#attributes":{"SystemTime":"2021-05-10T01:16:57.710314Z"}},"EventRecordID":162,"Correlation":null,"Execution":{"#attributes":{"ProcessID":400,"ThreadID":6112}},"Channel":"Microsoft-Windows-WMI-Activity/Operational","Computer":"IPSERVER","Security":{"#attributes":{"UserID":"S-1-5-20"}}},"UserData":{"Operation_StartedOperational":{"#attributes":{"xmlns":"http://manifests.microsoft.com/win/2006/windows/WMI"},"ProviderName":"Win32_WIN32_TERMINALSERVICE_Prov","Code":"0x0","HostProcess":"wmiprvse.exe","ProcessID":400,"ProviderPath":"%SystemRoot%\\system32\\tscfgwmi.dll"}}}}
{"Event":{"#attributes":{"xmlns":"http://schemas.microsoft.com/win/2004/08/events/event"},"System":{"Provider":{"#attributes":{"Name":"Microsoft-Windows-WMI-Activity","Guid":"1418EF04-B0B4-4623-BF7E-D74AB47BBDAA"}},"EventID":5858,"Version":0,"Level":2,"Task":0,"Opcode":0,"Keywords":"0x4000000000000000","TimeCreated":{"#attributes":{"SystemTime":"2021-05-10T01:16:57.729475Z"}},"EventRecordID":163,"Correlation":null,"Execution":{"#attributes":{"ProcessID":2564,"ThreadID":8892}},"Channel":"Microsoft-Windows-WMI-Activity/Operational","Computer":"IPSERVER","Security":{"#attributes":{"UserID":"S-1-5-18"}}},"UserData":{"Operation_ClientFailure":{"#attributes":{"xmlns":"http://manifests.microsoft.com/win/2006/windows/WMI"},"Id":"{00000000-0000-0000-0000-000000000000}","ClientMachine":"IPSERVER","User":"NT AUTHORITY\\СИСТЕМА","ClientProcessId":8968,"Component":"Unknown","Operation":"Start IWbemServices::ExecQuery - ROOT\\CIMV2 : SELECT State FROM Win32_Service","ResultCode":"0x80041032","PossibleCause":"Unknown"}}}}
{"Event":{"#attributes":{"xmlns":"http://schemas.microsoft.com/win/2004/08/events/event"},"System":{"Provider":{"#attributes":{"Name":"Microsoft-Windows-WMI-Activity","Guid":"1418EF04-B0B4-4623-BF7E-D74AB47BBDAA"}},"EventID":5857,"Version":0,"Level":0,"Task":0,"Opcode":0,"Keywords":"0x4000000000000000","TimeCreated":{"#attributes":{"SystemTime":"2021-05-10T01:50:40.589509Z"}},"EventRecordID":164,"Correlation":null,"Execution":{"#attributes":{"ProcessID":2300,"ThreadID":1712}},"Channel":"Microsoft-Windows-WMI-Activity/Operational","Computer":"IPSERVER","Security":{"#attributes":{"UserID":"S-1-5-18"}}},"UserData":{"Operation_StartedOperational":{"#attributes":{"xmlns":"http://manifests.microsoft.com/win/2006/windows/WMI"},"ProviderName":"WmiPerfClass","Code":"0x0","HostProcess":"wmiprvse.exe","ProcessID":2300,"ProviderPath":"C:\\Windows\\System32\\wbem\\WmiPerfClass.dll"}}}}
{"Event":{"#attributes":{"xmlns":"http://schemas.microsoft.com/win/2004/08/events/event"},"System":{"Provider":{"#attributes":{"Name":"Microsoft-Windows-WMI-Activity","Guid":"1418EF04-B0B4-4623-BF7E-D74AB47BBDAA"}},"EventID":5858,"Version":0,"Level":2,"Task":0,"Opcode":0,"Keywords":"0x4000000000000000","TimeCreated":{"#attributes":{"SystemTime":"2021-05-10T01:50:40.593627Z"}},"EventRecordID":165,"Correlation":null,"Execution":{"#attributes":{"ProcessID":2564,"ThreadID":5408}},"Channel":"Microsoft-Windows-WMI-Activity/Operational","Computer":"IPSERVER","Security":{"#attributes":{"UserID":"S-1-5-18"}}},"UserData":{"Operation_ClientFailure":{"#attributes":{"xmlns":"http://manifests.microsoft.com/win/2006/windows/WMI"},"Id":"{00000000-0000-0000-0000-000000000000}","ClientMachine":"IPSERVER","User":"NT AUTHORITY\\СИСТЕМА","ClientProcessId":3864,"Component":"Unknown","Operation":"Start IWbemServices::ExecQuery - ROOT\\CIMV2 : SELECT ID FROM Win32_ServerFeature","ResultCode":"0x80041010","PossibleCause":"Unknown"}}}}
{"Event":{"#attributes":{"xmlns":"http://schemas.microsoft.com/win/2004/08/events/event"},"System":{"Provider":{"#attributes":{"Name":"Microsoft-Windows-WMI-Activity","Guid":"1418EF04-B0B4-4623-BF7E-D74AB47BBDAA"}},"EventID":5857,"Version":0,"Level":0,"Task":0,"Opcode":0,"Keywords":"0x4000000000000000","TimeCreated":{"#attributes":{"SystemTime":"2021-05-10T01:50:40.704450Z"}},"EventRecordID":166,"Correlation":null,"Execution":{"#attributes":{"ProcessID":9588,"ThreadID":1416}},"Channel":"Microsoft-Windows-WMI-Activity/Operational","Computer":"IPSERVER","Security":{"#attributes":{"UserID":"S-1-5-20"}}},"UserData":{"Operation_StartedOperational":{"#attributes":{"xmlns":"http://manifests.microsoft.com/win/2006/windows/WMI"},"ProviderName":"Win32_TpmProvider","Code":"0x0","HostProcess":"wmiprvse.exe","ProcessID":9588,"ProviderPath":"C:\\Windows\\System32\\wbem\\Win32_TPM.dll"}}}}
{"Event":{"#attributes":{"xmlns":"http://schemas.microsoft.com/win/2004/08/events/event"},"System":{"Provider":{"#attributes":{"Name":"Microsoft-Windows-WMI-Activity","Guid":"1418EF04-B0B4-4623-BF7E-D74AB47BBDAA"}},"EventID":5857,"Version":0,"Level":0,"Task":0,"Opcode":0,"Keywords":"0x4000000000000000","TimeCreated":{"#attributes":{"SystemTime":"2021-05-10T01:50:41.510624Z"}},"EventRecordID":167,"Correlation":null,"Execution":{"#attributes":{"ProcessID":9588,"ThreadID":1416}},"Channel":"Microsoft-Windows-WMI-Activity/Operational","Computer":"IPSERVER","Security":{"#attributes":{"UserID":"S-1-5-20"}}},"UserData":{"Operation_StartedOperational":{"#attributes":{"xmlns":"http://manifests.microsoft.com/win/2006/windows/WMI"},"ProviderName":"Win32_DeviceGuard","Code":"0x0","HostProcess":"wmiprvse.exe","ProcessID":9588,"ProviderPath":"%SystemRoot%\\System32\\Win32_DeviceGuard.dll"}}}}
