{"Event":{"#attributes":{"xmlns":"http://schemas.microsoft.com/win/2004/08/events/event"},"System":{"Provider":{"#attributes":{"Name":"Microsoft-Windows-TerminalServices-RemoteConnectionManager","Guid":"C76BAA63-AE81-421C-B425-340B4B24157F"}},"EventID":261,"Version":0,"Level":4,"Task":0,"Opcode":0,"Keywords":"0x1000000000000000","TimeCreated":{"#attributes":{"SystemTime":"2021-06-02T19:55:42.646914Z"}},"EventRecordID":418328,"Correlation":{"#attributes":{"ActivityID":"F420556F-432B-4546-8440-68AB31B30000"}},"Execution":{"#attributes":{"ProcessID":856,"ThreadID":1632}},"Channel":"Microsoft-Windows-TerminalServices-RemoteConnectionManager/Operational","Computer":"IPSERVER","Security":{"#attributes":{"UserID":"S-1-5-20"}}},"UserData":{"EventXML":{"#attributes":{"xmlns":"Event_NS"},"listenerName":"RDP-Tcp"}}}}
{"Event":{"#attributes":{"xmlns":"http://schemas.microsoft.com/win/2004/08/events/event"},"System":{"Provider":{"#attributes":{"Name":"Microsoft-Windows-TerminalServices-RemoteConnectionManager","Guid":"C76BAA63-AE81-421C-B425-340B4B24157F"}},"EventID":261,"Version":0,"Level":4,"Task":0,"Opcode":0,"Keywords":"0x1000000000000000","TimeCreated":{"#attributes":{"SystemTime":"2021-06-02T19:55:46.314769Z"}},"EventRecordID":418329,"Correlation":{"#attributes":{"ActivityID":"F420A574-F208-48BF-A115-BCDF01DE0000"}},"Execution":{"#attributes":{"ProcessID":856,"ThreadID":1632}},"Channel":"Microsoft-Windows-TerminalServices-RemoteConnectionManager/Operational","Computer":"IPSERVER","Security":{"#attributes":{"UserID":"S-1-5-20"}}},"UserData":{"EventXML":{"#attributes":{"xmlns":"Event_NS"},"listenerName":"RDP-Tcp"}}}}
{"Event":{"#attributes":{"xmlns":"http://schemas.microsoft.com/win/2004/08/events/event"},"System":{"Provider":{"#attributes":{"Name":"Microsoft-Windows-TerminalServices-RemoteConnectionManager","Guid":"C76BAA63-AE81-421C-B425-340B4B24157F"}},"EventID":261,"Version":0,"Level":4,"Task":0,"Opcode":0,"Keywords":"0x1000000000000000","TimeCreated":{"#attributes":{"SystemTime":"2021-06-02T19:55:47.300124Z"}},"EventRecordID":418330,"Correlation":{"#attributes":{"ActivityID":"F4207C53-E6C2-4AF4-B8A4-6D816FFE0000"}},"Execution":{"#attributes":{"ProcessID":856,"ThreadID":1632}},"Channel":"Microsoft-Windows-TerminalServices-RemoteConnectionManager/Operational","Computer":"IPSERVER","Security":{"#attributes":{"UserID":"S-1-5-20"}}},"UserData":{"EventXML":{"#attributes":{"xmlns":"Event_NS"},"listenerName":"RDP-Tcp"}}}}
{"Event":{"#attributes":{"xmlns":"http://schemas.microsoft.com/win/2004/08/events/event"},"System":{"Provider":{"#attributes":{"Name":"Microsoft-Windows-TerminalServices-RemoteConnectionManager","Guid":"C76BAA63-AE81-421C-B425-340B4B24157F"}},"EventID":261,"Version":0,"Level":4,"Task":0,"Opcode":0,"Keywords":"0x1000000000000000","TimeCreated":{"#attributes":{"SystemTime":"2021-06-02T19:55:48.513427Z"}},"EventRecordID":418331,"Correlation":{"#attributes":{"ActivityID":"F4209181-D3A4-4FB4-BB48-D370263E0000"}},"Execution":{"#attributes":{"ProcessID":856,"ThreadID":1632}},"Channel":"Microsoft-Windows-TerminalServices-RemoteConnectionManager/Operational","Computer":"IPSERVER","Security":{"#attributes":{"UserID":"S-1-5-20"}}},"UserData":{"EventXML":{"#attributes":{"xmlns":"Event_NS"},"listenerName":"RDP-Tcp"}}}}
{"Event":{"#attributes":{"xmlns":"http://schemas.microsoft.com/win/2004/08/events/event"},"System":{"Provider":{"#attributes":{"Name":"Microsoft-Windows-TerminalServices-RemoteConnectionManager","Guid":"C76BAA63-AE81-421C-B425-340B4B24157F"}},"EventID":261,"Version":0,"Level":4,"Task":0,"Opcode":0,"Keywords":"0x1000000000000000","TimeCreated":{"#attributes":{"SystemTime":"2021-06-02T19:55:59.740015Z"}},"EventRecordID":418332,"Correlation":{"#attributes":{"ActivityID":"F4209B9B-CE6E-4DD8-B74B-9329D6710000"}},"Execution":{"#attributes":{"ProcessID":856,"ThreadID":1632}},"Channel":"Microsoft-Windows-TerminalServices-RemoteConnectionManager/Operational","Computer":"IPSERVER","Security":{"#attributes":{"UserID":"S-1-5-20"}}},"UserData":{"EventXML":{"#attributes":{"xmlns":"Event_NS"},"listenerName":"RDP-Tcp"}}}}
{"Event":{"#attributes":{"xmlns":"http://schemas.microsoft.com/win/2004/08/events/event"},"System":{"Provider":{"#attributes":{"Name":"Microsoft-Windows-TerminalServices-RemoteConnectionManager","Guid":"C76BAA63-AE81-421C-B425-340B4B24157F"}},"EventID":261,"Version":0,"Level":4,"Task":0,"Opcode":0,"Keywords":"0x1000000000000000","TimeCreated":{"#attributes":{"SystemTime":"2021-06-02T19:56:06.948405Z"}},"EventRecordID":418333,"Correlation":{"#attributes":{"ActivityID":"F42048D3-8837-4453-9DB4-D6CB23F00000"}},"Execution":{"#attributes":{"ProcessID":856,"ThreadID":1632}},"Channel":"Microsoft-Windows-TerminalServices-RemoteConnectionManager/Operational","Computer":"IPSERVER","Security":{"#attributes":{"UserID":"S-1-5-20"}}},"UserData":{"EventXML":{"#attributes":{"xmlns":"Event_NS"},"listenerName":"RDP-Tcp"}}}}
{"Event":{"#attributes":{"xmlns":"http://schemas.microsoft.com/win/2004/08/events/event"},"System":{"Provider":{"#attributes":{"Name":"Microsoft-Windows-TerminalServices-RemoteConnectionManager","Guid":"C76BAA63-AE81-421C-B425-340B4B24157F"}},"EventID":261,"Version":0,"Level":4,"Task":0,"Opcode":0,"Keywords":"0x1000000000000000","TimeCreated":{"#attributes":{"SystemTime":"2021-06-02T19:56:07.787343Z"}},"EventRecordID":418334,"Correlation":{"#attributes":{"ActivityID":"F420EFBF-DFD2-4829-969E-BB95B6780000"}},"Execution":{"#attributes":{"ProcessID":856,"ThreadID":1632}},"Channel":"Microsoft-Windows-TerminalServices-RemoteConnectionManager/Operational","Computer":"IPSERVER","Security":{"#attributes":{"UserID":"S-1-5-20"}}},"UserData":{"EventXML":{"#attributes":{"xmlns":"Event_NS"},"listenerName":"RDP-Tcp"}}}}
{"Event":{"#attributes":{"xmlns":"http://schemas.microsoft.com/win/2004/08/events/event"},"System":{"Provider":{"#attributes":{"Name":"Microsoft-Windows-TerminalServices-RemoteConnectionManager","Guid":"C76BAA63-AE81-421C-B425-340B4B24157F"}},"EventID":261,"Version":0,"Level":4,"Task":0,"Opcode":0,"Keywords":"0x1000000000000000","TimeCreated":{"#attributes":{"SystemTime":"2021-06-02T19:56:07.888600Z"}},"EventRecordID":418335,"Correlation":{"#attributes":{"ActivityID":"F4201EB0-75A2-476C-BBE4-9A1480D70000"}},"Execution":{"#attributes":{"ProcessID":856,"ThreadID":1632}},"Channel":"Microsoft-Windows-TerminalServices-RemoteConnectionManager/Operational","Computer":"IPSERVER","Security":{"#attributes":{"UserID":"S-1-5-20"}}},"UserData":{"EventXML":{"#attributes":{"xmlns":"Event_NS"},"listenerName":"RDP-Tcp"}}}}
{"Event":{"#attributes":{"xmlns":"http://schemas.microsoft.com/win/2004/08/events/event"},"System":{"Provider":{"#attributes":{"Name":"Microsoft-Windows-TerminalServices-RemoteConnectionManager","Guid":"C76BAA63-AE81-421C-B425-340B4B24157F"}},"EventID":261,"Version":0,"Level":4,"Task":0,"Opcode":0,"Keywords":"0x1000000000000000","TimeCreated":{"#attributes":{"SystemTime":"2021-06-02T19:56:29.116278Z"}},"EventRecordID":418336,"Correlation":{"#attributes":{"ActivityID":"F420DBB4-C07A-4558-B545-1796EB860000"}},"Execution":{"#attributes":{"ProcessID":856,"ThreadID":1632}},"Channel":"Microsoft-Windows-TerminalServices-RemoteConnectionManager/Operational","Computer":"IPSERVER","Security":{"#attributes":{"UserID":"S-1-5-20"}}},"UserData":{"EventXML":{"#attributes":{"xmlns":"Event_NS"},"listenerName":"RDP-Tcp"}}}}
{"Event":{"#attributes":{"xmlns":"http://schemas.microsoft.com/win/2004/08/events/event"},"System":{"Provider":{"#attributes":{"Name":"Microsoft-Windows-TerminalServices-RemoteConnectionManager","Guid":"C76BAA63-AE81-421C-B425-340B4B24157F"}},"EventID":261,"Version":0,"Level":4,"Task":0,"Opcode":0,"Keywords":"0x1000000000000000","TimeCreated":{"#attributes":{"SystemTime":"2021-06-02T19:56:34.185910Z"}},"EventRecordID":418337,"Correlation":{"#attributes":{"ActivityID":"F420E23B-5563-4016-8EC0-A46CBB500000"}},"Execution":{"#attributes":{"ProcessID":856,"ThreadID":1632}},"Channel":"Microsoft-Windows-TerminalServices-RemoteConnectionManager/Operational","Computer":"IPSERVER","Security":{"#attributes":{"UserID":"S-1-5-20"}}},"UserData":{"EventXML":{"#attributes":{"xmlns":"Event_NS"},"listenerName":"RDP-Tcp"}}}}
{"Event":{"#attributes":{"xmlns":"http://schemas.microsoft.com/win/2004/08/events/event"},"System":{"Provider":{"#attributes":{"Name":"Microsoft-Windows-TerminalServices-RemoteConnectionManager","Guid":"C76BAA63-AE81-421C-B425-340B4B24157F"}},"EventID":261,"Version":0,"Level":4,"Task":0,"Opcode":0,"Keywords":"0x1000000000000000","TimeCreated":{"#attributes":{"SystemTime":"2021-06-02T19:56:35.358048Z"}},"EventRecordID":418338,"Correlation":{"#attributes":{"ActivityID":"F4203F01-1461-40FC-ADD8-0614E8AC0000"}},"Execution":{"#attributes":{"ProcessID":856,"ThreadID":1632}},"Channel":"Microsoft-Windows-TerminalServices-RemoteConnectionManager/Operational","Computer":"IPSERVER","Security":{"#attributes":{"UserID":"S-1-5-20"}}},"UserData":{"EventXML":{"#attributes":{"xmlns":"Event_NS"},"listenerName":"RDP-Tcp"}}}}
{"Event":{"#attributes":{"xmlns":"http://schemas.microsoft.com/win/2004/08/events/event"},"System":{"Provider":{"#attributes":{"Name":"Microsoft-Windows-TerminalServices-RemoteConnectionManager","Guid":"C76BAA63-AE81-421C-B425-340B4B24157F"}},"EventID":261,"Version":0,"Level":4,"Task":0,"Opcode":0,"Keywords":"0x1000000000000000","TimeCreated":{"#attributes":{"SystemTime":"2021-06-02T19:56:37.411067Z"}},"EventRecordID":418339,"Correlation":{"#attributes":{"ActivityID":"F420AB74-627F-4256-BFB5-A3E39ED60000"}},"Execution":{"#attributes":{"ProcessID":856,"ThreadID":1632}},"Channel":"Microsoft-Windows-TerminalServices-RemoteConnectionManager/Operational","Computer":"IPSERVER","Security":{"#attributes":{"UserID":"S-1-5-20"}}},"UserData":{"EventXML":{"#attributes":{"xmlns":"Event_NS"},"listenerName":"RDP-Tcp"}}}}
{"Event":{"#attributes":{"xmlns":"http://schemas.microsoft.com/win/2004/08/events/event"},"System":{"Provider":{"#attributes":{"Name":"Microsoft-Windows-TerminalServices-RemoteConnectionManager","Guid":"C76BAA63-AE81-421C-B425-340B4B24157F"}},"EventID":261,"Version":0,"Level":4,"Task":0,"Opcode":0,"Keywords":"0x1000000000000000","TimeCreated":{"#attributes":{"SystemTime":"2021-06-02T19:56:42.097211Z"}},"EventRecordID":418340,"Correlation":{"#attributes":{"ActivityID":"F4200851-5C44-4409-B10B-ABAFD9BF0000"}},"Execution":{"#attributes":{"ProcessID":856,"ThreadID":1632}},"Channel":"Microsoft-Windows-TerminalServices-RemoteConnectionManager/Operational","Computer":"IPSERVER","Security":{"#attributes":{"UserID":"S-1-5-20"}}},"UserData":{"EventXML":{"#attributes":{"xmlns":"Event_NS"},"listenerName":"RDP-Tcp"}}}}
{"Event":{"#attributes":{"xmlns":"http://schemas.microsoft.com/win/2004/08/events/event"},"System":{"Provider":{"#attributes":{"Name":"Microsoft-Windows-TerminalServices-RemoteConnectionManager","Guid":"C76BAA63-AE81-421C-B425-340B4B24157F"}},"EventID":261,"Version":0,"Level":4,"Task":0,"Opcode":0,"Keywords":"0x1000000000000000","TimeCreated":{"#attributes":{"SystemTime":"2021-06-02T19:56:44.675098Z"}},"EventRecordID":418341,"Correlation":{"#attributes":{"ActivityID":"F4201351-EC6B-4696-9F9D-CCFE20D10000"}},"Execution":{"#attributes":{"ProcessID":856,"ThreadID":1632}},"Channel":"Microsoft-Windows-TerminalServices-RemoteConnectionManager/Operational","Computer":"IPSERVER","Security":{"#attributes":{"UserID":"S-1-5-20"}}},"UserData":{"EventXML":{"#attributes":{"xmlns":"Event_NS"},"listenerName":"RDP-Tcp"}}}}
{"Event":{"#attributes":{"xmlns":"http://schemas.microsoft.com/win/2004/08/events/event"},"System":{"Provider":{"#attributes":{"Name":"Microsoft-Windows-TerminalServices-RemoteConnectionManager","Guid":"C76BAA63-AE81-421C-B425-340B4B24157F"}},"EventID":261,"Version":0,"Level":4,"Task":0,"Opcode":0,"Keywords":"0x1000000000000000","TimeCreated":{"#attributes":{"SystemTime":"2021-06-02T19:56:44.943061Z"}},"EventRecordID":418342,"Correlation":{"#attributes":{"ActivityID":"F4201EF2-9ADD-40FA-9816-ADF83F210000"}},"Execution":{"#attributes":{"ProcessID":856,"ThreadID":1632}},"Channel":"Microsoft-Windows-TerminalServices-RemoteConnectionManager/Operational","Computer":"IPSERVER","Security":{"#attributes":{"UserID":"S-1-5-20"}}},"UserData":{"EventXML":{"#attributes":{"xmlns":"Event_NS"},"listenerName":"RDP-Tcp"}}}}
{"Event":{"#attributes":{"xmlns":"http://schemas.microsoft.com/win/2004/08/events/event"},"System":{"Provider":{"#attributes":{"Name":"Microsoft-Windows-TerminalServices-RemoteConnectionManager","Guid":"C76BAA63-AE81-421C-B425-340B4B24157F"}},"EventID":261,"Version":0,"Level":4,"Task":0,"Opcode":0,"Keywords":"0x1000000000000000","TimeCreated":{"#attributes":{"SystemTime":"2021-06-02T19:56:49.608325Z"}},"EventRecordID":418343,"Correlation":{"#attributes":{"ActivityID":"F420400F-C2FC-4234-8B70-62DFF1640000"}},"Execution":{"#attributes":{"ProcessID":856,"ThreadID":1632}},"Channel":"Microsoft-Windows-TerminalServices-RemoteConnectionManager/Operational","Computer":"IPSERVER","Security":{"#attributes":{"UserID":"S-1-5-20"}}},"UserData":{"EventXML":{"#attributes":{"xmlns":"Event_NS"},"listenerName":"RDP-Tcp"}}}}
{"Event":{"#attributes":{"xmlns":"http://schemas.microsoft.com/win/2004/08/events/event"},"System":{"Provider":{"#attributes":{"Name":"Microsoft-Windows-TerminalServices-RemoteConnectionManager","Guid":"C76BAA63-AE81-421C-B425-340B4B24157F"}},"EventID":261,"Version":0,"Level":4,"Task":0,"Opcode":0,"Keywords":"0x1000000000000000","TimeCreated":{"#attributes":{"SystemTime":"2021-06-02T19:56:52.777299Z"}},"EventRecordID":418344,"Correlation":{"#attributes":{"ActivityID":"F4206C74-E929-4D44-88A5-9D00D3660000"}},"Execution":{"#attributes":{"ProcessID":856,"ThreadID":1632}},"Channel":"Microsoft-Windows-TerminalServices-RemoteConnectionManager/Operational","Computer":"IPSERVER","Security":{"#attributes":{"UserID":"S-1-5-20"}}},"UserData":{"EventXML":{"#attributes":{"xmlns":"Event_NS"},"listenerName":"RDP-Tcp"}}}}
{"Event":{"#attributes":{"xmlns":"http://schemas.microsoft.com/win/2004/08/events/event"},"System":{"Provider":{"#attributes":{"Name":"Microsoft-Windows-TerminalServices-RemoteConnectionManager","Guid":"C76BAA63-AE81-421C-B425-340B4B24157F"}},"EventID":261,"Version":0,"Level":4,"Task":0,"Opcode":0,"Keywords":"0x1000000000000000","TimeCreated":{"#attributes":{"SystemTime":"2021-06-02T19:56:53.786211Z"}},"EventRecordID":418345,"Correlation":{"#attributes":{"ActivityID":"F420AC61-DFF6-4E38-92B6-1199F3190000"}},"Execution":{"#attributes":{"ProcessID":856,"ThreadID":1632}},"Channel":"Microsoft-Windows-TerminalServices-RemoteConnectionManager/Operational","Computer":"IPSERVER","Security":{"#attributes":{"UserID":"S-1-5-20"}}},"UserData":{"EventXML":{"#attributes":{"xmlns":"Event_NS"},"listenerName":"RDP-Tcp"}}}}
{"Event":{"#attributes":{"xmlns":"http://schemas.microsoft.com/win/2004/08/events/event"},"System":{"Provider":{"#attributes":{"Name":"Microsoft-Windows-TerminalServices-RemoteConnectionManager","Guid":"C76BAA63-AE81-421C-B425-340B4B24157F"}},"EventID":261,"Version":0,"Level":4,"Task":0,"Opcode":0,"Keywords":"0x1000000000000000","TimeCreated":{"#attributes":{"SystemTime":"2021-06-02T19:57:01.160345Z"}},"EventRecordID":418346,"Correlation":{"#attributes":{"ActivityID":"F420754C-7B9E-427C-BDF8-0FA4C31B0000"}},"Execution":{"#attributes":{"ProcessID":856,"ThreadID":1632}},"Channel":"Microsoft-Windows-TerminalServices-RemoteConnectionManager/Operational","Computer":"IPSERVER","Security":{"#attributes":{"UserID":"S-1-5-20"}}},"UserData":{"EventXML":{"#attributes":{"xmlns":"Event_NS"},"listenerName":"RDP-Tcp"}}}}
{"Event":{"#attributes":{"xmlns":"http://schemas.microsoft.com/win/2004/08/events/event"},"System":{"Provider":{"#attributes":{"Name":"Microsoft-Windows-TerminalServices-RemoteConnectionManager","Guid":"C76BAA63-AE81-421C-B425-340B4B24157F"}},"EventID":261,"Version":0,"Level":4,"Task":0,"Opcode":0,"Keywords":"0x1000000000000000","TimeCreated":{"#attributes":{"SystemTime":"2021-06-02T19:57:02.457948Z"}},"EventRecordID":418347,"Correlation":{"#attributes":{"ActivityID":"F420FF35-4370-4A4B-BAE5-BA2AD1320000"}},"Execution":{"#attributes":{"ProcessID":856,"ThreadID":1632}},"Channel":"Microsoft-Windows-TerminalServices-RemoteConnectionManager/Operational","Computer":"IPSERVER","Security":{"#attributes":{"UserID":"S-1-5-20"}}},"UserData":{"EventXML":{"#attributes":{"xmlns":"Event_NS"},"listenerName":"RDP-Tcp"}}}}
{"Event":{"#attributes":{"xmlns":"http://schemas.microsoft.com/win/2004/08/events/event"},"System":{"Provider":{"#attributes":{"Name":"Microsoft-Windows-TerminalServices-RemoteConnectionManager","Guid":"C76BAA63-AE81-421C-B425-340B4B24157F"}},"EventID":261,"Version":0,"Level":4,"Task":0,"Opcode":0,"Keywords":"0x1000000000000000","TimeCreated":{"#attributes":{"SystemTime":"2021-06-02T19:57:08.618823Z"}},"EventRecordID":418348,"Correlation":{"#attributes":{"ActivityID":"F420DAF5-35CB-4D2F-A8A1-82ACE4A40000"}},"Execution":{"#attributes":{"ProcessID":856,"ThreadID":1632}},"Channel":"Microsoft-Windows-TerminalServices-RemoteConnectionManager/Operational","Computer":"IPSERVER","Security":{"#attributes":{"UserID":"S-1-5-20"}}},"UserData":{"EventXML":{"#attributes":{"xmlns":"Event_NS"},"listenerName":"RDP-Tcp"}}}}
{"Event":{"#attributes":{"xmlns":"http://schemas.microsoft.com/win/2004/08/events/event"},"System":{"Provider":{"#attributes":{"Name":"Microsoft-Windows-TerminalServices-RemoteConnectionManager","Guid":"C76BAA63-AE81-421C-B425-340B4B24157F"}},"EventID":261,"Version":0,"Level":4,"Task":0,"Opcode":0,"Keywords":"0x1000000000000000","TimeCreated":{"#attributes":{"SystemTime":"2021-06-02T19:57:09.029372Z"}},"EventRecordID":418349,"Correlation":{"#attributes":{"ActivityID":"F420E649-E78A-4702-B5B0-59A3F25E0000"}},"Execution":{"#attributes":{"ProcessID":856,"ThreadID":1632}},"Channel":"Microsoft-Windows-TerminalServices-RemoteConnectionManager/Operational","Computer":"IPSERVER","Security":{"#attributes":{"UserID":"S-1-5-20"}}},"UserData":{"EventXML":{"#attributes":{"xmlns":"Event_NS"},"listenerName":"RDP-Tcp"}}}}
{"Event":{"#attributes":{"xmlns":"http://schemas.microsoft.com/win/2004/08/events/event"},"System":{"Provider":{"#attributes":{"Name":"Microsoft-Windows-TerminalServices-RemoteConnectionManager","Guid":"C76BAA63-AE81-421C-B425-340B4B24157F"}},"EventID":261,"Version":0,"Level":4,"Task":0,"Opcode":0,"Keywords":"0x1000000000000000","TimeCreated":{"#attributes":{"SystemTime":"2021-06-02T19:57:16.705058Z"}},"EventRecordID":418350,"Correlation":{"#attributes":{"ActivityID":"F4206FBB-BC44-4A06-9096-443AF23E0000"}},"Execution":{"#attributes":{"ProcessID":856,"ThreadID":1632}},"Channel":"Microsoft-Windows-TerminalServices-RemoteConnectionManager/Operational","Computer":"IPSERVER","Security":{"#attributes":{"UserID":"S-1-5-20"}}},"UserData":{"EventXML":{"#attributes":{"xmlns":"Event_NS"},"listenerName":"RDP-Tcp"}}}}
{"Event":{"#attributes":{"xmlns":"http://schemas.microsoft.com/win/2004/08/events/event"},"System":{"Provider":{"#attributes":{"Name":"Microsoft-Windows-TerminalServices-RemoteConnectionManager","Guid":"C76BAA63-AE81-421C-B425-340B4B24157F"}},"EventID":261,"Version":0,"Level":4,"Task":0,"Opcode":0,"Keywords":"0x1000000000000000","TimeCreated":{"#attributes":{"SystemTime":"2021-06-02T19:57:17.789142Z"}},"EventRecordID":418351,"Correlation":{"#attributes":{"ActivityID":"F420B3F5-5297-4F04-8330-F976C3E30000"}},"Execution":{"#attributes":{"ProcessID":856,"ThreadID":1632}},"Channel":"Microsoft-Windows-TerminalServices-RemoteConnectionManager/Operational","Computer":"IPSERVER","Security":{"#attributes":{"UserID":"S-1-5-20"}}},"UserData":{"EventXML":{"#attributes":{"xmlns":"Event_NS"},"listenerName":"RDP-Tcp"}}}}
{"Event":{"#attributes":{"xmlns":"http://schemas.microsoft.com/win/2004/08/events/event"},"System":{"Provider":{"#attributes":{"Name":"Microsoft-Windows-TerminalServices-RemoteConnectionManager","Guid":"C76BAA63-AE81-421C-B425-340B4B24157F"}},"EventID":261,"Version":0,"Level":4,"Task":0,"Opcode":0,"Keywords":"0x1000000000000000","TimeCreated":{"#attributes":{"SystemTime":"2021-06-02T19:57:22.680109Z"}},"EventRecordID":418352,"Correlation":{"#attributes":{"ActivityID":"F4200967-E920-41B9-BD8F-20A2BC870000"}},"Execution":{"#attributes":{"ProcessID":856,"ThreadID":1632}},"Channel":"Microsoft-Windows-TerminalServices-RemoteConnectionManager/Operational","Computer":"IPSERVER","Security":{"#attributes":{"UserID":"S-1-5-20"}}},"UserData":{"EventXML":{"#attributes":{"xmlns":"Event_NS"},"listenerName":"RDP-Tcp"}}}}
{"Event":{"#attributes":{"xmlns":"http://schemas.microsoft.com/win/2004/08/events/event"},"System":{"Provider":{"#attributes":{"Name":"Microsoft-Windows-TerminalServices-RemoteConnectionManager","Guid":"C76BAA63-AE81-421C-B425-340B4B24157F"}},"EventID":261,"Version":0,"Level":4,"Task":0,"Opcode":0,"Keywords":"0x1000000000000000","TimeCreated":{"#attributes":{"SystemTime":"2021-06-02T19:57:23.013487Z"}},"EventRecordID":418353,"Correlation":{"#attributes":{"ActivityID":"F4202147-954F-42C2-BFAB-AF0105570000"}},"Execution":{"#attributes":{"ProcessID":856,"ThreadID":1632}},"Channel":"Microsoft-Windows-TerminalServices-RemoteConnectionManager/Operational","Computer":"IPSERVER","Security":{"#attributes":{"UserID":"S-1-5-20"}}},"UserData":{"EventXML":{"#attributes":{"xmlns":"Event_NS"},"listenerName":"RDP-Tcp"}}}}
{"Event":{"#attributes":{"xmlns":"http://schemas.microsoft.com/win/2004/08/events/event"},"System":{"Provider":{"#attributes":{"Name":"Microsoft-Windows-TerminalServices-RemoteConnectionManager","Guid":"C76BAA63-AE81-421C-B425-340B4B24157F"}},"EventID":261,"Version":0,"Level":4,"Task":0,"Opcode":0,"Keywords":"0x1000000000000000","TimeCreated":{"#attributes":{"SystemTime":"2021-06-02T19:57:24.462161Z"}},"EventRecordID":418354,"Correlation":{"#attributes":{"ActivityID":"F42065DE-4EC0-4C2A-9A03-C489B5E60000"}},"Execution":{"#attributes":{"ProcessID":856,"ThreadID":1632}},"Channel":"Microsoft-Windows-TerminalServices-RemoteConnectionManager/Operational","Computer":"IPSERVER","Security":{"#attributes":{"UserID":"S-1-5-20"}}},"UserData":{"EventXML":{"#attributes":{"xmlns":"Event_NS"},"listenerName":"RDP-Tcp"}}}}
{"Event":{"#attributes":{"xmlns":"http://schemas.microsoft.com/win/2004/08/events/event"},"System":{"Provider":{"#attributes":{"Name":"Microsoft-Windows-TerminalServices-RemoteConnectionManager","Guid":"C76BAA63-AE81-421C-B425-340B4B24157F"}},"EventID":261,"Version":0,"Level":4,"Task":0,"Opcode":0,"Keywords":"0x1000000000000000","TimeCreated":{"#attributes":{"SystemTime":"2021-06-02T19:57:32.103932Z"}},"EventRecordID":418355,"Correlation":{"#attributes":{"ActivityID":"F420D83D-E0DD-4C37-9507-41E5DC9D0000"}},"Execution":{"#attributes":{"ProcessID":856,"ThreadID":1632}},"Channel":"Microsoft-Windows-TerminalServices-RemoteConnectionManager/Operational","Computer":"IPSERVER","Security":{"#attributes":{"UserID":"S-1-5-20"}}},"UserData":{"EventXML":{"#attributes":{"xmlns":"Event_NS"},"listenerName":"RDP-Tcp"}}}}
{"Event":{"#attributes":{"xmlns":"http://schemas.microsoft.com/win/2004/08/events/event"},"System":{"Provider":{"#attributes":{"Name":"Microsoft-Windows-TerminalServices-RemoteConnectionManager","Guid":"C76BAA63-AE81-421C-B425-340B4B24157F"}},"EventID":261,"Version":0,"Level":4,"Task":0,"Opcode":0,"Keywords":"0x1000000000000000","TimeCreated":{"#attributes":{"SystemTime":"2021-06-02T19:57:35.542722Z"}},"EventRecordID":418356,"Correlation":{"#attributes":{"ActivityID":"F42027FB-83B5-4165-AC47-FDE2A54B0000"}},"Execution":{"#attributes":{"ProcessID":856,"ThreadID":1632}},"Channel":"Microsoft-Windows-TerminalServices-RemoteConnectionManager/Operational","Computer":"IPSERVER","Security":{"#attributes":{"UserID":"S-1-5-20"}}},"UserData":{"EventXML":{"#attributes":{"xmlns":"Event_NS"},"listenerName":"RDP-Tcp"}}}}
{"Event":{"#attributes":{"xmlns":"http://schemas.microsoft.com/win/2004/08/events/event"},"System":{"Provider":{"#attributes":{"Name":"Microsoft-Windows-TerminalServices-RemoteConnectionManager","Guid":"C76BAA63-AE81-421C-B425-340B4B24157F"}},"EventID":261,"Version":0,"Level":4,"Task":0,"Opcode":0,"Keywords":"0x1000000000000000","TimeCreated":{"#attributes":{"SystemTime":"2021-06-02T19:57:45.477979Z"}},"EventRecordID":418357,"Correlation":{"#attributes":{"ActivityID":"F4200018-5251-4034-9FC7-20781DA60000"}},"Execution":{"#attributes":{"ProcessID":856,"ThreadID":1632}},"Channel":"Microsoft-Windows-TerminalServices-RemoteConnectionManager/Operational","Computer":"IPSERVER","Security":{"#attributes":{"UserID":"S-1-5-20"}}},"UserData":{"EventXML":{"#attributes":{"xmlns":"Event_NS"},"listenerName":"RDP-Tcp"}}}}
{"Event":{"#attributes":{"xmlns":"http://schemas.microsoft.com/win/2004/08/events/event"},"System":{"Provider":{"#attributes":{"Name":"Microsoft-Windows-TerminalServices-RemoteConnectionManager","Guid":"C76BAA63-AE81-421C-B425-340B4B24157F"}},"EventID":261,"Version":0,"Level":4,"Task":0,"Opcode":0,"Keywords":"0x1000000000000000","TimeCreated":{"#attributes":{"SystemTime":"2021-06-02T19:57:49.825575Z"}},"EventRecordID":418358,"Correlation":{"#attributes":{"ActivityID":"F420C171-A2F6-4D80-888E-89BED9150000"}},"Execution":{"#attributes":{"ProcessID":856,"ThreadID":1632}},"Channel":"Microsoft-Windows-TerminalServices-RemoteConnectionManager/Operational","Computer":"IPSERVER","Security":{"#attributes":{"UserID":"S-1-5-20"}}},"UserData":{"EventXML":{"#attributes":{"xmlns":"Event_NS"},"listenerName":"RDP-Tcp"}}}}
{"Event":{"#attributes":{"xmlns":"http://schemas.microsoft.com/win/2004/08/events/event"},"System":{"Provider":{"#attributes":{"Name":"Microsoft-Windows-TerminalServices-RemoteConnectionManager","Guid":"C76BAA63-AE81-421C-B425-340B4B24157F"}},"EventID":261,"Version":0,"Level":4,"Task":0,"Opcode":0,"Keywords":"0x1000000000000000","TimeCreated":{"#attributes":{"SystemTime":"2021-06-02T19:57:52.076121Z"}},"EventRecordID":418359,"Correlation":{"#attributes":{"ActivityID":"F4203A34-29D1-49BC-B082-31C607150000"}},"Execution":{"#attributes":{"ProcessID":856,"ThreadID":1632}},"Channel":"Microsoft-Windows-TerminalServices-RemoteConnectionManager/Operational","Computer":"IPSERVER","Security":{"#attributes":{"UserID":"S-1-5-20"}}},"UserData":{"EventXML":{"#attributes":{"xmlns":"Event_NS"},"listenerName":"RDP-Tcp"}}}}
{"Event":{"#attributes":{"xmlns":"http://schemas.microsoft.com/win/2004/08/events/event"},"System":{"Provider":{"#attributes":{"Name":"Microsoft-Windows-TerminalServices-RemoteConnectionManager","Guid":"C76BAA63-AE81-421C-B425-340B4B24157F"}},"EventID":261,"Version":0,"Level":4,"Task":0,"Opcode":0,"Keywords":"0x1000000000000000","TimeCreated":{"#attributes":{"SystemTime":"2021-06-02T19:57:52.535401Z"}},"EventRecordID":418360,"Correlation":{"#attributes":{"ActivityID":"F420FB51-0796-4FBF-9D13-F536CF9D0000"}},"Execution":{"#attributes":{"ProcessID":856,"ThreadID":1632}},"Channel":"Microsoft-Windows-TerminalServices-RemoteConnectionManager/Operational","Computer":"IPSERVER","Security":{"#attributes":{"UserID":"S-1-5-20"}}},"UserData":{"EventXML":{"#attributes":{"xmlns":"Event_NS"},"listenerName":"RDP-Tcp"}}}}
{"Event":{"#attributes":{"xmlns":"http://schemas.microsoft.com/win/2004/08/events/event"},"System":{"Provider":{"#attributes":{"Name":"Microsoft-Windows-TerminalServices-RemoteConnectionManager","Guid":"C76BAA63-AE81-421C-B425-340B4B24157F"}},"EventID":261,"Version":0,"Level":4,"Task":0,"Opcode":0,"Keywords":"0x1000000000000000","TimeCreated":{"#attributes":{"SystemTime":"2021-06-02T19:58:03.099300Z"}},"EventRecordID":418361,"Correlation":{"#attributes":{"ActivityID":"F420FEBA-0425-4149-BCE3-235396000000"}},"Execution":{"#attributes":{"ProcessID":856,"ThreadID":1632}},"Channel":"Microsoft-Windows-TerminalServices-RemoteConnectionManager/Operational","Computer":"IPSERVER","Security":{"#attributes":{"UserID":"S-1-5-20"}}},"UserData":{"EventXML":{"#attributes":{"xmlns":"Event_NS"},"listenerName":"RDP-Tcp"}}}}
{"Event":{"#attributes":{"xmlns":"http://schemas.microsoft.com/win/2004/08/events/event"},"System":{"Provider":{"#attributes":{"Name":"Microsoft-Windows-TerminalServices-RemoteConnectionManager","Guid":"C76BAA63-AE81-421C-B425-340B4B24157F"}},"EventID":261,"Version":0,"Level":4,"Task":0,"Opcode":0,"Keywords":"0x1000000000000000","TimeCreated":{"#attributes":{"SystemTime":"2021-06-02T19:58:05.257843Z"}},"EventRecordID":418362,"Correlation":{"#attributes":{"ActivityID":"F4205036-947E-4E90-80D9-B9B83EE00000"}},"Execution":{"#attributes":{"ProcessID":856,"ThreadID":1632}},"Channel":"Microsoft-Windows-TerminalServices-RemoteConnectionManager/Operational","Computer":"IPSERVER","Security":{"#attributes":{"UserID":"S-1-5-20"}}},"UserData":{"EventXML":{"#attributes":{"xmlns":"Event_NS"},"listenerName":"RDP-Tcp"}}}}
{"Event":{"#attributes":{"xmlns":"http://schemas.microsoft.com/win/2004/08/events/event"},"System":{"Provider":{"#attributes":{"Name":"Microsoft-Windows-TerminalServices-RemoteConnectionManager","Guid":"C76BAA63-AE81-421C-B425-340B4B24157F"}},"EventID":261,"Version":0,"Level":4,"Task":0,"Opcode":0,"Keywords":"0x1000000000000000","TimeCreated":{"#attributes":{"SystemTime":"2021-06-02T19:58:05.658807Z"}},"EventRecordID":418363,"Correlation":{"#attributes":{"ActivityID":"F420753B-556B-43AB-9E2E-822438620000"}},"Execution":{"#attributes":{"ProcessID":856,"ThreadID":1632}},"Channel":"Microsoft-Windows-TerminalServices-RemoteConnectionManager/Operational","Computer":"IPSERVER","Security":{"#attributes":{"UserID":"S-1-5-20"}}},"UserData":{"EventXML":{"#attributes":{"xmlns":"Event_NS"},"listenerName":"RDP-Tcp"}}}}
{"Event":{"#attributes":{"xmlns":"http://schemas.microsoft.com/win/2004/08/events/event"},"System":{"Provider":{"#attributes":{"Name":"Microsoft-Windows-TerminalServices-RemoteConnectionManager","Guid":"C76BAA63-AE81-421C-B425-340B4B24157F"}},"EventID":261,"Version":0,"Level":4,"Task":0,"Opcode":0,"Keywords":"0x1000000000000000","TimeCreated":{"#attributes":{"SystemTime":"2021-06-02T19:58:12.612050Z"}},"EventRecordID":418364,"Correlation":{"#attributes":{"ActivityID":"F42002B5-352F-431F-8B3A-D429056C0000"}},"Execution":{"#attributes":{"ProcessID":856,"ThreadID":1632}},"Channel":"Microsoft-Windows-TerminalServices-RemoteConnectionManager/Operational","Computer":"IPSERVER","Security":{"#attributes":{"UserID":"S-1-5-20"}}},"UserData":{"EventXML":{"#attributes":{"xmlns":"Event_NS"},"listenerName":"RDP-Tcp"}}}}
{"Event":{"#attributes":{"xmlns":"http://schemas.microsoft.com/win/2004/08/events/event"},"System":{"Provider":{"#attributes":{"Name":"Microsoft-Windows-TerminalServices-RemoteConnectionManager","Guid":"C76BAA63-AE81-421C-B425-340B4B24157F"}},"EventID":261,"Version":0,"Level":4,"Task":0,"Opcode":0,"Keywords":"0x1000000000000000","TimeCreated":{"#attributes":{"SystemTime":"2021-06-02T19:58:13.866274Z"}},"EventRecordID":418365,"Correlation":{"#attributes":{"ActivityID":"F4208671-9BE4-44F3-86C6-14952B010000"}},"Execution":{"#attributes":{"ProcessID":856,"ThreadID":1632}},"Channel":"Microsoft-Windows-TerminalServices-RemoteConnectionManager/Operational","Computer":"IPSERVER","Security":{"#attributes":{"UserID":"S-1-5-20"}}},"UserData":{"EventXML":{"#attributes":{"xmlns":"Event_NS"},"listenerName":"RDP-Tcp"}}}}
{"Event":{"#attributes":{"xmlns":"http://schemas.microsoft.com/win/2004/08/events/event"},"System":{"Provider":{"#attributes":{"Name":"Microsoft-Windows-TerminalServices-RemoteConnectionManager","Guid":"C76BAA63-AE81-421C-B425-340B4B24157F"}},"EventID":261,"Version":0,"Level":4,"Task":0,"Opcode":0,"Keywords":"0x1000000000000000","TimeCreated":{"#attributes":{"SystemTime":"2021-06-02T19:58:14.235054Z"}},"EventRecordID":418366,"Correlation":{"#attributes":{"ActivityID":"F4208C62-9C50-4FDF-B2E8-0AD38A6F0000"}},"Execution":{"#attributes":{"ProcessID":856,"ThreadID":1632}},"Channel":"Microsoft-Windows-TerminalServices-RemoteConnectionManager/Operational","Computer":"IPSERVER","Security":{"#attributes":{"UserID":"S-1-5-20"}}},"UserData":{"EventXML":{"#attributes":{"xmlns":"Event_NS"},"listenerName":"RDP-Tcp"}}}}
{"Event":{"#attributes":{"xmlns":"http://schemas.microsoft.com/win/2004/08/events/event"},"System":{"Provider":{"#attributes":{"Name":"Microsoft-Windows-TerminalServices-RemoteConnectionManager","Guid":"C76BAA63-AE81-421C-B425-340B4B24157F"}},"EventID":261,"Version":0,"Level":4,"Task":0,"Opcode":0,"Keywords":"0x1000000000000000","TimeCreated":{"#attributes":{"SystemTime":"2021-06-02T19:58:15.926676Z"}},"EventRecordID":418367,"Correlation":{"#attributes":{"ActivityID":"F420AC9C-B446-4F8B-A05B-684546420000"}},"Execution":{"#attributes":{"ProcessID":856,"ThreadID":1632}},"Channel":"Microsoft-Windows-TerminalServices-RemoteConnectionManager/Operational","Computer":"IPSERVER","Security":{"#attributes":{"UserID":"S-1-5-20"}}},"UserData":{"EventXML":{"#attributes":{"xmlns":"Event_NS"},"listenerName":"RDP-Tcp"}}}}
{"Event":{"#attributes":{"xmlns":"http://schemas.microsoft.com/win/2004/08/events/event"},"System":{"Provider":{"#attributes":{"Name":"Microsoft-Windows-TerminalServices-RemoteConnectionManager","Guid":"C76BAA63-AE81-421C-B425-340B4B24157F"}},"EventID":261,"Version":0,"Level":4,"Task":0,"Opcode":0,"Keywords":"0x1000000000000000","TimeCreated":{"#attributes":{"SystemTime":"2021-06-02T19:58:18.142429Z"}},"EventRecordID":418368,"Correlation":{"#attributes":{"ActivityID":"F42003BF-0782-4F51-B4A3-5BC35C200000"}},"Execution":{"#attributes":{"ProcessID":856,"ThreadID":1632}},"Channel":"Microsoft-Windows-TerminalServices-RemoteConnectionManager/Operational","Computer":"IPSERVER","Security":{"#attributes":{"UserID":"S-1-5-20"}}},"UserData":{"EventXML":{"#attributes":{"xmlns":"Event_NS"},"listenerName":"RDP-Tcp"}}}}
{"Event":{"#attributes":{"xmlns":"http://schemas.microsoft.com/win/2004/08/events/event"},"System":{"Provider":{"#attributes":{"Name":"Microsoft-Windows-TerminalServices-RemoteConnectionManager","Guid":"C76BAA63-AE81-421C-B425-340B4B24157F"}},"EventID":261,"Version":0,"Level":4,"Task":0,"Opcode":0,"Keywords":"0x1000000000000000","TimeCreated":{"#attributes":{"SystemTime":"2021-06-02T19:58:25.272817Z"}},"EventRecordID":418369,"Correlation":{"#attributes":{"ActivityID":"F420FD49-56ED-4F28-ADD9-F1E60FD00000"}},"Execution":{"#attributes":{"ProcessID":856,"ThreadID":1632}},"Channel":"Microsoft-Windows-TerminalServices-RemoteConnectionManager/Operational","Computer":"IPSERVER","Security":{"#attributes":{"UserID":"S-1-5-20"}}},"UserData":{"EventXML":{"#attributes":{"xmlns":"Event_NS"},"listenerName":"RDP-Tcp"}}}}
{"Event":{"#attributes":{"xmlns":"http://schemas.microsoft.com/win/2004/08/events/event"},"System":{"Provider":{"#attributes":{"Name":"Microsoft-Windows-TerminalServices-RemoteConnectionManager","Guid":"C76BAA63-AE81-421C-B425-340B4B24157F"}},"EventID":261,"Version":0,"Level":4,"Task":0,"Opcode":0,"Keywords":"0x1000000000000000","TimeCreated":{"#attributes":{"SystemTime":"2021-06-02T19:58:26.797022Z"}},"EventRecordID":418370,"Correlation":{"#attributes":{"ActivityID":"F42093C7-F638-4EC5-B854-5A7507010000"}},"Execution":{"#attributes":{"ProcessID":856,"ThreadID":1632}},"Channel":"Microsoft-Windows-TerminalServices-RemoteConnectionManager/Operational","Computer":"IPSERVER","Security":{"#attributes":{"UserID":"S-1-5-20"}}},"UserData":{"EventXML":{"#attributes":{"xmlns":"Event_NS"},"listenerName":"RDP-Tcp"}}}}
{"Event":{"#attributes":{"xmlns":"http://schemas.microsoft.com/win/2004/08/events/event"},"System":{"Provider":{"#attributes":{"Name":"Microsoft-Windows-TerminalServices-RemoteConnectionManager","Guid":"C76BAA63-AE81-421C-B425-340B4B24157F"}},"EventID":261,"Version":0,"Level":4,"Task":0,"Opcode":0,"Keywords":"0x1000000000000000","TimeCreated":{"#attributes":{"SystemTime":"2021-06-02T19:58:38.647338Z"}},"EventRecordID":418371,"Correlation":{"#attributes":{"ActivityID":"F420BD05-0483-4BE0-8C91-658350EB0000"}},"Execution":{"#attributes":{"ProcessID":856,"ThreadID":1632}},"Channel":"Microsoft-Windows-TerminalServices-RemoteConnectionManager/Operational","Computer":"IPSERVER","Security":{"#attributes":{"UserID":"S-1-5-20"}}},"UserData":{"EventXML":{"#attributes":{"xmlns":"Event_NS"},"listenerName":"RDP-Tcp"}}}}
{"Event":{"#attributes":{"xmlns":"http://schemas.microsoft.com/win/2004/08/events/event"},"System":{"Provider":{"#attributes":{"Name":"Microsoft-Windows-TerminalServices-RemoteConnectionManager","Guid":"C76BAA63-AE81-421C-B425-340B4B24157F"}},"EventID":261,"Version":0,"Level":4,"Task":0,"Opcode":0,"Keywords":"0x1000000000000000","TimeCreated":{"#attributes":{"SystemTime":"2021-06-02T19:58:39.151122Z"}},"EventRecordID":418372,"Correlation":{"#attributes":{"ActivityID":"F42017DE-67D2-4EBC-90CF-5250ADAA0000"}},"Execution":{"#attributes":{"ProcessID":856,"ThreadID":1632}},"Channel":"Microsoft-Windows-TerminalServices-RemoteConnectionManager/Operational","Computer":"IPSERVER","Security":{"#attributes":{"UserID":"S-1-5-20"}}},"UserData":{"EventXML":{"#attributes":{"xmlns":"Event_NS"},"listenerName":"RDP-Tcp"}}}}
{"Event":{"#attributes":{"xmlns":"http://schemas.microsoft.com/win/2004/08/events/event"},"System":{"Provider":{"#attributes":{"Name":"Microsoft-Windows-TerminalServices-RemoteConnectionManager","Guid":"C76BAA63-AE81-421C-B425-340B4B24157F"}},"EventID":261,"Version":0,"Level":4,"Task":0,"Opcode":0,"Keywords":"0x1000000000000000","TimeCreated":{"#attributes":{"SystemTime":"2021-06-02T19:58:47.351132Z"}},"EventRecordID":418373,"Correlation":{"#attributes":{"ActivityID":"F42036D5-88E9-4A2A-A895-84FEE5940000"}},"Execution":{"#attributes":{"ProcessID":856,"ThreadID":1632}},"Channel":"Microsoft-Windows-TerminalServices-RemoteConnectionManager/Operational","Computer":"IPSERVER","Security":{"#attributes":{"UserID":"S-1-5-20"}}},"UserData":{"EventXML":{"#attributes":{"xmlns":"Event_NS"},"listenerName":"RDP-Tcp"}}}}
{"Event":{"#attributes":{"xmlns":"http://schemas.microsoft.com/win/2004/08/events/event"},"System":{"Provider":{"#attributes":{"Name":"Microsoft-Windows-TerminalServices-RemoteConnectionManager","Guid":"C76BAA63-AE81-421C-B425-340B4B24157F"}},"EventID":261,"Version":0,"Level":4,"Task":0,"Opcode":0,"Keywords":"0x1000000000000000","TimeCreated":{"#attributes":{"SystemTime":"2021-06-02T19:58:49.182665Z"}},"EventRecordID":418374,"Correlation":{"#attributes":{"ActivityID":"F420DBC0-0311-47A1-8A38-0D4728EB0000"}},"Execution":{"#attributes":{"ProcessID":856,"ThreadID":1632}},"Channel":"Microsoft-Windows-TerminalServices-RemoteConnectionManager/Operational","Computer":"IPSERVER","Security":{"#attributes":{"UserID":"S-1-5-20"}}},"UserData":{"EventXML":{"#attributes":{"xmlns":"Event_NS"},"listenerName":"RDP-Tcp"}}}}
{"Event":{"#attributes":{"xmlns":"http://schemas.microsoft.com/win/2004/08/events/event"},"System":{"Provider":{"#attributes":{"Name":"Microsoft-Windows-TerminalServices-RemoteConnectionManager","Guid":"C76BAA63-AE81-421C-B425-340B4B24157F"}},"EventID":261,"Version":0,"Level":4,"Task":0,"Opcode":0,"Keywords":"0x1000000000000000","TimeCreated":{"#attributes":{"SystemTime":"2021-06-02T19:58:51.094710Z"}},"EventRecordID":418375,"Correlation":{"#attributes":{"ActivityID":"F4203C95-DCD1-437F-B6CD-8FF8DD9D0000"}},"Execution":{"#attributes":{"ProcessID":856,"ThreadID":1632}},"Channel":"Microsoft-Windows-TerminalServices-RemoteConnectionManager/Operational","Computer":"IPSERVER","Security":{"#attributes":{"UserID":"S-1-5-20"}}},"UserData":{"EventXML":{"#attributes":{"xmlns":"Event_NS"},"listenerName":"RDP-Tcp"}}}}
{"Event":{"#attributes":{"xmlns":"http://schemas.microsoft.com/win/2004/08/events/event"},"System":{"Provider":{"#attributes":{"Name":"Microsoft-Windows-TerminalServices-RemoteConnectionManager","Guid":"C76BAA63-AE81-421C-B425-340B4B24157F"}},"EventID":261,"Version":0,"Level":4,"Task":0,"Opcode":0,"Keywords":"0x1000000000000000","TimeCreated":{"#attributes":{"SystemTime":"2021-06-02T19:58:54.632015Z"}},"EventRecordID":418376,"Correlation":{"#attributes":{"ActivityID":"F420995E-5F34-4E1B-8C01-E5F5C7770000"}},"Execution":{"#attributes":{"ProcessID":856,"ThreadID":1632}},"Channel":"Microsoft-Windows-TerminalServices-RemoteConnectionManager/Operational","Computer":"IPSERVER","Security":{"#attributes":{"UserID":"S-1-5-20"}}},"UserData":{"EventXML":{"#attributes":{"xmlns":"Event_NS"},"listenerName":"RDP-Tcp"}}}}
{"Event":{"#attributes":{"xmlns":"http://schemas.microsoft.com/win/2004/08/events/event"},"System":{"Provider":{"#attributes":{"Name":"Microsoft-Windows-TerminalServices-RemoteConnectionManager","Guid":"C76BAA63-AE81-421C-B425-340B4B24157F"}},"EventID":261,"Version":0,"Level":4,"Task":0,"Opcode":0,"Keywords":"0x1000000000000000","TimeCreated":{"#attributes":{"SystemTime":"2021-06-02T19:58:56.520022Z"}},"EventRecordID":418377,"Correlation":{"#attributes":{"ActivityID":"F4203475-51C3-42FC-9B52-3B00357E0000"}},"Execution":{"#attributes":{"ProcessID":856,"ThreadID":1632}},"Channel":"Microsoft-Windows-TerminalServices-RemoteConnectionManager/Operational","Computer":"IPSERVER","Security":{"#attributes":{"UserID":"S-1-5-20"}}},"UserData":{"EventXML":{"#attributes":{"xmlns":"Event_NS"},"listenerName":"RDP-Tcp"}}}}
{"Event":{"#attributes":{"xmlns":"http://schemas.microsoft.com/win/2004/08/events/event"},"System":{"Provider":{"#attributes":{"Name":"Microsoft-Windows-TerminalServices-RemoteConnectionManager","Guid":"C76BAA63-AE81-421C-B425-340B4B24157F"}},"EventID":261,"Version":0,"Level":4,"Task":0,"Opcode":0,"Keywords":"0x1000000000000000","TimeCreated":{"#attributes":{"SystemTime":"2021-06-02T19:58:57.201220Z"}},"EventRecordID":418378,"Correlation":{"#attributes":{"ActivityID":"F42059A4-1B92-438F-A9C0-F0B83F720000"}},"Execution":{"#attributes":{"ProcessID":856,"ThreadID":1632}},"Channel":"Microsoft-Windows-TerminalServices-RemoteConnectionManager/Operational","Computer":"IPSERVER","Security":{"#attributes":{"UserID":"S-1-5-20"}}},"UserData":{"EventXML":{"#attributes":{"xmlns":"Event_NS"},"listenerName":"RDP-Tcp"}}}}
{"Event":{"#attributes":{"xmlns":"http://schemas.microsoft.com/win/2004/08/events/event"},"System":{"Provider":{"#attributes":{"Name":"Microsoft-Windows-TerminalServices-RemoteConnectionManager","Guid":"C76BAA63-AE81-421C-B425-340B4B24157F"}},"EventID":261,"Version":0,"Level":4,"Task":0,"Opcode":0,"Keywords":"0x1000000000000000","TimeCreated":{"#attributes":{"SystemTime":"2021-06-02T19:58:57.816119Z"}},"EventRecordID":418379,"Correlation":{"#attributes":{"ActivityID":"F420001D-AB97-40F3-8154-372010940000"}},"Execution":{"#attributes":{"ProcessID":856,"ThreadID":1632}},"Channel":"Microsoft-Windows-TerminalServices-RemoteConnectionManager/Operational","Computer":"IPSERVER","Security":{"#attributes":{"UserID":"S-1-5-20"}}},"UserData":{"EventXML":{"#attributes":{"xmlns":"Event_NS"},"listenerName":"RDP-Tcp"}}}}
{"Event":{"#attributes":{"xmlns":"http://schemas.microsoft.com/win/2004/08/events/event"},"System":{"Provider":{"#attributes":{"Name":"Microsoft-Windows-TerminalServices-RemoteConnectionManager","Guid":"C76BAA63-AE81-421C-B425-340B4B24157F"}},"EventID":261,"Version":0,"Level":4,"Task":0,"Opcode":0,"Keywords":"0x1000000000000000","TimeCreated":{"#attributes":{"SystemTime":"2021-06-02T19:59:01.360624Z"}},"EventRecordID":418380,"Correlation":{"#attributes":{"ActivityID":"F4203F25-0BFD-477A-BBBB-FB153DD60000"}},"Execution":{"#attributes":{"ProcessID":856,"ThreadID":1632}},"Channel":"Microsoft-Windows-TerminalServices-RemoteConnectionManager/Operational","Computer":"IPSERVER","Security":{"#attributes":{"UserID":"S-1-5-20"}}},"UserData":{"EventXML":{"#attributes":{"xmlns":"Event_NS"},"listenerName":"RDP-Tcp"}}}}
{"Event":{"#attributes":{"xmlns":"http://schemas.microsoft.com/win/2004/08/events/event"},"System":{"Provider":{"#attributes":{"Name":"Microsoft-Windows-TerminalServices-RemoteConnectionManager","Guid":"C76BAA63-AE81-421C-B425-340B4B24157F"}},"EventID":261,"Version":0,"Level":4,"Task":0,"Opcode":0,"Keywords":"0x1000000000000000","TimeCreated":{"#attributes":{"SystemTime":"2021-06-02T19:59:04.687644Z"}},"EventRecordID":418381,"Correlation":{"#attributes":{"ActivityID":"F420A170-0A8C-4D44-BD54-D6090CB00000"}},"Execution":{"#attributes":{"ProcessID":856,"ThreadID":1632}},"Channel":"Microsoft-Windows-TerminalServices-RemoteConnectionManager/Operational","Computer":"IPSERVER","Security":{"#attributes":{"UserID":"S-1-5-20"}}},"UserData":{"EventXML":{"#attributes":{"xmlns":"Event_NS"},"listenerName":"RDP-Tcp"}}}}
{"Event":{"#attributes":{"xmlns":"http://schemas.microsoft.com/win/2004/08/events/event"},"System":{"Provider":{"#attributes":{"Name":"Microsoft-Windows-TerminalServices-RemoteConnectionManager","Guid":"C76BAA63-AE81-421C-B425-340B4B24157F"}},"EventID":261,"Version":0,"Level":4,"Task":0,"Opcode":0,"Keywords":"0x1000000000000000","TimeCreated":{"#attributes":{"SystemTime":"2021-06-02T19:59:07.947999Z"}},"EventRecordID":418382,"Correlation":{"#attributes":{"ActivityID":"F42019F2-8A69-4E41-A143-894D2DD80000"}},"Execution":{"#attributes":{"ProcessID":856,"ThreadID":1632}},"Channel":"Microsoft-Windows-TerminalServices-RemoteConnectionManager/Operational","Computer":"IPSERVER","Security":{"#attributes":{"UserID":"S-1-5-20"}}},"UserData":{"EventXML":{"#attributes":{"xmlns":"Event_NS"},"listenerName":"RDP-Tcp"}}}}
{"Event":{"#attributes":{"xmlns":"http://schemas.microsoft.com/win/2004/08/events/event"},"System":{"Provider":{"#attributes":{"Name":"Microsoft-Windows-TerminalServices-RemoteConnectionManager","Guid":"C76BAA63-AE81-421C-B425-340B4B24157F"}},"EventID":261,"Version":0,"Level":4,"Task":0,"Opcode":0,"Keywords":"0x1000000000000000","TimeCreated":{"#attributes":{"SystemTime":"2021-06-02T19:59:10.178512Z"}},"EventRecordID":418383,"Correlation":{"#attributes":{"ActivityID":"F4201ABF-98D9-4C62-BF19-D076B4AA0000"}},"Execution":{"#attributes":{"ProcessID":856,"ThreadID":1632}},"Channel":"Microsoft-Windows-TerminalServices-RemoteConnectionManager/Operational","Computer":"IPSERVER","Security":{"#attributes":{"UserID":"S-1-5-20"}}},"UserData":{"EventXML":{"#attributes":{"xmlns":"Event_NS"},"listenerName":"RDP-Tcp"}}}}
{"Event":{"#attributes":{"xmlns":"http://schemas.microsoft.com/win/2004/08/events/event"},"System":{"Provider":{"#attributes":{"Name":"Microsoft-Windows-TerminalServices-RemoteConnectionManager","Guid":"C76BAA63-AE81-421C-B425-340B4B24157F"}},"EventID":261,"Version":0,"Level":4,"Task":0,"Opcode":0,"Keywords":"0x1000000000000000","TimeCreated":{"#attributes":{"SystemTime":"2021-06-02T19:59:15.755523Z"}},"EventRecordID":418384,"Correlation":{"#attributes":{"ActivityID":"F420D8F1-C517-44D3-8AD0-866FE6ED0000"}},"Execution":{"#attributes":{"ProcessID":856,"ThreadID":1632}},"Channel":"Microsoft-Windows-TerminalServices-RemoteConnectionManager/Operational","Computer":"IPSERVER","Security":{"#attributes":{"UserID":"S-1-5-20"}}},"UserData":{"EventXML":{"#attributes":{"xmlns":"Event_NS"},"listenerName":"RDP-Tcp"}}}}
{"Event":{"#attributes":{"xmlns":"http://schemas.microsoft.com/win/2004/08/events/event"},"System":{"Provider":{"#attributes":{"Name":"Microsoft-Windows-TerminalServices-RemoteConnectionManager","Guid":"C76BAA63-AE81-421C-B425-340B4B24157F"}},"EventID":261,"Version":0,"Level":4,"Task":0,"Opcode":0,"Keywords":"0x1000000000000000","TimeCreated":{"#attributes":{"SystemTime":"2021-06-02T19:59:16.128152Z"}},"EventRecordID":418385,"Correlation":{"#attributes":{"ActivityID":"F42097CB-A458-43C3-806F-352F3A3B0000"}},"Execution":{"#attributes":{"ProcessID":856,"ThreadID":1632}},"Channel":"Microsoft-Windows-TerminalServices-RemoteConnectionManager/Operational","Computer":"IPSERVER","Security":{"#attributes":{"UserID":"S-1-5-20"}}},"UserData":{"EventXML":{"#attributes":{"xmlns":"Event_NS"},"listenerName":"RDP-Tcp"}}}}
{"Event":{"#attributes":{"xmlns":"http://schemas.microsoft.com/win/2004/08/events/event"},"System":{"Provider":{"#attributes":{"Name":"Microsoft-Windows-TerminalServices-RemoteConnectionManager","Guid":"C76BAA63-AE81-421C-B425-340B4B24157F"}},"EventID":261,"Version":0,"Level":4,"Task":0,"Opcode":0,"Keywords":"0x1000000000000000","TimeCreated":{"#attributes":{"SystemTime":"2021-06-02T19:59:20.319882Z"}},"EventRecordID":418386,"Correlation":{"#attributes":{"ActivityID":"F4208E50-17BD-4741-9F8A-A1B64DE90000"}},"Execution":{"#attributes":{"ProcessID":856,"ThreadID":1632}},"Channel":"Microsoft-Windows-TerminalServices-RemoteConnectionManager/Operational","Computer":"IPSERVER","Security":{"#attributes":{"UserID":"S-1-5-20"}}},"UserData":{"EventXML":{"#attributes":{"xmlns":"Event_NS"},"listenerName":"RDP-Tcp"}}}}
{"Event":{"#attributes":{"xmlns":"http://schemas.microsoft.com/win/2004/08/events/event"},"System":{"Provider":{"#attributes":{"Name":"Microsoft-Windows-TerminalServices-RemoteConnectionManager","Guid":"C76BAA63-AE81-421C-B425-340B4B24157F"}},"EventID":261,"Version":0,"Level":4,"Task":0,"Opcode":0,"Keywords":"0x1000000000000000","TimeCreated":{"#attributes":{"SystemTime":"2021-06-02T19:59:27.141393Z"}},"EventRecordID":418387,"Correlation":{"#attributes":{"ActivityID":"F42054A7-BFDE-4C11-B7BF-6BFC6BEF0000"}},"Execution":{"#attributes":{"ProcessID":856,"ThreadID":1632}},"Channel":"Microsoft-Windows-TerminalServices-RemoteConnectionManager/Operational","Computer":"IPSERVER","Security":{"#attributes":{"UserID":"S-1-5-20"}}},"UserData":{"EventXML":{"#attributes":{"xmlns":"Event_NS"},"listenerName":"RDP-Tcp"}}}}
{"Event":{"#attributes":{"xmlns":"http://schemas.microsoft.com/win/2004/08/events/event"},"System":{"Provider":{"#attributes":{"Name":"Microsoft-Windows-TerminalServices-RemoteConnectionManager","Guid":"C76BAA63-AE81-421C-B425-340B4B24157F"}},"EventID":261,"Version":0,"Level":4,"Task":0,"Opcode":0,"Keywords":"0x1000000000000000","TimeCreated":{"#attributes":{"SystemTime":"2021-06-02T19:59:29.098687Z"}},"EventRecordID":418388,"Correlation":{"#attributes":{"ActivityID":"F42079C0-ECCB-4512-B628-AECCDE3F0000"}},"Execution":{"#attributes":{"ProcessID":856,"ThreadID":1632}},"Channel":"Microsoft-Windows-TerminalServices-RemoteConnectionManager/Operational","Computer":"IPSERVER","Security":{"#attributes":{"UserID":"S-1-5-20"}}},"UserData":{"EventXML":{"#attributes":{"xmlns":"Event_NS"},"listenerName":"RDP-Tcp"}}}}
