{"Event":{"#attributes":{"xmlns":"http://schemas.microsoft.com/win/2004/08/events/event"},"System":{"Provider":{"#attributes":{"Name":"Microsoft-Windows-WMI-Activity","Guid":"1418EF04-B0B4-4623-BF7E-D74AB47BBDAA"}},"EventID":5857,"Version":0,"Level":0,"Task":0,"Opcode":0,"Keywords":"0x4000000000000000","TimeCreated":{"#attributes":{"SystemTime":"2021-06-01T21:18:28.200600Z"}},"EventRecordID":1786,"Correlation":null,"Execution":{"#attributes":{"ProcessID":3308,"ThreadID":3516}},"Channel":"Microsoft-Windows-WMI-Activity/Operational","Computer":"IPSERVER","Security":{"#attributes":{"UserID":"S-1-5-20"}}},"UserData":{"Operation_StartedOperational":{"#attributes":{"xmlns":"http://manifests.microsoft.com/win/2006/windows/WMI"},"ProviderName":"CIMWin32a","Code":"0x0","HostProcess":"wmiprvse.exe","ProcessID":3308,"ProviderPath":"%systemroot%\\system32\\wbem\\wmipcima.dll"}}}}
{"Event":{"#attributes":{"xmlns":"http://schemas.microsoft.com/win/2004/08/events/event"},"System":{"Provider":{"#attributes":{"Name":"Microsoft-Windows-WMI-Activity","Guid":"1418EF04-B0B4-4623-BF7E-D74AB47BBDAA"}},"EventID":5857,"Version":0,"Level":0,"Task":0,"Opcode":0,"Keywords":"0x4000000000000000","TimeCreated":{"#attributes":{"SystemTime":"2021-06-01T21:35:46.442210Z"}},"EventRecordID":1787,"Correlation":null,"Execution":{"#attributes":{"ProcessID":4336,"ThreadID":3300}},"Channel":"Microsoft-Windows-WMI-Activity/Operational","Computer":"IPSERVER","Security":{"#attributes":{"UserID":"S-1-5-20"}}},"UserData":{"Operation_StartedOperational":{"#attributes":{"xmlns":"http://manifests.microsoft.com/win/2006/windows/WMI"},"ProviderName":"CIMWin32","Code":"0x0","HostProcess":"wmiprvse.exe","ProcessID":4336,"ProviderPath":"%systemroot%\\system32\\wbem\\cimwin32.dll"}}}}
{"Event":{"#attributes":{"xmlns":"http://schemas.microsoft.com/win/2004/08/events/event"},"System":{"Provider":{"#attributes":{"Name":"Microsoft-Windows-WMI-Activity","Guid":"1418EF04-B0B4-4623-BF7E-D74AB47BBDAA"}},"EventID":5857,"Version":0,"Level":0,"Task":0,"Opcode":0,"Keywords":"0x4000000000000000","TimeCreated":{"#attributes":{"SystemTime":"2021-06-01T21:35:46.483847Z"}},"EventRecordID":1788,"Correlation":null,"Execution":{"#attributes":{"ProcessID":4336,"ThreadID":3300}},"Channel":"Microsoft-Windows-WMI-Activity/Operational","Computer":"IPSERVER","Security":{"#attributes":{"UserID":"S-1-5-20"}}},"UserData":{"Operation_StartedOperational":{"#attributes":{"xmlns":"http://manifests.microsoft.com/win/2006/windows/WMI"},"ProviderName":"CIMWin32a","Code":"0x0","HostProcess":"wmiprvse.exe","ProcessID":4336,"ProviderPath":"%systemroot%\\system32\\wbem\\wmipcima.dll"}}}}
{"Event":{"#attributes":{"xmlns":"http://schemas.microsoft.com/win/2004/08/events/event"},"System":{"Provider":{"#attributes":{"Name":"Microsoft-Windows-WMI-Activity","Guid":"1418EF04-B0B4-4623-BF7E-D74AB47BBDAA"}},"EventID":5857,"Version":0,"Level":0,"Task":0,"Opcode":0,"Keywords":"0x4000000000000000","TimeCreated":{"#attributes":{"SystemTime":"2021-06-01T21:48:53.709505Z"}},"EventRecordID":1789,"Correlation":null,"Execution":{"#attributes":{"ProcessID":1552,"ThreadID":2564}},"Channel":"Microsoft-Windows-WMI-Activity/Operational","Computer":"IPSERVER","Security":{"#attributes":{"UserID":"S-1-5-20"}}},"UserData":{"Operation_StartedOperational":{"#attributes":{"xmlns":"http://manifests.microsoft.com/win/2006/windows/WMI"},"ProviderName":"CIMWin32","Code":"0x0","HostProcess":"wmiprvse.exe","ProcessID":1552,"ProviderPath":"%systemroot%\\system32\\wbem\\cimwin32.dll"}}}}
{"Event":{"#attributes":{"xmlns":"http://schemas.microsoft.com/win/2004/08/events/event"},"System":{"Provider":{"#attributes":{"Name":"Microsoft-Windows-WMI-Activity","Guid":"1418EF04-B0B4-4623-BF7E-D74AB47BBDAA"}},"EventID":5857,"Version":0,"Level":0,"Task":0,"Opcode":0,"Keywords":"0x4000000000000000","TimeCreated":{"#attributes":{"SystemTime":"2021-06-01T22:03:59.527960Z"}},"EventRecordID":1790,"Correlation":null,"Execution":{"#attributes":{"ProcessID":2616,"ThreadID":1884}},"Channel":"Microsoft-Windows-WMI-Activity/Operational","Computer":"IPSERVER","Security":{"#attributes":{"UserID":"S-1-5-20"}}},"UserData":{"Operation_StartedOperational":{"#attributes":{"xmlns":"http://manifests.microsoft.com/win/2006/windows/WMI"},"ProviderName":"CIMWin32","Code":"0x0","HostProcess":"wmiprvse.exe","ProcessID":2616,"ProviderPath":"%systemroot%\\system32\\wbem\\cimwin32.dll"}}}}
{"Event":{"#attributes":{"xmlns":"http://schemas.microsoft.com/win/2004/08/events/event"},"System":{"Provider":{"#attributes":{"Name":"Microsoft-Windows-WMI-Activity","Guid":"1418EF04-B0B4-4623-BF7E-D74AB47BBDAA"}},"EventID":5857,"Version":0,"Level":0,"Task":0,"Opcode":0,"Keywords":"0x4000000000000000","TimeCreated":{"#attributes":{"SystemTime":"2021-06-01T22:03:59.566703Z"}},"EventRecordID":1791,"Correlation":null,"Execution":{"#attributes":{"ProcessID":2616,"ThreadID":1884}},"Channel":"Microsoft-Windows-WMI-Activity/Operational","Computer":"IPSERVER","Security":{"#attributes":{"UserID":"S-1-5-20"}}},"UserData":{"Operation_StartedOperational":{"#attributes":{"xmlns":"http://manifests.microsoft.com/win/2006/windows/WMI"},"ProviderName":"CIMWin32a","Code":"0x0","HostProcess":"wmiprvse.exe","ProcessID":2616,"ProviderPath":"%systemroot%\\system32\\wbem\\wmipcima.dll"}}}}
{"Event":{"#attributes":{"xmlns":"http://schemas.microsoft.com/win/2004/08/events/event"},"System":{"Provider":{"#attributes":{"Name":"Microsoft-Windows-WMI-Activity","Guid":"1418EF04-B0B4-4623-BF7E-D74AB47BBDAA"}},"EventID":5857,"Version":0,"Level":0,"Task":0,"Opcode":0,"Keywords":"0x4000000000000000","TimeCreated":{"#attributes":{"SystemTime":"2021-06-01T22:35:46.807004Z"}},"EventRecordID":1792,"Correlation":null,"Execution":{"#attributes":{"ProcessID":1852,"ThreadID":2140}},"Channel":"Microsoft-Windows-WMI-Activity/Operational","Computer":"IPSERVER","Security":{"#attributes":{"UserID":"S-1-5-20"}}},"UserData":{"Operation_StartedOperational":{"#attributes":{"xmlns":"http://manifests.microsoft.com/win/2006/windows/WMI"},"ProviderName":"CIMWin32","Code":"0x0","HostProcess":"wmiprvse.exe","ProcessID":1852,"ProviderPath":"%systemroot%\\system32\\wbem\\cimwin32.dll"}}}}
{"Event":{"#attributes":{"xmlns":"http://schemas.microsoft.com/win/2004/08/events/event"},"System":{"Provider":{"#attributes":{"Name":"Microsoft-Windows-WMI-Activity","Guid":"1418EF04-B0B4-4623-BF7E-D74AB47BBDAA"}},"EventID":5857,"Version":0,"Level":0,"Task":0,"Opcode":0,"Keywords":"0x4000000000000000","TimeCreated":{"#attributes":{"SystemTime":"2021-06-01T22:35:46.846402Z"}},"EventRecordID":1793,"Correlation":null,"Execution":{"#attributes":{"ProcessID":1852,"ThreadID":2140}},"Channel":"Microsoft-Windows-WMI-Activity/Operational","Computer":"IPSERVER","Security":{"#attributes":{"UserID":"S-1-5-20"}}},"UserData":{"Operation_StartedOperational":{"#attributes":{"xmlns":"http://manifests.microsoft.com/win/2006/windows/WMI"},"ProviderName":"CIMWin32a","Code":"0x0","HostProcess":"wmiprvse.exe","ProcessID":1852,"ProviderPath":"%systemroot%\\system32\\wbem\\wmipcima.dll"}}}}
{"Event":{"#attributes":{"xmlns":"http://schemas.microsoft.com/win/2004/08/events/event"},"System":{"Provider":{"#attributes":{"Name":"Microsoft-Windows-WMI-Activity","Guid":"1418EF04-B0B4-4623-BF7E-D74AB47BBDAA"}},"EventID":5857,"Version":0,"Level":0,"Task":0,"Opcode":0,"Keywords":"0x4000000000000000","TimeCreated":{"#attributes":{"SystemTime":"2021-06-01T23:35:46.453066Z"}},"EventRecordID":1794,"Correlation":null,"Execution":{"#attributes":{"ProcessID":2148,"ThreadID":1316}},"Channel":"Microsoft-Windows-WMI-Activity/Operational","Computer":"IPSERVER","Security":{"#attributes":{"UserID":"S-1-5-20"}}},"UserData":{"Operation_StartedOperational":{"#attributes":{"xmlns":"http://manifests.microsoft.com/win/2006/windows/WMI"},"ProviderName":"CIMWin32","Code":"0x0","HostProcess":"wmiprvse.exe","ProcessID":2148,"ProviderPath":"%systemroot%\\system32\\wbem\\cimwin32.dll"}}}}
{"Event":{"#attributes":{"xmlns":"http://schemas.microsoft.com/win/2004/08/events/event"},"System":{"Provider":{"#attributes":{"Name":"Microsoft-Windows-WMI-Activity","Guid":"1418EF04-B0B4-4623-BF7E-D74AB47BBDAA"}},"EventID":5857,"Version":0,"Level":0,"Task":0,"Opcode":0,"Keywords":"0x4000000000000000","TimeCreated":{"#attributes":{"SystemTime":"2021-06-01T23:35:46.498222Z"}},"EventRecordID":1795,"Correlation":null,"Execution":{"#attributes":{"ProcessID":2148,"ThreadID":1316}},"Channel":"Microsoft-Windows-WMI-Activity/Operational","Computer":"IPSERVER","Security":{"#attributes":{"UserID":"S-1-5-20"}}},"UserData":{"Operation_StartedOperational":{"#attributes":{"xmlns":"http://manifests.microsoft.com/win/2006/windows/WMI"},"ProviderName":"CIMWin32a","Code":"0x0","HostProcess":"wmiprvse.exe","ProcessID":2148,"ProviderPath":"%systemroot%\\system32\\wbem\\wmipcima.dll"}}}}
{"Event":{"#attributes":{"xmlns":"http://schemas.microsoft.com/win/2004/08/events/event"},"System":{"Provider":{"#attributes":{"Name":"Microsoft-Windows-WMI-Activity","Guid":"1418EF04-B0B4-4623-BF7E-D74AB47BBDAA"}},"EventID":5857,"Version":0,"Level":0,"Task":0,"Opcode":0,"Keywords":"0x4000000000000000","TimeCreated":{"#attributes":{"SystemTime":"2021-06-02T00:35:46.464202Z"}},"EventRecordID":1796,"Correlation":null,"Execution":{"#attributes":{"ProcessID":1372,"ThreadID":4524}},"Channel":"Microsoft-Windows-WMI-Activity/Operational","Computer":"IPSERVER","Security":{"#attributes":{"UserID":"S-1-5-20"}}},"UserData":{"Operation_StartedOperational":{"#attributes":{"xmlns":"http://manifests.microsoft.com/win/2006/windows/WMI"},"ProviderName":"CIMWin32","Code":"0x0","HostProcess":"wmiprvse.exe","ProcessID":1372,"ProviderPath":"%systemroot%\\system32\\wbem\\cimwin32.dll"}}}}
{"Event":{"#attributes":{"xmlns":"http://schemas.microsoft.com/win/2004/08/events/event"},"System":{"Provider":{"#attributes":{"Name":"Microsoft-Windows-WMI-Activity","Guid":"1418EF04-B0B4-4623-BF7E-D74AB47BBDAA"}},"EventID":5857,"Version":0,"Level":0,"Task":0,"Opcode":0,"Keywords":"0x4000000000000000","TimeCreated":{"#attributes":{"SystemTime":"2021-06-02T00:35:46.502871Z"}},"EventRecordID":1797,"Correlation":null,"Execution":{"#attributes":{"ProcessID":1372,"ThreadID":1552}},"Channel":"Microsoft-Windows-WMI-Activity/Operational","Computer":"IPSERVER","Security":{"#attributes":{"UserID":"S-1-5-20"}}},"UserData":{"Operation_StartedOperational":{"#attributes":{"xmlns":"http://manifests.microsoft.com/win/2006/windows/WMI"},"ProviderName":"CIMWin32a","Code":"0x0","HostProcess":"wmiprvse.exe","ProcessID":1372,"ProviderPath":"%systemroot%\\system32\\wbem\\wmipcima.dll"}}}}
{"Event":{"#attributes":{"xmlns":"http://schemas.microsoft.com/win/2004/08/events/event"},"System":{"Provider":{"#attributes":{"Name":"Microsoft-Windows-WMI-Activity","Guid":"1418EF04-B0B4-4623-BF7E-D74AB47BBDAA"}},"EventID":5857,"Version":0,"Level":0,"Task":0,"Opcode":0,"Keywords":"0x4000000000000000","TimeCreated":{"#attributes":{"SystemTime":"2021-06-02T00:47:02.127530Z"}},"EventRecordID":1798,"Correlation":null,"Execution":{"#attributes":{"ProcessID":5588,"ThreadID":5156}},"Channel":"Microsoft-Windows-WMI-Activity/Operational","Computer":"IPSERVER","Security":{"#attributes":{"UserID":"S-1-5-18"}}},"UserData":{"Operation_StartedOperational":{"#attributes":{"xmlns":"http://manifests.microsoft.com/win/2006/windows/WMI"},"ProviderName":"WmiPerfClass","Code":"0x0","HostProcess":"wmiprvse.exe","ProcessID":5588,"ProviderPath":"C:\\Windows\\System32\\wbem\\WmiPerfClass.dll"}}}}
{"Event":{"#attributes":{"xmlns":"http://schemas.microsoft.com/win/2004/08/events/event"},"System":{"Provider":{"#attributes":{"Name":"Microsoft-Windows-WMI-Activity","Guid":"1418EF04-B0B4-4623-BF7E-D74AB47BBDAA"}},"EventID":5858,"Version":0,"Level":2,"Task":0,"Opcode":0,"Keywords":"0x4000000000000000","TimeCreated":{"#attributes":{"SystemTime":"2021-06-02T00:47:02.131938Z"}},"EventRecordID":1799,"Correlation":null,"Execution":{"#attributes":{"ProcessID":2776,"ThreadID":2248}},"Channel":"Microsoft-Windows-WMI-Activity/Operational","Computer":"IPSERVER","Security":{"#attributes":{"UserID":"S-1-5-18"}}},"UserData":{"Operation_ClientFailure":{"#attributes":{"xmlns":"http://manifests.microsoft.com/win/2006/windows/WMI"},"Id":"{00000000-0000-0000-0000-000000000000}","ClientMachine":"IPSERVER","User":"NT AUTHORITY\\СИСТЕМА","ClientProcessId":5380,"Component":"Unknown","Operation":"Start IWbemServices::ExecQuery - ROOT\\CIMV2 : SELECT ID FROM Win32_ServerFeature","ResultCode":"0x80041010","PossibleCause":"Unknown"}}}}
{"Event":{"#attributes":{"xmlns":"http://schemas.microsoft.com/win/2004/08/events/event"},"System":{"Provider":{"#attributes":{"Name":"Microsoft-Windows-WMI-Activity","Guid":"1418EF04-B0B4-4623-BF7E-D74AB47BBDAA"}},"EventID":5857,"Version":0,"Level":0,"Task":0,"Opcode":0,"Keywords":"0x4000000000000000","TimeCreated":{"#attributes":{"SystemTime":"2021-06-02T00:47:02.243278Z"}},"EventRecordID":1800,"Correlation":null,"Execution":{"#attributes":{"ProcessID":460,"ThreadID":2940}},"Channel":"Microsoft-Windows-WMI-Activity/Operational","Computer":"IPSERVER","Security":{"#attributes":{"UserID":"S-1-5-20"}}},"UserData":{"Operation_StartedOperational":{"#attributes":{"xmlns":"http://manifests.microsoft.com/win/2006/windows/WMI"},"ProviderName":"Win32_TpmProvider","Code":"0x0","HostProcess":"wmiprvse.exe","ProcessID":460,"ProviderPath":"C:\\Windows\\System32\\wbem\\Win32_TPM.dll"}}}}
{"Event":{"#attributes":{"xmlns":"http://schemas.microsoft.com/win/2004/08/events/event"},"System":{"Provider":{"#attributes":{"Name":"Microsoft-Windows-WMI-Activity","Guid":"1418EF04-B0B4-4623-BF7E-D74AB47BBDAA"}},"EventID":5857,"Version":0,"Level":0,"Task":0,"Opcode":0,"Keywords":"0x4000000000000000","TimeCreated":{"#attributes":{"SystemTime":"2021-06-02T00:47:02.838704Z"}},"EventRecordID":1801,"Correlation":null,"Execution":{"#attributes":{"ProcessID":460,"ThreadID":2940}},"Channel":"Microsoft-Windows-WMI-Activity/Operational","Computer":"IPSERVER","Security":{"#attributes":{"UserID":"S-1-5-20"}}},"UserData":{"Operation_StartedOperational":{"#attributes":{"xmlns":"http://manifests.microsoft.com/win/2006/windows/WMI"},"ProviderName":"Win32_DeviceGuard","Code":"0x0","HostProcess":"wmiprvse.exe","ProcessID":460,"ProviderPath":"%SystemRoot%\\System32\\Win32_DeviceGuard.dll"}}}}
{"Event":{"#attributes":{"xmlns":"http://schemas.microsoft.com/win/2004/08/events/event"},"System":{"Provider":{"#attributes":{"Name":"Microsoft-Windows-WMI-Activity","Guid":"1418EF04-B0B4-4623-BF7E-D74AB47BBDAA"}},"EventID":5857,"Version":0,"Level":0,"Task":0,"Opcode":0,"Keywords":"0x4000000000000000","TimeCreated":{"#attributes":{"SystemTime":"2021-06-02T00:51:46.125294Z"}},"EventRecordID":1802,"Correlation":null,"Execution":{"#attributes":{"ProcessID":5688,"ThreadID":544}},"Channel":"Microsoft-Windows-WMI-Activity/Operational","Computer":"IPSERVER","Security":{"#attributes":{"UserID":"S-1-5-20"}}},"UserData":{"Operation_StartedOperational":{"#attributes":{"xmlns":"http://manifests.microsoft.com/win/2006/windows/WMI"},"ProviderName":"CIMWin32","Code":"0x0","HostProcess":"wmiprvse.exe","ProcessID":5688,"ProviderPath":"%systemroot%\\system32\\wbem\\cimwin32.dll"}}}}
{"Event":{"#attributes":{"xmlns":"http://schemas.microsoft.com/win/2004/08/events/event"},"System":{"Provider":{"#attributes":{"Name":"Microsoft-Windows-WMI-Activity","Guid":"1418EF04-B0B4-4623-BF7E-D74AB47BBDAA"}},"EventID":5857,"Version":0,"Level":0,"Task":0,"Opcode":0,"Keywords":"0x4000000000000000","TimeCreated":{"#attributes":{"SystemTime":"2021-06-02T00:51:46.172216Z"}},"EventRecordID":1803,"Correlation":null,"Execution":{"#attributes":{"ProcessID":5688,"ThreadID":4920}},"Channel":"Microsoft-Windows-WMI-Activity/Operational","Computer":"IPSERVER","Security":{"#attributes":{"UserID":"S-1-5-20"}}},"UserData":{"Operation_StartedOperational":{"#attributes":{"xmlns":"http://manifests.microsoft.com/win/2006/windows/WMI"},"ProviderName":"CIMWin32a","Code":"0x0","HostProcess":"wmiprvse.exe","ProcessID":5688,"ProviderPath":"%systemroot%\\system32\\wbem\\wmipcima.dll"}}}}
{"Event":{"#attributes":{"xmlns":"http://schemas.microsoft.com/win/2004/08/events/event"},"System":{"Provider":{"#attributes":{"Name":"Microsoft-Windows-WMI-Activity","Guid":"1418EF04-B0B4-4623-BF7E-D74AB47BBDAA"}},"EventID":5857,"Version":0,"Level":0,"Task":0,"Opcode":0,"Keywords":"0x4000000000000000","TimeCreated":{"#attributes":{"SystemTime":"2021-06-02T00:51:48.688682Z"}},"EventRecordID":1804,"Correlation":null,"Execution":{"#attributes":{"ProcessID":5688,"ThreadID":1256}},"Channel":"Microsoft-Windows-WMI-Activity/Operational","Computer":"IPSERVER","Security":{"#attributes":{"UserID":"S-1-5-20"}}},"UserData":{"Operation_StartedOperational":{"#attributes":{"xmlns":"http://manifests.microsoft.com/win/2006/windows/WMI"},"ProviderName":"Win32_WIN32_TERMINALSERVICE_Prov","Code":"0x0","HostProcess":"wmiprvse.exe","ProcessID":5688,"ProviderPath":"%SystemRoot%\\system32\\tscfgwmi.dll"}}}}
{"Event":{"#attributes":{"xmlns":"http://schemas.microsoft.com/win/2004/08/events/event"},"System":{"Provider":{"#attributes":{"Name":"Microsoft-Windows-WMI-Activity","Guid":"1418EF04-B0B4-4623-BF7E-D74AB47BBDAA"}},"EventID":5858,"Version":0,"Level":2,"Task":0,"Opcode":0,"Keywords":"0x4000000000000000","TimeCreated":{"#attributes":{"SystemTime":"2021-06-02T00:51:48.707762Z"}},"EventRecordID":1805,"Correlation":null,"Execution":{"#attributes":{"ProcessID":2776,"ThreadID":1780}},"Channel":"Microsoft-Windows-WMI-Activity/Operational","Computer":"IPSERVER","Security":{"#attributes":{"UserID":"S-1-5-18"}}},"UserData":{"Operation_ClientFailure":{"#attributes":{"xmlns":"http://manifests.microsoft.com/win/2006/windows/WMI"},"Id":"{00000000-0000-0000-0000-000000000000}","ClientMachine":"IPSERVER","User":"NT AUTHORITY\\СИСТЕМА","ClientProcessId":4884,"Component":"Unknown","Operation":"Start IWbemServices::ExecQuery - ROOT\\CIMV2 : SELECT State FROM Win32_Service","ResultCode":"0x80041032","PossibleCause":"Unknown"}}}}
{"Event":{"#attributes":{"xmlns":"http://schemas.microsoft.com/win/2004/08/events/event"},"System":{"Provider":{"#attributes":{"Name":"Microsoft-Windows-WMI-Activity","Guid":"1418EF04-B0B4-4623-BF7E-D74AB47BBDAA"}},"EventID":5857,"Version":0,"Level":0,"Task":0,"Opcode":0,"Keywords":"0x4000000000000000","TimeCreated":{"#attributes":{"SystemTime":"2021-06-02T01:35:46.465109Z"}},"EventRecordID":1806,"Correlation":null,"Execution":{"#attributes":{"ProcessID":5068,"ThreadID":4964}},"Channel":"Microsoft-Windows-WMI-Activity/Operational","Computer":"IPSERVER","Security":{"#attributes":{"UserID":"S-1-5-20"}}},"UserData":{"Operation_StartedOperational":{"#attributes":{"xmlns":"http://manifests.microsoft.com/win/2006/windows/WMI"},"ProviderName":"CIMWin32","Code":"0x0","HostProcess":"wmiprvse.exe","ProcessID":5068,"ProviderPath":"%systemroot%\\system32\\wbem\\cimwin32.dll"}}}}
{"Event":{"#attributes":{"xmlns":"http://schemas.microsoft.com/win/2004/08/events/event"},"System":{"Provider":{"#attributes":{"Name":"Microsoft-Windows-WMI-Activity","Guid":"1418EF04-B0B4-4623-BF7E-D74AB47BBDAA"}},"EventID":5857,"Version":0,"Level":0,"Task":0,"Opcode":0,"Keywords":"0x4000000000000000","TimeCreated":{"#attributes":{"SystemTime":"2021-06-02T01:35:46.506698Z"}},"EventRecordID":1807,"Correlation":null,"Execution":{"#attributes":{"ProcessID":5068,"ThreadID":4964}},"Channel":"Microsoft-Windows-WMI-Activity/Operational","Computer":"IPSERVER","Security":{"#attributes":{"UserID":"S-1-5-20"}}},"UserData":{"Operation_StartedOperational":{"#attributes":{"xmlns":"http://manifests.microsoft.com/win/2006/windows/WMI"},"ProviderName":"CIMWin32a","Code":"0x0","HostProcess":"wmiprvse.exe","ProcessID":5068,"ProviderPath":"%systemroot%\\system32\\wbem\\wmipcima.dll"}}}}
{"Event":{"#attributes":{"xmlns":"http://schemas.microsoft.com/win/2004/08/events/event"},"System":{"Provider":{"#attributes":{"Name":"Microsoft-Windows-WMI-Activity","Guid":"1418EF04-B0B4-4623-BF7E-D74AB47BBDAA"}},"EventID":5857,"Version":0,"Level":0,"Task":0,"Opcode":0,"Keywords":"0x4000000000000000","TimeCreated":{"#attributes":{"SystemTime":"2021-06-02T02:35:46.483057Z"}},"EventRecordID":1808,"Correlation":null,"Execution":{"#attributes":{"ProcessID":5616,"ThreadID":5456}},"Channel":"Microsoft-Windows-WMI-Activity/Operational","Computer":"IPSERVER","Security":{"#attributes":{"UserID":"S-1-5-20"}}},"UserData":{"Operation_StartedOperational":{"#attributes":{"xmlns":"http://manifests.microsoft.com/win/2006/windows/WMI"},"ProviderName":"CIMWin32","Code":"0x0","HostProcess":"wmiprvse.exe","ProcessID":5616,"ProviderPath":"%systemroot%\\system32\\wbem\\cimwin32.dll"}}}}
{"Event":{"#attributes":{"xmlns":"http://schemas.microsoft.com/win/2004/08/events/event"},"System":{"Provider":{"#attributes":{"Name":"Microsoft-Windows-WMI-Activity","Guid":"1418EF04-B0B4-4623-BF7E-D74AB47BBDAA"}},"EventID":5857,"Version":0,"Level":0,"Task":0,"Opcode":0,"Keywords":"0x4000000000000000","TimeCreated":{"#attributes":{"SystemTime":"2021-06-02T02:35:46.522250Z"}},"EventRecordID":1809,"Correlation":null,"Execution":{"#attributes":{"ProcessID":5616,"ThreadID":5456}},"Channel":"Microsoft-Windows-WMI-Activity/Operational","Computer":"IPSERVER","Security":{"#attributes":{"UserID":"S-1-5-20"}}},"UserData":{"Operation_StartedOperational":{"#attributes":{"xmlns":"http://manifests.microsoft.com/win/2006/windows/WMI"},"ProviderName":"CIMWin32a","Code":"0x0","HostProcess":"wmiprvse.exe","ProcessID":5616,"ProviderPath":"%systemroot%\\system32\\wbem\\wmipcima.dll"}}}}
{"Event":{"#attributes":{"xmlns":"http://schemas.microsoft.com/win/2004/08/events/event"},"System":{"Provider":{"#attributes":{"Name":"Microsoft-Windows-WMI-Activity","Guid":"1418EF04-B0B4-4623-BF7E-D74AB47BBDAA"}},"EventID":5857,"Version":0,"Level":0,"Task":0,"Opcode":0,"Keywords":"0x4000000000000000","TimeCreated":{"#attributes":{"SystemTime":"2021-06-02T03:24:10.864921Z"}},"EventRecordID":1810,"Correlation":null,"Execution":{"#attributes":{"ProcessID":5616,"ThreadID":232}},"Channel":"Microsoft-Windows-WMI-Activity/Operational","Computer":"IPSERVER","Security":{"#attributes":{"UserID":"S-1-5-20"}}},"UserData":{"Operation_StartedOperational":{"#attributes":{"xmlns":"http://manifests.microsoft.com/win/2006/windows/WMI"},"ProviderName":"CIMWin32","Code":"0x0","HostProcess":"wmiprvse.exe","ProcessID":5616,"ProviderPath":"%systemroot%\\system32\\wbem\\cimwin32.dll"}}}}
{"Event":{"#attributes":{"xmlns":"http://schemas.microsoft.com/win/2004/08/events/event"},"System":{"Provider":{"#attributes":{"Name":"Microsoft-Windows-WMI-Activity","Guid":"1418EF04-B0B4-4623-BF7E-D74AB47BBDAA"}},"EventID":5857,"Version":0,"Level":0,"Task":0,"Opcode":0,"Keywords":"0x4000000000000000","TimeCreated":{"#attributes":{"SystemTime":"2021-06-02T03:24:10.908145Z"}},"EventRecordID":1811,"Correlation":null,"Execution":{"#attributes":{"ProcessID":5616,"ThreadID":232}},"Channel":"Microsoft-Windows-WMI-Activity/Operational","Computer":"IPSERVER","Security":{"#attributes":{"UserID":"S-1-5-20"}}},"UserData":{"Operation_StartedOperational":{"#attributes":{"xmlns":"http://manifests.microsoft.com/win/2006/windows/WMI"},"ProviderName":"CIMWin32a","Code":"0x0","HostProcess":"wmiprvse.exe","ProcessID":5616,"ProviderPath":"%systemroot%\\system32\\wbem\\wmipcima.dll"}}}}
{"Event":{"#attributes":{"xmlns":"http://schemas.microsoft.com/win/2004/08/events/event"},"System":{"Provider":{"#attributes":{"Name":"Microsoft-Windows-WMI-Activity","Guid":"1418EF04-B0B4-4623-BF7E-D74AB47BBDAA"}},"EventID":5857,"Version":0,"Level":0,"Task":0,"Opcode":0,"Keywords":"0x4000000000000000","TimeCreated":{"#attributes":{"SystemTime":"2021-06-02T03:24:13.219705Z"}},"EventRecordID":1812,"Correlation":null,"Execution":{"#attributes":{"ProcessID":5616,"ThreadID":232}},"Channel":"Microsoft-Windows-WMI-Activity/Operational","Computer":"IPSERVER","Security":{"#attributes":{"UserID":"S-1-5-20"}}},"UserData":{"Operation_StartedOperational":{"#attributes":{"xmlns":"http://manifests.microsoft.com/win/2006/windows/WMI"},"ProviderName":"SppProvider","Code":"0x0","HostProcess":"wmiprvse.exe","ProcessID":5616,"ProviderPath":"%SystemRoot%\\System32\\sppwmi.dll"}}}}
{"Event":{"#attributes":{"xmlns":"http://schemas.microsoft.com/win/2004/08/events/event"},"System":{"Provider":{"#attributes":{"Name":"Microsoft-Windows-WMI-Activity","Guid":"1418EF04-B0B4-4623-BF7E-D74AB47BBDAA"}},"EventID":5857,"Version":0,"Level":0,"Task":0,"Opcode":0,"Keywords":"0x4000000000000000","TimeCreated":{"#attributes":{"SystemTime":"2021-06-02T03:35:46.869089Z"}},"EventRecordID":1813,"Correlation":null,"Execution":{"#attributes":{"ProcessID":3780,"ThreadID":4588}},"Channel":"Microsoft-Windows-WMI-Activity/Operational","Computer":"IPSERVER","Security":{"#attributes":{"UserID":"S-1-5-20"}}},"UserData":{"Operation_StartedOperational":{"#attributes":{"xmlns":"http://manifests.microsoft.com/win/2006/windows/WMI"},"ProviderName":"CIMWin32","Code":"0x0","HostProcess":"wmiprvse.exe","ProcessID":3780,"ProviderPath":"%systemroot%\\system32\\wbem\\cimwin32.dll"}}}}
{"Event":{"#attributes":{"xmlns":"http://schemas.microsoft.com/win/2004/08/events/event"},"System":{"Provider":{"#attributes":{"Name":"Microsoft-Windows-WMI-Activity","Guid":"1418EF04-B0B4-4623-BF7E-D74AB47BBDAA"}},"EventID":5857,"Version":0,"Level":0,"Task":0,"Opcode":0,"Keywords":"0x4000000000000000","TimeCreated":{"#attributes":{"SystemTime":"2021-06-02T03:35:46.912200Z"}},"EventRecordID":1814,"Correlation":null,"Execution":{"#attributes":{"ProcessID":3780,"ThreadID":4588}},"Channel":"Microsoft-Windows-WMI-Activity/Operational","Computer":"IPSERVER","Security":{"#attributes":{"UserID":"S-1-5-20"}}},"UserData":{"Operation_StartedOperational":{"#attributes":{"xmlns":"http://manifests.microsoft.com/win/2006/windows/WMI"},"ProviderName":"CIMWin32a","Code":"0x0","HostProcess":"wmiprvse.exe","ProcessID":3780,"ProviderPath":"%systemroot%\\system32\\wbem\\wmipcima.dll"}}}}
{"Event":{"#attributes":{"xmlns":"http://schemas.microsoft.com/win/2004/08/events/event"},"System":{"Provider":{"#attributes":{"Name":"Microsoft-Windows-WMI-Activity","Guid":"1418EF04-B0B4-4623-BF7E-D74AB47BBDAA"}},"EventID":5857,"Version":0,"Level":0,"Task":0,"Opcode":0,"Keywords":"0x4000000000000000","TimeCreated":{"#attributes":{"SystemTime":"2021-06-02T04:35:31.157490Z"}},"EventRecordID":1815,"Correlation":null,"Execution":{"#attributes":{"ProcessID":4120,"ThreadID":4800}},"Channel":"Microsoft-Windows-WMI-Activity/Operational","Computer":"IPSERVER","Security":{"#attributes":{"UserID":"S-1-5-20"}}},"UserData":{"Operation_StartedOperational":{"#attributes":{"xmlns":"http://manifests.microsoft.com/win/2006/windows/WMI"},"ProviderName":"CIMWin32","Code":"0x0","HostProcess":"wmiprvse.exe","ProcessID":4120,"ProviderPath":"%systemroot%\\system32\\wbem\\cimwin32.dll"}}}}
{"Event":{"#attributes":{"xmlns":"http://schemas.microsoft.com/win/2004/08/events/event"},"System":{"Provider":{"#attributes":{"Name":"Microsoft-Windows-WMI-Activity","Guid":"1418EF04-B0B4-4623-BF7E-D74AB47BBDAA"}},"EventID":5857,"Version":0,"Level":0,"Task":0,"Opcode":0,"Keywords":"0x4000000000000000","TimeCreated":{"#attributes":{"SystemTime":"2021-06-02T04:35:31.198099Z"}},"EventRecordID":1816,"Correlation":null,"Execution":{"#attributes":{"ProcessID":4120,"ThreadID":4800}},"Channel":"Microsoft-Windows-WMI-Activity/Operational","Computer":"IPSERVER","Security":{"#attributes":{"UserID":"S-1-5-20"}}},"UserData":{"Operation_StartedOperational":{"#attributes":{"xmlns":"http://manifests.microsoft.com/win/2006/windows/WMI"},"ProviderName":"CIMWin32a","Code":"0x0","HostProcess":"wmiprvse.exe","ProcessID":4120,"ProviderPath":"%systemroot%\\system32\\wbem\\wmipcima.dll"}}}}
{"Event":{"#attributes":{"xmlns":"http://schemas.microsoft.com/win/2004/08/events/event"},"System":{"Provider":{"#attributes":{"Name":"Microsoft-Windows-WMI-Activity","Guid":"1418EF04-B0B4-4623-BF7E-D74AB47BBDAA"}},"EventID":5857,"Version":0,"Level":0,"Task":0,"Opcode":0,"Keywords":"0x4000000000000000","TimeCreated":{"#attributes":{"SystemTime":"2021-06-02T05:35:46.501410Z"}},"EventRecordID":1817,"Correlation":null,"Execution":{"#attributes":{"ProcessID":456,"ThreadID":3040}},"Channel":"Microsoft-Windows-WMI-Activity/Operational","Computer":"IPSERVER","Security":{"#attributes":{"UserID":"S-1-5-20"}}},"UserData":{"Operation_StartedOperational":{"#attributes":{"xmlns":"http://manifests.microsoft.com/win/2006/windows/WMI"},"ProviderName":"CIMWin32","Code":"0x0","HostProcess":"wmiprvse.exe","ProcessID":456,"ProviderPath":"%systemroot%\\system32\\wbem\\cimwin32.dll"}}}}
{"Event":{"#attributes":{"xmlns":"http://schemas.microsoft.com/win/2004/08/events/event"},"System":{"Provider":{"#attributes":{"Name":"Microsoft-Windows-WMI-Activity","Guid":"1418EF04-B0B4-4623-BF7E-D74AB47BBDAA"}},"EventID":5857,"Version":0,"Level":0,"Task":0,"Opcode":0,"Keywords":"0x4000000000000000","TimeCreated":{"#attributes":{"SystemTime":"2021-06-02T05:35:46.542520Z"}},"EventRecordID":1818,"Correlation":null,"Execution":{"#attributes":{"ProcessID":456,"ThreadID":3040}},"Channel":"Microsoft-Windows-WMI-Activity/Operational","Computer":"IPSERVER","Security":{"#attributes":{"UserID":"S-1-5-20"}}},"UserData":{"Operation_StartedOperational":{"#attributes":{"xmlns":"http://manifests.microsoft.com/win/2006/windows/WMI"},"ProviderName":"CIMWin32a","Code":"0x0","HostProcess":"wmiprvse.exe","ProcessID":456,"ProviderPath":"%systemroot%\\system32\\wbem\\wmipcima.dll"}}}}
{"Event":{"#attributes":{"xmlns":"http://schemas.microsoft.com/win/2004/08/events/event"},"System":{"Provider":{"#attributes":{"Name":"Microsoft-Windows-WMI-Activity","Guid":"1418EF04-B0B4-4623-BF7E-D74AB47BBDAA"}},"EventID":5857,"Version":0,"Level":0,"Task":0,"Opcode":0,"Keywords":"0x4000000000000000","TimeCreated":{"#attributes":{"SystemTime":"2021-06-02T06:35:46.532065Z"}},"EventRecordID":1819,"Correlation":null,"Execution":{"#attributes":{"ProcessID":5916,"ThreadID":1476}},"Channel":"Microsoft-Windows-WMI-Activity/Operational","Computer":"IPSERVER","Security":{"#attributes":{"UserID":"S-1-5-20"}}},"UserData":{"Operation_StartedOperational":{"#attributes":{"xmlns":"http://manifests.microsoft.com/win/2006/windows/WMI"},"ProviderName":"CIMWin32","Code":"0x0","HostProcess":"wmiprvse.exe","ProcessID":5916,"ProviderPath":"%systemroot%\\system32\\wbem\\cimwin32.dll"}}}}
{"Event":{"#attributes":{"xmlns":"http://schemas.microsoft.com/win/2004/08/events/event"},"System":{"Provider":{"#attributes":{"Name":"Microsoft-Windows-WMI-Activity","Guid":"1418EF04-B0B4-4623-BF7E-D74AB47BBDAA"}},"EventID":5857,"Version":0,"Level":0,"Task":0,"Opcode":0,"Keywords":"0x4000000000000000","TimeCreated":{"#attributes":{"SystemTime":"2021-06-02T06:35:46.573169Z"}},"EventRecordID":1820,"Correlation":null,"Execution":{"#attributes":{"ProcessID":5916,"ThreadID":1476}},"Channel":"Microsoft-Windows-WMI-Activity/Operational","Computer":"IPSERVER","Security":{"#attributes":{"UserID":"S-1-5-20"}}},"UserData":{"Operation_StartedOperational":{"#attributes":{"xmlns":"http://manifests.microsoft.com/win/2006/windows/WMI"},"ProviderName":"CIMWin32a","Code":"0x0","HostProcess":"wmiprvse.exe","ProcessID":5916,"ProviderPath":"%systemroot%\\system32\\wbem\\wmipcima.dll"}}}}
{"Event":{"#attributes":{"xmlns":"http://schemas.microsoft.com/win/2004/08/events/event"},"System":{"Provider":{"#attributes":{"Name":"Microsoft-Windows-WMI-Activity","Guid":"1418EF04-B0B4-4623-BF7E-D74AB47BBDAA"}},"EventID":5857,"Version":0,"Level":0,"Task":0,"Opcode":0,"Keywords":"0x4000000000000000","TimeCreated":{"#attributes":{"SystemTime":"2021-06-02T06:55:42.173209Z"}},"EventRecordID":1821,"Correlation":null,"Execution":{"#attributes":{"ProcessID":4524,"ThreadID":5884}},"Channel":"Microsoft-Windows-WMI-Activity/Operational","Computer":"IPSERVER","Security":{"#attributes":{"UserID":"S-1-5-20"}}},"UserData":{"Operation_StartedOperational":{"#attributes":{"xmlns":"http://manifests.microsoft.com/win/2006/windows/WMI"},"ProviderName":"CIMWin32","Code":"0x0","HostProcess":"wmiprvse.exe","ProcessID":4524,"ProviderPath":"%systemroot%\\system32\\wbem\\cimwin32.dll"}}}}
{"Event":{"#attributes":{"xmlns":"http://schemas.microsoft.com/win/2004/08/events/event"},"System":{"Provider":{"#attributes":{"Name":"Microsoft-Windows-WMI-Activity","Guid":"1418EF04-B0B4-4623-BF7E-D74AB47BBDAA"}},"EventID":5857,"Version":0,"Level":0,"Task":0,"Opcode":0,"Keywords":"0x4000000000000000","TimeCreated":{"#attributes":{"SystemTime":"2021-06-02T06:55:42.214391Z"}},"EventRecordID":1822,"Correlation":null,"Execution":{"#attributes":{"ProcessID":4524,"ThreadID":5884}},"Channel":"Microsoft-Windows-WMI-Activity/Operational","Computer":"IPSERVER","Security":{"#attributes":{"UserID":"S-1-5-20"}}},"UserData":{"Operation_StartedOperational":{"#attributes":{"xmlns":"http://manifests.microsoft.com/win/2006/windows/WMI"},"ProviderName":"CIMWin32a","Code":"0x0","HostProcess":"wmiprvse.exe","ProcessID":4524,"ProviderPath":"%systemroot%\\system32\\wbem\\wmipcima.dll"}}}}
{"Event":{"#attributes":{"xmlns":"http://schemas.microsoft.com/win/2004/08/events/event"},"System":{"Provider":{"#attributes":{"Name":"Microsoft-Windows-WMI-Activity","Guid":"1418EF04-B0B4-4623-BF7E-D74AB47BBDAA"}},"EventID":5857,"Version":0,"Level":0,"Task":0,"Opcode":0,"Keywords":"0x4000000000000000","TimeCreated":{"#attributes":{"SystemTime":"2021-06-02T07:08:46.810969Z"}},"EventRecordID":1823,"Correlation":null,"Execution":{"#attributes":{"ProcessID":4468,"ThreadID":5856}},"Channel":"Microsoft-Windows-WMI-Activity/Operational","Computer":"IPSERVER","Security":{"#attributes":{"UserID":"S-1-5-20"}}},"UserData":{"Operation_StartedOperational":{"#attributes":{"xmlns":"http://manifests.microsoft.com/win/2006/windows/WMI"},"ProviderName":"CIMWin32","Code":"0x0","HostProcess":"wmiprvse.exe","ProcessID":4468,"ProviderPath":"%systemroot%\\system32\\wbem\\cimwin32.dll"}}}}
{"Event":{"#attributes":{"xmlns":"http://schemas.microsoft.com/win/2004/08/events/event"},"System":{"Provider":{"#attributes":{"Name":"Microsoft-Windows-WMI-Activity","Guid":"1418EF04-B0B4-4623-BF7E-D74AB47BBDAA"}},"EventID":5857,"Version":0,"Level":0,"Task":0,"Opcode":0,"Keywords":"0x4000000000000000","TimeCreated":{"#attributes":{"SystemTime":"2021-06-02T07:35:46.524673Z"}},"EventRecordID":1824,"Correlation":null,"Execution":{"#attributes":{"ProcessID":780,"ThreadID":5132}},"Channel":"Microsoft-Windows-WMI-Activity/Operational","Computer":"IPSERVER","Security":{"#attributes":{"UserID":"S-1-5-20"}}},"UserData":{"Operation_StartedOperational":{"#attributes":{"xmlns":"http://manifests.microsoft.com/win/2006/windows/WMI"},"ProviderName":"CIMWin32","Code":"0x0","HostProcess":"wmiprvse.exe","ProcessID":780,"ProviderPath":"%systemroot%\\system32\\wbem\\cimwin32.dll"}}}}
{"Event":{"#attributes":{"xmlns":"http://schemas.microsoft.com/win/2004/08/events/event"},"System":{"Provider":{"#attributes":{"Name":"Microsoft-Windows-WMI-Activity","Guid":"1418EF04-B0B4-4623-BF7E-D74AB47BBDAA"}},"EventID":5857,"Version":0,"Level":0,"Task":0,"Opcode":0,"Keywords":"0x4000000000000000","TimeCreated":{"#attributes":{"SystemTime":"2021-06-02T07:35:46.562803Z"}},"EventRecordID":1825,"Correlation":null,"Execution":{"#attributes":{"ProcessID":780,"ThreadID":5132}},"Channel":"Microsoft-Windows-WMI-Activity/Operational","Computer":"IPSERVER","Security":{"#attributes":{"UserID":"S-1-5-20"}}},"UserData":{"Operation_StartedOperational":{"#attributes":{"xmlns":"http://manifests.microsoft.com/win/2006/windows/WMI"},"ProviderName":"CIMWin32a","Code":"0x0","HostProcess":"wmiprvse.exe","ProcessID":780,"ProviderPath":"%systemroot%\\system32\\wbem\\wmipcima.dll"}}}}
{"Event":{"#attributes":{"xmlns":"http://schemas.microsoft.com/win/2004/08/events/event"},"System":{"Provider":{"#attributes":{"Name":"Microsoft-Windows-WMI-Activity","Guid":"1418EF04-B0B4-4623-BF7E-D74AB47BBDAA"}},"EventID":5857,"Version":0,"Level":0,"Task":0,"Opcode":0,"Keywords":"0x4000000000000000","TimeCreated":{"#attributes":{"SystemTime":"2021-06-02T08:35:46.524620Z"}},"EventRecordID":1826,"Correlation":null,"Execution":{"#attributes":{"ProcessID":724,"ThreadID":5188}},"Channel":"Microsoft-Windows-WMI-Activity/Operational","Computer":"IPSERVER","Security":{"#attributes":{"UserID":"S-1-5-20"}}},"UserData":{"Operation_StartedOperational":{"#attributes":{"xmlns":"http://manifests.microsoft.com/win/2006/windows/WMI"},"ProviderName":"CIMWin32","Code":"0x0","HostProcess":"wmiprvse.exe","ProcessID":724,"ProviderPath":"%systemroot%\\system32\\wbem\\cimwin32.dll"}}}}
{"Event":{"#attributes":{"xmlns":"http://schemas.microsoft.com/win/2004/08/events/event"},"System":{"Provider":{"#attributes":{"Name":"Microsoft-Windows-WMI-Activity","Guid":"1418EF04-B0B4-4623-BF7E-D74AB47BBDAA"}},"EventID":5857,"Version":0,"Level":0,"Task":0,"Opcode":0,"Keywords":"0x4000000000000000","TimeCreated":{"#attributes":{"SystemTime":"2021-06-02T08:35:46.563907Z"}},"EventRecordID":1827,"Correlation":null,"Execution":{"#attributes":{"ProcessID":724,"ThreadID":5188}},"Channel":"Microsoft-Windows-WMI-Activity/Operational","Computer":"IPSERVER","Security":{"#attributes":{"UserID":"S-1-5-20"}}},"UserData":{"Operation_StartedOperational":{"#attributes":{"xmlns":"http://manifests.microsoft.com/win/2006/windows/WMI"},"ProviderName":"CIMWin32a","Code":"0x0","HostProcess":"wmiprvse.exe","ProcessID":724,"ProviderPath":"%systemroot%\\system32\\wbem\\wmipcima.dll"}}}}
{"Event":{"#attributes":{"xmlns":"http://schemas.microsoft.com/win/2004/08/events/event"},"System":{"Provider":{"#attributes":{"Name":"Microsoft-Windows-WMI-Activity","Guid":"1418EF04-B0B4-4623-BF7E-D74AB47BBDAA"}},"EventID":5857,"Version":0,"Level":0,"Task":0,"Opcode":0,"Keywords":"0x4000000000000000","TimeCreated":{"#attributes":{"SystemTime":"2021-06-02T09:35:46.539134Z"}},"EventRecordID":1828,"Correlation":null,"Execution":{"#attributes":{"ProcessID":4900,"ThreadID":5576}},"Channel":"Microsoft-Windows-WMI-Activity/Operational","Computer":"IPSERVER","Security":{"#attributes":{"UserID":"S-1-5-20"}}},"UserData":{"Operation_StartedOperational":{"#attributes":{"xmlns":"http://manifests.microsoft.com/win/2006/windows/WMI"},"ProviderName":"CIMWin32","Code":"0x0","HostProcess":"wmiprvse.exe","ProcessID":4900,"ProviderPath":"%systemroot%\\system32\\wbem\\cimwin32.dll"}}}}
{"Event":{"#attributes":{"xmlns":"http://schemas.microsoft.com/win/2004/08/events/event"},"System":{"Provider":{"#attributes":{"Name":"Microsoft-Windows-WMI-Activity","Guid":"1418EF04-B0B4-4623-BF7E-D74AB47BBDAA"}},"EventID":5857,"Version":0,"Level":0,"Task":0,"Opcode":0,"Keywords":"0x4000000000000000","TimeCreated":{"#attributes":{"SystemTime":"2021-06-02T09:35:46.577650Z"}},"EventRecordID":1829,"Correlation":null,"Execution":{"#attributes":{"ProcessID":4900,"ThreadID":5576}},"Channel":"Microsoft-Windows-WMI-Activity/Operational","Computer":"IPSERVER","Security":{"#attributes":{"UserID":"S-1-5-20"}}},"UserData":{"Operation_StartedOperational":{"#attributes":{"xmlns":"http://manifests.microsoft.com/win/2006/windows/WMI"},"ProviderName":"CIMWin32a","Code":"0x0","HostProcess":"wmiprvse.exe","ProcessID":4900,"ProviderPath":"%systemroot%\\system32\\wbem\\wmipcima.dll"}}}}
{"Event":{"#attributes":{"xmlns":"http://schemas.microsoft.com/win/2004/08/events/event"},"System":{"Provider":{"#attributes":{"Name":"Microsoft-Windows-WMI-Activity","Guid":"1418EF04-B0B4-4623-BF7E-D74AB47BBDAA"}},"EventID":5857,"Version":0,"Level":0,"Task":0,"Opcode":0,"Keywords":"0x4000000000000000","TimeCreated":{"#attributes":{"SystemTime":"2021-06-02T10:35:46.534286Z"}},"EventRecordID":1830,"Correlation":null,"Execution":{"#attributes":{"ProcessID":4128,"ThreadID":4112}},"Channel":"Microsoft-Windows-WMI-Activity/Operational","Computer":"IPSERVER","Security":{"#attributes":{"UserID":"S-1-5-20"}}},"UserData":{"Operation_StartedOperational":{"#attributes":{"xmlns":"http://manifests.microsoft.com/win/2006/windows/WMI"},"ProviderName":"CIMWin32","Code":"0x0","HostProcess":"wmiprvse.exe","ProcessID":4128,"ProviderPath":"%systemroot%\\system32\\wbem\\cimwin32.dll"}}}}
{"Event":{"#attributes":{"xmlns":"http://schemas.microsoft.com/win/2004/08/events/event"},"System":{"Provider":{"#attributes":{"Name":"Microsoft-Windows-WMI-Activity","Guid":"1418EF04-B0B4-4623-BF7E-D74AB47BBDAA"}},"EventID":5857,"Version":0,"Level":0,"Task":0,"Opcode":0,"Keywords":"0x4000000000000000","TimeCreated":{"#attributes":{"SystemTime":"2021-06-02T10:35:46.575946Z"}},"EventRecordID":1831,"Correlation":null,"Execution":{"#attributes":{"ProcessID":4128,"ThreadID":4112}},"Channel":"Microsoft-Windows-WMI-Activity/Operational","Computer":"IPSERVER","Security":{"#attributes":{"UserID":"S-1-5-20"}}},"UserData":{"Operation_StartedOperational":{"#attributes":{"xmlns":"http://manifests.microsoft.com/win/2006/windows/WMI"},"ProviderName":"CIMWin32a","Code":"0x0","HostProcess":"wmiprvse.exe","ProcessID":4128,"ProviderPath":"%systemroot%\\system32\\wbem\\wmipcima.dll"}}}}
{"Event":{"#attributes":{"xmlns":"http://schemas.microsoft.com/win/2004/08/events/event"},"System":{"Provider":{"#attributes":{"Name":"Microsoft-Windows-WMI-Activity","Guid":"1418EF04-B0B4-4623-BF7E-D74AB47BBDAA"}},"EventID":5857,"Version":0,"Level":0,"Task":0,"Opcode":0,"Keywords":"0x4000000000000000","TimeCreated":{"#attributes":{"SystemTime":"2021-06-02T11:35:46.554766Z"}},"EventRecordID":1832,"Correlation":null,"Execution":{"#attributes":{"ProcessID":3812,"ThreadID":5180}},"Channel":"Microsoft-Windows-WMI-Activity/Operational","Computer":"IPSERVER","Security":{"#attributes":{"UserID":"S-1-5-20"}}},"UserData":{"Operation_StartedOperational":{"#attributes":{"xmlns":"http://manifests.microsoft.com/win/2006/windows/WMI"},"ProviderName":"CIMWin32","Code":"0x0","HostProcess":"wmiprvse.exe","ProcessID":3812,"ProviderPath":"%systemroot%\\system32\\wbem\\cimwin32.dll"}}}}
{"Event":{"#attributes":{"xmlns":"http://schemas.microsoft.com/win/2004/08/events/event"},"System":{"Provider":{"#attributes":{"Name":"Microsoft-Windows-WMI-Activity","Guid":"1418EF04-B0B4-4623-BF7E-D74AB47BBDAA"}},"EventID":5857,"Version":0,"Level":0,"Task":0,"Opcode":0,"Keywords":"0x4000000000000000","TimeCreated":{"#attributes":{"SystemTime":"2021-06-02T11:35:46.598750Z"}},"EventRecordID":1833,"Correlation":null,"Execution":{"#attributes":{"ProcessID":3812,"ThreadID":5180}},"Channel":"Microsoft-Windows-WMI-Activity/Operational","Computer":"IPSERVER","Security":{"#attributes":{"UserID":"S-1-5-20"}}},"UserData":{"Operation_StartedOperational":{"#attributes":{"xmlns":"http://manifests.microsoft.com/win/2006/windows/WMI"},"ProviderName":"CIMWin32a","Code":"0x0","HostProcess":"wmiprvse.exe","ProcessID":3812,"ProviderPath":"%systemroot%\\system32\\wbem\\wmipcima.dll"}}}}
{"Event":{"#attributes":{"xmlns":"http://schemas.microsoft.com/win/2004/08/events/event"},"System":{"Provider":{"#attributes":{"Name":"Microsoft-Windows-WMI-Activity","Guid":"1418EF04-B0B4-4623-BF7E-D74AB47BBDAA"}},"EventID":5857,"Version":0,"Level":0,"Task":0,"Opcode":0,"Keywords":"0x4000000000000000","TimeCreated":{"#attributes":{"SystemTime":"2021-06-02T12:35:46.572012Z"}},"EventRecordID":1834,"Correlation":null,"Execution":{"#attributes":{"ProcessID":1388,"ThreadID":5644}},"Channel":"Microsoft-Windows-WMI-Activity/Operational","Computer":"IPSERVER","Security":{"#attributes":{"UserID":"S-1-5-20"}}},"UserData":{"Operation_StartedOperational":{"#attributes":{"xmlns":"http://manifests.microsoft.com/win/2006/windows/WMI"},"ProviderName":"CIMWin32","Code":"0x0","HostProcess":"wmiprvse.exe","ProcessID":1388,"ProviderPath":"%systemroot%\\system32\\wbem\\cimwin32.dll"}}}}
{"Event":{"#attributes":{"xmlns":"http://schemas.microsoft.com/win/2004/08/events/event"},"System":{"Provider":{"#attributes":{"Name":"Microsoft-Windows-WMI-Activity","Guid":"1418EF04-B0B4-4623-BF7E-D74AB47BBDAA"}},"EventID":5857,"Version":0,"Level":0,"Task":0,"Opcode":0,"Keywords":"0x4000000000000000","TimeCreated":{"#attributes":{"SystemTime":"2021-06-02T12:35:46.617750Z"}},"EventRecordID":1835,"Correlation":null,"Execution":{"#attributes":{"ProcessID":1388,"ThreadID":5644}},"Channel":"Microsoft-Windows-WMI-Activity/Operational","Computer":"IPSERVER","Security":{"#attributes":{"UserID":"S-1-5-20"}}},"UserData":{"Operation_StartedOperational":{"#attributes":{"xmlns":"http://manifests.microsoft.com/win/2006/windows/WMI"},"ProviderName":"CIMWin32a","Code":"0x0","HostProcess":"wmiprvse.exe","ProcessID":1388,"ProviderPath":"%systemroot%\\system32\\wbem\\wmipcima.dll"}}}}
{"Event":{"#attributes":{"xmlns":"http://schemas.microsoft.com/win/2004/08/events/event"},"System":{"Provider":{"#attributes":{"Name":"Microsoft-Windows-WMI-Activity","Guid":"1418EF04-B0B4-4623-BF7E-D74AB47BBDAA"}},"EventID":5857,"Version":0,"Level":0,"Task":0,"Opcode":0,"Keywords":"0x4000000000000000","TimeCreated":{"#attributes":{"SystemTime":"2021-06-02T13:35:46.565995Z"}},"EventRecordID":1836,"Correlation":null,"Execution":{"#attributes":{"ProcessID":956,"ThreadID":5672}},"Channel":"Microsoft-Windows-WMI-Activity/Operational","Computer":"IPSERVER","Security":{"#attributes":{"UserID":"S-1-5-20"}}},"UserData":{"Operation_StartedOperational":{"#attributes":{"xmlns":"http://manifests.microsoft.com/win/2006/windows/WMI"},"ProviderName":"CIMWin32","Code":"0x0","HostProcess":"wmiprvse.exe","ProcessID":956,"ProviderPath":"%systemroot%\\system32\\wbem\\cimwin32.dll"}}}}
{"Event":{"#attributes":{"xmlns":"http://schemas.microsoft.com/win/2004/08/events/event"},"System":{"Provider":{"#attributes":{"Name":"Microsoft-Windows-WMI-Activity","Guid":"1418EF04-B0B4-4623-BF7E-D74AB47BBDAA"}},"EventID":5857,"Version":0,"Level":0,"Task":0,"Opcode":0,"Keywords":"0x4000000000000000","TimeCreated":{"#attributes":{"SystemTime":"2021-06-02T13:35:46.604517Z"}},"EventRecordID":1837,"Correlation":null,"Execution":{"#attributes":{"ProcessID":956,"ThreadID":5672}},"Channel":"Microsoft-Windows-WMI-Activity/Operational","Computer":"IPSERVER","Security":{"#attributes":{"UserID":"S-1-5-20"}}},"UserData":{"Operation_StartedOperational":{"#attributes":{"xmlns":"http://manifests.microsoft.com/win/2006/windows/WMI"},"ProviderName":"CIMWin32a","Code":"0x0","HostProcess":"wmiprvse.exe","ProcessID":956,"ProviderPath":"%systemroot%\\system32\\wbem\\wmipcima.dll"}}}}
{"Event":{"#attributes":{"xmlns":"http://schemas.microsoft.com/win/2004/08/events/event"},"System":{"Provider":{"#attributes":{"Name":"Microsoft-Windows-WMI-Activity","Guid":"1418EF04-B0B4-4623-BF7E-D74AB47BBDAA"}},"EventID":5857,"Version":0,"Level":0,"Task":0,"Opcode":0,"Keywords":"0x4000000000000000","TimeCreated":{"#attributes":{"SystemTime":"2021-06-02T14:35:46.571782Z"}},"EventRecordID":1838,"Correlation":null,"Execution":{"#attributes":{"ProcessID":5136,"ThreadID":4836}},"Channel":"Microsoft-Windows-WMI-Activity/Operational","Computer":"IPSERVER","Security":{"#attributes":{"UserID":"S-1-5-20"}}},"UserData":{"Operation_StartedOperational":{"#attributes":{"xmlns":"http://manifests.microsoft.com/win/2006/windows/WMI"},"ProviderName":"CIMWin32","Code":"0x0","HostProcess":"wmiprvse.exe","ProcessID":5136,"ProviderPath":"%systemroot%\\system32\\wbem\\cimwin32.dll"}}}}
{"Event":{"#attributes":{"xmlns":"http://schemas.microsoft.com/win/2004/08/events/event"},"System":{"Provider":{"#attributes":{"Name":"Microsoft-Windows-WMI-Activity","Guid":"1418EF04-B0B4-4623-BF7E-D74AB47BBDAA"}},"EventID":5857,"Version":0,"Level":0,"Task":0,"Opcode":0,"Keywords":"0x4000000000000000","TimeCreated":{"#attributes":{"SystemTime":"2021-06-02T14:35:46.614528Z"}},"EventRecordID":1839,"Correlation":null,"Execution":{"#attributes":{"ProcessID":5136,"ThreadID":4836}},"Channel":"Microsoft-Windows-WMI-Activity/Operational","Computer":"IPSERVER","Security":{"#attributes":{"UserID":"S-1-5-20"}}},"UserData":{"Operation_StartedOperational":{"#attributes":{"xmlns":"http://manifests.microsoft.com/win/2006/windows/WMI"},"ProviderName":"CIMWin32a","Code":"0x0","HostProcess":"wmiprvse.exe","ProcessID":5136,"ProviderPath":"%systemroot%\\system32\\wbem\\wmipcima.dll"}}}}
{"Event":{"#attributes":{"xmlns":"http://schemas.microsoft.com/win/2004/08/events/event"},"System":{"Provider":{"#attributes":{"Name":"Microsoft-Windows-WMI-Activity","Guid":"1418EF04-B0B4-4623-BF7E-D74AB47BBDAA"}},"EventID":5857,"Version":0,"Level":0,"Task":0,"Opcode":0,"Keywords":"0x4000000000000000","TimeCreated":{"#attributes":{"SystemTime":"2021-06-02T14:53:59.721177Z"}},"EventRecordID":1840,"Correlation":null,"Execution":{"#attributes":{"ProcessID":5208,"ThreadID":5412}},"Channel":"Microsoft-Windows-WMI-Activity/Operational","Computer":"IPSERVER","Security":{"#attributes":{"UserID":"S-1-5-20"}}},"UserData":{"Operation_StartedOperational":{"#attributes":{"xmlns":"http://manifests.microsoft.com/win/2006/windows/WMI"},"ProviderName":"CIMWin32","Code":"0x0","HostProcess":"wmiprvse.exe","ProcessID":5208,"ProviderPath":"%systemroot%\\system32\\wbem\\cimwin32.dll"}}}}
{"Event":{"#attributes":{"xmlns":"http://schemas.microsoft.com/win/2004/08/events/event"},"System":{"Provider":{"#attributes":{"Name":"Microsoft-Windows-WMI-Activity","Guid":"1418EF04-B0B4-4623-BF7E-D74AB47BBDAA"}},"EventID":5857,"Version":0,"Level":0,"Task":0,"Opcode":0,"Keywords":"0x4000000000000000","TimeCreated":{"#attributes":{"SystemTime":"2021-06-02T14:53:59.902985Z"}},"EventRecordID":1841,"Correlation":null,"Execution":{"#attributes":{"ProcessID":5208,"ThreadID":3296}},"Channel":"Microsoft-Windows-WMI-Activity/Operational","Computer":"IPSERVER","Security":{"#attributes":{"UserID":"S-1-5-20"}}},"UserData":{"Operation_StartedOperational":{"#attributes":{"xmlns":"http://manifests.microsoft.com/win/2006/windows/WMI"},"ProviderName":"CIMWin32a","Code":"0x0","HostProcess":"wmiprvse.exe","ProcessID":5208,"ProviderPath":"%systemroot%\\system32\\wbem\\wmipcima.dll"}}}}
