{"Event":{"#attributes":{"xmlns":"http://schemas.microsoft.com/win/2004/08/events/event"},"System":{"Provider":{"#attributes":{"Name":"Microsoft-Windows-WMI-Activity","Guid":"1418EF04-B0B4-4623-BF7E-D74AB47BBDAA"}},"EventID":5857,"Version":0,"Level":0,"Task":0,"Opcode":0,"Keywords":"0x4000000000000000","TimeCreated":{"#attributes":{"SystemTime":"2021-06-02T15:46:17.696972Z"}},"EventRecordID":1842,"Correlation":null,"Execution":{"#attributes":{"ProcessID":2024,"ThreadID":1268}},"Channel":"Microsoft-Windows-WMI-Activity/Operational","Computer":"IPSERVER","Security":{"#attributes":{"UserID":"S-1-5-20"}}},"UserData":{"Operation_StartedOperational":{"#attributes":{"xmlns":"http://manifests.microsoft.com/win/2006/windows/WMI"},"ProviderName":"UserProfileProvider","Code":"0x0","HostProcess":"wmiprvse.exe","ProcessID":2024,"ProviderPath":"%systemroot%\\system32\\profprov.dll"}}}}
{"Event":{"#attributes":{"xmlns":"http://schemas.microsoft.com/win/2004/08/events/event"},"System":{"Provider":{"#attributes":{"Name":"Microsoft-Windows-WMI-Activity","Guid":"1418EF04-B0B4-4623-BF7E-D74AB47BBDAA"}},"EventID":5857,"Version":0,"Level":0,"Task":0,"Opcode":0,"Keywords":"0x4000000000000000","TimeCreated":{"#attributes":{"SystemTime":"2021-06-02T15:48:51.823683Z"}},"EventRecordID":1843,"Correlation":null,"Execution":{"#attributes":{"ProcessID":4488,"ThreadID":1020}},"Channel":"Microsoft-Windows-WMI-Activity/Operational","Computer":"IPSERVER","Security":{"#attributes":{"UserID":"S-1-5-20"}}},"UserData":{"Operation_StartedOperational":{"#attributes":{"xmlns":"http://manifests.microsoft.com/win/2006/windows/WMI"},"ProviderName":"CIMWin32","Code":"0x0","HostProcess":"wmiprvse.exe","ProcessID":4488,"ProviderPath":"%systemroot%\\system32\\wbem\\cimwin32.dll"}}}}
{"Event":{"#attributes":{"xmlns":"http://schemas.microsoft.com/win/2004/08/events/event"},"System":{"Provider":{"#attributes":{"Name":"Microsoft-Windows-WMI-Activity","Guid":"1418EF04-B0B4-4623-BF7E-D74AB47BBDAA"}},"EventID":5857,"Version":0,"Level":0,"Task":0,"Opcode":0,"Keywords":"0x4000000000000000","TimeCreated":{"#attributes":{"SystemTime":"2021-06-02T15:54:06.405929Z"}},"EventRecordID":1844,"Correlation":null,"Execution":{"#attributes":{"ProcessID":4868,"ThreadID":5576}},"Channel":"Microsoft-Windows-WMI-Activity/Operational","Computer":"IPSERVER","Security":{"#attributes":{"UserID":"S-1-5-20"}}},"UserData":{"Operation_StartedOperational":{"#attributes":{"xmlns":"http://manifests.microsoft.com/win/2006/windows/WMI"},"ProviderName":"CIMWin32","Code":"0x0","HostProcess":"wmiprvse.exe","ProcessID":4868,"ProviderPath":"%systemroot%\\system32\\wbem\\cimwin32.dll"}}}}
{"Event":{"#attributes":{"xmlns":"http://schemas.microsoft.com/win/2004/08/events/event"},"System":{"Provider":{"#attributes":{"Name":"Microsoft-Windows-WMI-Activity","Guid":"1418EF04-B0B4-4623-BF7E-D74AB47BBDAA"}},"EventID":5857,"Version":0,"Level":0,"Task":0,"Opcode":0,"Keywords":"0x4000000000000000","TimeCreated":{"#attributes":{"SystemTime":"2021-06-02T15:54:06.445659Z"}},"EventRecordID":1845,"Correlation":null,"Execution":{"#attributes":{"ProcessID":4868,"ThreadID":5576}},"Channel":"Microsoft-Windows-WMI-Activity/Operational","Computer":"IPSERVER","Security":{"#attributes":{"UserID":"S-1-5-20"}}},"UserData":{"Operation_StartedOperational":{"#attributes":{"xmlns":"http://manifests.microsoft.com/win/2006/windows/WMI"},"ProviderName":"CIMWin32a","Code":"0x0","HostProcess":"wmiprvse.exe","ProcessID":4868,"ProviderPath":"%systemroot%\\system32\\wbem\\wmipcima.dll"}}}}
{"Event":{"#attributes":{"xmlns":"http://schemas.microsoft.com/win/2004/08/events/event"},"System":{"Provider":{"#attributes":{"Name":"Microsoft-Windows-WMI-Activity","Guid":"1418EF04-B0B4-4623-BF7E-D74AB47BBDAA"}},"EventID":5857,"Version":0,"Level":0,"Task":0,"Opcode":0,"Keywords":"0x4000000000000000","TimeCreated":{"#attributes":{"SystemTime":"2021-06-02T16:02:22.704948Z"}},"EventRecordID":1846,"Correlation":null,"Execution":{"#attributes":{"ProcessID":4128,"ThreadID":4816}},"Channel":"Microsoft-Windows-WMI-Activity/Operational","Computer":"IPSERVER","Security":{"#attributes":{"UserID":"S-1-5-18"}}},"UserData":{"Operation_StartedOperational":{"#attributes":{"xmlns":"http://manifests.microsoft.com/win/2006/windows/WMI"},"ProviderName":"WMIProv","Code":"0x0","HostProcess":"wmiprvse.exe","ProcessID":4128,"ProviderPath":"%systemroot%\\system32\\wbem\\wmiprov.dll"}}}}
{"Event":{"#attributes":{"xmlns":"http://schemas.microsoft.com/win/2004/08/events/event"},"System":{"Provider":{"#attributes":{"Name":"Microsoft-Windows-WMI-Activity","Guid":"1418EF04-B0B4-4623-BF7E-D74AB47BBDAA"}},"EventID":5857,"Version":0,"Level":0,"Task":0,"Opcode":0,"Keywords":"0x4000000000000000","TimeCreated":{"#attributes":{"SystemTime":"2021-06-02T16:54:06.423071Z"}},"EventRecordID":1847,"Correlation":null,"Execution":{"#attributes":{"ProcessID":1468,"ThreadID":1596}},"Channel":"Microsoft-Windows-WMI-Activity/Operational","Computer":"IPSERVER","Security":{"#attributes":{"UserID":"S-1-5-20"}}},"UserData":{"Operation_StartedOperational":{"#attributes":{"xmlns":"http://manifests.microsoft.com/win/2006/windows/WMI"},"ProviderName":"CIMWin32","Code":"0x0","HostProcess":"wmiprvse.exe","ProcessID":1468,"ProviderPath":"%systemroot%\\system32\\wbem\\cimwin32.dll"}}}}
{"Event":{"#attributes":{"xmlns":"http://schemas.microsoft.com/win/2004/08/events/event"},"System":{"Provider":{"#attributes":{"Name":"Microsoft-Windows-WMI-Activity","Guid":"1418EF04-B0B4-4623-BF7E-D74AB47BBDAA"}},"EventID":5857,"Version":0,"Level":0,"Task":0,"Opcode":0,"Keywords":"0x4000000000000000","TimeCreated":{"#attributes":{"SystemTime":"2021-06-02T16:54:06.468616Z"}},"EventRecordID":1848,"Correlation":null,"Execution":{"#attributes":{"ProcessID":1468,"ThreadID":1596}},"Channel":"Microsoft-Windows-WMI-Activity/Operational","Computer":"IPSERVER","Security":{"#attributes":{"UserID":"S-1-5-20"}}},"UserData":{"Operation_StartedOperational":{"#attributes":{"xmlns":"http://manifests.microsoft.com/win/2006/windows/WMI"},"ProviderName":"CIMWin32a","Code":"0x0","HostProcess":"wmiprvse.exe","ProcessID":1468,"ProviderPath":"%systemroot%\\system32\\wbem\\wmipcima.dll"}}}}
{"Event":{"#attributes":{"xmlns":"http://schemas.microsoft.com/win/2004/08/events/event"},"System":{"Provider":{"#attributes":{"Name":"Microsoft-Windows-WMI-Activity","Guid":"1418EF04-B0B4-4623-BF7E-D74AB47BBDAA"}},"EventID":5857,"Version":0,"Level":0,"Task":0,"Opcode":0,"Keywords":"0x4000000000000000","TimeCreated":{"#attributes":{"SystemTime":"2021-06-02T17:54:06.427223Z"}},"EventRecordID":1849,"Correlation":null,"Execution":{"#attributes":{"ProcessID":1048,"ThreadID":2724}},"Channel":"Microsoft-Windows-WMI-Activity/Operational","Computer":"IPSERVER","Security":{"#attributes":{"UserID":"S-1-5-20"}}},"UserData":{"Operation_StartedOperational":{"#attributes":{"xmlns":"http://manifests.microsoft.com/win/2006/windows/WMI"},"ProviderName":"CIMWin32","Code":"0x0","HostProcess":"wmiprvse.exe","ProcessID":1048,"ProviderPath":"%systemroot%\\system32\\wbem\\cimwin32.dll"}}}}
{"Event":{"#attributes":{"xmlns":"http://schemas.microsoft.com/win/2004/08/events/event"},"System":{"Provider":{"#attributes":{"Name":"Microsoft-Windows-WMI-Activity","Guid":"1418EF04-B0B4-4623-BF7E-D74AB47BBDAA"}},"EventID":5857,"Version":0,"Level":0,"Task":0,"Opcode":0,"Keywords":"0x4000000000000000","TimeCreated":{"#attributes":{"SystemTime":"2021-06-02T17:54:06.468383Z"}},"EventRecordID":1850,"Correlation":null,"Execution":{"#attributes":{"ProcessID":1048,"ThreadID":2724}},"Channel":"Microsoft-Windows-WMI-Activity/Operational","Computer":"IPSERVER","Security":{"#attributes":{"UserID":"S-1-5-20"}}},"UserData":{"Operation_StartedOperational":{"#attributes":{"xmlns":"http://manifests.microsoft.com/win/2006/windows/WMI"},"ProviderName":"CIMWin32a","Code":"0x0","HostProcess":"wmiprvse.exe","ProcessID":1048,"ProviderPath":"%systemroot%\\system32\\wbem\\wmipcima.dll"}}}}
{"Event":{"#attributes":{"xmlns":"http://schemas.microsoft.com/win/2004/08/events/event"},"System":{"Provider":{"#attributes":{"Name":"Microsoft-Windows-WMI-Activity","Guid":"1418EF04-B0B4-4623-BF7E-D74AB47BBDAA"}},"EventID":5857,"Version":0,"Level":0,"Task":0,"Opcode":0,"Keywords":"0x4000000000000000","TimeCreated":{"#attributes":{"SystemTime":"2021-06-02T18:54:06.421186Z"}},"EventRecordID":1851,"Correlation":null,"Execution":{"#attributes":{"ProcessID":5520,"ThreadID":5132}},"Channel":"Microsoft-Windows-WMI-Activity/Operational","Computer":"IPSERVER","Security":{"#attributes":{"UserID":"S-1-5-20"}}},"UserData":{"Operation_StartedOperational":{"#attributes":{"xmlns":"http://manifests.microsoft.com/win/2006/windows/WMI"},"ProviderName":"CIMWin32","Code":"0x0","HostProcess":"wmiprvse.exe","ProcessID":5520,"ProviderPath":"%systemroot%\\system32\\wbem\\cimwin32.dll"}}}}
{"Event":{"#attributes":{"xmlns":"http://schemas.microsoft.com/win/2004/08/events/event"},"System":{"Provider":{"#attributes":{"Name":"Microsoft-Windows-WMI-Activity","Guid":"1418EF04-B0B4-4623-BF7E-D74AB47BBDAA"}},"EventID":5857,"Version":0,"Level":0,"Task":0,"Opcode":0,"Keywords":"0x4000000000000000","TimeCreated":{"#attributes":{"SystemTime":"2021-06-02T18:54:06.462567Z"}},"EventRecordID":1852,"Correlation":null,"Execution":{"#attributes":{"ProcessID":5520,"ThreadID":5132}},"Channel":"Microsoft-Windows-WMI-Activity/Operational","Computer":"IPSERVER","Security":{"#attributes":{"UserID":"S-1-5-20"}}},"UserData":{"Operation_StartedOperational":{"#attributes":{"xmlns":"http://manifests.microsoft.com/win/2006/windows/WMI"},"ProviderName":"CIMWin32a","Code":"0x0","HostProcess":"wmiprvse.exe","ProcessID":5520,"ProviderPath":"%systemroot%\\system32\\wbem\\wmipcima.dll"}}}}
{"Event":{"#attributes":{"xmlns":"http://schemas.microsoft.com/win/2004/08/events/event"},"System":{"Provider":{"#attributes":{"Name":"Microsoft-Windows-WMI-Activity","Guid":"1418EF04-B0B4-4623-BF7E-D74AB47BBDAA"}},"EventID":5857,"Version":0,"Level":0,"Task":0,"Opcode":0,"Keywords":"0x4000000000000000","TimeCreated":{"#attributes":{"SystemTime":"2021-06-02T19:42:58.853466Z"}},"EventRecordID":1853,"Correlation":null,"Execution":{"#attributes":{"ProcessID":4572,"ThreadID":368}},"Channel":"Microsoft-Windows-WMI-Activity/Operational","Computer":"IPSERVER","Security":{"#attributes":{"UserID":"S-1-5-20"}}},"UserData":{"Operation_StartedOperational":{"#attributes":{"xmlns":"http://manifests.microsoft.com/win/2006/windows/WMI"},"ProviderName":"CIMWin32","Code":"0x0","HostProcess":"wmiprvse.exe","ProcessID":4572,"ProviderPath":"%systemroot%\\system32\\wbem\\cimwin32.dll"}}}}
{"Event":{"#attributes":{"xmlns":"http://schemas.microsoft.com/win/2004/08/events/event"},"System":{"Provider":{"#attributes":{"Name":"Microsoft-Windows-WMI-Activity","Guid":"1418EF04-B0B4-4623-BF7E-D74AB47BBDAA"}},"EventID":5857,"Version":0,"Level":0,"Task":0,"Opcode":0,"Keywords":"0x4000000000000000","TimeCreated":{"#attributes":{"SystemTime":"2021-06-02T19:54:06.424602Z"}},"EventRecordID":1854,"Correlation":null,"Execution":{"#attributes":{"ProcessID":5392,"ThreadID":3612}},"Channel":"Microsoft-Windows-WMI-Activity/Operational","Computer":"IPSERVER","Security":{"#attributes":{"UserID":"S-1-5-20"}}},"UserData":{"Operation_StartedOperational":{"#attributes":{"xmlns":"http://manifests.microsoft.com/win/2006/windows/WMI"},"ProviderName":"CIMWin32","Code":"0x0","HostProcess":"wmiprvse.exe","ProcessID":5392,"ProviderPath":"%systemroot%\\system32\\wbem\\cimwin32.dll"}}}}
{"Event":{"#attributes":{"xmlns":"http://schemas.microsoft.com/win/2004/08/events/event"},"System":{"Provider":{"#attributes":{"Name":"Microsoft-Windows-WMI-Activity","Guid":"1418EF04-B0B4-4623-BF7E-D74AB47BBDAA"}},"EventID":5857,"Version":0,"Level":0,"Task":0,"Opcode":0,"Keywords":"0x4000000000000000","TimeCreated":{"#attributes":{"SystemTime":"2021-06-02T19:54:06.469841Z"}},"EventRecordID":1855,"Correlation":null,"Execution":{"#attributes":{"ProcessID":5392,"ThreadID":3612}},"Channel":"Microsoft-Windows-WMI-Activity/Operational","Computer":"IPSERVER","Security":{"#attributes":{"UserID":"S-1-5-20"}}},"UserData":{"Operation_StartedOperational":{"#attributes":{"xmlns":"http://manifests.microsoft.com/win/2006/windows/WMI"},"ProviderName":"CIMWin32a","Code":"0x0","HostProcess":"wmiprvse.exe","ProcessID":5392,"ProviderPath":"%systemroot%\\system32\\wbem\\wmipcima.dll"}}}}
{"Event":{"#attributes":{"xmlns":"http://schemas.microsoft.com/win/2004/08/events/event"},"System":{"Provider":{"#attributes":{"Name":"Microsoft-Windows-WMI-Activity","Guid":"1418EF04-B0B4-4623-BF7E-D74AB47BBDAA"}},"EventID":5857,"Version":0,"Level":0,"Task":0,"Opcode":0,"Keywords":"0x4000000000000000","TimeCreated":{"#attributes":{"SystemTime":"2021-06-02T20:54:06.438753Z"}},"EventRecordID":1856,"Correlation":null,"Execution":{"#attributes":{"ProcessID":4240,"ThreadID":4676}},"Channel":"Microsoft-Windows-WMI-Activity/Operational","Computer":"IPSERVER","Security":{"#attributes":{"UserID":"S-1-5-20"}}},"UserData":{"Operation_StartedOperational":{"#attributes":{"xmlns":"http://manifests.microsoft.com/win/2006/windows/WMI"},"ProviderName":"CIMWin32","Code":"0x0","HostProcess":"wmiprvse.exe","ProcessID":4240,"ProviderPath":"%systemroot%\\system32\\wbem\\cimwin32.dll"}}}}
{"Event":{"#attributes":{"xmlns":"http://schemas.microsoft.com/win/2004/08/events/event"},"System":{"Provider":{"#attributes":{"Name":"Microsoft-Windows-WMI-Activity","Guid":"1418EF04-B0B4-4623-BF7E-D74AB47BBDAA"}},"EventID":5857,"Version":0,"Level":0,"Task":0,"Opcode":0,"Keywords":"0x4000000000000000","TimeCreated":{"#attributes":{"SystemTime":"2021-06-02T20:54:06.477419Z"}},"EventRecordID":1857,"Correlation":null,"Execution":{"#attributes":{"ProcessID":4240,"ThreadID":4676}},"Channel":"Microsoft-Windows-WMI-Activity/Operational","Computer":"IPSERVER","Security":{"#attributes":{"UserID":"S-1-5-20"}}},"UserData":{"Operation_StartedOperational":{"#attributes":{"xmlns":"http://manifests.microsoft.com/win/2006/windows/WMI"},"ProviderName":"CIMWin32a","Code":"0x0","HostProcess":"wmiprvse.exe","ProcessID":4240,"ProviderPath":"%systemroot%\\system32\\wbem\\wmipcima.dll"}}}}
{"Event":{"#attributes":{"xmlns":"http://schemas.microsoft.com/win/2004/08/events/event"},"System":{"Provider":{"#attributes":{"Name":"Microsoft-Windows-WMI-Activity","Guid":"1418EF04-B0B4-4623-BF7E-D74AB47BBDAA"}},"EventID":5858,"Version":0,"Level":2,"Task":0,"Opcode":0,"Keywords":"0x4000000000000000","TimeCreated":{"#attributes":{"SystemTime":"2021-05-09T01:42:17.113540Z"}},"EventRecordID":84,"Correlation":null,"Execution":{"#attributes":{"ProcessID":2564,"ThreadID":1840}},"Channel":"Microsoft-Windows-WMI-Activity/Operational","Computer":"IPSERVER","Security":{"#attributes":{"UserID":"S-1-5-18"}}},"UserData":{"Operation_ClientFailure":{"#attributes":{"xmlns":"http://manifests.microsoft.com/win/2006/windows/WMI"},"Id":"{00000000-0000-0000-0000-000000000000}","ClientMachine":"IPSERVER","User":"NT AUTHORITY\\СИСТЕМА","ClientProcessId":3224,"Component":"Unknown","Operation":"Start IWbemServices::ExecQuery - ROOT\\WMI : SELECT * FROM BatteryStaticData","ResultCode":"0x80041010","PossibleCause":"Unknown"}}}}
{"Event":{"#attributes":{"xmlns":"http://schemas.microsoft.com/win/2004/08/events/event"},"System":{"Provider":{"#attributes":{"Name":"Microsoft-Windows-WMI-Activity","Guid":"1418EF04-B0B4-4623-BF7E-D74AB47BBDAA"}},"EventID":5857,"Version":0,"Level":0,"Task":0,"Opcode":0,"Keywords":"0x4000000000000000","TimeCreated":{"#attributes":{"SystemTime":"2021-05-09T01:42:17.242759Z"}},"EventRecordID":85,"Correlation":null,"Execution":{"#attributes":{"ProcessID":4492,"ThreadID":5056}},"Channel":"Microsoft-Windows-WMI-Activity/Operational","Computer":"IPSERVER","Security":{"#attributes":{"UserID":"S-1-5-20"}}},"UserData":{"Operation_StartedOperational":{"#attributes":{"xmlns":"http://manifests.microsoft.com/win/2006/windows/WMI"},"ProviderName":"Win32_WIN32_TERMINALSERVICE_Prov","Code":"0x0","HostProcess":"wmiprvse.exe","ProcessID":4492,"ProviderPath":"%SystemRoot%\\system32\\tscfgwmi.dll"}}}}
{"Event":{"#attributes":{"xmlns":"http://schemas.microsoft.com/win/2004/08/events/event"},"System":{"Provider":{"#attributes":{"Name":"Microsoft-Windows-WMI-Activity","Guid":"1418EF04-B0B4-4623-BF7E-D74AB47BBDAA"}},"EventID":5857,"Version":0,"Level":0,"Task":0,"Opcode":0,"Keywords":"0x4000000000000000","TimeCreated":{"#attributes":{"SystemTime":"2021-05-09T01:42:17.533854Z"}},"EventRecordID":86,"Correlation":null,"Execution":{"#attributes":{"ProcessID":4492,"ThreadID":5056}},"Channel":"Microsoft-Windows-WMI-Activity/Operational","Computer":"IPSERVER","Security":{"#attributes":{"UserID":"S-1-5-20"}}},"UserData":{"Operation_StartedOperational":{"#attributes":{"xmlns":"http://manifests.microsoft.com/win/2006/windows/WMI"},"ProviderName":"SppProvider","Code":"0x0","HostProcess":"wmiprvse.exe","ProcessID":4492,"ProviderPath":"%SystemRoot%\\System32\\sppwmi.dll"}}}}
{"Event":{"#attributes":{"xmlns":"http://schemas.microsoft.com/win/2004/08/events/event"},"System":{"Provider":{"#attributes":{"Name":"Microsoft-Windows-WMI-Activity","Guid":"1418EF04-B0B4-4623-BF7E-D74AB47BBDAA"}},"EventID":5858,"Version":0,"Level":2,"Task":0,"Opcode":0,"Keywords":"0x4000000000000000","TimeCreated":{"#attributes":{"SystemTime":"2021-05-09T01:42:44.506269Z"}},"EventRecordID":87,"Correlation":null,"Execution":{"#attributes":{"ProcessID":2564,"ThreadID":1284}},"Channel":"Microsoft-Windows-WMI-Activity/Operational","Computer":"IPSERVER","Security":{"#attributes":{"UserID":"S-1-5-18"}}},"UserData":{"Operation_ClientFailure":{"#attributes":{"xmlns":"http://manifests.microsoft.com/win/2006/windows/WMI"},"Id":"{00000000-0000-0000-0000-000000000000}","ClientMachine":"IPSERVER","User":"NT AUTHORITY\\СИСТЕМА","ClientProcessId":4584,"Component":"Unknown","Operation":"Start IWbemServices::ExecQuery - ROOT\\CIMV2 : SELECT State FROM Win32_Service","ResultCode":"0x80041032","PossibleCause":"Unknown"}}}}
{"Event":{"#attributes":{"xmlns":"http://schemas.microsoft.com/win/2004/08/events/event"},"System":{"Provider":{"#attributes":{"Name":"Microsoft-Windows-WMI-Activity","Guid":"1418EF04-B0B4-4623-BF7E-D74AB47BBDAA"}},"EventID":5858,"Version":0,"Level":2,"Task":0,"Opcode":0,"Keywords":"0x4000000000000000","TimeCreated":{"#attributes":{"SystemTime":"2021-05-09T01:42:44.592936Z"}},"EventRecordID":88,"Correlation":null,"Execution":{"#attributes":{"ProcessID":2564,"ThreadID":6072}},"Channel":"Microsoft-Windows-WMI-Activity/Operational","Computer":"IPSERVER","Security":{"#attributes":{"UserID":"S-1-5-18"}}},"UserData":{"Operation_ClientFailure":{"#attributes":{"xmlns":"http://manifests.microsoft.com/win/2006/windows/WMI"},"Id":"{00000000-0000-0000-0000-000000000000}","ClientMachine":"IPSERVER","User":"NT AUTHORITY\\СИСТЕМА","ClientProcessId":4584,"Component":"Unknown","Operation":"Start IWbemServices::ExecQuery - root\\cimv2 : SELECT FreeSpace FROM Win32_LogicalDisk WHERE DeviceId = \"C:\"","ResultCode":"0x80041032","PossibleCause":"Unknown"}}}}
{"Event":{"#attributes":{"xmlns":"http://schemas.microsoft.com/win/2004/08/events/event"},"System":{"Provider":{"#attributes":{"Name":"Microsoft-Windows-WMI-Activity","Guid":"1418EF04-B0B4-4623-BF7E-D74AB47BBDAA"}},"EventID":5858,"Version":0,"Level":2,"Task":0,"Opcode":0,"Keywords":"0x4000000000000000","TimeCreated":{"#attributes":{"SystemTime":"2021-05-09T01:42:44.596442Z"}},"EventRecordID":89,"Correlation":null,"Execution":{"#attributes":{"ProcessID":2564,"ThreadID":1284}},"Channel":"Microsoft-Windows-WMI-Activity/Operational","Computer":"IPSERVER","Security":{"#attributes":{"UserID":"S-1-5-18"}}},"UserData":{"Operation_ClientFailure":{"#attributes":{"xmlns":"http://manifests.microsoft.com/win/2006/windows/WMI"},"Id":"{00000000-0000-0000-0000-000000000000}","ClientMachine":"IPSERVER","User":"NT AUTHORITY\\СИСТЕМА","ClientProcessId":4584,"Component":"Unknown","Operation":"Start IWbemServices::ExecQuery - root\\cimv2 : SELECT FreeSpace FROM Win32_LogicalDisk WHERE DeviceId = \"C:\"","ResultCode":"0x80041032","PossibleCause":"Unknown"}}}}
{"Event":{"#attributes":{"xmlns":"http://schemas.microsoft.com/win/2004/08/events/event"},"System":{"Provider":{"#attributes":{"Name":"Microsoft-Windows-WMI-Activity","Guid":"1418EF04-B0B4-4623-BF7E-D74AB47BBDAA"}},"EventID":5857,"Version":0,"Level":0,"Task":0,"Opcode":0,"Keywords":"0x4000000000000000","TimeCreated":{"#attributes":{"SystemTime":"2021-05-09T07:25:25.487402Z"}},"EventRecordID":90,"Correlation":null,"Execution":{"#attributes":{"ProcessID":4984,"ThreadID":4424}},"Channel":"Microsoft-Windows-WMI-Activity/Operational","Computer":"IPSERVER","Security":{"#attributes":{"UserID":"S-1-5-20"}}},"UserData":{"Operation_StartedOperational":{"#attributes":{"xmlns":"http://manifests.microsoft.com/win/2006/windows/WMI"},"ProviderName":"CIMWin32","Code":"0x0","HostProcess":"wmiprvse.exe","ProcessID":4984,"ProviderPath":"%systemroot%\\system32\\wbem\\cimwin32.dll"}}}}
{"Event":{"#attributes":{"xmlns":"http://schemas.microsoft.com/win/2004/08/events/event"},"System":{"Provider":{"#attributes":{"Name":"Microsoft-Windows-WMI-Activity","Guid":"1418EF04-B0B4-4623-BF7E-D74AB47BBDAA"}},"EventID":5857,"Version":0,"Level":0,"Task":0,"Opcode":0,"Keywords":"0x4000000000000000","TimeCreated":{"#attributes":{"SystemTime":"2021-05-09T09:05:53.050601Z"}},"EventRecordID":91,"Correlation":null,"Execution":{"#attributes":{"ProcessID":3556,"ThreadID":4292}},"Channel":"Microsoft-Windows-WMI-Activity/Operational","Computer":"IPSERVER","Security":{"#attributes":{"UserID":"S-1-5-20"}}},"UserData":{"Operation_StartedOperational":{"#attributes":{"xmlns":"http://manifests.microsoft.com/win/2006/windows/WMI"},"ProviderName":"CIMWin32","Code":"0x0","HostProcess":"wmiprvse.exe","ProcessID":3556,"ProviderPath":"%systemroot%\\system32\\wbem\\cimwin32.dll"}}}}
{"Event":{"#attributes":{"xmlns":"http://schemas.microsoft.com/win/2004/08/events/event"},"System":{"Provider":{"#attributes":{"Name":"Microsoft-Windows-WMI-Activity","Guid":"1418EF04-B0B4-4623-BF7E-D74AB47BBDAA"}},"EventID":5857,"Version":0,"Level":0,"Task":0,"Opcode":0,"Keywords":"0x4000000000000000","TimeCreated":{"#attributes":{"SystemTime":"2021-05-09T15:06:40.158577Z"}},"EventRecordID":92,"Correlation":null,"Execution":{"#attributes":{"ProcessID":3448,"ThreadID":5952}},"Channel":"Microsoft-Windows-WMI-Activity/Operational","Computer":"IPSERVER","Security":{"#attributes":{"UserID":"S-1-5-20"}}},"UserData":{"Operation_StartedOperational":{"#attributes":{"xmlns":"http://manifests.microsoft.com/win/2006/windows/WMI"},"ProviderName":"CIMWin32","Code":"0x0","HostProcess":"wmiprvse.exe","ProcessID":3448,"ProviderPath":"%systemroot%\\system32\\wbem\\cimwin32.dll"}}}}
{"Event":{"#attributes":{"xmlns":"http://schemas.microsoft.com/win/2004/08/events/event"},"System":{"Provider":{"#attributes":{"Name":"Microsoft-Windows-WMI-Activity","Guid":"1418EF04-B0B4-4623-BF7E-D74AB47BBDAA"}},"EventID":5857,"Version":0,"Level":0,"Task":0,"Opcode":0,"Keywords":"0x4000000000000000","TimeCreated":{"#attributes":{"SystemTime":"2021-05-09T15:06:40.199480Z"}},"EventRecordID":93,"Correlation":null,"Execution":{"#attributes":{"ProcessID":3448,"ThreadID":5952}},"Channel":"Microsoft-Windows-WMI-Activity/Operational","Computer":"IPSERVER","Security":{"#attributes":{"UserID":"S-1-5-20"}}},"UserData":{"Operation_StartedOperational":{"#attributes":{"xmlns":"http://manifests.microsoft.com/win/2006/windows/WMI"},"ProviderName":"CIMWin32a","Code":"0x0","HostProcess":"wmiprvse.exe","ProcessID":3448,"ProviderPath":"%systemroot%\\system32\\wbem\\wmipcima.dll"}}}}
{"Event":{"#attributes":{"xmlns":"http://schemas.microsoft.com/win/2004/08/events/event"},"System":{"Provider":{"#attributes":{"Name":"Microsoft-Windows-WMI-Activity","Guid":"1418EF04-B0B4-4623-BF7E-D74AB47BBDAA"}},"EventID":5857,"Version":0,"Level":0,"Task":0,"Opcode":0,"Keywords":"0x4000000000000000","TimeCreated":{"#attributes":{"SystemTime":"2021-05-09T15:08:45.291878Z"}},"EventRecordID":94,"Correlation":null,"Execution":{"#attributes":{"ProcessID":6092,"ThreadID":6000}},"Channel":"Microsoft-Windows-WMI-Activity/Operational","Computer":"IPSERVER","Security":{"#attributes":{"UserID":"S-1-5-20"}}},"UserData":{"Operation_StartedOperational":{"#attributes":{"xmlns":"http://manifests.microsoft.com/win/2006/windows/WMI"},"ProviderName":"UserProfileProvider","Code":"0x0","HostProcess":"wmiprvse.exe","ProcessID":6092,"ProviderPath":"%systemroot%\\system32\\profprov.dll"}}}}
{"Event":{"#attributes":{"xmlns":"http://schemas.microsoft.com/win/2004/08/events/event"},"System":{"Provider":{"#attributes":{"Name":"Microsoft-Windows-WMI-Activity","Guid":"1418EF04-B0B4-4623-BF7E-D74AB47BBDAA"}},"EventID":5857,"Version":0,"Level":0,"Task":0,"Opcode":0,"Keywords":"0x4000000000000000","TimeCreated":{"#attributes":{"SystemTime":"2021-05-09T15:16:24.873569Z"}},"EventRecordID":95,"Correlation":null,"Execution":{"#attributes":{"ProcessID":5536,"ThreadID":4576}},"Channel":"Microsoft-Windows-WMI-Activity/Operational","Computer":"IPSERVER","Security":{"#attributes":{"UserID":"S-1-5-18"}}},"UserData":{"Operation_StartedOperational":{"#attributes":{"xmlns":"http://manifests.microsoft.com/win/2006/windows/WMI"},"ProviderName":"WMIProv","Code":"0x0","HostProcess":"wmiprvse.exe","ProcessID":5536,"ProviderPath":"%systemroot%\\system32\\wbem\\wmiprov.dll"}}}}
{"Event":{"#attributes":{"xmlns":"http://schemas.microsoft.com/win/2004/08/events/event"},"System":{"Provider":{"#attributes":{"Name":"Microsoft-Windows-WMI-Activity","Guid":"1418EF04-B0B4-4623-BF7E-D74AB47BBDAA"}},"EventID":5857,"Version":0,"Level":0,"Task":0,"Opcode":0,"Keywords":"0x4000000000000000","TimeCreated":{"#attributes":{"SystemTime":"2021-05-09T16:54:22.353990Z"}},"EventRecordID":96,"Correlation":null,"Execution":{"#attributes":{"ProcessID":1360,"ThreadID":4116}},"Channel":"Microsoft-Windows-WMI-Activity/Operational","Computer":"IPSERVER","Security":{"#attributes":{"UserID":"S-1-5-20"}}},"UserData":{"Operation_StartedOperational":{"#attributes":{"xmlns":"http://manifests.microsoft.com/win/2006/windows/WMI"},"ProviderName":"CIMWin32","Code":"0x0","HostProcess":"wmiprvse.exe","ProcessID":1360,"ProviderPath":"%systemroot%\\system32\\wbem\\cimwin32.dll"}}}}
{"Event":{"#attributes":{"xmlns":"http://schemas.microsoft.com/win/2004/08/events/event"},"System":{"Provider":{"#attributes":{"Name":"Microsoft-Windows-WMI-Activity","Guid":"1418EF04-B0B4-4623-BF7E-D74AB47BBDAA"}},"EventID":5857,"Version":0,"Level":0,"Task":0,"Opcode":0,"Keywords":"0x4000000000000000","TimeCreated":{"#attributes":{"SystemTime":"2021-05-09T16:54:22.396108Z"}},"EventRecordID":97,"Correlation":null,"Execution":{"#attributes":{"ProcessID":1360,"ThreadID":4116}},"Channel":"Microsoft-Windows-WMI-Activity/Operational","Computer":"IPSERVER","Security":{"#attributes":{"UserID":"S-1-5-20"}}},"UserData":{"Operation_StartedOperational":{"#attributes":{"xmlns":"http://manifests.microsoft.com/win/2006/windows/WMI"},"ProviderName":"CIMWin32a","Code":"0x0","HostProcess":"wmiprvse.exe","ProcessID":1360,"ProviderPath":"%systemroot%\\system32\\wbem\\wmipcima.dll"}}}}
{"Event":{"#attributes":{"xmlns":"http://schemas.microsoft.com/win/2004/08/events/event"},"System":{"Provider":{"#attributes":{"Name":"Microsoft-Windows-WMI-Activity","Guid":"1418EF04-B0B4-4623-BF7E-D74AB47BBDAA"}},"EventID":5858,"Version":0,"Level":2,"Task":0,"Opcode":0,"Keywords":"0x4000000000000000","TimeCreated":{"#attributes":{"SystemTime":"2021-05-09T21:43:09.144908Z"}},"EventRecordID":98,"Correlation":null,"Execution":{"#attributes":{"ProcessID":2564,"ThreadID":1344}},"Channel":"Microsoft-Windows-WMI-Activity/Operational","Computer":"IPSERVER","Security":{"#attributes":{"UserID":"S-1-5-18"}}},"UserData":{"Operation_ClientFailure":{"#attributes":{"xmlns":"http://manifests.microsoft.com/win/2006/windows/WMI"},"Id":"{D54159F6-A1F9-4E1F-8E42-5132ADDDD2AD}","ClientMachine":"IPSERVER","User":"NT AUTHORITY\\СИСТЕМА","ClientProcessId":108,"Component":"Unknown","Operation":"Start IWbemServices::DeleteInstance - Root\\Rsop\\User\\S_1_5_21_2929202171_1942120112_2054978817_1001 : RSOP_ExtensionStatus.extensionGuid=\"{35378EAC-683F-11D2-A89A-00C04FBBCFA2}\"","ResultCode":"0x80041002","PossibleCause":"Unknown"}}}}
{"Event":{"#attributes":{"xmlns":"http://schemas.microsoft.com/win/2004/08/events/event"},"System":{"Provider":{"#attributes":{"Name":"Microsoft-Windows-WMI-Activity","Guid":"1418EF04-B0B4-4623-BF7E-D74AB47BBDAA"}},"EventID":5858,"Version":0,"Level":2,"Task":0,"Opcode":0,"Keywords":"0x4000000000000000","TimeCreated":{"#attributes":{"SystemTime":"2021-05-09T21:43:09.145590Z"}},"EventRecordID":99,"Correlation":null,"Execution":{"#attributes":{"ProcessID":2564,"ThreadID":1344}},"Channel":"Microsoft-Windows-WMI-Activity/Operational","Computer":"IPSERVER","Security":{"#attributes":{"UserID":"S-1-5-18"}}},"UserData":{"Operation_ClientFailure":{"#attributes":{"xmlns":"http://manifests.microsoft.com/win/2006/windows/WMI"},"Id":"{D54159F6-A1F9-4E1F-8E42-5132ADDDD2AD}","ClientMachine":"IPSERVER","User":"NT AUTHORITY\\СИСТЕМА","ClientProcessId":108,"Component":"Unknown","Operation":"Start IWbemServices::DeleteInstance - Root\\Rsop\\User\\S_1_5_21_2929202171_1942120112_2054978817_1001 : RSOP_ExtensionStatus.extensionGuid=\"{0E28E245-9368-4853-AD84-6DA3BA35BB75}\"","ResultCode":"0x80041002","PossibleCause":"Unknown"}}}}
{"Event":{"#attributes":{"xmlns":"http://schemas.microsoft.com/win/2004/08/events/event"},"System":{"Provider":{"#attributes":{"Name":"Microsoft-Windows-WMI-Activity","Guid":"1418EF04-B0B4-4623-BF7E-D74AB47BBDAA"}},"EventID":5858,"Version":0,"Level":2,"Task":0,"Opcode":0,"Keywords":"0x4000000000000000","TimeCreated":{"#attributes":{"SystemTime":"2021-05-09T21:43:09.146300Z"}},"EventRecordID":100,"Correlation":null,"Execution":{"#attributes":{"ProcessID":2564,"ThreadID":1344}},"Channel":"Microsoft-Windows-WMI-Activity/Operational","Computer":"IPSERVER","Security":{"#attributes":{"UserID":"S-1-5-18"}}},"UserData":{"Operation_ClientFailure":{"#attributes":{"xmlns":"http://manifests.microsoft.com/win/2006/windows/WMI"},"Id":"{D54159F6-A1F9-4E1F-8E42-5132ADDDD2AD}","ClientMachine":"IPSERVER","User":"NT AUTHORITY\\СИСТЕМА","ClientProcessId":108,"Component":"Unknown","Operation":"Start IWbemServices::DeleteInstance - Root\\Rsop\\User\\S_1_5_21_2929202171_1942120112_2054978817_1001 : RSOP_ExtensionStatus.extensionGuid=\"{169EBF44-942F-4C43-87CE-13C93996EBBE}\"","ResultCode":"0x80041002","PossibleCause":"Unknown"}}}}
{"Event":{"#attributes":{"xmlns":"http://schemas.microsoft.com/win/2004/08/events/event"},"System":{"Provider":{"#attributes":{"Name":"Microsoft-Windows-WMI-Activity","Guid":"1418EF04-B0B4-4623-BF7E-D74AB47BBDAA"}},"EventID":5858,"Version":0,"Level":2,"Task":0,"Opcode":0,"Keywords":"0x4000000000000000","TimeCreated":{"#attributes":{"SystemTime":"2021-05-09T21:43:09.146997Z"}},"EventRecordID":101,"Correlation":null,"Execution":{"#attributes":{"ProcessID":2564,"ThreadID":1344}},"Channel":"Microsoft-Windows-WMI-Activity/Operational","Computer":"IPSERVER","Security":{"#attributes":{"UserID":"S-1-5-18"}}},"UserData":{"Operation_ClientFailure":{"#attributes":{"xmlns":"http://manifests.microsoft.com/win/2006/windows/WMI"},"Id":"{D54159F6-A1F9-4E1F-8E42-5132ADDDD2AD}","ClientMachine":"IPSERVER","User":"NT AUTHORITY\\СИСТЕМА","ClientProcessId":108,"Component":"Unknown","Operation":"Start IWbemServices::DeleteInstance - Root\\Rsop\\User\\S_1_5_21_2929202171_1942120112_2054978817_1001 : RSOP_ExtensionStatus.extensionGuid=\"{17D89FEC-5C44-4972-B12D-241CAEF74509}\"","ResultCode":"0x80041002","PossibleCause":"Unknown"}}}}
{"Event":{"#attributes":{"xmlns":"http://schemas.microsoft.com/win/2004/08/events/event"},"System":{"Provider":{"#attributes":{"Name":"Microsoft-Windows-WMI-Activity","Guid":"1418EF04-B0B4-4623-BF7E-D74AB47BBDAA"}},"EventID":5858,"Version":0,"Level":2,"Task":0,"Opcode":0,"Keywords":"0x4000000000000000","TimeCreated":{"#attributes":{"SystemTime":"2021-05-09T21:43:09.147685Z"}},"EventRecordID":102,"Correlation":null,"Execution":{"#attributes":{"ProcessID":2564,"ThreadID":1344}},"Channel":"Microsoft-Windows-WMI-Activity/Operational","Computer":"IPSERVER","Security":{"#attributes":{"UserID":"S-1-5-18"}}},"UserData":{"Operation_ClientFailure":{"#attributes":{"xmlns":"http://manifests.microsoft.com/win/2006/windows/WMI"},"Id":"{D54159F6-A1F9-4E1F-8E42-5132ADDDD2AD}","ClientMachine":"IPSERVER","User":"NT AUTHORITY\\СИСТЕМА","ClientProcessId":108,"Component":"Unknown","Operation":"Start IWbemServices::DeleteInstance - Root\\Rsop\\User\\S_1_5_21_2929202171_1942120112_2054978817_1001 : RSOP_ExtensionStatus.extensionGuid=\"{1A6364EB-776B-4120-ADE1-B63A406A76B5}\"","ResultCode":"0x80041002","PossibleCause":"Unknown"}}}}
{"Event":{"#attributes":{"xmlns":"http://schemas.microsoft.com/win/2004/08/events/event"},"System":{"Provider":{"#attributes":{"Name":"Microsoft-Windows-WMI-Activity","Guid":"1418EF04-B0B4-4623-BF7E-D74AB47BBDAA"}},"EventID":5858,"Version":0,"Level":2,"Task":0,"Opcode":0,"Keywords":"0x4000000000000000","TimeCreated":{"#attributes":{"SystemTime":"2021-05-09T21:43:09.148530Z"}},"EventRecordID":103,"Correlation":null,"Execution":{"#attributes":{"ProcessID":2564,"ThreadID":1344}},"Channel":"Microsoft-Windows-WMI-Activity/Operational","Computer":"IPSERVER","Security":{"#attributes":{"UserID":"S-1-5-18"}}},"UserData":{"Operation_ClientFailure":{"#attributes":{"xmlns":"http://manifests.microsoft.com/win/2006/windows/WMI"},"Id":"{D54159F6-A1F9-4E1F-8E42-5132ADDDD2AD}","ClientMachine":"IPSERVER","User":"NT AUTHORITY\\СИСТЕМА","ClientProcessId":108,"Component":"Unknown","Operation":"Start IWbemServices::DeleteInstance - Root\\Rsop\\User\\S_1_5_21_2929202171_1942120112_2054978817_1001 : RSOP_ExtensionStatus.extensionGuid=\"{25537BA6-77A8-11D2-9B6C-0000F8080861}\"","ResultCode":"0x80041002","PossibleCause":"Unknown"}}}}
{"Event":{"#attributes":{"xmlns":"http://schemas.microsoft.com/win/2004/08/events/event"},"System":{"Provider":{"#attributes":{"Name":"Microsoft-Windows-WMI-Activity","Guid":"1418EF04-B0B4-4623-BF7E-D74AB47BBDAA"}},"EventID":5858,"Version":0,"Level":2,"Task":0,"Opcode":0,"Keywords":"0x4000000000000000","TimeCreated":{"#attributes":{"SystemTime":"2021-05-09T21:43:09.149138Z"}},"EventRecordID":104,"Correlation":null,"Execution":{"#attributes":{"ProcessID":2564,"ThreadID":1344}},"Channel":"Microsoft-Windows-WMI-Activity/Operational","Computer":"IPSERVER","Security":{"#attributes":{"UserID":"S-1-5-18"}}},"UserData":{"Operation_ClientFailure":{"#attributes":{"xmlns":"http://manifests.microsoft.com/win/2006/windows/WMI"},"Id":"{D54159F6-A1F9-4E1F-8E42-5132ADDDD2AD}","ClientMachine":"IPSERVER","User":"NT AUTHORITY\\СИСТЕМА","ClientProcessId":108,"Component":"Unknown","Operation":"Start IWbemServices::DeleteInstance - Root\\Rsop\\User\\S_1_5_21_2929202171_1942120112_2054978817_1001 : RSOP_ExtensionStatus.extensionGuid=\"{2BFCC077-22D2-48DE-BDE1-2F618D9B476D}\"","ResultCode":"0x80041002","PossibleCause":"Unknown"}}}}
{"Event":{"#attributes":{"xmlns":"http://schemas.microsoft.com/win/2004/08/events/event"},"System":{"Provider":{"#attributes":{"Name":"Microsoft-Windows-WMI-Activity","Guid":"1418EF04-B0B4-4623-BF7E-D74AB47BBDAA"}},"EventID":5858,"Version":0,"Level":2,"Task":0,"Opcode":0,"Keywords":"0x4000000000000000","TimeCreated":{"#attributes":{"SystemTime":"2021-05-09T21:43:09.150127Z"}},"EventRecordID":105,"Correlation":null,"Execution":{"#attributes":{"ProcessID":2564,"ThreadID":1344}},"Channel":"Microsoft-Windows-WMI-Activity/Operational","Computer":"IPSERVER","Security":{"#attributes":{"UserID":"S-1-5-18"}}},"UserData":{"Operation_ClientFailure":{"#attributes":{"xmlns":"http://manifests.microsoft.com/win/2006/windows/WMI"},"Id":"{D54159F6-A1F9-4E1F-8E42-5132ADDDD2AD}","ClientMachine":"IPSERVER","User":"NT AUTHORITY\\СИСТЕМА","ClientProcessId":108,"Component":"Unknown","Operation":"Start IWbemServices::DeleteInstance - Root\\Rsop\\User\\S_1_5_21_2929202171_1942120112_2054978817_1001 : RSOP_ExtensionStatus.extensionGuid=\"{3A0DBA37-F8B2-4356-83DE-3E90BD5C261F}\"","ResultCode":"0x80041002","PossibleCause":"Unknown"}}}}
{"Event":{"#attributes":{"xmlns":"http://schemas.microsoft.com/win/2004/08/events/event"},"System":{"Provider":{"#attributes":{"Name":"Microsoft-Windows-WMI-Activity","Guid":"1418EF04-B0B4-4623-BF7E-D74AB47BBDAA"}},"EventID":5858,"Version":0,"Level":2,"Task":0,"Opcode":0,"Keywords":"0x4000000000000000","TimeCreated":{"#attributes":{"SystemTime":"2021-05-09T21:43:09.150821Z"}},"EventRecordID":106,"Correlation":null,"Execution":{"#attributes":{"ProcessID":2564,"ThreadID":1344}},"Channel":"Microsoft-Windows-WMI-Activity/Operational","Computer":"IPSERVER","Security":{"#attributes":{"UserID":"S-1-5-18"}}},"UserData":{"Operation_ClientFailure":{"#attributes":{"xmlns":"http://manifests.microsoft.com/win/2006/windows/WMI"},"Id":"{D54159F6-A1F9-4E1F-8E42-5132ADDDD2AD}","ClientMachine":"IPSERVER","User":"NT AUTHORITY\\СИСТЕМА","ClientProcessId":108,"Component":"Unknown","Operation":"Start IWbemServices::DeleteInstance - Root\\Rsop\\User\\S_1_5_21_2929202171_1942120112_2054978817_1001 : RSOP_ExtensionStatus.extensionGuid=\"{42B5FAAE-6536-11d2-AE5A-0000F87571E3}\"","ResultCode":"0x80041002","PossibleCause":"Unknown"}}}}
{"Event":{"#attributes":{"xmlns":"http://schemas.microsoft.com/win/2004/08/events/event"},"System":{"Provider":{"#attributes":{"Name":"Microsoft-Windows-WMI-Activity","Guid":"1418EF04-B0B4-4623-BF7E-D74AB47BBDAA"}},"EventID":5858,"Version":0,"Level":2,"Task":0,"Opcode":0,"Keywords":"0x4000000000000000","TimeCreated":{"#attributes":{"SystemTime":"2021-05-09T21:43:09.151417Z"}},"EventRecordID":107,"Correlation":null,"Execution":{"#attributes":{"ProcessID":2564,"ThreadID":1344}},"Channel":"Microsoft-Windows-WMI-Activity/Operational","Computer":"IPSERVER","Security":{"#attributes":{"UserID":"S-1-5-18"}}},"UserData":{"Operation_ClientFailure":{"#attributes":{"xmlns":"http://manifests.microsoft.com/win/2006/windows/WMI"},"Id":"{D54159F6-A1F9-4E1F-8E42-5132ADDDD2AD}","ClientMachine":"IPSERVER","User":"NT AUTHORITY\\СИСТЕМА","ClientProcessId":108,"Component":"Unknown","Operation":"Start IWbemServices::DeleteInstance - Root\\Rsop\\User\\S_1_5_21_2929202171_1942120112_2054978817_1001 : RSOP_ExtensionStatus.extensionGuid=\"{4B7C3B0F-E993-4E06-A241-3FBE06943684}\"","ResultCode":"0x80041002","PossibleCause":"Unknown"}}}}
{"Event":{"#attributes":{"xmlns":"http://schemas.microsoft.com/win/2004/08/events/event"},"System":{"Provider":{"#attributes":{"Name":"Microsoft-Windows-WMI-Activity","Guid":"1418EF04-B0B4-4623-BF7E-D74AB47BBDAA"}},"EventID":5858,"Version":0,"Level":2,"Task":0,"Opcode":0,"Keywords":"0x4000000000000000","TimeCreated":{"#attributes":{"SystemTime":"2021-05-09T21:43:09.152034Z"}},"EventRecordID":108,"Correlation":null,"Execution":{"#attributes":{"ProcessID":2564,"ThreadID":1344}},"Channel":"Microsoft-Windows-WMI-Activity/Operational","Computer":"IPSERVER","Security":{"#attributes":{"UserID":"S-1-5-18"}}},"UserData":{"Operation_ClientFailure":{"#attributes":{"xmlns":"http://manifests.microsoft.com/win/2006/windows/WMI"},"Id":"{D54159F6-A1F9-4E1F-8E42-5132ADDDD2AD}","ClientMachine":"IPSERVER","User":"NT AUTHORITY\\СИСТЕМА","ClientProcessId":108,"Component":"Unknown","Operation":"Start IWbemServices::DeleteInstance - Root\\Rsop\\User\\S_1_5_21_2929202171_1942120112_2054978817_1001 : RSOP_ExtensionStatus.extensionGuid=\"{4CFB60C1-FAA6-47f1-89AA-0B18730C9FD3}\"","ResultCode":"0x80041002","PossibleCause":"Unknown"}}}}
{"Event":{"#attributes":{"xmlns":"http://schemas.microsoft.com/win/2004/08/events/event"},"System":{"Provider":{"#attributes":{"Name":"Microsoft-Windows-WMI-Activity","Guid":"1418EF04-B0B4-4623-BF7E-D74AB47BBDAA"}},"EventID":5858,"Version":0,"Level":2,"Task":0,"Opcode":0,"Keywords":"0x4000000000000000","TimeCreated":{"#attributes":{"SystemTime":"2021-05-09T21:43:09.152616Z"}},"EventRecordID":109,"Correlation":null,"Execution":{"#attributes":{"ProcessID":2564,"ThreadID":1344}},"Channel":"Microsoft-Windows-WMI-Activity/Operational","Computer":"IPSERVER","Security":{"#attributes":{"UserID":"S-1-5-18"}}},"UserData":{"Operation_ClientFailure":{"#attributes":{"xmlns":"http://manifests.microsoft.com/win/2006/windows/WMI"},"Id":"{D54159F6-A1F9-4E1F-8E42-5132ADDDD2AD}","ClientMachine":"IPSERVER","User":"NT AUTHORITY\\СИСТЕМА","ClientProcessId":108,"Component":"Unknown","Operation":"Start IWbemServices::DeleteInstance - Root\\Rsop\\User\\S_1_5_21_2929202171_1942120112_2054978817_1001 : RSOP_ExtensionStatus.extensionGuid=\"{4D2F9B6F-1E52-4711-A382-6A8B1A003DE6}\"","ResultCode":"0x80041002","PossibleCause":"Unknown"}}}}
{"Event":{"#attributes":{"xmlns":"http://schemas.microsoft.com/win/2004/08/events/event"},"System":{"Provider":{"#attributes":{"Name":"Microsoft-Windows-WMI-Activity","Guid":"1418EF04-B0B4-4623-BF7E-D74AB47BBDAA"}},"EventID":5858,"Version":0,"Level":2,"Task":0,"Opcode":0,"Keywords":"0x4000000000000000","TimeCreated":{"#attributes":{"SystemTime":"2021-05-09T21:43:09.153216Z"}},"EventRecordID":110,"Correlation":null,"Execution":{"#attributes":{"ProcessID":2564,"ThreadID":1344}},"Channel":"Microsoft-Windows-WMI-Activity/Operational","Computer":"IPSERVER","Security":{"#attributes":{"UserID":"S-1-5-18"}}},"UserData":{"Operation_ClientFailure":{"#attributes":{"xmlns":"http://manifests.microsoft.com/win/2006/windows/WMI"},"Id":"{D54159F6-A1F9-4E1F-8E42-5132ADDDD2AD}","ClientMachine":"IPSERVER","User":"NT AUTHORITY\\СИСТЕМА","ClientProcessId":108,"Component":"Unknown","Operation":"Start IWbemServices::DeleteInstance - Root\\Rsop\\User\\S_1_5_21_2929202171_1942120112_2054978817_1001 : RSOP_ExtensionStatus.extensionGuid=\"{4d968b55-cac2-4ff5-983f-0a54603781a3}\"","ResultCode":"0x80041002","PossibleCause":"Unknown"}}}}
{"Event":{"#attributes":{"xmlns":"http://schemas.microsoft.com/win/2004/08/events/event"},"System":{"Provider":{"#attributes":{"Name":"Microsoft-Windows-WMI-Activity","Guid":"1418EF04-B0B4-4623-BF7E-D74AB47BBDAA"}},"EventID":5858,"Version":0,"Level":2,"Task":0,"Opcode":0,"Keywords":"0x4000000000000000","TimeCreated":{"#attributes":{"SystemTime":"2021-05-09T21:43:09.153812Z"}},"EventRecordID":111,"Correlation":null,"Execution":{"#attributes":{"ProcessID":2564,"ThreadID":1344}},"Channel":"Microsoft-Windows-WMI-Activity/Operational","Computer":"IPSERVER","Security":{"#attributes":{"UserID":"S-1-5-18"}}},"UserData":{"Operation_ClientFailure":{"#attributes":{"xmlns":"http://manifests.microsoft.com/win/2006/windows/WMI"},"Id":"{D54159F6-A1F9-4E1F-8E42-5132ADDDD2AD}","ClientMachine":"IPSERVER","User":"NT AUTHORITY\\СИСТЕМА","ClientProcessId":108,"Component":"Unknown","Operation":"Start IWbemServices::DeleteInstance - Root\\Rsop\\User\\S_1_5_21_2929202171_1942120112_2054978817_1001 : RSOP_ExtensionStatus.extensionGuid=\"{5794DAFD-BE60-433f-88A2-1A31939AC01F}\"","ResultCode":"0x80041002","PossibleCause":"Unknown"}}}}
{"Event":{"#attributes":{"xmlns":"http://schemas.microsoft.com/win/2004/08/events/event"},"System":{"Provider":{"#attributes":{"Name":"Microsoft-Windows-WMI-Activity","Guid":"1418EF04-B0B4-4623-BF7E-D74AB47BBDAA"}},"EventID":5858,"Version":0,"Level":2,"Task":0,"Opcode":0,"Keywords":"0x4000000000000000","TimeCreated":{"#attributes":{"SystemTime":"2021-05-09T21:43:09.154418Z"}},"EventRecordID":112,"Correlation":null,"Execution":{"#attributes":{"ProcessID":2564,"ThreadID":1344}},"Channel":"Microsoft-Windows-WMI-Activity/Operational","Computer":"IPSERVER","Security":{"#attributes":{"UserID":"S-1-5-18"}}},"UserData":{"Operation_ClientFailure":{"#attributes":{"xmlns":"http://manifests.microsoft.com/win/2006/windows/WMI"},"Id":"{D54159F6-A1F9-4E1F-8E42-5132ADDDD2AD}","ClientMachine":"IPSERVER","User":"NT AUTHORITY\\СИСТЕМА","ClientProcessId":108,"Component":"Unknown","Operation":"Start IWbemServices::DeleteInstance - Root\\Rsop\\User\\S_1_5_21_2929202171_1942120112_2054978817_1001 : RSOP_ExtensionStatus.extensionGuid=\"{6232C319-91AC-4931-9385-E70C2B099F0E}\"","ResultCode":"0x80041002","PossibleCause":"Unknown"}}}}
{"Event":{"#attributes":{"xmlns":"http://schemas.microsoft.com/win/2004/08/events/event"},"System":{"Provider":{"#attributes":{"Name":"Microsoft-Windows-WMI-Activity","Guid":"1418EF04-B0B4-4623-BF7E-D74AB47BBDAA"}},"EventID":5858,"Version":0,"Level":2,"Task":0,"Opcode":0,"Keywords":"0x4000000000000000","TimeCreated":{"#attributes":{"SystemTime":"2021-05-09T21:43:09.155061Z"}},"EventRecordID":113,"Correlation":null,"Execution":{"#attributes":{"ProcessID":2564,"ThreadID":1344}},"Channel":"Microsoft-Windows-WMI-Activity/Operational","Computer":"IPSERVER","Security":{"#attributes":{"UserID":"S-1-5-18"}}},"UserData":{"Operation_ClientFailure":{"#attributes":{"xmlns":"http://manifests.microsoft.com/win/2006/windows/WMI"},"Id":"{D54159F6-A1F9-4E1F-8E42-5132ADDDD2AD}","ClientMachine":"IPSERVER","User":"NT AUTHORITY\\СИСТЕМА","ClientProcessId":108,"Component":"Unknown","Operation":"Start IWbemServices::DeleteInstance - Root\\Rsop\\User\\S_1_5_21_2929202171_1942120112_2054978817_1001 : RSOP_ExtensionStatus.extensionGuid=\"{7150F9BF-48AD-4da4-A49C-29EF4A8369BA}\"","ResultCode":"0x80041002","PossibleCause":"Unknown"}}}}
{"Event":{"#attributes":{"xmlns":"http://schemas.microsoft.com/win/2004/08/events/event"},"System":{"Provider":{"#attributes":{"Name":"Microsoft-Windows-WMI-Activity","Guid":"1418EF04-B0B4-4623-BF7E-D74AB47BBDAA"}},"EventID":5858,"Version":0,"Level":2,"Task":0,"Opcode":0,"Keywords":"0x4000000000000000","TimeCreated":{"#attributes":{"SystemTime":"2021-05-09T21:43:09.155664Z"}},"EventRecordID":114,"Correlation":null,"Execution":{"#attributes":{"ProcessID":2564,"ThreadID":1344}},"Channel":"Microsoft-Windows-WMI-Activity/Operational","Computer":"IPSERVER","Security":{"#attributes":{"UserID":"S-1-5-18"}}},"UserData":{"Operation_ClientFailure":{"#attributes":{"xmlns":"http://manifests.microsoft.com/win/2006/windows/WMI"},"Id":"{D54159F6-A1F9-4E1F-8E42-5132ADDDD2AD}","ClientMachine":"IPSERVER","User":"NT AUTHORITY\\СИСТЕМА","ClientProcessId":108,"Component":"Unknown","Operation":"Start IWbemServices::DeleteInstance - Root\\Rsop\\User\\S_1_5_21_2929202171_1942120112_2054978817_1001 : RSOP_ExtensionStatus.extensionGuid=\"{728EE579-943C-4519-9EF7-AB56765798ED}\"","ResultCode":"0x80041002","PossibleCause":"Unknown"}}}}
{"Event":{"#attributes":{"xmlns":"http://schemas.microsoft.com/win/2004/08/events/event"},"System":{"Provider":{"#attributes":{"Name":"Microsoft-Windows-WMI-Activity","Guid":"1418EF04-B0B4-4623-BF7E-D74AB47BBDAA"}},"EventID":5858,"Version":0,"Level":2,"Task":0,"Opcode":0,"Keywords":"0x4000000000000000","TimeCreated":{"#attributes":{"SystemTime":"2021-05-09T21:43:09.156281Z"}},"EventRecordID":115,"Correlation":null,"Execution":{"#attributes":{"ProcessID":2564,"ThreadID":1344}},"Channel":"Microsoft-Windows-WMI-Activity/Operational","Computer":"IPSERVER","Security":{"#attributes":{"UserID":"S-1-5-18"}}},"UserData":{"Operation_ClientFailure":{"#attributes":{"xmlns":"http://manifests.microsoft.com/win/2006/windows/WMI"},"Id":"{D54159F6-A1F9-4E1F-8E42-5132ADDDD2AD}","ClientMachine":"IPSERVER","User":"NT AUTHORITY\\СИСТЕМА","ClientProcessId":108,"Component":"Unknown","Operation":"Start IWbemServices::DeleteInstance - Root\\Rsop\\User\\S_1_5_21_2929202171_1942120112_2054978817_1001 : RSOP_ExtensionStatus.extensionGuid=\"{74EE6C03-5363-4554-B161-627540339CAB}\"","ResultCode":"0x80041002","PossibleCause":"Unknown"}}}}
{"Event":{"#attributes":{"xmlns":"http://schemas.microsoft.com/win/2004/08/events/event"},"System":{"Provider":{"#attributes":{"Name":"Microsoft-Windows-WMI-Activity","Guid":"1418EF04-B0B4-4623-BF7E-D74AB47BBDAA"}},"EventID":5858,"Version":0,"Level":2,"Task":0,"Opcode":0,"Keywords":"0x4000000000000000","TimeCreated":{"#attributes":{"SystemTime":"2021-05-09T21:43:09.156887Z"}},"EventRecordID":116,"Correlation":null,"Execution":{"#attributes":{"ProcessID":2564,"ThreadID":1344}},"Channel":"Microsoft-Windows-WMI-Activity/Operational","Computer":"IPSERVER","Security":{"#attributes":{"UserID":"S-1-5-18"}}},"UserData":{"Operation_ClientFailure":{"#attributes":{"xmlns":"http://manifests.microsoft.com/win/2006/windows/WMI"},"Id":"{D54159F6-A1F9-4E1F-8E42-5132ADDDD2AD}","ClientMachine":"IPSERVER","User":"NT AUTHORITY\\СИСТЕМА","ClientProcessId":108,"Component":"Unknown","Operation":"Start IWbemServices::DeleteInstance - Root\\Rsop\\User\\S_1_5_21_2929202171_1942120112_2054978817_1001 : RSOP_ExtensionStatus.extensionGuid=\"{7909AD9E-09EE-4247-BAB9-7029D5F0A278}\"","ResultCode":"0x80041002","PossibleCause":"Unknown"}}}}
{"Event":{"#attributes":{"xmlns":"http://schemas.microsoft.com/win/2004/08/events/event"},"System":{"Provider":{"#attributes":{"Name":"Microsoft-Windows-WMI-Activity","Guid":"1418EF04-B0B4-4623-BF7E-D74AB47BBDAA"}},"EventID":5858,"Version":0,"Level":2,"Task":0,"Opcode":0,"Keywords":"0x4000000000000000","TimeCreated":{"#attributes":{"SystemTime":"2021-05-09T21:43:09.157686Z"}},"EventRecordID":117,"Correlation":null,"Execution":{"#attributes":{"ProcessID":2564,"ThreadID":1344}},"Channel":"Microsoft-Windows-WMI-Activity/Operational","Computer":"IPSERVER","Security":{"#attributes":{"UserID":"S-1-5-18"}}},"UserData":{"Operation_ClientFailure":{"#attributes":{"xmlns":"http://manifests.microsoft.com/win/2006/windows/WMI"},"Id":"{D54159F6-A1F9-4E1F-8E42-5132ADDDD2AD}","ClientMachine":"IPSERVER","User":"NT AUTHORITY\\СИСТЕМА","ClientProcessId":108,"Component":"Unknown","Operation":"Start IWbemServices::DeleteInstance - Root\\Rsop\\User\\S_1_5_21_2929202171_1942120112_2054978817_1001 : RSOP_ExtensionStatus.extensionGuid=\"{7933F41E-56F8-41d6-A31C-4148A711EE93}\"","ResultCode":"0x80041002","PossibleCause":"Unknown"}}}}
