{"Event":{"#attributes":{"xmlns":"http://schemas.microsoft.com/win/2004/08/events/event"},"System":{"Provider":{"#attributes":{"Name":"Microsoft-Windows-WMI-Activity","Guid":"1418EF04-B0B4-4623-BF7E-D74AB47BBDAA"}},"EventID":5857,"Version":0,"Level":0,"Task":0,"Opcode":0,"Keywords":"0x4000000000000000","TimeCreated":{"#attributes":{"SystemTime":"2021-05-11T11:45:14.503501Z"}},"EventRecordID":224,"Correlation":null,"Execution":{"#attributes":{"ProcessID":9624,"ThreadID":8396}},"Channel":"Microsoft-Windows-WMI-Activity/Operational","Computer":"IPSERVER","Security":{"#attributes":{"UserID":"S-1-5-20"}}},"UserData":{"Operation_StartedOperational":{"#attributes":{"xmlns":"http://manifests.microsoft.com/win/2006/windows/WMI"},"ProviderName":"CIMWin32","Code":"0x0","HostProcess":"wmiprvse.exe","ProcessID":9624,"ProviderPath":"%systemroot%\\system32\\wbem\\cimwin32.dll"}}}}
{"Event":{"#attributes":{"xmlns":"http://schemas.microsoft.com/win/2004/08/events/event"},"System":{"Provider":{"#attributes":{"Name":"Microsoft-Windows-WMI-Activity","Guid":"1418EF04-B0B4-4623-BF7E-D74AB47BBDAA"}},"EventID":5857,"Version":0,"Level":0,"Task":0,"Opcode":0,"Keywords":"0x4000000000000000","TimeCreated":{"#attributes":{"SystemTime":"2021-05-11T11:48:45.966648Z"}},"EventRecordID":225,"Correlation":null,"Execution":{"#attributes":{"ProcessID":6188,"ThreadID":1300}},"Channel":"Microsoft-Windows-WMI-Activity/Operational","Computer":"IPSERVER","Security":{"#attributes":{"UserID":"S-1-5-20"}}},"UserData":{"Operation_StartedOperational":{"#attributes":{"xmlns":"http://manifests.microsoft.com/win/2006/windows/WMI"},"ProviderName":"CIMWin32","Code":"0x0","HostProcess":"wmiprvse.exe","ProcessID":6188,"ProviderPath":"%systemroot%\\system32\\wbem\\cimwin32.dll"}}}}
{"Event":{"#attributes":{"xmlns":"http://schemas.microsoft.com/win/2004/08/events/event"},"System":{"Provider":{"#attributes":{"Name":"Microsoft-Windows-WMI-Activity","Guid":"1418EF04-B0B4-4623-BF7E-D74AB47BBDAA"}},"EventID":5857,"Version":0,"Level":0,"Task":0,"Opcode":0,"Keywords":"0x4000000000000000","TimeCreated":{"#attributes":{"SystemTime":"2021-05-11T12:20:36.931535Z"}},"EventRecordID":226,"Correlation":null,"Execution":{"#attributes":{"ProcessID":8448,"ThreadID":4704}},"Channel":"Microsoft-Windows-WMI-Activity/Operational","Computer":"IPSERVER","Security":{"#attributes":{"UserID":"S-1-5-20"}}},"UserData":{"Operation_StartedOperational":{"#attributes":{"xmlns":"http://manifests.microsoft.com/win/2006/windows/WMI"},"ProviderName":"CIMWin32","Code":"0x0","HostProcess":"wmiprvse.exe","ProcessID":8448,"ProviderPath":"%systemroot%\\system32\\wbem\\cimwin32.dll"}}}}
{"Event":{"#attributes":{"xmlns":"http://schemas.microsoft.com/win/2004/08/events/event"},"System":{"Provider":{"#attributes":{"Name":"Microsoft-Windows-WMI-Activity","Guid":"1418EF04-B0B4-4623-BF7E-D74AB47BBDAA"}},"EventID":5857,"Version":0,"Level":0,"Task":0,"Opcode":0,"Keywords":"0x4000000000000000","TimeCreated":{"#attributes":{"SystemTime":"2021-05-11T12:53:46.255559Z"}},"EventRecordID":227,"Correlation":null,"Execution":{"#attributes":{"ProcessID":7416,"ThreadID":7004}},"Channel":"Microsoft-Windows-WMI-Activity/Operational","Computer":"IPSERVER","Security":{"#attributes":{"UserID":"S-1-5-20"}}},"UserData":{"Operation_StartedOperational":{"#attributes":{"xmlns":"http://manifests.microsoft.com/win/2006/windows/WMI"},"ProviderName":"CIMWin32","Code":"0x0","HostProcess":"wmiprvse.exe","ProcessID":7416,"ProviderPath":"%systemroot%\\system32\\wbem\\cimwin32.dll"}}}}
{"Event":{"#attributes":{"xmlns":"http://schemas.microsoft.com/win/2004/08/events/event"},"System":{"Provider":{"#attributes":{"Name":"Microsoft-Windows-WMI-Activity","Guid":"1418EF04-B0B4-4623-BF7E-D74AB47BBDAA"}},"EventID":5857,"Version":0,"Level":0,"Task":0,"Opcode":0,"Keywords":"0x4000000000000000","TimeCreated":{"#attributes":{"SystemTime":"2021-05-11T14:18:46.635105Z"}},"EventRecordID":228,"Correlation":null,"Execution":{"#attributes":{"ProcessID":5916,"ThreadID":7100}},"Channel":"Microsoft-Windows-WMI-Activity/Operational","Computer":"IPSERVER","Security":{"#attributes":{"UserID":"S-1-5-20"}}},"UserData":{"Operation_StartedOperational":{"#attributes":{"xmlns":"http://manifests.microsoft.com/win/2006/windows/WMI"},"ProviderName":"CIMWin32","Code":"0x0","HostProcess":"wmiprvse.exe","ProcessID":5916,"ProviderPath":"%systemroot%\\system32\\wbem\\cimwin32.dll"}}}}
{"Event":{"#attributes":{"xmlns":"http://schemas.microsoft.com/win/2004/08/events/event"},"System":{"Provider":{"#attributes":{"Name":"Microsoft-Windows-WMI-Activity","Guid":"1418EF04-B0B4-4623-BF7E-D74AB47BBDAA"}},"EventID":5857,"Version":0,"Level":0,"Task":0,"Opcode":0,"Keywords":"0x4000000000000000","TimeCreated":{"#attributes":{"SystemTime":"2021-05-11T14:36:14.699810Z"}},"EventRecordID":229,"Correlation":null,"Execution":{"#attributes":{"ProcessID":3784,"ThreadID":9908}},"Channel":"Microsoft-Windows-WMI-Activity/Operational","Computer":"IPSERVER","Security":{"#attributes":{"UserID":"S-1-5-20"}}},"UserData":{"Operation_StartedOperational":{"#attributes":{"xmlns":"http://manifests.microsoft.com/win/2006/windows/WMI"},"ProviderName":"CIMWin32","Code":"0x0","HostProcess":"wmiprvse.exe","ProcessID":3784,"ProviderPath":"%systemroot%\\system32\\wbem\\cimwin32.dll"}}}}
{"Event":{"#attributes":{"xmlns":"http://schemas.microsoft.com/win/2004/08/events/event"},"System":{"Provider":{"#attributes":{"Name":"Microsoft-Windows-WMI-Activity","Guid":"1418EF04-B0B4-4623-BF7E-D74AB47BBDAA"}},"EventID":5857,"Version":0,"Level":0,"Task":0,"Opcode":0,"Keywords":"0x4000000000000000","TimeCreated":{"#attributes":{"SystemTime":"2021-05-11T15:05:53.147299Z"}},"EventRecordID":230,"Correlation":null,"Execution":{"#attributes":{"ProcessID":7944,"ThreadID":5628}},"Channel":"Microsoft-Windows-WMI-Activity/Operational","Computer":"IPSERVER","Security":{"#attributes":{"UserID":"S-1-5-20"}}},"UserData":{"Operation_StartedOperational":{"#attributes":{"xmlns":"http://manifests.microsoft.com/win/2006/windows/WMI"},"ProviderName":"CIMWin32","Code":"0x0","HostProcess":"wmiprvse.exe","ProcessID":7944,"ProviderPath":"%systemroot%\\system32\\wbem\\cimwin32.dll"}}}}
{"Event":{"#attributes":{"xmlns":"http://schemas.microsoft.com/win/2004/08/events/event"},"System":{"Provider":{"#attributes":{"Name":"Microsoft-Windows-WMI-Activity","Guid":"1418EF04-B0B4-4623-BF7E-D74AB47BBDAA"}},"EventID":5857,"Version":0,"Level":0,"Task":0,"Opcode":0,"Keywords":"0x4000000000000000","TimeCreated":{"#attributes":{"SystemTime":"2021-05-11T15:08:06.800495Z"}},"EventRecordID":231,"Correlation":null,"Execution":{"#attributes":{"ProcessID":8400,"ThreadID":9012}},"Channel":"Microsoft-Windows-WMI-Activity/Operational","Computer":"IPSERVER","Security":{"#attributes":{"UserID":"S-1-5-20"}}},"UserData":{"Operation_StartedOperational":{"#attributes":{"xmlns":"http://manifests.microsoft.com/win/2006/windows/WMI"},"ProviderName":"CIMWin32","Code":"0x0","HostProcess":"wmiprvse.exe","ProcessID":8400,"ProviderPath":"%systemroot%\\system32\\wbem\\cimwin32.dll"}}}}
{"Event":{"#attributes":{"xmlns":"http://schemas.microsoft.com/win/2004/08/events/event"},"System":{"Provider":{"#attributes":{"Name":"Microsoft-Windows-WMI-Activity","Guid":"1418EF04-B0B4-4623-BF7E-D74AB47BBDAA"}},"EventID":5857,"Version":0,"Level":0,"Task":0,"Opcode":0,"Keywords":"0x4000000000000000","TimeCreated":{"#attributes":{"SystemTime":"2021-05-11T15:08:10.845935Z"}},"EventRecordID":232,"Correlation":null,"Execution":{"#attributes":{"ProcessID":8400,"ThreadID":9012}},"Channel":"Microsoft-Windows-WMI-Activity/Operational","Computer":"IPSERVER","Security":{"#attributes":{"UserID":"S-1-5-20"}}},"UserData":{"Operation_StartedOperational":{"#attributes":{"xmlns":"http://manifests.microsoft.com/win/2006/windows/WMI"},"ProviderName":"UserProfileProvider","Code":"0x0","HostProcess":"wmiprvse.exe","ProcessID":8400,"ProviderPath":"%systemroot%\\system32\\profprov.dll"}}}}
{"Event":{"#attributes":{"xmlns":"http://schemas.microsoft.com/win/2004/08/events/event"},"System":{"Provider":{"#attributes":{"Name":"Microsoft-Windows-WMI-Activity","Guid":"1418EF04-B0B4-4623-BF7E-D74AB47BBDAA"}},"EventID":5857,"Version":0,"Level":0,"Task":0,"Opcode":0,"Keywords":"0x4000000000000000","TimeCreated":{"#attributes":{"SystemTime":"2021-05-11T15:09:38.360401Z"}},"EventRecordID":233,"Correlation":null,"Execution":{"#attributes":{"ProcessID":4980,"ThreadID":10220}},"Channel":"Microsoft-Windows-WMI-Activity/Operational","Computer":"IPSERVER","Security":{"#attributes":{"UserID":"S-1-5-18"}}},"UserData":{"Operation_StartedOperational":{"#attributes":{"xmlns":"http://manifests.microsoft.com/win/2006/windows/WMI"},"ProviderName":"WMIProv","Code":"0x0","HostProcess":"wmiprvse.exe","ProcessID":4980,"ProviderPath":"%systemroot%\\system32\\wbem\\wmiprov.dll"}}}}
{"Event":{"#attributes":{"xmlns":"http://schemas.microsoft.com/win/2004/08/events/event"},"System":{"Provider":{"#attributes":{"Name":"Microsoft-Windows-WMI-Activity","Guid":"1418EF04-B0B4-4623-BF7E-D74AB47BBDAA"}},"EventID":5857,"Version":0,"Level":0,"Task":0,"Opcode":0,"Keywords":"0x4000000000000000","TimeCreated":{"#attributes":{"SystemTime":"2021-05-11T15:36:15.049938Z"}},"EventRecordID":234,"Correlation":null,"Execution":{"#attributes":{"ProcessID":10020,"ThreadID":7772}},"Channel":"Microsoft-Windows-WMI-Activity/Operational","Computer":"IPSERVER","Security":{"#attributes":{"UserID":"S-1-5-20"}}},"UserData":{"Operation_StartedOperational":{"#attributes":{"xmlns":"http://manifests.microsoft.com/win/2006/windows/WMI"},"ProviderName":"CIMWin32","Code":"0x0","HostProcess":"wmiprvse.exe","ProcessID":10020,"ProviderPath":"%systemroot%\\system32\\wbem\\cimwin32.dll"}}}}
{"Event":{"#attributes":{"xmlns":"http://schemas.microsoft.com/win/2004/08/events/event"},"System":{"Provider":{"#attributes":{"Name":"Microsoft-Windows-WMI-Activity","Guid":"1418EF04-B0B4-4623-BF7E-D74AB47BBDAA"}},"EventID":5857,"Version":0,"Level":0,"Task":0,"Opcode":0,"Keywords":"0x4000000000000000","TimeCreated":{"#attributes":{"SystemTime":"2021-05-11T15:48:44.611179Z"}},"EventRecordID":235,"Correlation":null,"Execution":{"#attributes":{"ProcessID":6884,"ThreadID":10056}},"Channel":"Microsoft-Windows-WMI-Activity/Operational","Computer":"IPSERVER","Security":{"#attributes":{"UserID":"S-1-5-20"}}},"UserData":{"Operation_StartedOperational":{"#attributes":{"xmlns":"http://manifests.microsoft.com/win/2006/windows/WMI"},"ProviderName":"CIMWin32","Code":"0x0","HostProcess":"wmiprvse.exe","ProcessID":6884,"ProviderPath":"%systemroot%\\system32\\wbem\\cimwin32.dll"}}}}
{"Event":{"#attributes":{"xmlns":"http://schemas.microsoft.com/win/2004/08/events/event"},"System":{"Provider":{"#attributes":{"Name":"Microsoft-Windows-WMI-Activity","Guid":"1418EF04-B0B4-4623-BF7E-D74AB47BBDAA"}},"EventID":5857,"Version":0,"Level":0,"Task":0,"Opcode":0,"Keywords":"0x4000000000000000","TimeCreated":{"#attributes":{"SystemTime":"2021-05-11T17:03:44.957685Z"}},"EventRecordID":236,"Correlation":null,"Execution":{"#attributes":{"ProcessID":5728,"ThreadID":5028}},"Channel":"Microsoft-Windows-WMI-Activity/Operational","Computer":"IPSERVER","Security":{"#attributes":{"UserID":"S-1-5-20"}}},"UserData":{"Operation_StartedOperational":{"#attributes":{"xmlns":"http://manifests.microsoft.com/win/2006/windows/WMI"},"ProviderName":"CIMWin32","Code":"0x0","HostProcess":"wmiprvse.exe","ProcessID":5728,"ProviderPath":"%systemroot%\\system32\\wbem\\cimwin32.dll"}}}}
{"Event":{"#attributes":{"xmlns":"http://schemas.microsoft.com/win/2004/08/events/event"},"System":{"Provider":{"#attributes":{"Name":"Microsoft-Windows-WMI-Activity","Guid":"1418EF04-B0B4-4623-BF7E-D74AB47BBDAA"}},"EventID":5857,"Version":0,"Level":0,"Task":0,"Opcode":0,"Keywords":"0x4000000000000000","TimeCreated":{"#attributes":{"SystemTime":"2021-05-11T18:21:47.240336Z"}},"EventRecordID":237,"Correlation":null,"Execution":{"#attributes":{"ProcessID":9024,"ThreadID":5280}},"Channel":"Microsoft-Windows-WMI-Activity/Operational","Computer":"IPSERVER","Security":{"#attributes":{"UserID":"S-1-5-20"}}},"UserData":{"Operation_StartedOperational":{"#attributes":{"xmlns":"http://manifests.microsoft.com/win/2006/windows/WMI"},"ProviderName":"CIMWin32","Code":"0x0","HostProcess":"wmiprvse.exe","ProcessID":9024,"ProviderPath":"%systemroot%\\system32\\wbem\\cimwin32.dll"}}}}
{"Event":{"#attributes":{"xmlns":"http://schemas.microsoft.com/win/2004/08/events/event"},"System":{"Provider":{"#attributes":{"Name":"Microsoft-Windows-WMI-Activity","Guid":"1418EF04-B0B4-4623-BF7E-D74AB47BBDAA"}},"EventID":5857,"Version":0,"Level":0,"Task":0,"Opcode":0,"Keywords":"0x4000000000000000","TimeCreated":{"#attributes":{"SystemTime":"2021-05-11T18:36:13.362475Z"}},"EventRecordID":238,"Correlation":null,"Execution":{"#attributes":{"ProcessID":2984,"ThreadID":5744}},"Channel":"Microsoft-Windows-WMI-Activity/Operational","Computer":"IPSERVER","Security":{"#attributes":{"UserID":"S-1-5-20"}}},"UserData":{"Operation_StartedOperational":{"#attributes":{"xmlns":"http://manifests.microsoft.com/win/2006/windows/WMI"},"ProviderName":"CIMWin32","Code":"0x0","HostProcess":"wmiprvse.exe","ProcessID":2984,"ProviderPath":"%systemroot%\\system32\\wbem\\cimwin32.dll"}}}}
{"Event":{"#attributes":{"xmlns":"http://schemas.microsoft.com/win/2004/08/events/event"},"System":{"Provider":{"#attributes":{"Name":"Microsoft-Windows-WMI-Activity","Guid":"1418EF04-B0B4-4623-BF7E-D74AB47BBDAA"}},"EventID":5857,"Version":0,"Level":0,"Task":0,"Opcode":0,"Keywords":"0x4000000000000000","TimeCreated":{"#attributes":{"SystemTime":"2021-05-11T19:48:45.135657Z"}},"EventRecordID":239,"Correlation":null,"Execution":{"#attributes":{"ProcessID":4680,"ThreadID":10000}},"Channel":"Microsoft-Windows-WMI-Activity/Operational","Computer":"IPSERVER","Security":{"#attributes":{"UserID":"S-1-5-20"}}},"UserData":{"Operation_StartedOperational":{"#attributes":{"xmlns":"http://manifests.microsoft.com/win/2006/windows/WMI"},"ProviderName":"CIMWin32","Code":"0x0","HostProcess":"wmiprvse.exe","ProcessID":4680,"ProviderPath":"%systemroot%\\system32\\wbem\\cimwin32.dll"}}}}
{"Event":{"#attributes":{"xmlns":"http://schemas.microsoft.com/win/2004/08/events/event"},"System":{"Provider":{"#attributes":{"Name":"Microsoft-Windows-WMI-Activity","Guid":"1418EF04-B0B4-4623-BF7E-D74AB47BBDAA"}},"EventID":5857,"Version":0,"Level":0,"Task":0,"Opcode":0,"Keywords":"0x4000000000000000","TimeCreated":{"#attributes":{"SystemTime":"2021-05-11T21:14:45.490922Z"}},"EventRecordID":240,"Correlation":null,"Execution":{"#attributes":{"ProcessID":5468,"ThreadID":9596}},"Channel":"Microsoft-Windows-WMI-Activity/Operational","Computer":"IPSERVER","Security":{"#attributes":{"UserID":"S-1-5-20"}}},"UserData":{"Operation_StartedOperational":{"#attributes":{"xmlns":"http://manifests.microsoft.com/win/2006/windows/WMI"},"ProviderName":"CIMWin32","Code":"0x0","HostProcess":"wmiprvse.exe","ProcessID":5468,"ProviderPath":"%systemroot%\\system32\\wbem\\cimwin32.dll"}}}}
{"Event":{"#attributes":{"xmlns":"http://schemas.microsoft.com/win/2004/08/events/event"},"System":{"Provider":{"#attributes":{"Name":"Microsoft-Windows-WMI-Activity","Guid":"1418EF04-B0B4-4623-BF7E-D74AB47BBDAA"}},"EventID":5857,"Version":0,"Level":0,"Task":0,"Opcode":0,"Keywords":"0x4000000000000000","TimeCreated":{"#attributes":{"SystemTime":"2021-05-11T21:25:24.907817Z"}},"EventRecordID":241,"Correlation":null,"Execution":{"#attributes":{"ProcessID":10064,"ThreadID":9940}},"Channel":"Microsoft-Windows-WMI-Activity/Operational","Computer":"IPSERVER","Security":{"#attributes":{"UserID":"S-1-5-20"}}},"UserData":{"Operation_StartedOperational":{"#attributes":{"xmlns":"http://manifests.microsoft.com/win/2006/windows/WMI"},"ProviderName":"CIMWin32","Code":"0x0","HostProcess":"wmiprvse.exe","ProcessID":10064,"ProviderPath":"%systemroot%\\system32\\wbem\\cimwin32.dll"}}}}
{"Event":{"#attributes":{"xmlns":"http://schemas.microsoft.com/win/2004/08/events/event"},"System":{"Provider":{"#attributes":{"Name":"Microsoft-Windows-WMI-Activity","Guid":"1418EF04-B0B4-4623-BF7E-D74AB47BBDAA"}},"EventID":5857,"Version":0,"Level":0,"Task":0,"Opcode":0,"Keywords":"0x4000000000000000","TimeCreated":{"#attributes":{"SystemTime":"2021-05-11T21:25:25.948403Z"}},"EventRecordID":242,"Correlation":null,"Execution":{"#attributes":{"ProcessID":10064,"ThreadID":9940}},"Channel":"Microsoft-Windows-WMI-Activity/Operational","Computer":"IPSERVER","Security":{"#attributes":{"UserID":"S-1-5-20"}}},"UserData":{"Operation_StartedOperational":{"#attributes":{"xmlns":"http://manifests.microsoft.com/win/2006/windows/WMI"},"ProviderName":"SppProvider","Code":"0x0","HostProcess":"wmiprvse.exe","ProcessID":10064,"ProviderPath":"%SystemRoot%\\System32\\sppwmi.dll"}}}}
{"Event":{"#attributes":{"xmlns":"http://schemas.microsoft.com/win/2004/08/events/event"},"System":{"Provider":{"#attributes":{"Name":"Microsoft-Windows-WMI-Activity","Guid":"1418EF04-B0B4-4623-BF7E-D74AB47BBDAA"}},"EventID":5857,"Version":0,"Level":0,"Task":0,"Opcode":0,"Keywords":"0x4000000000000000","TimeCreated":{"#attributes":{"SystemTime":"2021-05-11T21:26:59.883837Z"}},"EventRecordID":243,"Correlation":null,"Execution":{"#attributes":{"ProcessID":10136,"ThreadID":9600}},"Channel":"Microsoft-Windows-WMI-Activity/Operational","Computer":"IPSERVER","Security":{"#attributes":{"UserID":"S-1-5-18"}}},"UserData":{"Operation_StartedOperational":{"#attributes":{"xmlns":"http://manifests.microsoft.com/win/2006/windows/WMI"},"ProviderName":"WmiPerfClass","Code":"0x0","HostProcess":"wmiprvse.exe","ProcessID":10136,"ProviderPath":"C:\\Windows\\System32\\wbem\\WmiPerfClass.dll"}}}}
{"Event":{"#attributes":{"xmlns":"http://schemas.microsoft.com/win/2004/08/events/event"},"System":{"Provider":{"#attributes":{"Name":"Microsoft-Windows-WMI-Activity","Guid":"1418EF04-B0B4-4623-BF7E-D74AB47BBDAA"}},"EventID":5857,"Version":0,"Level":0,"Task":0,"Opcode":0,"Keywords":"0x4000000000000000","TimeCreated":{"#attributes":{"SystemTime":"2021-05-11T21:27:00.813251Z"}},"EventRecordID":244,"Correlation":{"#attributes":{"ActivityID":"8D5FDC40-441B-0000-40F0-608D1B44D701"}},"Execution":{"#attributes":{"ProcessID":10136,"ThreadID":6860}},"Channel":"Microsoft-Windows-WMI-Activity/Operational","Computer":"IPSERVER","Security":{"#attributes":{"UserID":"S-1-5-18"}}},"UserData":{"Operation_StartedOperational":{"#attributes":{"xmlns":"http://manifests.microsoft.com/win/2006/windows/WMI"},"ProviderName":"WMIProv","Code":"0x0","HostProcess":"wmiprvse.exe","ProcessID":10136,"ProviderPath":"%systemroot%\\system32\\wbem\\wmiprov.dll"}}}}
{"Event":{"#attributes":{"xmlns":"http://schemas.microsoft.com/win/2004/08/events/event"},"System":{"Provider":{"#attributes":{"Name":"Microsoft-Windows-WMI-Activity","Guid":"1418EF04-B0B4-4623-BF7E-D74AB47BBDAA"}},"EventID":5857,"Version":0,"Level":0,"Task":0,"Opcode":0,"Keywords":"0x4000000000000000","TimeCreated":{"#attributes":{"SystemTime":"2021-05-11T21:27:01.309591Z"}},"EventRecordID":245,"Correlation":null,"Execution":{"#attributes":{"ProcessID":4464,"ThreadID":7856}},"Channel":"Microsoft-Windows-WMI-Activity/Operational","Computer":"IPSERVER","Security":{"#attributes":{"UserID":"S-1-5-19"}}},"UserData":{"Operation_StartedOperational":{"#attributes":{"xmlns":"http://manifests.microsoft.com/win/2006/windows/WMI"},"ProviderName":"WmiPerfInst","Code":"0x0","HostProcess":"wmiprvse.exe","ProcessID":4464,"ProviderPath":"C:\\Windows\\System32\\wbem\\WmiPerfInst.dll"}}}}
{"Event":{"#attributes":{"xmlns":"http://schemas.microsoft.com/win/2004/08/events/event"},"System":{"Provider":{"#attributes":{"Name":"Microsoft-Windows-WMI-Activity","Guid":"1418EF04-B0B4-4623-BF7E-D74AB47BBDAA"}},"EventID":5857,"Version":0,"Level":0,"Task":0,"Opcode":0,"Keywords":"0x4000000000000000","TimeCreated":{"#attributes":{"SystemTime":"2021-05-11T21:29:22.936218Z"}},"EventRecordID":246,"Correlation":null,"Execution":{"#attributes":{"ProcessID":7348,"ThreadID":9812}},"Channel":"Microsoft-Windows-WMI-Activity/Operational","Computer":"IPSERVER","Security":{"#attributes":{"UserID":"S-1-5-20"}}},"UserData":{"Operation_StartedOperational":{"#attributes":{"xmlns":"http://manifests.microsoft.com/win/2006/windows/WMI"},"ProviderName":"UserProfileProvider","Code":"0x0","HostProcess":"wmiprvse.exe","ProcessID":7348,"ProviderPath":"%systemroot%\\system32\\profprov.dll"}}}}
{"Event":{"#attributes":{"xmlns":"http://schemas.microsoft.com/win/2004/08/events/event"},"System":{"Provider":{"#attributes":{"Name":"Microsoft-Windows-WMI-Activity","Guid":"1418EF04-B0B4-4623-BF7E-D74AB47BBDAA"}},"EventID":5857,"Version":0,"Level":0,"Task":0,"Opcode":0,"Keywords":"0x4000000000000000","TimeCreated":{"#attributes":{"SystemTime":"2021-05-11T21:37:19.585279Z"}},"EventRecordID":247,"Correlation":null,"Execution":{"#attributes":{"ProcessID":8076,"ThreadID":4980}},"Channel":"Microsoft-Windows-WMI-Activity/Operational","Computer":"IPSERVER","Security":{"#attributes":{"UserID":"S-1-5-20"}}},"UserData":{"Operation_StartedOperational":{"#attributes":{"xmlns":"http://manifests.microsoft.com/win/2006/windows/WMI"},"ProviderName":"CIMWin32","Code":"0x0","HostProcess":"wmiprvse.exe","ProcessID":8076,"ProviderPath":"%systemroot%\\system32\\wbem\\cimwin32.dll"}}}}
{"Event":{"#attributes":{"xmlns":"http://schemas.microsoft.com/win/2004/08/events/event"},"System":{"Provider":{"#attributes":{"Name":"Microsoft-Windows-WMI-Activity","Guid":"1418EF04-B0B4-4623-BF7E-D74AB47BBDAA"}},"EventID":5857,"Version":0,"Level":0,"Task":0,"Opcode":0,"Keywords":"0x4000000000000000","TimeCreated":{"#attributes":{"SystemTime":"2021-05-11T21:45:55.396852Z"}},"EventRecordID":248,"Correlation":null,"Execution":{"#attributes":{"ProcessID":1820,"ThreadID":4576}},"Channel":"Microsoft-Windows-WMI-Activity/Operational","Computer":"IPSERVER","Security":{"#attributes":{"UserID":"S-1-5-20"}}},"UserData":{"Operation_StartedOperational":{"#attributes":{"xmlns":"http://manifests.microsoft.com/win/2006/windows/WMI"},"ProviderName":"CIMWin32","Code":"0x0","HostProcess":"wmiprvse.exe","ProcessID":1820,"ProviderPath":"%systemroot%\\system32\\wbem\\cimwin32.dll"}}}}
{"Event":{"#attributes":{"xmlns":"http://schemas.microsoft.com/win/2004/08/events/event"},"System":{"Provider":{"#attributes":{"Name":"Microsoft-Windows-WMI-Activity","Guid":"1418EF04-B0B4-4623-BF7E-D74AB47BBDAA"}},"EventID":5860,"Version":0,"Level":0,"Task":0,"Opcode":0,"Keywords":"0x4000000000000000","TimeCreated":{"#attributes":{"SystemTime":"2021-05-11T21:45:56.962313Z"}},"EventRecordID":249,"Correlation":null,"Execution":{"#attributes":{"ProcessID":2776,"ThreadID":832}},"Channel":"Microsoft-Windows-WMI-Activity/Operational","Computer":"IPSERVER","Security":{"#attributes":{"UserID":"S-1-5-18"}}},"UserData":{"Operation_TemporaryEssStarted":{"#attributes":{"xmlns":"http://manifests.microsoft.com/win/2006/windows/WMI"},"NamespaceName":"ROOT\\SecurityCenter","Query":"SELECT * FROM __InstanceOperationEvent WHERE TargetInstance ISA 'AntiVirusProduct' OR TargetInstance ISA 'FirewallProduct' OR TargetInstance ISA 'AntiSpywareProduct'","User":"NT AUTHORITY\\LOCAL SERVICE","Processid":3012,"ClientMachine":"IPSERVER","PossibleCause":"Temporary"}}}}
{"Event":{"#attributes":{"xmlns":"http://schemas.microsoft.com/win/2004/08/events/event"},"System":{"Provider":{"#attributes":{"Name":"Microsoft-Windows-WMI-Activity","Guid":"1418EF04-B0B4-4623-BF7E-D74AB47BBDAA"}},"EventID":5857,"Version":0,"Level":0,"Task":0,"Opcode":0,"Keywords":"0x4000000000000000","TimeCreated":{"#attributes":{"SystemTime":"2021-05-11T21:45:57.021746Z"}},"EventRecordID":250,"Correlation":null,"Execution":{"#attributes":{"ProcessID":1820,"ThreadID":4576}},"Channel":"Microsoft-Windows-WMI-Activity/Operational","Computer":"IPSERVER","Security":{"#attributes":{"UserID":"S-1-5-20"}}},"UserData":{"Operation_StartedOperational":{"#attributes":{"xmlns":"http://manifests.microsoft.com/win/2006/windows/WMI"},"ProviderName":"CIMWin32a","Code":"0x0","HostProcess":"wmiprvse.exe","ProcessID":1820,"ProviderPath":"%systemroot%\\system32\\wbem\\wmipcima.dll"}}}}
{"Event":{"#attributes":{"xmlns":"http://schemas.microsoft.com/win/2004/08/events/event"},"System":{"Provider":{"#attributes":{"Name":"Microsoft-Windows-WMI-Activity","Guid":"1418EF04-B0B4-4623-BF7E-D74AB47BBDAA"}},"EventID":5857,"Version":0,"Level":0,"Task":0,"Opcode":0,"Keywords":"0x4000000000000000","TimeCreated":{"#attributes":{"SystemTime":"2021-05-11T21:47:57.722788Z"}},"EventRecordID":251,"Correlation":null,"Execution":{"#attributes":{"ProcessID":5032,"ThreadID":4304}},"Channel":"Microsoft-Windows-WMI-Activity/Operational","Computer":"IPSERVER","Security":{"#attributes":{"UserID":"S-1-5-18"}}},"UserData":{"Operation_StartedOperational":{"#attributes":{"xmlns":"http://manifests.microsoft.com/win/2006/windows/WMI"},"ProviderName":"WMIProv","Code":"0x0","HostProcess":"wmiprvse.exe","ProcessID":5032,"ProviderPath":"%systemroot%\\system32\\wbem\\wmiprov.dll"}}}}
{"Event":{"#attributes":{"xmlns":"http://schemas.microsoft.com/win/2004/08/events/event"},"System":{"Provider":{"#attributes":{"Name":"Microsoft-Windows-WMI-Activity","Guid":"1418EF04-B0B4-4623-BF7E-D74AB47BBDAA"}},"EventID":5857,"Version":0,"Level":0,"Task":0,"Opcode":0,"Keywords":"0x4000000000000000","TimeCreated":{"#attributes":{"SystemTime":"2021-05-11T21:54:00.922991Z"}},"EventRecordID":252,"Correlation":null,"Execution":{"#attributes":{"ProcessID":3920,"ThreadID":4564}},"Channel":"Microsoft-Windows-WMI-Activity/Operational","Computer":"IPSERVER","Security":{"#attributes":{"UserID":"S-1-5-20"}}},"UserData":{"Operation_StartedOperational":{"#attributes":{"xmlns":"http://manifests.microsoft.com/win/2006/windows/WMI"},"ProviderName":"CIMWin32","Code":"0x0","HostProcess":"wmiprvse.exe","ProcessID":3920,"ProviderPath":"%systemroot%\\system32\\wbem\\cimwin32.dll"}}}}
{"Event":{"#attributes":{"xmlns":"http://schemas.microsoft.com/win/2004/08/events/event"},"System":{"Provider":{"#attributes":{"Name":"Microsoft-Windows-WMI-Activity","Guid":"1418EF04-B0B4-4623-BF7E-D74AB47BBDAA"}},"EventID":5857,"Version":0,"Level":0,"Task":0,"Opcode":0,"Keywords":"0x4000000000000000","TimeCreated":{"#attributes":{"SystemTime":"2021-05-11T21:54:02.309404Z"}},"EventRecordID":253,"Correlation":null,"Execution":{"#attributes":{"ProcessID":3920,"ThreadID":4564}},"Channel":"Microsoft-Windows-WMI-Activity/Operational","Computer":"IPSERVER","Security":{"#attributes":{"UserID":"S-1-5-20"}}},"UserData":{"Operation_StartedOperational":{"#attributes":{"xmlns":"http://manifests.microsoft.com/win/2006/windows/WMI"},"ProviderName":"UserProfileProvider","Code":"0x0","HostProcess":"wmiprvse.exe","ProcessID":3920,"ProviderPath":"%systemroot%\\system32\\profprov.dll"}}}}
{"Event":{"#attributes":{"xmlns":"http://schemas.microsoft.com/win/2004/08/events/event"},"System":{"Provider":{"#attributes":{"Name":"Microsoft-Windows-WMI-Activity","Guid":"1418EF04-B0B4-4623-BF7E-D74AB47BBDAA"}},"EventID":5857,"Version":0,"Level":0,"Task":0,"Opcode":0,"Keywords":"0x4000000000000000","TimeCreated":{"#attributes":{"SystemTime":"2021-05-11T21:59:58.223220Z"}},"EventRecordID":254,"Correlation":null,"Execution":{"#attributes":{"ProcessID":5108,"ThreadID":3472}},"Channel":"Microsoft-Windows-WMI-Activity/Operational","Computer":"IPSERVER","Security":{"#attributes":{"UserID":"S-1-5-20"}}},"UserData":{"Operation_StartedOperational":{"#attributes":{"xmlns":"http://manifests.microsoft.com/win/2006/windows/WMI"},"ProviderName":"CIMWin32","Code":"0x0","HostProcess":"wmiprvse.exe","ProcessID":5108,"ProviderPath":"%systemroot%\\system32\\wbem\\cimwin32.dll"}}}}
{"Event":{"#attributes":{"xmlns":"http://schemas.microsoft.com/win/2004/08/events/event"},"System":{"Provider":{"#attributes":{"Name":"Microsoft-Windows-WMI-Activity","Guid":"1418EF04-B0B4-4623-BF7E-D74AB47BBDAA"}},"EventID":5857,"Version":0,"Level":0,"Task":0,"Opcode":0,"Keywords":"0x4000000000000000","TimeCreated":{"#attributes":{"SystemTime":"2021-05-11T22:25:24.680125Z"}},"EventRecordID":255,"Correlation":null,"Execution":{"#attributes":{"ProcessID":3468,"ThreadID":4532}},"Channel":"Microsoft-Windows-WMI-Activity/Operational","Computer":"IPSERVER","Security":{"#attributes":{"UserID":"S-1-5-20"}}},"UserData":{"Operation_StartedOperational":{"#attributes":{"xmlns":"http://manifests.microsoft.com/win/2006/windows/WMI"},"ProviderName":"CIMWin32","Code":"0x0","HostProcess":"wmiprvse.exe","ProcessID":3468,"ProviderPath":"%systemroot%\\system32\\wbem\\cimwin32.dll"}}}}
{"Event":{"#attributes":{"xmlns":"http://schemas.microsoft.com/win/2004/08/events/event"},"System":{"Provider":{"#attributes":{"Name":"Microsoft-Windows-WMI-Activity","Guid":"1418EF04-B0B4-4623-BF7E-D74AB47BBDAA"}},"EventID":5857,"Version":0,"Level":0,"Task":0,"Opcode":0,"Keywords":"0x4000000000000000","TimeCreated":{"#attributes":{"SystemTime":"2021-05-11T22:25:24.718892Z"}},"EventRecordID":256,"Correlation":null,"Execution":{"#attributes":{"ProcessID":3468,"ThreadID":4532}},"Channel":"Microsoft-Windows-WMI-Activity/Operational","Computer":"IPSERVER","Security":{"#attributes":{"UserID":"S-1-5-20"}}},"UserData":{"Operation_StartedOperational":{"#attributes":{"xmlns":"http://manifests.microsoft.com/win/2006/windows/WMI"},"ProviderName":"CIMWin32a","Code":"0x0","HostProcess":"wmiprvse.exe","ProcessID":3468,"ProviderPath":"%systemroot%\\system32\\wbem\\wmipcima.dll"}}}}
{"Event":{"#attributes":{"xmlns":"http://schemas.microsoft.com/win/2004/08/events/event"},"System":{"Provider":{"#attributes":{"Name":"Microsoft-Windows-WMI-Activity","Guid":"1418EF04-B0B4-4623-BF7E-D74AB47BBDAA"}},"EventID":5857,"Version":0,"Level":0,"Task":0,"Opcode":0,"Keywords":"0x4000000000000000","TimeCreated":{"#attributes":{"SystemTime":"2021-05-11T22:46:05.170401Z"}},"EventRecordID":257,"Correlation":null,"Execution":{"#attributes":{"ProcessID":4240,"ThreadID":3516}},"Channel":"Microsoft-Windows-WMI-Activity/Operational","Computer":"IPSERVER","Security":{"#attributes":{"UserID":"S-1-5-20"}}},"UserData":{"Operation_StartedOperational":{"#attributes":{"xmlns":"http://manifests.microsoft.com/win/2006/windows/WMI"},"ProviderName":"CIMWin32","Code":"0x0","HostProcess":"wmiprvse.exe","ProcessID":4240,"ProviderPath":"%systemroot%\\system32\\wbem\\cimwin32.dll"}}}}
{"Event":{"#attributes":{"xmlns":"http://schemas.microsoft.com/win/2004/08/events/event"},"System":{"Provider":{"#attributes":{"Name":"Microsoft-Windows-WMI-Activity","Guid":"1418EF04-B0B4-4623-BF7E-D74AB47BBDAA"}},"EventID":5857,"Version":0,"Level":0,"Task":0,"Opcode":0,"Keywords":"0x4000000000000000","TimeCreated":{"#attributes":{"SystemTime":"2021-05-11T22:46:05.208221Z"}},"EventRecordID":258,"Correlation":null,"Execution":{"#attributes":{"ProcessID":4240,"ThreadID":3516}},"Channel":"Microsoft-Windows-WMI-Activity/Operational","Computer":"IPSERVER","Security":{"#attributes":{"UserID":"S-1-5-20"}}},"UserData":{"Operation_StartedOperational":{"#attributes":{"xmlns":"http://manifests.microsoft.com/win/2006/windows/WMI"},"ProviderName":"CIMWin32a","Code":"0x0","HostProcess":"wmiprvse.exe","ProcessID":4240,"ProviderPath":"%systemroot%\\system32\\wbem\\wmipcima.dll"}}}}
{"Event":{"#attributes":{"xmlns":"http://schemas.microsoft.com/win/2004/08/events/event"},"System":{"Provider":{"#attributes":{"Name":"Microsoft-Windows-WMI-Activity","Guid":"1418EF04-B0B4-4623-BF7E-D74AB47BBDAA"}},"EventID":5857,"Version":0,"Level":0,"Task":0,"Opcode":0,"Keywords":"0x4000000000000000","TimeCreated":{"#attributes":{"SystemTime":"2021-05-11T23:25:24.665262Z"}},"EventRecordID":259,"Correlation":null,"Execution":{"#attributes":{"ProcessID":560,"ThreadID":4244}},"Channel":"Microsoft-Windows-WMI-Activity/Operational","Computer":"IPSERVER","Security":{"#attributes":{"UserID":"S-1-5-20"}}},"UserData":{"Operation_StartedOperational":{"#attributes":{"xmlns":"http://manifests.microsoft.com/win/2006/windows/WMI"},"ProviderName":"CIMWin32","Code":"0x0","HostProcess":"wmiprvse.exe","ProcessID":560,"ProviderPath":"%systemroot%\\system32\\wbem\\cimwin32.dll"}}}}
{"Event":{"#attributes":{"xmlns":"http://schemas.microsoft.com/win/2004/08/events/event"},"System":{"Provider":{"#attributes":{"Name":"Microsoft-Windows-WMI-Activity","Guid":"1418EF04-B0B4-4623-BF7E-D74AB47BBDAA"}},"EventID":5857,"Version":0,"Level":0,"Task":0,"Opcode":0,"Keywords":"0x4000000000000000","TimeCreated":{"#attributes":{"SystemTime":"2021-05-11T23:25:24.704967Z"}},"EventRecordID":260,"Correlation":null,"Execution":{"#attributes":{"ProcessID":560,"ThreadID":4244}},"Channel":"Microsoft-Windows-WMI-Activity/Operational","Computer":"IPSERVER","Security":{"#attributes":{"UserID":"S-1-5-20"}}},"UserData":{"Operation_StartedOperational":{"#attributes":{"xmlns":"http://manifests.microsoft.com/win/2006/windows/WMI"},"ProviderName":"CIMWin32a","Code":"0x0","HostProcess":"wmiprvse.exe","ProcessID":560,"ProviderPath":"%systemroot%\\system32\\wbem\\wmipcima.dll"}}}}
{"Event":{"#attributes":{"xmlns":"http://schemas.microsoft.com/win/2004/08/events/event"},"System":{"Provider":{"#attributes":{"Name":"Microsoft-Windows-WMI-Activity","Guid":"1418EF04-B0B4-4623-BF7E-D74AB47BBDAA"}},"EventID":5857,"Version":0,"Level":0,"Task":0,"Opcode":0,"Keywords":"0x4000000000000000","TimeCreated":{"#attributes":{"SystemTime":"2021-05-11T23:48:55.112920Z"}},"EventRecordID":261,"Correlation":null,"Execution":{"#attributes":{"ProcessID":3304,"ThreadID":3968}},"Channel":"Microsoft-Windows-WMI-Activity/Operational","Computer":"IPSERVER","Security":{"#attributes":{"UserID":"S-1-5-20"}}},"UserData":{"Operation_StartedOperational":{"#attributes":{"xmlns":"http://manifests.microsoft.com/win/2006/windows/WMI"},"ProviderName":"CIMWin32","Code":"0x0","HostProcess":"wmiprvse.exe","ProcessID":3304,"ProviderPath":"%systemroot%\\system32\\wbem\\cimwin32.dll"}}}}
{"Event":{"#attributes":{"xmlns":"http://schemas.microsoft.com/win/2004/08/events/event"},"System":{"Provider":{"#attributes":{"Name":"Microsoft-Windows-WMI-Activity","Guid":"1418EF04-B0B4-4623-BF7E-D74AB47BBDAA"}},"EventID":5857,"Version":0,"Level":0,"Task":0,"Opcode":0,"Keywords":"0x4000000000000000","TimeCreated":{"#attributes":{"SystemTime":"2021-05-11T23:48:55.153250Z"}},"EventRecordID":262,"Correlation":null,"Execution":{"#attributes":{"ProcessID":3304,"ThreadID":3968}},"Channel":"Microsoft-Windows-WMI-Activity/Operational","Computer":"IPSERVER","Security":{"#attributes":{"UserID":"S-1-5-20"}}},"UserData":{"Operation_StartedOperational":{"#attributes":{"xmlns":"http://manifests.microsoft.com/win/2006/windows/WMI"},"ProviderName":"CIMWin32a","Code":"0x0","HostProcess":"wmiprvse.exe","ProcessID":3304,"ProviderPath":"%systemroot%\\system32\\wbem\\wmipcima.dll"}}}}
{"Event":{"#attributes":{"xmlns":"http://schemas.microsoft.com/win/2004/08/events/event"},"System":{"Provider":{"#attributes":{"Name":"Microsoft-Windows-WMI-Activity","Guid":"1418EF04-B0B4-4623-BF7E-D74AB47BBDAA"}},"EventID":5857,"Version":0,"Level":0,"Task":0,"Opcode":0,"Keywords":"0x4000000000000000","TimeCreated":{"#attributes":{"SystemTime":"2021-05-12T00:12:17.980869Z"}},"EventRecordID":263,"Correlation":null,"Execution":{"#attributes":{"ProcessID":392,"ThreadID":2100}},"Channel":"Microsoft-Windows-WMI-Activity/Operational","Computer":"IPSERVER","Security":{"#attributes":{"UserID":"S-1-5-18"}}},"UserData":{"Operation_StartedOperational":{"#attributes":{"xmlns":"http://manifests.microsoft.com/win/2006/windows/WMI"},"ProviderName":"WmiPerfClass","Code":"0x0","HostProcess":"wmiprvse.exe","ProcessID":392,"ProviderPath":"C:\\Windows\\System32\\wbem\\WmiPerfClass.dll"}}}}
{"Event":{"#attributes":{"xmlns":"http://schemas.microsoft.com/win/2004/08/events/event"},"System":{"Provider":{"#attributes":{"Name":"Microsoft-Windows-WMI-Activity","Guid":"1418EF04-B0B4-4623-BF7E-D74AB47BBDAA"}},"EventID":5858,"Version":0,"Level":2,"Task":0,"Opcode":0,"Keywords":"0x4000000000000000","TimeCreated":{"#attributes":{"SystemTime":"2021-05-12T00:12:17.985255Z"}},"EventRecordID":264,"Correlation":null,"Execution":{"#attributes":{"ProcessID":2776,"ThreadID":5040}},"Channel":"Microsoft-Windows-WMI-Activity/Operational","Computer":"IPSERVER","Security":{"#attributes":{"UserID":"S-1-5-18"}}},"UserData":{"Operation_ClientFailure":{"#attributes":{"xmlns":"http://manifests.microsoft.com/win/2006/windows/WMI"},"Id":"{00000000-0000-0000-0000-000000000000}","ClientMachine":"IPSERVER","User":"NT AUTHORITY\\СИСТЕМА","ClientProcessId":2968,"Component":"Unknown","Operation":"Start IWbemServices::ExecQuery - ROOT\\CIMV2 : SELECT ID FROM Win32_ServerFeature","ResultCode":"0x80041010","PossibleCause":"Unknown"}}}}
{"Event":{"#attributes":{"xmlns":"http://schemas.microsoft.com/win/2004/08/events/event"},"System":{"Provider":{"#attributes":{"Name":"Microsoft-Windows-WMI-Activity","Guid":"1418EF04-B0B4-4623-BF7E-D74AB47BBDAA"}},"EventID":5857,"Version":0,"Level":0,"Task":0,"Opcode":0,"Keywords":"0x4000000000000000","TimeCreated":{"#attributes":{"SystemTime":"2021-05-12T00:12:18.142862Z"}},"EventRecordID":265,"Correlation":null,"Execution":{"#attributes":{"ProcessID":4128,"ThreadID":4208}},"Channel":"Microsoft-Windows-WMI-Activity/Operational","Computer":"IPSERVER","Security":{"#attributes":{"UserID":"S-1-5-20"}}},"UserData":{"Operation_StartedOperational":{"#attributes":{"xmlns":"http://manifests.microsoft.com/win/2006/windows/WMI"},"ProviderName":"Win32_TpmProvider","Code":"0x0","HostProcess":"wmiprvse.exe","ProcessID":4128,"ProviderPath":"C:\\Windows\\System32\\wbem\\Win32_TPM.dll"}}}}
{"Event":{"#attributes":{"xmlns":"http://schemas.microsoft.com/win/2004/08/events/event"},"System":{"Provider":{"#attributes":{"Name":"Microsoft-Windows-WMI-Activity","Guid":"1418EF04-B0B4-4623-BF7E-D74AB47BBDAA"}},"EventID":5857,"Version":0,"Level":0,"Task":0,"Opcode":0,"Keywords":"0x4000000000000000","TimeCreated":{"#attributes":{"SystemTime":"2021-05-12T00:12:19.173431Z"}},"EventRecordID":266,"Correlation":null,"Execution":{"#attributes":{"ProcessID":4128,"ThreadID":4208}},"Channel":"Microsoft-Windows-WMI-Activity/Operational","Computer":"IPSERVER","Security":{"#attributes":{"UserID":"S-1-5-20"}}},"UserData":{"Operation_StartedOperational":{"#attributes":{"xmlns":"http://manifests.microsoft.com/win/2006/windows/WMI"},"ProviderName":"Win32_DeviceGuard","Code":"0x0","HostProcess":"wmiprvse.exe","ProcessID":4128,"ProviderPath":"%SystemRoot%\\System32\\Win32_DeviceGuard.dll"}}}}
{"Event":{"#attributes":{"xmlns":"http://schemas.microsoft.com/win/2004/08/events/event"},"System":{"Provider":{"#attributes":{"Name":"Microsoft-Windows-WMI-Activity","Guid":"1418EF04-B0B4-4623-BF7E-D74AB47BBDAA"}},"EventID":5858,"Version":0,"Level":2,"Task":0,"Opcode":0,"Keywords":"0x4000000000000000","TimeCreated":{"#attributes":{"SystemTime":"2021-05-12T00:12:19.188442Z"}},"EventRecordID":267,"Correlation":null,"Execution":{"#attributes":{"ProcessID":2776,"ThreadID":924}},"Channel":"Microsoft-Windows-WMI-Activity/Operational","Computer":"IPSERVER","Security":{"#attributes":{"UserID":"S-1-5-18"}}},"UserData":{"Operation_ClientFailure":{"#attributes":{"xmlns":"http://manifests.microsoft.com/win/2006/windows/WMI"},"Id":"{00000000-0000-0000-0000-000000000000}","ClientMachine":"IPSERVER","User":"NT AUTHORITY\\СИСТЕМА","ClientProcessId":2968,"Component":"Unknown","Operation":"Start IWbemServices::ExecQuery - root\\Microsoft\\Windows\\DeviceGuard : SELECT SecurityServicesRunning FROM Win32_DeviceGuard ","ResultCode":"0x80041032","PossibleCause":"Unknown"}}}}
{"Event":{"#attributes":{"xmlns":"http://schemas.microsoft.com/win/2004/08/events/event"},"System":{"Provider":{"#attributes":{"Name":"Microsoft-Windows-WMI-Activity","Guid":"1418EF04-B0B4-4623-BF7E-D74AB47BBDAA"}},"EventID":5858,"Version":0,"Level":2,"Task":0,"Opcode":0,"Keywords":"0x4000000000000000","TimeCreated":{"#attributes":{"SystemTime":"2021-05-12T00:12:19.193993Z"}},"EventRecordID":268,"Correlation":null,"Execution":{"#attributes":{"ProcessID":2776,"ThreadID":3648}},"Channel":"Microsoft-Windows-WMI-Activity/Operational","Computer":"IPSERVER","Security":{"#attributes":{"UserID":"S-1-5-18"}}},"UserData":{"Operation_ClientFailure":{"#attributes":{"xmlns":"http://manifests.microsoft.com/win/2006/windows/WMI"},"Id":"{00000000-0000-0000-0000-000000000000}","ClientMachine":"IPSERVER","User":"NT AUTHORITY\\СИСТЕМА","ClientProcessId":2968,"Component":"Unknown","Operation":"Start IWbemServices::ExecQuery - root\\Microsoft\\Windows\\DeviceGuard : SELECT SecurityServicesConfigured FROM Win32_DeviceGuard ","ResultCode":"0x80041032","PossibleCause":"Unknown"}}}}
{"Event":{"#attributes":{"xmlns":"http://schemas.microsoft.com/win/2004/08/events/event"},"System":{"Provider":{"#attributes":{"Name":"Microsoft-Windows-WMI-Activity","Guid":"1418EF04-B0B4-4623-BF7E-D74AB47BBDAA"}},"EventID":5857,"Version":0,"Level":0,"Task":0,"Opcode":0,"Keywords":"0x4000000000000000","TimeCreated":{"#attributes":{"SystemTime":"2021-05-12T00:25:24.678318Z"}},"EventRecordID":269,"Correlation":null,"Execution":{"#attributes":{"ProcessID":1440,"ThreadID":3304}},"Channel":"Microsoft-Windows-WMI-Activity/Operational","Computer":"IPSERVER","Security":{"#attributes":{"UserID":"S-1-5-20"}}},"UserData":{"Operation_StartedOperational":{"#attributes":{"xmlns":"http://manifests.microsoft.com/win/2006/windows/WMI"},"ProviderName":"CIMWin32","Code":"0x0","HostProcess":"wmiprvse.exe","ProcessID":1440,"ProviderPath":"%systemroot%\\system32\\wbem\\cimwin32.dll"}}}}
{"Event":{"#attributes":{"xmlns":"http://schemas.microsoft.com/win/2004/08/events/event"},"System":{"Provider":{"#attributes":{"Name":"Microsoft-Windows-WMI-Activity","Guid":"1418EF04-B0B4-4623-BF7E-D74AB47BBDAA"}},"EventID":5857,"Version":0,"Level":0,"Task":0,"Opcode":0,"Keywords":"0x4000000000000000","TimeCreated":{"#attributes":{"SystemTime":"2021-05-12T00:25:24.722030Z"}},"EventRecordID":270,"Correlation":null,"Execution":{"#attributes":{"ProcessID":1440,"ThreadID":3980}},"Channel":"Microsoft-Windows-WMI-Activity/Operational","Computer":"IPSERVER","Security":{"#attributes":{"UserID":"S-1-5-20"}}},"UserData":{"Operation_StartedOperational":{"#attributes":{"xmlns":"http://manifests.microsoft.com/win/2006/windows/WMI"},"ProviderName":"CIMWin32a","Code":"0x0","HostProcess":"wmiprvse.exe","ProcessID":1440,"ProviderPath":"%systemroot%\\system32\\wbem\\wmipcima.dll"}}}}
{"Event":{"#attributes":{"xmlns":"http://schemas.microsoft.com/win/2004/08/events/event"},"System":{"Provider":{"#attributes":{"Name":"Microsoft-Windows-WMI-Activity","Guid":"1418EF04-B0B4-4623-BF7E-D74AB47BBDAA"}},"EventID":5857,"Version":0,"Level":0,"Task":0,"Opcode":0,"Keywords":"0x4000000000000000","TimeCreated":{"#attributes":{"SystemTime":"2021-05-12T00:40:32.320823Z"}},"EventRecordID":271,"Correlation":null,"Execution":{"#attributes":{"ProcessID":3308,"ThreadID":4240}},"Channel":"Microsoft-Windows-WMI-Activity/Operational","Computer":"IPSERVER","Security":{"#attributes":{"UserID":"S-1-5-20"}}},"UserData":{"Operation_StartedOperational":{"#attributes":{"xmlns":"http://manifests.microsoft.com/win/2006/windows/WMI"},"ProviderName":"CIMWin32","Code":"0x0","HostProcess":"wmiprvse.exe","ProcessID":3308,"ProviderPath":"%systemroot%\\system32\\wbem\\cimwin32.dll"}}}}
{"Event":{"#attributes":{"xmlns":"http://schemas.microsoft.com/win/2004/08/events/event"},"System":{"Provider":{"#attributes":{"Name":"Microsoft-Windows-WMI-Activity","Guid":"1418EF04-B0B4-4623-BF7E-D74AB47BBDAA"}},"EventID":5857,"Version":0,"Level":0,"Task":0,"Opcode":0,"Keywords":"0x4000000000000000","TimeCreated":{"#attributes":{"SystemTime":"2021-05-12T00:40:32.356364Z"}},"EventRecordID":272,"Correlation":null,"Execution":{"#attributes":{"ProcessID":3308,"ThreadID":4240}},"Channel":"Microsoft-Windows-WMI-Activity/Operational","Computer":"IPSERVER","Security":{"#attributes":{"UserID":"S-1-5-20"}}},"UserData":{"Operation_StartedOperational":{"#attributes":{"xmlns":"http://manifests.microsoft.com/win/2006/windows/WMI"},"ProviderName":"CIMWin32a","Code":"0x0","HostProcess":"wmiprvse.exe","ProcessID":3308,"ProviderPath":"%systemroot%\\system32\\wbem\\wmipcima.dll"}}}}
{"Event":{"#attributes":{"xmlns":"http://schemas.microsoft.com/win/2004/08/events/event"},"System":{"Provider":{"#attributes":{"Name":"Microsoft-Windows-WMI-Activity","Guid":"1418EF04-B0B4-4623-BF7E-D74AB47BBDAA"}},"EventID":5857,"Version":0,"Level":0,"Task":0,"Opcode":0,"Keywords":"0x4000000000000000","TimeCreated":{"#attributes":{"SystemTime":"2021-05-12T00:40:49.367680Z"}},"EventRecordID":273,"Correlation":null,"Execution":{"#attributes":{"ProcessID":3308,"ThreadID":2616}},"Channel":"Microsoft-Windows-WMI-Activity/Operational","Computer":"IPSERVER","Security":{"#attributes":{"UserID":"S-1-5-20"}}},"UserData":{"Operation_StartedOperational":{"#attributes":{"xmlns":"http://manifests.microsoft.com/win/2006/windows/WMI"},"ProviderName":"Win32_WIN32_TERMINALSERVICE_Prov","Code":"0x0","HostProcess":"wmiprvse.exe","ProcessID":3308,"ProviderPath":"%SystemRoot%\\system32\\tscfgwmi.dll"}}}}
{"Event":{"#attributes":{"xmlns":"http://schemas.microsoft.com/win/2004/08/events/event"},"System":{"Provider":{"#attributes":{"Name":"Microsoft-Windows-WMI-Activity","Guid":"1418EF04-B0B4-4623-BF7E-D74AB47BBDAA"}},"EventID":5858,"Version":0,"Level":2,"Task":0,"Opcode":0,"Keywords":"0x4000000000000000","TimeCreated":{"#attributes":{"SystemTime":"2021-05-12T00:40:49.792053Z"}},"EventRecordID":274,"Correlation":null,"Execution":{"#attributes":{"ProcessID":2776,"ThreadID":924}},"Channel":"Microsoft-Windows-WMI-Activity/Operational","Computer":"IPSERVER","Security":{"#attributes":{"UserID":"S-1-5-18"}}},"UserData":{"Operation_ClientFailure":{"#attributes":{"xmlns":"http://manifests.microsoft.com/win/2006/windows/WMI"},"Id":"{00000000-0000-0000-0000-000000000000}","ClientMachine":"IPSERVER","User":"NT AUTHORITY\\СИСТЕМА","ClientProcessId":1524,"Component":"Unknown","Operation":"Start IWbemServices::ExecQuery - ROOT\\CIMV2 : SELECT State FROM Win32_Service","ResultCode":"0x80041032","PossibleCause":"Unknown"}}}}
{"Event":{"#attributes":{"xmlns":"http://schemas.microsoft.com/win/2004/08/events/event"},"System":{"Provider":{"#attributes":{"Name":"Microsoft-Windows-WMI-Activity","Guid":"1418EF04-B0B4-4623-BF7E-D74AB47BBDAA"}},"EventID":5858,"Version":0,"Level":2,"Task":0,"Opcode":0,"Keywords":"0x4000000000000000","TimeCreated":{"#attributes":{"SystemTime":"2021-05-12T00:40:49.949338Z"}},"EventRecordID":275,"Correlation":null,"Execution":{"#attributes":{"ProcessID":2776,"ThreadID":924}},"Channel":"Microsoft-Windows-WMI-Activity/Operational","Computer":"IPSERVER","Security":{"#attributes":{"UserID":"S-1-5-18"}}},"UserData":{"Operation_ClientFailure":{"#attributes":{"xmlns":"http://manifests.microsoft.com/win/2006/windows/WMI"},"Id":"{00000000-0000-0000-0000-000000000000}","ClientMachine":"IPSERVER","User":"NT AUTHORITY\\СИСТЕМА","ClientProcessId":1524,"Component":"Unknown","Operation":"Start IWbemServices::ExecQuery - root\\cimv2 : SELECT FreeSpace FROM Win32_LogicalDisk WHERE DeviceId = \"C:\"","ResultCode":"0x80041032","PossibleCause":"Unknown"}}}}
{"Event":{"#attributes":{"xmlns":"http://schemas.microsoft.com/win/2004/08/events/event"},"System":{"Provider":{"#attributes":{"Name":"Microsoft-Windows-WMI-Activity","Guid":"1418EF04-B0B4-4623-BF7E-D74AB47BBDAA"}},"EventID":5857,"Version":0,"Level":0,"Task":0,"Opcode":0,"Keywords":"0x4000000000000000","TimeCreated":{"#attributes":{"SystemTime":"2021-05-12T01:25:24.724746Z"}},"EventRecordID":276,"Correlation":null,"Execution":{"#attributes":{"ProcessID":1896,"ThreadID":1200}},"Channel":"Microsoft-Windows-WMI-Activity/Operational","Computer":"IPSERVER","Security":{"#attributes":{"UserID":"S-1-5-20"}}},"UserData":{"Operation_StartedOperational":{"#attributes":{"xmlns":"http://manifests.microsoft.com/win/2006/windows/WMI"},"ProviderName":"CIMWin32","Code":"0x0","HostProcess":"wmiprvse.exe","ProcessID":1896,"ProviderPath":"%systemroot%\\system32\\wbem\\cimwin32.dll"}}}}
{"Event":{"#attributes":{"xmlns":"http://schemas.microsoft.com/win/2004/08/events/event"},"System":{"Provider":{"#attributes":{"Name":"Microsoft-Windows-WMI-Activity","Guid":"1418EF04-B0B4-4623-BF7E-D74AB47BBDAA"}},"EventID":5857,"Version":0,"Level":0,"Task":0,"Opcode":0,"Keywords":"0x4000000000000000","TimeCreated":{"#attributes":{"SystemTime":"2021-05-12T01:25:24.764024Z"}},"EventRecordID":277,"Correlation":null,"Execution":{"#attributes":{"ProcessID":1896,"ThreadID":1200}},"Channel":"Microsoft-Windows-WMI-Activity/Operational","Computer":"IPSERVER","Security":{"#attributes":{"UserID":"S-1-5-20"}}},"UserData":{"Operation_StartedOperational":{"#attributes":{"xmlns":"http://manifests.microsoft.com/win/2006/windows/WMI"},"ProviderName":"CIMWin32a","Code":"0x0","HostProcess":"wmiprvse.exe","ProcessID":1896,"ProviderPath":"%systemroot%\\system32\\wbem\\wmipcima.dll"}}}}
{"Event":{"#attributes":{"xmlns":"http://schemas.microsoft.com/win/2004/08/events/event"},"System":{"Provider":{"#attributes":{"Name":"Microsoft-Windows-WMI-Activity","Guid":"1418EF04-B0B4-4623-BF7E-D74AB47BBDAA"}},"EventID":5857,"Version":0,"Level":0,"Task":0,"Opcode":0,"Keywords":"0x4000000000000000","TimeCreated":{"#attributes":{"SystemTime":"2021-05-12T02:16:23.497464Z"}},"EventRecordID":278,"Correlation":null,"Execution":{"#attributes":{"ProcessID":3308,"ThreadID":4656}},"Channel":"Microsoft-Windows-WMI-Activity/Operational","Computer":"IPSERVER","Security":{"#attributes":{"UserID":"S-1-5-20"}}},"UserData":{"Operation_StartedOperational":{"#attributes":{"xmlns":"http://manifests.microsoft.com/win/2006/windows/WMI"},"ProviderName":"CIMWin32","Code":"0x0","HostProcess":"wmiprvse.exe","ProcessID":3308,"ProviderPath":"%systemroot%\\system32\\wbem\\cimwin32.dll"}}}}
