{"Event":{"#attributes":{"xmlns":"http://schemas.microsoft.com/win/2004/08/events/event"},"System":{"Provider":{"#attributes":{"Name":"Microsoft-Windows-TerminalServices-RemoteConnectionManager","Guid":"C76BAA63-AE81-421C-B425-340B4B24157F"}},"EventID":261,"Version":0,"Level":4,"Task":0,"Opcode":0,"Keywords":"0x1000000000000000","TimeCreated":{"#attributes":{"SystemTime":"2021-06-02T19:24:11.448121Z"}},"EventRecordID":417779,"Correlation":{"#attributes":{"ActivityID":"F42061B9-4C12-4046-BDB3-0E7981AC0000"}},"Execution":{"#attributes":{"ProcessID":856,"ThreadID":1632}},"Channel":"Microsoft-Windows-TerminalServices-RemoteConnectionManager/Operational","Computer":"IPSERVER","Security":{"#attributes":{"UserID":"S-1-5-20"}}},"UserData":{"EventXML":{"#attributes":{"xmlns":"Event_NS"},"listenerName":"RDP-Tcp"}}}}
{"Event":{"#attributes":{"xmlns":"http://schemas.microsoft.com/win/2004/08/events/event"},"System":{"Provider":{"#attributes":{"Name":"Microsoft-Windows-TerminalServices-RemoteConnectionManager","Guid":"C76BAA63-AE81-421C-B425-340B4B24157F"}},"EventID":261,"Version":0,"Level":4,"Task":0,"Opcode":0,"Keywords":"0x1000000000000000","TimeCreated":{"#attributes":{"SystemTime":"2021-06-02T19:24:12.952840Z"}},"EventRecordID":417780,"Correlation":{"#attributes":{"ActivityID":"F42056C6-4080-40BD-BE2D-CAD350A30000"}},"Execution":{"#attributes":{"ProcessID":856,"ThreadID":1632}},"Channel":"Microsoft-Windows-TerminalServices-RemoteConnectionManager/Operational","Computer":"IPSERVER","Security":{"#attributes":{"UserID":"S-1-5-20"}}},"UserData":{"EventXML":{"#attributes":{"xmlns":"Event_NS"},"listenerName":"RDP-Tcp"}}}}
{"Event":{"#attributes":{"xmlns":"http://schemas.microsoft.com/win/2004/08/events/event"},"System":{"Provider":{"#attributes":{"Name":"Microsoft-Windows-TerminalServices-RemoteConnectionManager","Guid":"C76BAA63-AE81-421C-B425-340B4B24157F"}},"EventID":261,"Version":0,"Level":4,"Task":0,"Opcode":0,"Keywords":"0x1000000000000000","TimeCreated":{"#attributes":{"SystemTime":"2021-06-02T19:24:14.299595Z"}},"EventRecordID":417781,"Correlation":{"#attributes":{"ActivityID":"F4202C0C-C937-414E-9B5C-651954EA0000"}},"Execution":{"#attributes":{"ProcessID":856,"ThreadID":1632}},"Channel":"Microsoft-Windows-TerminalServices-RemoteConnectionManager/Operational","Computer":"IPSERVER","Security":{"#attributes":{"UserID":"S-1-5-20"}}},"UserData":{"EventXML":{"#attributes":{"xmlns":"Event_NS"},"listenerName":"RDP-Tcp"}}}}
{"Event":{"#attributes":{"xmlns":"http://schemas.microsoft.com/win/2004/08/events/event"},"System":{"Provider":{"#attributes":{"Name":"Microsoft-Windows-TerminalServices-RemoteConnectionManager","Guid":"C76BAA63-AE81-421C-B425-340B4B24157F"}},"EventID":261,"Version":0,"Level":4,"Task":0,"Opcode":0,"Keywords":"0x1000000000000000","TimeCreated":{"#attributes":{"SystemTime":"2021-06-02T19:24:18.541878Z"}},"EventRecordID":417782,"Correlation":{"#attributes":{"ActivityID":"F42015C7-F909-4059-9AF8-4FD09D8F0000"}},"Execution":{"#attributes":{"ProcessID":856,"ThreadID":1632}},"Channel":"Microsoft-Windows-TerminalServices-RemoteConnectionManager/Operational","Computer":"IPSERVER","Security":{"#attributes":{"UserID":"S-1-5-20"}}},"UserData":{"EventXML":{"#attributes":{"xmlns":"Event_NS"},"listenerName":"RDP-Tcp"}}}}
{"Event":{"#attributes":{"xmlns":"http://schemas.microsoft.com/win/2004/08/events/event"},"System":{"Provider":{"#attributes":{"Name":"Microsoft-Windows-TerminalServices-RemoteConnectionManager","Guid":"C76BAA63-AE81-421C-B425-340B4B24157F"}},"EventID":261,"Version":0,"Level":4,"Task":0,"Opcode":0,"Keywords":"0x1000000000000000","TimeCreated":{"#attributes":{"SystemTime":"2021-06-02T19:24:18.816309Z"}},"EventRecordID":417783,"Correlation":{"#attributes":{"ActivityID":"F4200DC5-1C90-44EF-AC32-A9B760DB0000"}},"Execution":{"#attributes":{"ProcessID":856,"ThreadID":1632}},"Channel":"Microsoft-Windows-TerminalServices-RemoteConnectionManager/Operational","Computer":"IPSERVER","Security":{"#attributes":{"UserID":"S-1-5-20"}}},"UserData":{"EventXML":{"#attributes":{"xmlns":"Event_NS"},"listenerName":"RDP-Tcp"}}}}
{"Event":{"#attributes":{"xmlns":"http://schemas.microsoft.com/win/2004/08/events/event"},"System":{"Provider":{"#attributes":{"Name":"Microsoft-Windows-TerminalServices-RemoteConnectionManager","Guid":"C76BAA63-AE81-421C-B425-340B4B24157F"}},"EventID":261,"Version":0,"Level":4,"Task":0,"Opcode":0,"Keywords":"0x1000000000000000","TimeCreated":{"#attributes":{"SystemTime":"2021-06-02T19:24:19.655429Z"}},"EventRecordID":417784,"Correlation":{"#attributes":{"ActivityID":"F420A78F-3665-45F3-BD39-D497AF710000"}},"Execution":{"#attributes":{"ProcessID":856,"ThreadID":1632}},"Channel":"Microsoft-Windows-TerminalServices-RemoteConnectionManager/Operational","Computer":"IPSERVER","Security":{"#attributes":{"UserID":"S-1-5-20"}}},"UserData":{"EventXML":{"#attributes":{"xmlns":"Event_NS"},"listenerName":"RDP-Tcp"}}}}
{"Event":{"#attributes":{"xmlns":"http://schemas.microsoft.com/win/2004/08/events/event"},"System":{"Provider":{"#attributes":{"Name":"Microsoft-Windows-TerminalServices-RemoteConnectionManager","Guid":"C76BAA63-AE81-421C-B425-340B4B24157F"}},"EventID":261,"Version":0,"Level":4,"Task":0,"Opcode":0,"Keywords":"0x1000000000000000","TimeCreated":{"#attributes":{"SystemTime":"2021-06-02T19:24:21.582931Z"}},"EventRecordID":417785,"Correlation":{"#attributes":{"ActivityID":"F420B90A-51E7-4345-B2A7-372AF22D0000"}},"Execution":{"#attributes":{"ProcessID":856,"ThreadID":1632}},"Channel":"Microsoft-Windows-TerminalServices-RemoteConnectionManager/Operational","Computer":"IPSERVER","Security":{"#attributes":{"UserID":"S-1-5-20"}}},"UserData":{"EventXML":{"#attributes":{"xmlns":"Event_NS"},"listenerName":"RDP-Tcp"}}}}
{"Event":{"#attributes":{"xmlns":"http://schemas.microsoft.com/win/2004/08/events/event"},"System":{"Provider":{"#attributes":{"Name":"Microsoft-Windows-TerminalServices-RemoteConnectionManager","Guid":"C76BAA63-AE81-421C-B425-340B4B24157F"}},"EventID":261,"Version":0,"Level":4,"Task":0,"Opcode":0,"Keywords":"0x1000000000000000","TimeCreated":{"#attributes":{"SystemTime":"2021-06-02T19:24:23.290375Z"}},"EventRecordID":417786,"Correlation":{"#attributes":{"ActivityID":"F4206C95-4C75-4E10-80C2-7A98D53F0000"}},"Execution":{"#attributes":{"ProcessID":856,"ThreadID":1632}},"Channel":"Microsoft-Windows-TerminalServices-RemoteConnectionManager/Operational","Computer":"IPSERVER","Security":{"#attributes":{"UserID":"S-1-5-20"}}},"UserData":{"EventXML":{"#attributes":{"xmlns":"Event_NS"},"listenerName":"RDP-Tcp"}}}}
{"Event":{"#attributes":{"xmlns":"http://schemas.microsoft.com/win/2004/08/events/event"},"System":{"Provider":{"#attributes":{"Name":"Microsoft-Windows-TerminalServices-RemoteConnectionManager","Guid":"C76BAA63-AE81-421C-B425-340B4B24157F"}},"EventID":261,"Version":0,"Level":4,"Task":0,"Opcode":0,"Keywords":"0x1000000000000000","TimeCreated":{"#attributes":{"SystemTime":"2021-06-02T19:24:27.473281Z"}},"EventRecordID":417787,"Correlation":{"#attributes":{"ActivityID":"F420CD8A-F635-4B0D-B80A-54C381B20000"}},"Execution":{"#attributes":{"ProcessID":856,"ThreadID":1632}},"Channel":"Microsoft-Windows-TerminalServices-RemoteConnectionManager/Operational","Computer":"IPSERVER","Security":{"#attributes":{"UserID":"S-1-5-20"}}},"UserData":{"EventXML":{"#attributes":{"xmlns":"Event_NS"},"listenerName":"RDP-Tcp"}}}}
{"Event":{"#attributes":{"xmlns":"http://schemas.microsoft.com/win/2004/08/events/event"},"System":{"Provider":{"#attributes":{"Name":"Microsoft-Windows-TerminalServices-RemoteConnectionManager","Guid":"C76BAA63-AE81-421C-B425-340B4B24157F"}},"EventID":261,"Version":0,"Level":4,"Task":0,"Opcode":0,"Keywords":"0x1000000000000000","TimeCreated":{"#attributes":{"SystemTime":"2021-06-02T19:24:38.067490Z"}},"EventRecordID":417788,"Correlation":{"#attributes":{"ActivityID":"F4205F9B-AFCC-42C5-96EA-FCE527B60000"}},"Execution":{"#attributes":{"ProcessID":856,"ThreadID":1632}},"Channel":"Microsoft-Windows-TerminalServices-RemoteConnectionManager/Operational","Computer":"IPSERVER","Security":{"#attributes":{"UserID":"S-1-5-20"}}},"UserData":{"EventXML":{"#attributes":{"xmlns":"Event_NS"},"listenerName":"RDP-Tcp"}}}}
{"Event":{"#attributes":{"xmlns":"http://schemas.microsoft.com/win/2004/08/events/event"},"System":{"Provider":{"#attributes":{"Name":"Microsoft-Windows-TerminalServices-RemoteConnectionManager","Guid":"C76BAA63-AE81-421C-B425-340B4B24157F"}},"EventID":261,"Version":0,"Level":4,"Task":0,"Opcode":0,"Keywords":"0x1000000000000000","TimeCreated":{"#attributes":{"SystemTime":"2021-06-02T19:24:38.768356Z"}},"EventRecordID":417789,"Correlation":{"#attributes":{"ActivityID":"F420495D-D592-42C8-AAFE-4B50397B0000"}},"Execution":{"#attributes":{"ProcessID":856,"ThreadID":1632}},"Channel":"Microsoft-Windows-TerminalServices-RemoteConnectionManager/Operational","Computer":"IPSERVER","Security":{"#attributes":{"UserID":"S-1-5-20"}}},"UserData":{"EventXML":{"#attributes":{"xmlns":"Event_NS"},"listenerName":"RDP-Tcp"}}}}
{"Event":{"#attributes":{"xmlns":"http://schemas.microsoft.com/win/2004/08/events/event"},"System":{"Provider":{"#attributes":{"Name":"Microsoft-Windows-TerminalServices-RemoteConnectionManager","Guid":"C76BAA63-AE81-421C-B425-340B4B24157F"}},"EventID":261,"Version":0,"Level":4,"Task":0,"Opcode":0,"Keywords":"0x1000000000000000","TimeCreated":{"#attributes":{"SystemTime":"2021-06-02T19:24:45.230647Z"}},"EventRecordID":417790,"Correlation":{"#attributes":{"ActivityID":"F4203085-A146-46E2-9221-DD8AB1770000"}},"Execution":{"#attributes":{"ProcessID":856,"ThreadID":1632}},"Channel":"Microsoft-Windows-TerminalServices-RemoteConnectionManager/Operational","Computer":"IPSERVER","Security":{"#attributes":{"UserID":"S-1-5-20"}}},"UserData":{"EventXML":{"#attributes":{"xmlns":"Event_NS"},"listenerName":"RDP-Tcp"}}}}
{"Event":{"#attributes":{"xmlns":"http://schemas.microsoft.com/win/2004/08/events/event"},"System":{"Provider":{"#attributes":{"Name":"Microsoft-Windows-TerminalServices-RemoteConnectionManager","Guid":"C76BAA63-AE81-421C-B425-340B4B24157F"}},"EventID":261,"Version":0,"Level":4,"Task":0,"Opcode":0,"Keywords":"0x1000000000000000","TimeCreated":{"#attributes":{"SystemTime":"2021-06-02T19:24:46.248276Z"}},"EventRecordID":417791,"Correlation":{"#attributes":{"ActivityID":"F4202D74-2AC4-41A3-9F86-79442A8F0000"}},"Execution":{"#attributes":{"ProcessID":856,"ThreadID":1632}},"Channel":"Microsoft-Windows-TerminalServices-RemoteConnectionManager/Operational","Computer":"IPSERVER","Security":{"#attributes":{"UserID":"S-1-5-20"}}},"UserData":{"EventXML":{"#attributes":{"xmlns":"Event_NS"},"listenerName":"RDP-Tcp"}}}}
{"Event":{"#attributes":{"xmlns":"http://schemas.microsoft.com/win/2004/08/events/event"},"System":{"Provider":{"#attributes":{"Name":"Microsoft-Windows-TerminalServices-RemoteConnectionManager","Guid":"C76BAA63-AE81-421C-B425-340B4B24157F"}},"EventID":261,"Version":0,"Level":4,"Task":0,"Opcode":0,"Keywords":"0x1000000000000000","TimeCreated":{"#attributes":{"SystemTime":"2021-06-02T19:24:47.293089Z"}},"EventRecordID":417792,"Correlation":{"#attributes":{"ActivityID":"F420977D-D867-41F1-8B34-248E9BBF0000"}},"Execution":{"#attributes":{"ProcessID":856,"ThreadID":1632}},"Channel":"Microsoft-Windows-TerminalServices-RemoteConnectionManager/Operational","Computer":"IPSERVER","Security":{"#attributes":{"UserID":"S-1-5-20"}}},"UserData":{"EventXML":{"#attributes":{"xmlns":"Event_NS"},"listenerName":"RDP-Tcp"}}}}
{"Event":{"#attributes":{"xmlns":"http://schemas.microsoft.com/win/2004/08/events/event"},"System":{"Provider":{"#attributes":{"Name":"Microsoft-Windows-TerminalServices-RemoteConnectionManager","Guid":"C76BAA63-AE81-421C-B425-340B4B24157F"}},"EventID":261,"Version":0,"Level":4,"Task":0,"Opcode":0,"Keywords":"0x1000000000000000","TimeCreated":{"#attributes":{"SystemTime":"2021-06-02T19:24:58.264769Z"}},"EventRecordID":417793,"Correlation":{"#attributes":{"ActivityID":"F4208F82-39B8-43FC-8764-FB0A65900000"}},"Execution":{"#attributes":{"ProcessID":856,"ThreadID":1632}},"Channel":"Microsoft-Windows-TerminalServices-RemoteConnectionManager/Operational","Computer":"IPSERVER","Security":{"#attributes":{"UserID":"S-1-5-20"}}},"UserData":{"EventXML":{"#attributes":{"xmlns":"Event_NS"},"listenerName":"RDP-Tcp"}}}}
{"Event":{"#attributes":{"xmlns":"http://schemas.microsoft.com/win/2004/08/events/event"},"System":{"Provider":{"#attributes":{"Name":"Microsoft-Windows-TerminalServices-RemoteConnectionManager","Guid":"C76BAA63-AE81-421C-B425-340B4B24157F"}},"EventID":261,"Version":0,"Level":4,"Task":0,"Opcode":0,"Keywords":"0x1000000000000000","TimeCreated":{"#attributes":{"SystemTime":"2021-06-02T19:25:06.359909Z"}},"EventRecordID":417794,"Correlation":{"#attributes":{"ActivityID":"F4209F9F-C2A8-4B89-AEE0-0226CDDB0000"}},"Execution":{"#attributes":{"ProcessID":856,"ThreadID":1632}},"Channel":"Microsoft-Windows-TerminalServices-RemoteConnectionManager/Operational","Computer":"IPSERVER","Security":{"#attributes":{"UserID":"S-1-5-20"}}},"UserData":{"EventXML":{"#attributes":{"xmlns":"Event_NS"},"listenerName":"RDP-Tcp"}}}}
{"Event":{"#attributes":{"xmlns":"http://schemas.microsoft.com/win/2004/08/events/event"},"System":{"Provider":{"#attributes":{"Name":"Microsoft-Windows-TerminalServices-RemoteConnectionManager","Guid":"C76BAA63-AE81-421C-B425-340B4B24157F"}},"EventID":261,"Version":0,"Level":4,"Task":0,"Opcode":0,"Keywords":"0x1000000000000000","TimeCreated":{"#attributes":{"SystemTime":"2021-06-02T19:25:20.821039Z"}},"EventRecordID":417795,"Correlation":{"#attributes":{"ActivityID":"F42004CE-BF69-4744-8003-B52209D60000"}},"Execution":{"#attributes":{"ProcessID":856,"ThreadID":1632}},"Channel":"Microsoft-Windows-TerminalServices-RemoteConnectionManager/Operational","Computer":"IPSERVER","Security":{"#attributes":{"UserID":"S-1-5-20"}}},"UserData":{"EventXML":{"#attributes":{"xmlns":"Event_NS"},"listenerName":"RDP-Tcp"}}}}
{"Event":{"#attributes":{"xmlns":"http://schemas.microsoft.com/win/2004/08/events/event"},"System":{"Provider":{"#attributes":{"Name":"Microsoft-Windows-TerminalServices-RemoteConnectionManager","Guid":"C76BAA63-AE81-421C-B425-340B4B24157F"}},"EventID":261,"Version":0,"Level":4,"Task":0,"Opcode":0,"Keywords":"0x1000000000000000","TimeCreated":{"#attributes":{"SystemTime":"2021-06-02T19:25:23.943796Z"}},"EventRecordID":417796,"Correlation":{"#attributes":{"ActivityID":"F420B77A-B22D-4B70-812E-603C19570000"}},"Execution":{"#attributes":{"ProcessID":856,"ThreadID":1632}},"Channel":"Microsoft-Windows-TerminalServices-RemoteConnectionManager/Operational","Computer":"IPSERVER","Security":{"#attributes":{"UserID":"S-1-5-20"}}},"UserData":{"EventXML":{"#attributes":{"xmlns":"Event_NS"},"listenerName":"RDP-Tcp"}}}}
{"Event":{"#attributes":{"xmlns":"http://schemas.microsoft.com/win/2004/08/events/event"},"System":{"Provider":{"#attributes":{"Name":"Microsoft-Windows-TerminalServices-RemoteConnectionManager","Guid":"C76BAA63-AE81-421C-B425-340B4B24157F"}},"EventID":261,"Version":0,"Level":4,"Task":0,"Opcode":0,"Keywords":"0x1000000000000000","TimeCreated":{"#attributes":{"SystemTime":"2021-06-02T19:25:26.900445Z"}},"EventRecordID":417797,"Correlation":{"#attributes":{"ActivityID":"F4209FE0-42CD-4D5A-A9F3-1BAB1AC30000"}},"Execution":{"#attributes":{"ProcessID":856,"ThreadID":1632}},"Channel":"Microsoft-Windows-TerminalServices-RemoteConnectionManager/Operational","Computer":"IPSERVER","Security":{"#attributes":{"UserID":"S-1-5-20"}}},"UserData":{"EventXML":{"#attributes":{"xmlns":"Event_NS"},"listenerName":"RDP-Tcp"}}}}
{"Event":{"#attributes":{"xmlns":"http://schemas.microsoft.com/win/2004/08/events/event"},"System":{"Provider":{"#attributes":{"Name":"Microsoft-Windows-TerminalServices-RemoteConnectionManager","Guid":"C76BAA63-AE81-421C-B425-340B4B24157F"}},"EventID":261,"Version":0,"Level":4,"Task":0,"Opcode":0,"Keywords":"0x1000000000000000","TimeCreated":{"#attributes":{"SystemTime":"2021-06-02T19:25:31.282566Z"}},"EventRecordID":417798,"Correlation":{"#attributes":{"ActivityID":"F420F45C-D4AB-487A-B264-A66346640000"}},"Execution":{"#attributes":{"ProcessID":856,"ThreadID":1632}},"Channel":"Microsoft-Windows-TerminalServices-RemoteConnectionManager/Operational","Computer":"IPSERVER","Security":{"#attributes":{"UserID":"S-1-5-20"}}},"UserData":{"EventXML":{"#attributes":{"xmlns":"Event_NS"},"listenerName":"RDP-Tcp"}}}}
{"Event":{"#attributes":{"xmlns":"http://schemas.microsoft.com/win/2004/08/events/event"},"System":{"Provider":{"#attributes":{"Name":"Microsoft-Windows-TerminalServices-RemoteConnectionManager","Guid":"C76BAA63-AE81-421C-B425-340B4B24157F"}},"EventID":261,"Version":0,"Level":4,"Task":0,"Opcode":0,"Keywords":"0x1000000000000000","TimeCreated":{"#attributes":{"SystemTime":"2021-06-02T19:25:32.593950Z"}},"EventRecordID":417799,"Correlation":{"#attributes":{"ActivityID":"F42024D2-73FB-46F6-9DEA-770AEAFA0000"}},"Execution":{"#attributes":{"ProcessID":856,"ThreadID":1632}},"Channel":"Microsoft-Windows-TerminalServices-RemoteConnectionManager/Operational","Computer":"IPSERVER","Security":{"#attributes":{"UserID":"S-1-5-20"}}},"UserData":{"EventXML":{"#attributes":{"xmlns":"Event_NS"},"listenerName":"RDP-Tcp"}}}}
{"Event":{"#attributes":{"xmlns":"http://schemas.microsoft.com/win/2004/08/events/event"},"System":{"Provider":{"#attributes":{"Name":"Microsoft-Windows-TerminalServices-RemoteConnectionManager","Guid":"C76BAA63-AE81-421C-B425-340B4B24157F"}},"EventID":261,"Version":0,"Level":4,"Task":0,"Opcode":0,"Keywords":"0x1000000000000000","TimeCreated":{"#attributes":{"SystemTime":"2021-06-02T19:25:33.532101Z"}},"EventRecordID":417800,"Correlation":{"#attributes":{"ActivityID":"F4207467-144C-4A66-B8ED-5B5471980000"}},"Execution":{"#attributes":{"ProcessID":856,"ThreadID":1632}},"Channel":"Microsoft-Windows-TerminalServices-RemoteConnectionManager/Operational","Computer":"IPSERVER","Security":{"#attributes":{"UserID":"S-1-5-20"}}},"UserData":{"EventXML":{"#attributes":{"xmlns":"Event_NS"},"listenerName":"RDP-Tcp"}}}}
{"Event":{"#attributes":{"xmlns":"http://schemas.microsoft.com/win/2004/08/events/event"},"System":{"Provider":{"#attributes":{"Name":"Microsoft-Windows-TerminalServices-RemoteConnectionManager","Guid":"C76BAA63-AE81-421C-B425-340B4B24157F"}},"EventID":261,"Version":0,"Level":4,"Task":0,"Opcode":0,"Keywords":"0x1000000000000000","TimeCreated":{"#attributes":{"SystemTime":"2021-06-02T19:25:37.153394Z"}},"EventRecordID":417801,"Correlation":{"#attributes":{"ActivityID":"F420C50C-B4C9-4BBA-BA21-51A64BB60000"}},"Execution":{"#attributes":{"ProcessID":856,"ThreadID":1632}},"Channel":"Microsoft-Windows-TerminalServices-RemoteConnectionManager/Operational","Computer":"IPSERVER","Security":{"#attributes":{"UserID":"S-1-5-20"}}},"UserData":{"EventXML":{"#attributes":{"xmlns":"Event_NS"},"listenerName":"RDP-Tcp"}}}}
{"Event":{"#attributes":{"xmlns":"http://schemas.microsoft.com/win/2004/08/events/event"},"System":{"Provider":{"#attributes":{"Name":"Microsoft-Windows-TerminalServices-RemoteConnectionManager","Guid":"C76BAA63-AE81-421C-B425-340B4B24157F"}},"EventID":261,"Version":0,"Level":4,"Task":0,"Opcode":0,"Keywords":"0x1000000000000000","TimeCreated":{"#attributes":{"SystemTime":"2021-06-02T19:25:38.679517Z"}},"EventRecordID":417802,"Correlation":{"#attributes":{"ActivityID":"F420D31C-AA93-45D0-A2AE-79C45B5D0000"}},"Execution":{"#attributes":{"ProcessID":856,"ThreadID":1632}},"Channel":"Microsoft-Windows-TerminalServices-RemoteConnectionManager/Operational","Computer":"IPSERVER","Security":{"#attributes":{"UserID":"S-1-5-20"}}},"UserData":{"EventXML":{"#attributes":{"xmlns":"Event_NS"},"listenerName":"RDP-Tcp"}}}}
{"Event":{"#attributes":{"xmlns":"http://schemas.microsoft.com/win/2004/08/events/event"},"System":{"Provider":{"#attributes":{"Name":"Microsoft-Windows-TerminalServices-RemoteConnectionManager","Guid":"C76BAA63-AE81-421C-B425-340B4B24157F"}},"EventID":261,"Version":0,"Level":4,"Task":0,"Opcode":0,"Keywords":"0x1000000000000000","TimeCreated":{"#attributes":{"SystemTime":"2021-06-02T19:25:44.051546Z"}},"EventRecordID":417803,"Correlation":{"#attributes":{"ActivityID":"F420591D-C049-4F34-96E8-6DAC44990000"}},"Execution":{"#attributes":{"ProcessID":856,"ThreadID":1632}},"Channel":"Microsoft-Windows-TerminalServices-RemoteConnectionManager/Operational","Computer":"IPSERVER","Security":{"#attributes":{"UserID":"S-1-5-20"}}},"UserData":{"EventXML":{"#attributes":{"xmlns":"Event_NS"},"listenerName":"RDP-Tcp"}}}}
{"Event":{"#attributes":{"xmlns":"http://schemas.microsoft.com/win/2004/08/events/event"},"System":{"Provider":{"#attributes":{"Name":"Microsoft-Windows-TerminalServices-RemoteConnectionManager","Guid":"C76BAA63-AE81-421C-B425-340B4B24157F"}},"EventID":261,"Version":0,"Level":4,"Task":0,"Opcode":0,"Keywords":"0x1000000000000000","TimeCreated":{"#attributes":{"SystemTime":"2021-06-02T19:25:45.379766Z"}},"EventRecordID":417804,"Correlation":{"#attributes":{"ActivityID":"F4202098-9927-49F1-A3B3-2216105E0000"}},"Execution":{"#attributes":{"ProcessID":856,"ThreadID":1632}},"Channel":"Microsoft-Windows-TerminalServices-RemoteConnectionManager/Operational","Computer":"IPSERVER","Security":{"#attributes":{"UserID":"S-1-5-20"}}},"UserData":{"EventXML":{"#attributes":{"xmlns":"Event_NS"},"listenerName":"RDP-Tcp"}}}}
{"Event":{"#attributes":{"xmlns":"http://schemas.microsoft.com/win/2004/08/events/event"},"System":{"Provider":{"#attributes":{"Name":"Microsoft-Windows-TerminalServices-RemoteConnectionManager","Guid":"C76BAA63-AE81-421C-B425-340B4B24157F"}},"EventID":261,"Version":0,"Level":4,"Task":0,"Opcode":0,"Keywords":"0x1000000000000000","TimeCreated":{"#attributes":{"SystemTime":"2021-06-02T19:25:51.199066Z"}},"EventRecordID":417805,"Correlation":{"#attributes":{"ActivityID":"F4209226-E5A4-4854-938E-15918F2B0000"}},"Execution":{"#attributes":{"ProcessID":856,"ThreadID":1632}},"Channel":"Microsoft-Windows-TerminalServices-RemoteConnectionManager/Operational","Computer":"IPSERVER","Security":{"#attributes":{"UserID":"S-1-5-20"}}},"UserData":{"EventXML":{"#attributes":{"xmlns":"Event_NS"},"listenerName":"RDP-Tcp"}}}}
{"Event":{"#attributes":{"xmlns":"http://schemas.microsoft.com/win/2004/08/events/event"},"System":{"Provider":{"#attributes":{"Name":"Microsoft-Windows-TerminalServices-RemoteConnectionManager","Guid":"C76BAA63-AE81-421C-B425-340B4B24157F"}},"EventID":261,"Version":0,"Level":4,"Task":0,"Opcode":0,"Keywords":"0x1000000000000000","TimeCreated":{"#attributes":{"SystemTime":"2021-06-02T19:25:55.342299Z"}},"EventRecordID":417806,"Correlation":{"#attributes":{"ActivityID":"F42063DC-72B7-44A8-A32F-AA9E15EF0000"}},"Execution":{"#attributes":{"ProcessID":856,"ThreadID":1632}},"Channel":"Microsoft-Windows-TerminalServices-RemoteConnectionManager/Operational","Computer":"IPSERVER","Security":{"#attributes":{"UserID":"S-1-5-20"}}},"UserData":{"EventXML":{"#attributes":{"xmlns":"Event_NS"},"listenerName":"RDP-Tcp"}}}}
{"Event":{"#attributes":{"xmlns":"http://schemas.microsoft.com/win/2004/08/events/event"},"System":{"Provider":{"#attributes":{"Name":"Microsoft-Windows-TerminalServices-RemoteConnectionManager","Guid":"C76BAA63-AE81-421C-B425-340B4B24157F"}},"EventID":261,"Version":0,"Level":4,"Task":0,"Opcode":0,"Keywords":"0x1000000000000000","TimeCreated":{"#attributes":{"SystemTime":"2021-06-02T19:25:58.121435Z"}},"EventRecordID":417807,"Correlation":{"#attributes":{"ActivityID":"F4207311-4887-46D4-9818-5BD45EBA0000"}},"Execution":{"#attributes":{"ProcessID":856,"ThreadID":1632}},"Channel":"Microsoft-Windows-TerminalServices-RemoteConnectionManager/Operational","Computer":"IPSERVER","Security":{"#attributes":{"UserID":"S-1-5-20"}}},"UserData":{"EventXML":{"#attributes":{"xmlns":"Event_NS"},"listenerName":"RDP-Tcp"}}}}
{"Event":{"#attributes":{"xmlns":"http://schemas.microsoft.com/win/2004/08/events/event"},"System":{"Provider":{"#attributes":{"Name":"Microsoft-Windows-TerminalServices-RemoteConnectionManager","Guid":"C76BAA63-AE81-421C-B425-340B4B24157F"}},"EventID":261,"Version":0,"Level":4,"Task":0,"Opcode":0,"Keywords":"0x1000000000000000","TimeCreated":{"#attributes":{"SystemTime":"2021-06-02T19:25:58.222607Z"}},"EventRecordID":417808,"Correlation":{"#attributes":{"ActivityID":"F4201005-52FA-4DCC-B52D-022A5B030000"}},"Execution":{"#attributes":{"ProcessID":856,"ThreadID":1632}},"Channel":"Microsoft-Windows-TerminalServices-RemoteConnectionManager/Operational","Computer":"IPSERVER","Security":{"#attributes":{"UserID":"S-1-5-20"}}},"UserData":{"EventXML":{"#attributes":{"xmlns":"Event_NS"},"listenerName":"RDP-Tcp"}}}}
{"Event":{"#attributes":{"xmlns":"http://schemas.microsoft.com/win/2004/08/events/event"},"System":{"Provider":{"#attributes":{"Name":"Microsoft-Windows-TerminalServices-RemoteConnectionManager","Guid":"C76BAA63-AE81-421C-B425-340B4B24157F"}},"EventID":261,"Version":0,"Level":4,"Task":0,"Opcode":0,"Keywords":"0x1000000000000000","TimeCreated":{"#attributes":{"SystemTime":"2021-06-02T19:26:06.007123Z"}},"EventRecordID":417809,"Correlation":{"#attributes":{"ActivityID":"F42049B5-E4BE-4C5C-9AFA-18C90AD90000"}},"Execution":{"#attributes":{"ProcessID":856,"ThreadID":1632}},"Channel":"Microsoft-Windows-TerminalServices-RemoteConnectionManager/Operational","Computer":"IPSERVER","Security":{"#attributes":{"UserID":"S-1-5-20"}}},"UserData":{"EventXML":{"#attributes":{"xmlns":"Event_NS"},"listenerName":"RDP-Tcp"}}}}
{"Event":{"#attributes":{"xmlns":"http://schemas.microsoft.com/win/2004/08/events/event"},"System":{"Provider":{"#attributes":{"Name":"Microsoft-Windows-TerminalServices-RemoteConnectionManager","Guid":"C76BAA63-AE81-421C-B425-340B4B24157F"}},"EventID":261,"Version":0,"Level":4,"Task":0,"Opcode":0,"Keywords":"0x1000000000000000","TimeCreated":{"#attributes":{"SystemTime":"2021-06-02T19:26:07.747693Z"}},"EventRecordID":417810,"Correlation":{"#attributes":{"ActivityID":"F4200E4B-952E-4EE6-908C-4BC387910000"}},"Execution":{"#attributes":{"ProcessID":856,"ThreadID":1632}},"Channel":"Microsoft-Windows-TerminalServices-RemoteConnectionManager/Operational","Computer":"IPSERVER","Security":{"#attributes":{"UserID":"S-1-5-20"}}},"UserData":{"EventXML":{"#attributes":{"xmlns":"Event_NS"},"listenerName":"RDP-Tcp"}}}}
{"Event":{"#attributes":{"xmlns":"http://schemas.microsoft.com/win/2004/08/events/event"},"System":{"Provider":{"#attributes":{"Name":"Microsoft-Windows-TerminalServices-RemoteConnectionManager","Guid":"C76BAA63-AE81-421C-B425-340B4B24157F"}},"EventID":261,"Version":0,"Level":4,"Task":0,"Opcode":0,"Keywords":"0x1000000000000000","TimeCreated":{"#attributes":{"SystemTime":"2021-06-02T19:26:12.359486Z"}},"EventRecordID":417811,"Correlation":{"#attributes":{"ActivityID":"F420B4BA-5D2B-40E2-BF5A-E6AEF5560000"}},"Execution":{"#attributes":{"ProcessID":856,"ThreadID":1632}},"Channel":"Microsoft-Windows-TerminalServices-RemoteConnectionManager/Operational","Computer":"IPSERVER","Security":{"#attributes":{"UserID":"S-1-5-20"}}},"UserData":{"EventXML":{"#attributes":{"xmlns":"Event_NS"},"listenerName":"RDP-Tcp"}}}}
{"Event":{"#attributes":{"xmlns":"http://schemas.microsoft.com/win/2004/08/events/event"},"System":{"Provider":{"#attributes":{"Name":"Microsoft-Windows-TerminalServices-RemoteConnectionManager","Guid":"C76BAA63-AE81-421C-B425-340B4B24157F"}},"EventID":261,"Version":0,"Level":4,"Task":0,"Opcode":0,"Keywords":"0x1000000000000000","TimeCreated":{"#attributes":{"SystemTime":"2021-06-02T19:26:15.881974Z"}},"EventRecordID":417812,"Correlation":{"#attributes":{"ActivityID":"F420E9D9-6DA8-44A4-84A7-23A3ADCF0000"}},"Execution":{"#attributes":{"ProcessID":856,"ThreadID":1632}},"Channel":"Microsoft-Windows-TerminalServices-RemoteConnectionManager/Operational","Computer":"IPSERVER","Security":{"#attributes":{"UserID":"S-1-5-20"}}},"UserData":{"EventXML":{"#attributes":{"xmlns":"Event_NS"},"listenerName":"RDP-Tcp"}}}}
{"Event":{"#attributes":{"xmlns":"http://schemas.microsoft.com/win/2004/08/events/event"},"System":{"Provider":{"#attributes":{"Name":"Microsoft-Windows-TerminalServices-RemoteConnectionManager","Guid":"C76BAA63-AE81-421C-B425-340B4B24157F"}},"EventID":261,"Version":0,"Level":4,"Task":0,"Opcode":0,"Keywords":"0x1000000000000000","TimeCreated":{"#attributes":{"SystemTime":"2021-06-02T19:26:17.602532Z"}},"EventRecordID":417813,"Correlation":{"#attributes":{"ActivityID":"F420A9FC-B8B2-4393-8C23-783EF6440000"}},"Execution":{"#attributes":{"ProcessID":856,"ThreadID":1632}},"Channel":"Microsoft-Windows-TerminalServices-RemoteConnectionManager/Operational","Computer":"IPSERVER","Security":{"#attributes":{"UserID":"S-1-5-20"}}},"UserData":{"EventXML":{"#attributes":{"xmlns":"Event_NS"},"listenerName":"RDP-Tcp"}}}}
{"Event":{"#attributes":{"xmlns":"http://schemas.microsoft.com/win/2004/08/events/event"},"System":{"Provider":{"#attributes":{"Name":"Microsoft-Windows-TerminalServices-RemoteConnectionManager","Guid":"C76BAA63-AE81-421C-B425-340B4B24157F"}},"EventID":261,"Version":0,"Level":4,"Task":0,"Opcode":0,"Keywords":"0x1000000000000000","TimeCreated":{"#attributes":{"SystemTime":"2021-06-02T19:26:17.669942Z"}},"EventRecordID":417814,"Correlation":{"#attributes":{"ActivityID":"F4206A0E-0800-48F3-9C07-2A2E94080000"}},"Execution":{"#attributes":{"ProcessID":856,"ThreadID":1632}},"Channel":"Microsoft-Windows-TerminalServices-RemoteConnectionManager/Operational","Computer":"IPSERVER","Security":{"#attributes":{"UserID":"S-1-5-20"}}},"UserData":{"EventXML":{"#attributes":{"xmlns":"Event_NS"},"listenerName":"RDP-Tcp"}}}}
{"Event":{"#attributes":{"xmlns":"http://schemas.microsoft.com/win/2004/08/events/event"},"System":{"Provider":{"#attributes":{"Name":"Microsoft-Windows-TerminalServices-RemoteConnectionManager","Guid":"C76BAA63-AE81-421C-B425-340B4B24157F"}},"EventID":261,"Version":0,"Level":4,"Task":0,"Opcode":0,"Keywords":"0x1000000000000000","TimeCreated":{"#attributes":{"SystemTime":"2021-06-02T19:26:23.722968Z"}},"EventRecordID":417815,"Correlation":{"#attributes":{"ActivityID":"F4206605-C51E-4238-BBD3-23A064990000"}},"Execution":{"#attributes":{"ProcessID":856,"ThreadID":1632}},"Channel":"Microsoft-Windows-TerminalServices-RemoteConnectionManager/Operational","Computer":"IPSERVER","Security":{"#attributes":{"UserID":"S-1-5-20"}}},"UserData":{"EventXML":{"#attributes":{"xmlns":"Event_NS"},"listenerName":"RDP-Tcp"}}}}
{"Event":{"#attributes":{"xmlns":"http://schemas.microsoft.com/win/2004/08/events/event"},"System":{"Provider":{"#attributes":{"Name":"Microsoft-Windows-TerminalServices-RemoteConnectionManager","Guid":"C76BAA63-AE81-421C-B425-340B4B24157F"}},"EventID":261,"Version":0,"Level":4,"Task":0,"Opcode":0,"Keywords":"0x1000000000000000","TimeCreated":{"#attributes":{"SystemTime":"2021-06-02T19:26:29.505644Z"}},"EventRecordID":417816,"Correlation":{"#attributes":{"ActivityID":"F420AD5C-C088-405B-8388-6C16BFB80000"}},"Execution":{"#attributes":{"ProcessID":856,"ThreadID":1632}},"Channel":"Microsoft-Windows-TerminalServices-RemoteConnectionManager/Operational","Computer":"IPSERVER","Security":{"#attributes":{"UserID":"S-1-5-20"}}},"UserData":{"EventXML":{"#attributes":{"xmlns":"Event_NS"},"listenerName":"RDP-Tcp"}}}}
{"Event":{"#attributes":{"xmlns":"http://schemas.microsoft.com/win/2004/08/events/event"},"System":{"Provider":{"#attributes":{"Name":"Microsoft-Windows-TerminalServices-RemoteConnectionManager","Guid":"C76BAA63-AE81-421C-B425-340B4B24157F"}},"EventID":261,"Version":0,"Level":4,"Task":0,"Opcode":0,"Keywords":"0x1000000000000000","TimeCreated":{"#attributes":{"SystemTime":"2021-06-02T19:26:30.949392Z"}},"EventRecordID":417817,"Correlation":{"#attributes":{"ActivityID":"F42057FF-92F3-4EA3-AC2E-5825848B0000"}},"Execution":{"#attributes":{"ProcessID":856,"ThreadID":1632}},"Channel":"Microsoft-Windows-TerminalServices-RemoteConnectionManager/Operational","Computer":"IPSERVER","Security":{"#attributes":{"UserID":"S-1-5-20"}}},"UserData":{"EventXML":{"#attributes":{"xmlns":"Event_NS"},"listenerName":"RDP-Tcp"}}}}
{"Event":{"#attributes":{"xmlns":"http://schemas.microsoft.com/win/2004/08/events/event"},"System":{"Provider":{"#attributes":{"Name":"Microsoft-Windows-TerminalServices-RemoteConnectionManager","Guid":"C76BAA63-AE81-421C-B425-340B4B24157F"}},"EventID":261,"Version":0,"Level":4,"Task":0,"Opcode":0,"Keywords":"0x1000000000000000","TimeCreated":{"#attributes":{"SystemTime":"2021-06-02T19:26:30.980677Z"}},"EventRecordID":417818,"Correlation":{"#attributes":{"ActivityID":"F420E4D7-DDCD-4D08-A413-9F7AF6160000"}},"Execution":{"#attributes":{"ProcessID":856,"ThreadID":1632}},"Channel":"Microsoft-Windows-TerminalServices-RemoteConnectionManager/Operational","Computer":"IPSERVER","Security":{"#attributes":{"UserID":"S-1-5-20"}}},"UserData":{"EventXML":{"#attributes":{"xmlns":"Event_NS"},"listenerName":"RDP-Tcp"}}}}
{"Event":{"#attributes":{"xmlns":"http://schemas.microsoft.com/win/2004/08/events/event"},"System":{"Provider":{"#attributes":{"Name":"Microsoft-Windows-TerminalServices-RemoteConnectionManager","Guid":"C76BAA63-AE81-421C-B425-340B4B24157F"}},"EventID":261,"Version":0,"Level":4,"Task":0,"Opcode":0,"Keywords":"0x1000000000000000","TimeCreated":{"#attributes":{"SystemTime":"2021-06-02T19:26:35.716712Z"}},"EventRecordID":417819,"Correlation":{"#attributes":{"ActivityID":"F4201167-BC42-486A-B3D6-7C685F500000"}},"Execution":{"#attributes":{"ProcessID":856,"ThreadID":1632}},"Channel":"Microsoft-Windows-TerminalServices-RemoteConnectionManager/Operational","Computer":"IPSERVER","Security":{"#attributes":{"UserID":"S-1-5-20"}}},"UserData":{"EventXML":{"#attributes":{"xmlns":"Event_NS"},"listenerName":"RDP-Tcp"}}}}
{"Event":{"#attributes":{"xmlns":"http://schemas.microsoft.com/win/2004/08/events/event"},"System":{"Provider":{"#attributes":{"Name":"Microsoft-Windows-TerminalServices-RemoteConnectionManager","Guid":"C76BAA63-AE81-421C-B425-340B4B24157F"}},"EventID":261,"Version":0,"Level":4,"Task":0,"Opcode":0,"Keywords":"0x1000000000000000","TimeCreated":{"#attributes":{"SystemTime":"2021-06-02T19:26:41.449777Z"}},"EventRecordID":417820,"Correlation":{"#attributes":{"ActivityID":"F42046B1-164E-4464-879C-A22761A40000"}},"Execution":{"#attributes":{"ProcessID":856,"ThreadID":1632}},"Channel":"Microsoft-Windows-TerminalServices-RemoteConnectionManager/Operational","Computer":"IPSERVER","Security":{"#attributes":{"UserID":"S-1-5-20"}}},"UserData":{"EventXML":{"#attributes":{"xmlns":"Event_NS"},"listenerName":"RDP-Tcp"}}}}
{"Event":{"#attributes":{"xmlns":"http://schemas.microsoft.com/win/2004/08/events/event"},"System":{"Provider":{"#attributes":{"Name":"Microsoft-Windows-TerminalServices-RemoteConnectionManager","Guid":"C76BAA63-AE81-421C-B425-340B4B24157F"}},"EventID":261,"Version":0,"Level":4,"Task":0,"Opcode":0,"Keywords":"0x1000000000000000","TimeCreated":{"#attributes":{"SystemTime":"2021-06-02T19:26:41.864334Z"}},"EventRecordID":417821,"Correlation":{"#attributes":{"ActivityID":"F4206985-EECF-495E-B095-8F97F4C70000"}},"Execution":{"#attributes":{"ProcessID":856,"ThreadID":1632}},"Channel":"Microsoft-Windows-TerminalServices-RemoteConnectionManager/Operational","Computer":"IPSERVER","Security":{"#attributes":{"UserID":"S-1-5-20"}}},"UserData":{"EventXML":{"#attributes":{"xmlns":"Event_NS"},"listenerName":"RDP-Tcp"}}}}
{"Event":{"#attributes":{"xmlns":"http://schemas.microsoft.com/win/2004/08/events/event"},"System":{"Provider":{"#attributes":{"Name":"Microsoft-Windows-TerminalServices-RemoteConnectionManager","Guid":"C76BAA63-AE81-421C-B425-340B4B24157F"}},"EventID":261,"Version":0,"Level":4,"Task":0,"Opcode":0,"Keywords":"0x1000000000000000","TimeCreated":{"#attributes":{"SystemTime":"2021-06-02T19:26:50.091176Z"}},"EventRecordID":417822,"Correlation":{"#attributes":{"ActivityID":"F4209843-83AD-487C-8716-D2DD18930000"}},"Execution":{"#attributes":{"ProcessID":856,"ThreadID":1632}},"Channel":"Microsoft-Windows-TerminalServices-RemoteConnectionManager/Operational","Computer":"IPSERVER","Security":{"#attributes":{"UserID":"S-1-5-20"}}},"UserData":{"EventXML":{"#attributes":{"xmlns":"Event_NS"},"listenerName":"RDP-Tcp"}}}}
{"Event":{"#attributes":{"xmlns":"http://schemas.microsoft.com/win/2004/08/events/event"},"System":{"Provider":{"#attributes":{"Name":"Microsoft-Windows-TerminalServices-RemoteConnectionManager","Guid":"C76BAA63-AE81-421C-B425-340B4B24157F"}},"EventID":261,"Version":0,"Level":4,"Task":0,"Opcode":0,"Keywords":"0x1000000000000000","TimeCreated":{"#attributes":{"SystemTime":"2021-06-02T19:26:55.979148Z"}},"EventRecordID":417823,"Correlation":{"#attributes":{"ActivityID":"F420FA33-9321-4AB0-9794-9ED2746E0000"}},"Execution":{"#attributes":{"ProcessID":856,"ThreadID":1632}},"Channel":"Microsoft-Windows-TerminalServices-RemoteConnectionManager/Operational","Computer":"IPSERVER","Security":{"#attributes":{"UserID":"S-1-5-20"}}},"UserData":{"EventXML":{"#attributes":{"xmlns":"Event_NS"},"listenerName":"RDP-Tcp"}}}}
{"Event":{"#attributes":{"xmlns":"http://schemas.microsoft.com/win/2004/08/events/event"},"System":{"Provider":{"#attributes":{"Name":"Microsoft-Windows-TerminalServices-RemoteConnectionManager","Guid":"C76BAA63-AE81-421C-B425-340B4B24157F"}},"EventID":261,"Version":0,"Level":4,"Task":0,"Opcode":0,"Keywords":"0x1000000000000000","TimeCreated":{"#attributes":{"SystemTime":"2021-06-02T19:26:57.356704Z"}},"EventRecordID":417824,"Correlation":{"#attributes":{"ActivityID":"F4200A1F-E42A-4D6E-8E04-97869D2A0000"}},"Execution":{"#attributes":{"ProcessID":856,"ThreadID":1632}},"Channel":"Microsoft-Windows-TerminalServices-RemoteConnectionManager/Operational","Computer":"IPSERVER","Security":{"#attributes":{"UserID":"S-1-5-20"}}},"UserData":{"EventXML":{"#attributes":{"xmlns":"Event_NS"},"listenerName":"RDP-Tcp"}}}}
{"Event":{"#attributes":{"xmlns":"http://schemas.microsoft.com/win/2004/08/events/event"},"System":{"Provider":{"#attributes":{"Name":"Microsoft-Windows-TerminalServices-RemoteConnectionManager","Guid":"C76BAA63-AE81-421C-B425-340B4B24157F"}},"EventID":261,"Version":0,"Level":4,"Task":0,"Opcode":0,"Keywords":"0x1000000000000000","TimeCreated":{"#attributes":{"SystemTime":"2021-06-02T19:26:59.253918Z"}},"EventRecordID":417825,"Correlation":{"#attributes":{"ActivityID":"F42060FC-FEE1-4697-BBC1-AF19410B0000"}},"Execution":{"#attributes":{"ProcessID":856,"ThreadID":1632}},"Channel":"Microsoft-Windows-TerminalServices-RemoteConnectionManager/Operational","Computer":"IPSERVER","Security":{"#attributes":{"UserID":"S-1-5-20"}}},"UserData":{"EventXML":{"#attributes":{"xmlns":"Event_NS"},"listenerName":"RDP-Tcp"}}}}
{"Event":{"#attributes":{"xmlns":"http://schemas.microsoft.com/win/2004/08/events/event"},"System":{"Provider":{"#attributes":{"Name":"Microsoft-Windows-TerminalServices-RemoteConnectionManager","Guid":"C76BAA63-AE81-421C-B425-340B4B24157F"}},"EventID":261,"Version":0,"Level":4,"Task":0,"Opcode":0,"Keywords":"0x1000000000000000","TimeCreated":{"#attributes":{"SystemTime":"2021-06-02T19:26:59.635035Z"}},"EventRecordID":417826,"Correlation":{"#attributes":{"ActivityID":"F420FF5E-295B-4F55-9DC8-7A6D68370000"}},"Execution":{"#attributes":{"ProcessID":856,"ThreadID":1632}},"Channel":"Microsoft-Windows-TerminalServices-RemoteConnectionManager/Operational","Computer":"IPSERVER","Security":{"#attributes":{"UserID":"S-1-5-20"}}},"UserData":{"EventXML":{"#attributes":{"xmlns":"Event_NS"},"listenerName":"RDP-Tcp"}}}}
{"Event":{"#attributes":{"xmlns":"http://schemas.microsoft.com/win/2004/08/events/event"},"System":{"Provider":{"#attributes":{"Name":"Microsoft-Windows-TerminalServices-RemoteConnectionManager","Guid":"C76BAA63-AE81-421C-B425-340B4B24157F"}},"EventID":261,"Version":0,"Level":4,"Task":0,"Opcode":0,"Keywords":"0x1000000000000000","TimeCreated":{"#attributes":{"SystemTime":"2021-06-02T19:27:03.531707Z"}},"EventRecordID":417827,"Correlation":{"#attributes":{"ActivityID":"F4207863-9D89-48CE-A84E-2C617F890000"}},"Execution":{"#attributes":{"ProcessID":856,"ThreadID":1632}},"Channel":"Microsoft-Windows-TerminalServices-RemoteConnectionManager/Operational","Computer":"IPSERVER","Security":{"#attributes":{"UserID":"S-1-5-20"}}},"UserData":{"EventXML":{"#attributes":{"xmlns":"Event_NS"},"listenerName":"RDP-Tcp"}}}}
{"Event":{"#attributes":{"xmlns":"http://schemas.microsoft.com/win/2004/08/events/event"},"System":{"Provider":{"#attributes":{"Name":"Microsoft-Windows-TerminalServices-RemoteConnectionManager","Guid":"C76BAA63-AE81-421C-B425-340B4B24157F"}},"EventID":261,"Version":0,"Level":4,"Task":0,"Opcode":0,"Keywords":"0x1000000000000000","TimeCreated":{"#attributes":{"SystemTime":"2021-06-02T19:27:04.369501Z"}},"EventRecordID":417828,"Correlation":{"#attributes":{"ActivityID":"F420F2D9-589E-4327-BA15-DC35D9C20000"}},"Execution":{"#attributes":{"ProcessID":856,"ThreadID":1632}},"Channel":"Microsoft-Windows-TerminalServices-RemoteConnectionManager/Operational","Computer":"IPSERVER","Security":{"#attributes":{"UserID":"S-1-5-20"}}},"UserData":{"EventXML":{"#attributes":{"xmlns":"Event_NS"},"listenerName":"RDP-Tcp"}}}}
{"Event":{"#attributes":{"xmlns":"http://schemas.microsoft.com/win/2004/08/events/event"},"System":{"Provider":{"#attributes":{"Name":"Microsoft-Windows-TerminalServices-RemoteConnectionManager","Guid":"C76BAA63-AE81-421C-B425-340B4B24157F"}},"EventID":261,"Version":0,"Level":4,"Task":0,"Opcode":0,"Keywords":"0x1000000000000000","TimeCreated":{"#attributes":{"SystemTime":"2021-06-02T19:27:04.530320Z"}},"EventRecordID":417829,"Correlation":{"#attributes":{"ActivityID":"F42051FB-38C5-4D56-8E6D-6D8954CB0000"}},"Execution":{"#attributes":{"ProcessID":856,"ThreadID":1632}},"Channel":"Microsoft-Windows-TerminalServices-RemoteConnectionManager/Operational","Computer":"IPSERVER","Security":{"#attributes":{"UserID":"S-1-5-20"}}},"UserData":{"EventXML":{"#attributes":{"xmlns":"Event_NS"},"listenerName":"RDP-Tcp"}}}}
{"Event":{"#attributes":{"xmlns":"http://schemas.microsoft.com/win/2004/08/events/event"},"System":{"Provider":{"#attributes":{"Name":"Microsoft-Windows-TerminalServices-RemoteConnectionManager","Guid":"C76BAA63-AE81-421C-B425-340B4B24157F"}},"EventID":261,"Version":0,"Level":4,"Task":0,"Opcode":0,"Keywords":"0x1000000000000000","TimeCreated":{"#attributes":{"SystemTime":"2021-06-02T19:27:11.873936Z"}},"EventRecordID":417830,"Correlation":{"#attributes":{"ActivityID":"F420DCAD-DAA5-42A9-9B25-2819CD730000"}},"Execution":{"#attributes":{"ProcessID":856,"ThreadID":1632}},"Channel":"Microsoft-Windows-TerminalServices-RemoteConnectionManager/Operational","Computer":"IPSERVER","Security":{"#attributes":{"UserID":"S-1-5-20"}}},"UserData":{"EventXML":{"#attributes":{"xmlns":"Event_NS"},"listenerName":"RDP-Tcp"}}}}
{"Event":{"#attributes":{"xmlns":"http://schemas.microsoft.com/win/2004/08/events/event"},"System":{"Provider":{"#attributes":{"Name":"Microsoft-Windows-TerminalServices-RemoteConnectionManager","Guid":"C76BAA63-AE81-421C-B425-340B4B24157F"}},"EventID":261,"Version":0,"Level":4,"Task":0,"Opcode":0,"Keywords":"0x1000000000000000","TimeCreated":{"#attributes":{"SystemTime":"2021-06-02T19:27:14.789423Z"}},"EventRecordID":417831,"Correlation":{"#attributes":{"ActivityID":"F420C2CC-2B68-4FB7-AAD3-9F4DF9330000"}},"Execution":{"#attributes":{"ProcessID":856,"ThreadID":1632}},"Channel":"Microsoft-Windows-TerminalServices-RemoteConnectionManager/Operational","Computer":"IPSERVER","Security":{"#attributes":{"UserID":"S-1-5-20"}}},"UserData":{"EventXML":{"#attributes":{"xmlns":"Event_NS"},"listenerName":"RDP-Tcp"}}}}
{"Event":{"#attributes":{"xmlns":"http://schemas.microsoft.com/win/2004/08/events/event"},"System":{"Provider":{"#attributes":{"Name":"Microsoft-Windows-TerminalServices-RemoteConnectionManager","Guid":"C76BAA63-AE81-421C-B425-340B4B24157F"}},"EventID":261,"Version":0,"Level":4,"Task":0,"Opcode":0,"Keywords":"0x1000000000000000","TimeCreated":{"#attributes":{"SystemTime":"2021-06-02T19:27:22.124959Z"}},"EventRecordID":417832,"Correlation":{"#attributes":{"ActivityID":"F4207A7E-B1ED-46D5-BD66-77AA534A0000"}},"Execution":{"#attributes":{"ProcessID":856,"ThreadID":1632}},"Channel":"Microsoft-Windows-TerminalServices-RemoteConnectionManager/Operational","Computer":"IPSERVER","Security":{"#attributes":{"UserID":"S-1-5-20"}}},"UserData":{"EventXML":{"#attributes":{"xmlns":"Event_NS"},"listenerName":"RDP-Tcp"}}}}
{"Event":{"#attributes":{"xmlns":"http://schemas.microsoft.com/win/2004/08/events/event"},"System":{"Provider":{"#attributes":{"Name":"Microsoft-Windows-TerminalServices-RemoteConnectionManager","Guid":"C76BAA63-AE81-421C-B425-340B4B24157F"}},"EventID":261,"Version":0,"Level":4,"Task":0,"Opcode":0,"Keywords":"0x1000000000000000","TimeCreated":{"#attributes":{"SystemTime":"2021-06-02T19:27:27.096111Z"}},"EventRecordID":417833,"Correlation":{"#attributes":{"ActivityID":"F420D358-3E5C-448A-BF8C-F4551A7B0000"}},"Execution":{"#attributes":{"ProcessID":856,"ThreadID":1632}},"Channel":"Microsoft-Windows-TerminalServices-RemoteConnectionManager/Operational","Computer":"IPSERVER","Security":{"#attributes":{"UserID":"S-1-5-20"}}},"UserData":{"EventXML":{"#attributes":{"xmlns":"Event_NS"},"listenerName":"RDP-Tcp"}}}}
{"Event":{"#attributes":{"xmlns":"http://schemas.microsoft.com/win/2004/08/events/event"},"System":{"Provider":{"#attributes":{"Name":"Microsoft-Windows-TerminalServices-RemoteConnectionManager","Guid":"C76BAA63-AE81-421C-B425-340B4B24157F"}},"EventID":261,"Version":0,"Level":4,"Task":0,"Opcode":0,"Keywords":"0x1000000000000000","TimeCreated":{"#attributes":{"SystemTime":"2021-06-02T19:27:30.872300Z"}},"EventRecordID":417834,"Correlation":{"#attributes":{"ActivityID":"F420378C-5008-4A90-9B9D-BAE6EA5D0000"}},"Execution":{"#attributes":{"ProcessID":856,"ThreadID":1632}},"Channel":"Microsoft-Windows-TerminalServices-RemoteConnectionManager/Operational","Computer":"IPSERVER","Security":{"#attributes":{"UserID":"S-1-5-20"}}},"UserData":{"EventXML":{"#attributes":{"xmlns":"Event_NS"},"listenerName":"RDP-Tcp"}}}}
{"Event":{"#attributes":{"xmlns":"http://schemas.microsoft.com/win/2004/08/events/event"},"System":{"Provider":{"#attributes":{"Name":"Microsoft-Windows-TerminalServices-RemoteConnectionManager","Guid":"C76BAA63-AE81-421C-B425-340B4B24157F"}},"EventID":261,"Version":0,"Level":4,"Task":0,"Opcode":0,"Keywords":"0x1000000000000000","TimeCreated":{"#attributes":{"SystemTime":"2021-06-02T19:27:35.755745Z"}},"EventRecordID":417835,"Correlation":{"#attributes":{"ActivityID":"F4207252-A3A8-4447-9F54-F2950F5F0000"}},"Execution":{"#attributes":{"ProcessID":856,"ThreadID":1632}},"Channel":"Microsoft-Windows-TerminalServices-RemoteConnectionManager/Operational","Computer":"IPSERVER","Security":{"#attributes":{"UserID":"S-1-5-20"}}},"UserData":{"EventXML":{"#attributes":{"xmlns":"Event_NS"},"listenerName":"RDP-Tcp"}}}}
{"Event":{"#attributes":{"xmlns":"http://schemas.microsoft.com/win/2004/08/events/event"},"System":{"Provider":{"#attributes":{"Name":"Microsoft-Windows-TerminalServices-RemoteConnectionManager","Guid":"C76BAA63-AE81-421C-B425-340B4B24157F"}},"EventID":261,"Version":0,"Level":4,"Task":0,"Opcode":0,"Keywords":"0x1000000000000000","TimeCreated":{"#attributes":{"SystemTime":"2021-06-02T19:27:36.065189Z"}},"EventRecordID":417836,"Correlation":{"#attributes":{"ActivityID":"F420D9DE-5AED-42ED-AEF7-0B72A44F0000"}},"Execution":{"#attributes":{"ProcessID":856,"ThreadID":1632}},"Channel":"Microsoft-Windows-TerminalServices-RemoteConnectionManager/Operational","Computer":"IPSERVER","Security":{"#attributes":{"UserID":"S-1-5-20"}}},"UserData":{"EventXML":{"#attributes":{"xmlns":"Event_NS"},"listenerName":"RDP-Tcp"}}}}
{"Event":{"#attributes":{"xmlns":"http://schemas.microsoft.com/win/2004/08/events/event"},"System":{"Provider":{"#attributes":{"Name":"Microsoft-Windows-TerminalServices-RemoteConnectionManager","Guid":"C76BAA63-AE81-421C-B425-340B4B24157F"}},"EventID":261,"Version":0,"Level":4,"Task":0,"Opcode":0,"Keywords":"0x1000000000000000","TimeCreated":{"#attributes":{"SystemTime":"2021-06-02T19:27:36.567438Z"}},"EventRecordID":417837,"Correlation":{"#attributes":{"ActivityID":"F42021FB-BF3E-4563-BFC2-DFA619B40000"}},"Execution":{"#attributes":{"ProcessID":856,"ThreadID":1632}},"Channel":"Microsoft-Windows-TerminalServices-RemoteConnectionManager/Operational","Computer":"IPSERVER","Security":{"#attributes":{"UserID":"S-1-5-20"}}},"UserData":{"EventXML":{"#attributes":{"xmlns":"Event_NS"},"listenerName":"RDP-Tcp"}}}}
{"Event":{"#attributes":{"xmlns":"http://schemas.microsoft.com/win/2004/08/events/event"},"System":{"Provider":{"#attributes":{"Name":"Microsoft-Windows-TerminalServices-RemoteConnectionManager","Guid":"C76BAA63-AE81-421C-B425-340B4B24157F"}},"EventID":261,"Version":0,"Level":4,"Task":0,"Opcode":0,"Keywords":"0x1000000000000000","TimeCreated":{"#attributes":{"SystemTime":"2021-06-02T19:27:37.181942Z"}},"EventRecordID":417838,"Correlation":{"#attributes":{"ActivityID":"F420BD06-8086-4F21-9FD7-8584642A0000"}},"Execution":{"#attributes":{"ProcessID":856,"ThreadID":1632}},"Channel":"Microsoft-Windows-TerminalServices-RemoteConnectionManager/Operational","Computer":"IPSERVER","Security":{"#attributes":{"UserID":"S-1-5-20"}}},"UserData":{"EventXML":{"#attributes":{"xmlns":"Event_NS"},"listenerName":"RDP-Tcp"}}}}
{"Event":{"#attributes":{"xmlns":"http://schemas.microsoft.com/win/2004/08/events/event"},"System":{"Provider":{"#attributes":{"Name":"Microsoft-Windows-TerminalServices-RemoteConnectionManager","Guid":"C76BAA63-AE81-421C-B425-340B4B24157F"}},"EventID":261,"Version":0,"Level":4,"Task":0,"Opcode":0,"Keywords":"0x1000000000000000","TimeCreated":{"#attributes":{"SystemTime":"2021-06-02T19:27:46.760370Z"}},"EventRecordID":417839,"Correlation":{"#attributes":{"ActivityID":"F4201807-19E7-4BA5-8672-56B94A8A0000"}},"Execution":{"#attributes":{"ProcessID":856,"ThreadID":1632}},"Channel":"Microsoft-Windows-TerminalServices-RemoteConnectionManager/Operational","Computer":"IPSERVER","Security":{"#attributes":{"UserID":"S-1-5-20"}}},"UserData":{"EventXML":{"#attributes":{"xmlns":"Event_NS"},"listenerName":"RDP-Tcp"}}}}
