{"Event":{"#attributes":{"xmlns":"http://schemas.microsoft.com/win/2004/08/events/event"},"System":{"Provider":{"#attributes":{"Name":"Microsoft-Windows-TerminalServices-RemoteConnectionManager","Guid":"C76BAA63-AE81-421C-B425-340B4B24157F"}},"EventID":261,"Version":0,"Level":4,"Task":0,"Opcode":0,"Keywords":"0x1000000000000000","TimeCreated":{"#attributes":{"SystemTime":"2021-06-02T19:45:13.152899Z"}},"EventRecordID":418145,"Correlation":{"#attributes":{"ActivityID":"F4202925-3782-4B5A-AF3B-2DDCA0B90000"}},"Execution":{"#attributes":{"ProcessID":856,"ThreadID":1632}},"Channel":"Microsoft-Windows-TerminalServices-RemoteConnectionManager/Operational","Computer":"IPSERVER","Security":{"#attributes":{"UserID":"S-1-5-20"}}},"UserData":{"EventXML":{"#attributes":{"xmlns":"Event_NS"},"listenerName":"RDP-Tcp"}}}}
{"Event":{"#attributes":{"xmlns":"http://schemas.microsoft.com/win/2004/08/events/event"},"System":{"Provider":{"#attributes":{"Name":"Microsoft-Windows-TerminalServices-RemoteConnectionManager","Guid":"C76BAA63-AE81-421C-B425-340B4B24157F"}},"EventID":261,"Version":0,"Level":4,"Task":0,"Opcode":0,"Keywords":"0x1000000000000000","TimeCreated":{"#attributes":{"SystemTime":"2021-06-02T19:45:17.250820Z"}},"EventRecordID":418146,"Correlation":{"#attributes":{"ActivityID":"F42025CB-9B4A-4573-85C0-6280CAB00000"}},"Execution":{"#attributes":{"ProcessID":856,"ThreadID":1632}},"Channel":"Microsoft-Windows-TerminalServices-RemoteConnectionManager/Operational","Computer":"IPSERVER","Security":{"#attributes":{"UserID":"S-1-5-20"}}},"UserData":{"EventXML":{"#attributes":{"xmlns":"Event_NS"},"listenerName":"RDP-Tcp"}}}}
{"Event":{"#attributes":{"xmlns":"http://schemas.microsoft.com/win/2004/08/events/event"},"System":{"Provider":{"#attributes":{"Name":"Microsoft-Windows-TerminalServices-RemoteConnectionManager","Guid":"C76BAA63-AE81-421C-B425-340B4B24157F"}},"EventID":261,"Version":0,"Level":4,"Task":0,"Opcode":0,"Keywords":"0x1000000000000000","TimeCreated":{"#attributes":{"SystemTime":"2021-06-02T19:45:19.183520Z"}},"EventRecordID":418147,"Correlation":{"#attributes":{"ActivityID":"F420034D-8279-4FCC-B2C2-110684010000"}},"Execution":{"#attributes":{"ProcessID":856,"ThreadID":1632}},"Channel":"Microsoft-Windows-TerminalServices-RemoteConnectionManager/Operational","Computer":"IPSERVER","Security":{"#attributes":{"UserID":"S-1-5-20"}}},"UserData":{"EventXML":{"#attributes":{"xmlns":"Event_NS"},"listenerName":"RDP-Tcp"}}}}
{"Event":{"#attributes":{"xmlns":"http://schemas.microsoft.com/win/2004/08/events/event"},"System":{"Provider":{"#attributes":{"Name":"Microsoft-Windows-TerminalServices-RemoteConnectionManager","Guid":"C76BAA63-AE81-421C-B425-340B4B24157F"}},"EventID":261,"Version":0,"Level":4,"Task":0,"Opcode":0,"Keywords":"0x1000000000000000","TimeCreated":{"#attributes":{"SystemTime":"2021-06-02T19:45:31.319225Z"}},"EventRecordID":418148,"Correlation":{"#attributes":{"ActivityID":"F42003D3-77EE-48A6-9020-1DFDC9EA0000"}},"Execution":{"#attributes":{"ProcessID":856,"ThreadID":1632}},"Channel":"Microsoft-Windows-TerminalServices-RemoteConnectionManager/Operational","Computer":"IPSERVER","Security":{"#attributes":{"UserID":"S-1-5-20"}}},"UserData":{"EventXML":{"#attributes":{"xmlns":"Event_NS"},"listenerName":"RDP-Tcp"}}}}
{"Event":{"#attributes":{"xmlns":"http://schemas.microsoft.com/win/2004/08/events/event"},"System":{"Provider":{"#attributes":{"Name":"Microsoft-Windows-TerminalServices-RemoteConnectionManager","Guid":"C76BAA63-AE81-421C-B425-340B4B24157F"}},"EventID":261,"Version":0,"Level":4,"Task":0,"Opcode":0,"Keywords":"0x1000000000000000","TimeCreated":{"#attributes":{"SystemTime":"2021-06-02T19:45:31.866231Z"}},"EventRecordID":418149,"Correlation":{"#attributes":{"ActivityID":"F42018E6-62B6-4448-AEC7-43F72A050000"}},"Execution":{"#attributes":{"ProcessID":856,"ThreadID":1632}},"Channel":"Microsoft-Windows-TerminalServices-RemoteConnectionManager/Operational","Computer":"IPSERVER","Security":{"#attributes":{"UserID":"S-1-5-20"}}},"UserData":{"EventXML":{"#attributes":{"xmlns":"Event_NS"},"listenerName":"RDP-Tcp"}}}}
{"Event":{"#attributes":{"xmlns":"http://schemas.microsoft.com/win/2004/08/events/event"},"System":{"Provider":{"#attributes":{"Name":"Microsoft-Windows-TerminalServices-RemoteConnectionManager","Guid":"C76BAA63-AE81-421C-B425-340B4B24157F"}},"EventID":261,"Version":0,"Level":4,"Task":0,"Opcode":0,"Keywords":"0x1000000000000000","TimeCreated":{"#attributes":{"SystemTime":"2021-06-02T19:45:39.362127Z"}},"EventRecordID":418150,"Correlation":{"#attributes":{"ActivityID":"F4201364-EC1D-43DD-BFEA-409C84C10000"}},"Execution":{"#attributes":{"ProcessID":856,"ThreadID":1632}},"Channel":"Microsoft-Windows-TerminalServices-RemoteConnectionManager/Operational","Computer":"IPSERVER","Security":{"#attributes":{"UserID":"S-1-5-20"}}},"UserData":{"EventXML":{"#attributes":{"xmlns":"Event_NS"},"listenerName":"RDP-Tcp"}}}}
{"Event":{"#attributes":{"xmlns":"http://schemas.microsoft.com/win/2004/08/events/event"},"System":{"Provider":{"#attributes":{"Name":"Microsoft-Windows-TerminalServices-RemoteConnectionManager","Guid":"C76BAA63-AE81-421C-B425-340B4B24157F"}},"EventID":261,"Version":0,"Level":4,"Task":0,"Opcode":0,"Keywords":"0x1000000000000000","TimeCreated":{"#attributes":{"SystemTime":"2021-06-02T19:45:46.244130Z"}},"EventRecordID":418151,"Correlation":{"#attributes":{"ActivityID":"F4200DA6-A57E-4868-8721-07A3EF690000"}},"Execution":{"#attributes":{"ProcessID":856,"ThreadID":1632}},"Channel":"Microsoft-Windows-TerminalServices-RemoteConnectionManager/Operational","Computer":"IPSERVER","Security":{"#attributes":{"UserID":"S-1-5-20"}}},"UserData":{"EventXML":{"#attributes":{"xmlns":"Event_NS"},"listenerName":"RDP-Tcp"}}}}
{"Event":{"#attributes":{"xmlns":"http://schemas.microsoft.com/win/2004/08/events/event"},"System":{"Provider":{"#attributes":{"Name":"Microsoft-Windows-TerminalServices-RemoteConnectionManager","Guid":"C76BAA63-AE81-421C-B425-340B4B24157F"}},"EventID":261,"Version":0,"Level":4,"Task":0,"Opcode":0,"Keywords":"0x1000000000000000","TimeCreated":{"#attributes":{"SystemTime":"2021-06-02T19:45:46.963966Z"}},"EventRecordID":418152,"Correlation":{"#attributes":{"ActivityID":"F4203327-64BD-45F5-A115-A5C9B4C50000"}},"Execution":{"#attributes":{"ProcessID":856,"ThreadID":1632}},"Channel":"Microsoft-Windows-TerminalServices-RemoteConnectionManager/Operational","Computer":"IPSERVER","Security":{"#attributes":{"UserID":"S-1-5-20"}}},"UserData":{"EventXML":{"#attributes":{"xmlns":"Event_NS"},"listenerName":"RDP-Tcp"}}}}
{"Event":{"#attributes":{"xmlns":"http://schemas.microsoft.com/win/2004/08/events/event"},"System":{"Provider":{"#attributes":{"Name":"Microsoft-Windows-TerminalServices-RemoteConnectionManager","Guid":"C76BAA63-AE81-421C-B425-340B4B24157F"}},"EventID":261,"Version":0,"Level":4,"Task":0,"Opcode":0,"Keywords":"0x1000000000000000","TimeCreated":{"#attributes":{"SystemTime":"2021-06-02T19:45:48.592882Z"}},"EventRecordID":418153,"Correlation":{"#attributes":{"ActivityID":"F420E723-3529-4877-9459-B4E4822C0000"}},"Execution":{"#attributes":{"ProcessID":856,"ThreadID":1632}},"Channel":"Microsoft-Windows-TerminalServices-RemoteConnectionManager/Operational","Computer":"IPSERVER","Security":{"#attributes":{"UserID":"S-1-5-20"}}},"UserData":{"EventXML":{"#attributes":{"xmlns":"Event_NS"},"listenerName":"RDP-Tcp"}}}}
{"Event":{"#attributes":{"xmlns":"http://schemas.microsoft.com/win/2004/08/events/event"},"System":{"Provider":{"#attributes":{"Name":"Microsoft-Windows-TerminalServices-RemoteConnectionManager","Guid":"C76BAA63-AE81-421C-B425-340B4B24157F"}},"EventID":261,"Version":0,"Level":4,"Task":0,"Opcode":0,"Keywords":"0x1000000000000000","TimeCreated":{"#attributes":{"SystemTime":"2021-06-02T19:45:50.783874Z"}},"EventRecordID":418154,"Correlation":{"#attributes":{"ActivityID":"F420D250-5C04-4858-9BC0-68F020FD0000"}},"Execution":{"#attributes":{"ProcessID":856,"ThreadID":1632}},"Channel":"Microsoft-Windows-TerminalServices-RemoteConnectionManager/Operational","Computer":"IPSERVER","Security":{"#attributes":{"UserID":"S-1-5-20"}}},"UserData":{"EventXML":{"#attributes":{"xmlns":"Event_NS"},"listenerName":"RDP-Tcp"}}}}
{"Event":{"#attributes":{"xmlns":"http://schemas.microsoft.com/win/2004/08/events/event"},"System":{"Provider":{"#attributes":{"Name":"Microsoft-Windows-TerminalServices-RemoteConnectionManager","Guid":"C76BAA63-AE81-421C-B425-340B4B24157F"}},"EventID":261,"Version":0,"Level":4,"Task":0,"Opcode":0,"Keywords":"0x1000000000000000","TimeCreated":{"#attributes":{"SystemTime":"2021-06-02T19:45:51.499187Z"}},"EventRecordID":418155,"Correlation":{"#attributes":{"ActivityID":"F42045DA-280E-4B97-AD3C-8327B2360000"}},"Execution":{"#attributes":{"ProcessID":856,"ThreadID":1632}},"Channel":"Microsoft-Windows-TerminalServices-RemoteConnectionManager/Operational","Computer":"IPSERVER","Security":{"#attributes":{"UserID":"S-1-5-20"}}},"UserData":{"EventXML":{"#attributes":{"xmlns":"Event_NS"},"listenerName":"RDP-Tcp"}}}}
{"Event":{"#attributes":{"xmlns":"http://schemas.microsoft.com/win/2004/08/events/event"},"System":{"Provider":{"#attributes":{"Name":"Microsoft-Windows-TerminalServices-RemoteConnectionManager","Guid":"C76BAA63-AE81-421C-B425-340B4B24157F"}},"EventID":261,"Version":0,"Level":4,"Task":0,"Opcode":0,"Keywords":"0x1000000000000000","TimeCreated":{"#attributes":{"SystemTime":"2021-06-02T19:45:59.161151Z"}},"EventRecordID":418156,"Correlation":{"#attributes":{"ActivityID":"F4208F0B-C3E9-4E7F-8BAE-B9D170760000"}},"Execution":{"#attributes":{"ProcessID":856,"ThreadID":1632}},"Channel":"Microsoft-Windows-TerminalServices-RemoteConnectionManager/Operational","Computer":"IPSERVER","Security":{"#attributes":{"UserID":"S-1-5-20"}}},"UserData":{"EventXML":{"#attributes":{"xmlns":"Event_NS"},"listenerName":"RDP-Tcp"}}}}
{"Event":{"#attributes":{"xmlns":"http://schemas.microsoft.com/win/2004/08/events/event"},"System":{"Provider":{"#attributes":{"Name":"Microsoft-Windows-TerminalServices-RemoteConnectionManager","Guid":"C76BAA63-AE81-421C-B425-340B4B24157F"}},"EventID":261,"Version":0,"Level":4,"Task":0,"Opcode":0,"Keywords":"0x1000000000000000","TimeCreated":{"#attributes":{"SystemTime":"2021-06-02T19:46:03.957499Z"}},"EventRecordID":418157,"Correlation":{"#attributes":{"ActivityID":"F420263D-D1CF-43D6-8989-6C011E370000"}},"Execution":{"#attributes":{"ProcessID":856,"ThreadID":1632}},"Channel":"Microsoft-Windows-TerminalServices-RemoteConnectionManager/Operational","Computer":"IPSERVER","Security":{"#attributes":{"UserID":"S-1-5-20"}}},"UserData":{"EventXML":{"#attributes":{"xmlns":"Event_NS"},"listenerName":"RDP-Tcp"}}}}
{"Event":{"#attributes":{"xmlns":"http://schemas.microsoft.com/win/2004/08/events/event"},"System":{"Provider":{"#attributes":{"Name":"Microsoft-Windows-TerminalServices-RemoteConnectionManager","Guid":"C76BAA63-AE81-421C-B425-340B4B24157F"}},"EventID":261,"Version":0,"Level":4,"Task":0,"Opcode":0,"Keywords":"0x1000000000000000","TimeCreated":{"#attributes":{"SystemTime":"2021-06-02T19:46:04.720605Z"}},"EventRecordID":418158,"Correlation":{"#attributes":{"ActivityID":"F4203CA1-C554-4311-B296-8C5305740000"}},"Execution":{"#attributes":{"ProcessID":856,"ThreadID":1632}},"Channel":"Microsoft-Windows-TerminalServices-RemoteConnectionManager/Operational","Computer":"IPSERVER","Security":{"#attributes":{"UserID":"S-1-5-20"}}},"UserData":{"EventXML":{"#attributes":{"xmlns":"Event_NS"},"listenerName":"RDP-Tcp"}}}}
{"Event":{"#attributes":{"xmlns":"http://schemas.microsoft.com/win/2004/08/events/event"},"System":{"Provider":{"#attributes":{"Name":"Microsoft-Windows-TerminalServices-RemoteConnectionManager","Guid":"C76BAA63-AE81-421C-B425-340B4B24157F"}},"EventID":261,"Version":0,"Level":4,"Task":0,"Opcode":0,"Keywords":"0x1000000000000000","TimeCreated":{"#attributes":{"SystemTime":"2021-06-02T19:46:10.709836Z"}},"EventRecordID":418159,"Correlation":{"#attributes":{"ActivityID":"F420DB90-DF5B-4602-BD13-A6450D1F0000"}},"Execution":{"#attributes":{"ProcessID":856,"ThreadID":1632}},"Channel":"Microsoft-Windows-TerminalServices-RemoteConnectionManager/Operational","Computer":"IPSERVER","Security":{"#attributes":{"UserID":"S-1-5-20"}}},"UserData":{"EventXML":{"#attributes":{"xmlns":"Event_NS"},"listenerName":"RDP-Tcp"}}}}
{"Event":{"#attributes":{"xmlns":"http://schemas.microsoft.com/win/2004/08/events/event"},"System":{"Provider":{"#attributes":{"Name":"Microsoft-Windows-TerminalServices-RemoteConnectionManager","Guid":"C76BAA63-AE81-421C-B425-340B4B24157F"}},"EventID":261,"Version":0,"Level":4,"Task":0,"Opcode":0,"Keywords":"0x1000000000000000","TimeCreated":{"#attributes":{"SystemTime":"2021-06-02T19:46:17.552897Z"}},"EventRecordID":418160,"Correlation":{"#attributes":{"ActivityID":"F4203B39-1DCE-4756-99EE-3681D1050000"}},"Execution":{"#attributes":{"ProcessID":856,"ThreadID":1632}},"Channel":"Microsoft-Windows-TerminalServices-RemoteConnectionManager/Operational","Computer":"IPSERVER","Security":{"#attributes":{"UserID":"S-1-5-20"}}},"UserData":{"EventXML":{"#attributes":{"xmlns":"Event_NS"},"listenerName":"RDP-Tcp"}}}}
{"Event":{"#attributes":{"xmlns":"http://schemas.microsoft.com/win/2004/08/events/event"},"System":{"Provider":{"#attributes":{"Name":"Microsoft-Windows-TerminalServices-RemoteConnectionManager","Guid":"C76BAA63-AE81-421C-B425-340B4B24157F"}},"EventID":261,"Version":0,"Level":4,"Task":0,"Opcode":0,"Keywords":"0x1000000000000000","TimeCreated":{"#attributes":{"SystemTime":"2021-06-02T19:46:20.827477Z"}},"EventRecordID":418161,"Correlation":{"#attributes":{"ActivityID":"F4209817-2C5D-40AC-9D4E-A7C303720000"}},"Execution":{"#attributes":{"ProcessID":856,"ThreadID":1632}},"Channel":"Microsoft-Windows-TerminalServices-RemoteConnectionManager/Operational","Computer":"IPSERVER","Security":{"#attributes":{"UserID":"S-1-5-20"}}},"UserData":{"EventXML":{"#attributes":{"xmlns":"Event_NS"},"listenerName":"RDP-Tcp"}}}}
{"Event":{"#attributes":{"xmlns":"http://schemas.microsoft.com/win/2004/08/events/event"},"System":{"Provider":{"#attributes":{"Name":"Microsoft-Windows-TerminalServices-RemoteConnectionManager","Guid":"C76BAA63-AE81-421C-B425-340B4B24157F"}},"EventID":261,"Version":0,"Level":4,"Task":0,"Opcode":0,"Keywords":"0x1000000000000000","TimeCreated":{"#attributes":{"SystemTime":"2021-06-02T19:46:21.522334Z"}},"EventRecordID":418162,"Correlation":{"#attributes":{"ActivityID":"F4208F97-0617-4331-ABC4-DFE41AE10000"}},"Execution":{"#attributes":{"ProcessID":856,"ThreadID":1632}},"Channel":"Microsoft-Windows-TerminalServices-RemoteConnectionManager/Operational","Computer":"IPSERVER","Security":{"#attributes":{"UserID":"S-1-5-20"}}},"UserData":{"EventXML":{"#attributes":{"xmlns":"Event_NS"},"listenerName":"RDP-Tcp"}}}}
{"Event":{"#attributes":{"xmlns":"http://schemas.microsoft.com/win/2004/08/events/event"},"System":{"Provider":{"#attributes":{"Name":"Microsoft-Windows-TerminalServices-RemoteConnectionManager","Guid":"C76BAA63-AE81-421C-B425-340B4B24157F"}},"EventID":261,"Version":0,"Level":4,"Task":0,"Opcode":0,"Keywords":"0x1000000000000000","TimeCreated":{"#attributes":{"SystemTime":"2021-06-02T19:46:22.124401Z"}},"EventRecordID":418163,"Correlation":{"#attributes":{"ActivityID":"F420085F-8C35-4332-9D90-6D8777DB0000"}},"Execution":{"#attributes":{"ProcessID":856,"ThreadID":1632}},"Channel":"Microsoft-Windows-TerminalServices-RemoteConnectionManager/Operational","Computer":"IPSERVER","Security":{"#attributes":{"UserID":"S-1-5-20"}}},"UserData":{"EventXML":{"#attributes":{"xmlns":"Event_NS"},"listenerName":"RDP-Tcp"}}}}
{"Event":{"#attributes":{"xmlns":"http://schemas.microsoft.com/win/2004/08/events/event"},"System":{"Provider":{"#attributes":{"Name":"Microsoft-Windows-TerminalServices-RemoteConnectionManager","Guid":"C76BAA63-AE81-421C-B425-340B4B24157F"}},"EventID":261,"Version":0,"Level":4,"Task":0,"Opcode":0,"Keywords":"0x1000000000000000","TimeCreated":{"#attributes":{"SystemTime":"2021-06-02T19:46:26.450601Z"}},"EventRecordID":418164,"Correlation":{"#attributes":{"ActivityID":"F4202441-20AF-492F-9AAD-214CA5A70000"}},"Execution":{"#attributes":{"ProcessID":856,"ThreadID":1632}},"Channel":"Microsoft-Windows-TerminalServices-RemoteConnectionManager/Operational","Computer":"IPSERVER","Security":{"#attributes":{"UserID":"S-1-5-20"}}},"UserData":{"EventXML":{"#attributes":{"xmlns":"Event_NS"},"listenerName":"RDP-Tcp"}}}}
{"Event":{"#attributes":{"xmlns":"http://schemas.microsoft.com/win/2004/08/events/event"},"System":{"Provider":{"#attributes":{"Name":"Microsoft-Windows-TerminalServices-RemoteConnectionManager","Guid":"C76BAA63-AE81-421C-B425-340B4B24157F"}},"EventID":261,"Version":0,"Level":4,"Task":0,"Opcode":0,"Keywords":"0x1000000000000000","TimeCreated":{"#attributes":{"SystemTime":"2021-06-02T19:46:32.013123Z"}},"EventRecordID":418165,"Correlation":{"#attributes":{"ActivityID":"F420D863-4E4E-400C-82AB-52312E470000"}},"Execution":{"#attributes":{"ProcessID":856,"ThreadID":1632}},"Channel":"Microsoft-Windows-TerminalServices-RemoteConnectionManager/Operational","Computer":"IPSERVER","Security":{"#attributes":{"UserID":"S-1-5-20"}}},"UserData":{"EventXML":{"#attributes":{"xmlns":"Event_NS"},"listenerName":"RDP-Tcp"}}}}
{"Event":{"#attributes":{"xmlns":"http://schemas.microsoft.com/win/2004/08/events/event"},"System":{"Provider":{"#attributes":{"Name":"Microsoft-Windows-TerminalServices-RemoteConnectionManager","Guid":"C76BAA63-AE81-421C-B425-340B4B24157F"}},"EventID":261,"Version":0,"Level":4,"Task":0,"Opcode":0,"Keywords":"0x1000000000000000","TimeCreated":{"#attributes":{"SystemTime":"2021-06-02T19:46:34.617127Z"}},"EventRecordID":418166,"Correlation":{"#attributes":{"ActivityID":"F420730B-916A-4608-8781-508661A80000"}},"Execution":{"#attributes":{"ProcessID":856,"ThreadID":1632}},"Channel":"Microsoft-Windows-TerminalServices-RemoteConnectionManager/Operational","Computer":"IPSERVER","Security":{"#attributes":{"UserID":"S-1-5-20"}}},"UserData":{"EventXML":{"#attributes":{"xmlns":"Event_NS"},"listenerName":"RDP-Tcp"}}}}
{"Event":{"#attributes":{"xmlns":"http://schemas.microsoft.com/win/2004/08/events/event"},"System":{"Provider":{"#attributes":{"Name":"Microsoft-Windows-TerminalServices-RemoteConnectionManager","Guid":"C76BAA63-AE81-421C-B425-340B4B24157F"}},"EventID":261,"Version":0,"Level":4,"Task":0,"Opcode":0,"Keywords":"0x1000000000000000","TimeCreated":{"#attributes":{"SystemTime":"2021-06-02T19:46:35.592309Z"}},"EventRecordID":418167,"Correlation":{"#attributes":{"ActivityID":"F420A140-F495-416C-B6FB-2B3BFBDF0000"}},"Execution":{"#attributes":{"ProcessID":856,"ThreadID":1632}},"Channel":"Microsoft-Windows-TerminalServices-RemoteConnectionManager/Operational","Computer":"IPSERVER","Security":{"#attributes":{"UserID":"S-1-5-20"}}},"UserData":{"EventXML":{"#attributes":{"xmlns":"Event_NS"},"listenerName":"RDP-Tcp"}}}}
{"Event":{"#attributes":{"xmlns":"http://schemas.microsoft.com/win/2004/08/events/event"},"System":{"Provider":{"#attributes":{"Name":"Microsoft-Windows-TerminalServices-RemoteConnectionManager","Guid":"C76BAA63-AE81-421C-B425-340B4B24157F"}},"EventID":261,"Version":0,"Level":4,"Task":0,"Opcode":0,"Keywords":"0x1000000000000000","TimeCreated":{"#attributes":{"SystemTime":"2021-06-02T19:46:38.162235Z"}},"EventRecordID":418168,"Correlation":{"#attributes":{"ActivityID":"F420AEC6-A862-4ED3-9874-D8FDE8CA0000"}},"Execution":{"#attributes":{"ProcessID":856,"ThreadID":1632}},"Channel":"Microsoft-Windows-TerminalServices-RemoteConnectionManager/Operational","Computer":"IPSERVER","Security":{"#attributes":{"UserID":"S-1-5-20"}}},"UserData":{"EventXML":{"#attributes":{"xmlns":"Event_NS"},"listenerName":"RDP-Tcp"}}}}
{"Event":{"#attributes":{"xmlns":"http://schemas.microsoft.com/win/2004/08/events/event"},"System":{"Provider":{"#attributes":{"Name":"Microsoft-Windows-TerminalServices-RemoteConnectionManager","Guid":"C76BAA63-AE81-421C-B425-340B4B24157F"}},"EventID":261,"Version":0,"Level":4,"Task":0,"Opcode":0,"Keywords":"0x1000000000000000","TimeCreated":{"#attributes":{"SystemTime":"2021-06-02T19:46:49.918184Z"}},"EventRecordID":418169,"Correlation":{"#attributes":{"ActivityID":"F4204DD3-A888-4690-999C-324ABF7E0000"}},"Execution":{"#attributes":{"ProcessID":856,"ThreadID":1632}},"Channel":"Microsoft-Windows-TerminalServices-RemoteConnectionManager/Operational","Computer":"IPSERVER","Security":{"#attributes":{"UserID":"S-1-5-20"}}},"UserData":{"EventXML":{"#attributes":{"xmlns":"Event_NS"},"listenerName":"RDP-Tcp"}}}}
{"Event":{"#attributes":{"xmlns":"http://schemas.microsoft.com/win/2004/08/events/event"},"System":{"Provider":{"#attributes":{"Name":"Microsoft-Windows-TerminalServices-RemoteConnectionManager","Guid":"C76BAA63-AE81-421C-B425-340B4B24157F"}},"EventID":261,"Version":0,"Level":4,"Task":0,"Opcode":0,"Keywords":"0x1000000000000000","TimeCreated":{"#attributes":{"SystemTime":"2021-06-02T19:46:54.470147Z"}},"EventRecordID":418170,"Correlation":{"#attributes":{"ActivityID":"F420E454-B7C8-4065-8C4C-A4550E010000"}},"Execution":{"#attributes":{"ProcessID":856,"ThreadID":1632}},"Channel":"Microsoft-Windows-TerminalServices-RemoteConnectionManager/Operational","Computer":"IPSERVER","Security":{"#attributes":{"UserID":"S-1-5-20"}}},"UserData":{"EventXML":{"#attributes":{"xmlns":"Event_NS"},"listenerName":"RDP-Tcp"}}}}
{"Event":{"#attributes":{"xmlns":"http://schemas.microsoft.com/win/2004/08/events/event"},"System":{"Provider":{"#attributes":{"Name":"Microsoft-Windows-TerminalServices-RemoteConnectionManager","Guid":"C76BAA63-AE81-421C-B425-340B4B24157F"}},"EventID":261,"Version":0,"Level":4,"Task":0,"Opcode":0,"Keywords":"0x1000000000000000","TimeCreated":{"#attributes":{"SystemTime":"2021-06-02T19:46:55.557301Z"}},"EventRecordID":418171,"Correlation":{"#attributes":{"ActivityID":"F420A0A1-0E7B-44F3-BDD9-4F9004A80000"}},"Execution":{"#attributes":{"ProcessID":856,"ThreadID":1632}},"Channel":"Microsoft-Windows-TerminalServices-RemoteConnectionManager/Operational","Computer":"IPSERVER","Security":{"#attributes":{"UserID":"S-1-5-20"}}},"UserData":{"EventXML":{"#attributes":{"xmlns":"Event_NS"},"listenerName":"RDP-Tcp"}}}}
{"Event":{"#attributes":{"xmlns":"http://schemas.microsoft.com/win/2004/08/events/event"},"System":{"Provider":{"#attributes":{"Name":"Microsoft-Windows-TerminalServices-RemoteConnectionManager","Guid":"C76BAA63-AE81-421C-B425-340B4B24157F"}},"EventID":261,"Version":0,"Level":4,"Task":0,"Opcode":0,"Keywords":"0x1000000000000000","TimeCreated":{"#attributes":{"SystemTime":"2021-06-02T19:47:03.430337Z"}},"EventRecordID":418172,"Correlation":{"#attributes":{"ActivityID":"F4209AFB-BCA2-4384-84F7-00E6867F0000"}},"Execution":{"#attributes":{"ProcessID":856,"ThreadID":1632}},"Channel":"Microsoft-Windows-TerminalServices-RemoteConnectionManager/Operational","Computer":"IPSERVER","Security":{"#attributes":{"UserID":"S-1-5-20"}}},"UserData":{"EventXML":{"#attributes":{"xmlns":"Event_NS"},"listenerName":"RDP-Tcp"}}}}
{"Event":{"#attributes":{"xmlns":"http://schemas.microsoft.com/win/2004/08/events/event"},"System":{"Provider":{"#attributes":{"Name":"Microsoft-Windows-TerminalServices-RemoteConnectionManager","Guid":"C76BAA63-AE81-421C-B425-340B4B24157F"}},"EventID":261,"Version":0,"Level":4,"Task":0,"Opcode":0,"Keywords":"0x1000000000000000","TimeCreated":{"#attributes":{"SystemTime":"2021-06-02T19:47:03.537206Z"}},"EventRecordID":418173,"Correlation":{"#attributes":{"ActivityID":"F420020B-5CF1-4825-A569-0C78A90C0000"}},"Execution":{"#attributes":{"ProcessID":856,"ThreadID":1632}},"Channel":"Microsoft-Windows-TerminalServices-RemoteConnectionManager/Operational","Computer":"IPSERVER","Security":{"#attributes":{"UserID":"S-1-5-20"}}},"UserData":{"EventXML":{"#attributes":{"xmlns":"Event_NS"},"listenerName":"RDP-Tcp"}}}}
{"Event":{"#attributes":{"xmlns":"http://schemas.microsoft.com/win/2004/08/events/event"},"System":{"Provider":{"#attributes":{"Name":"Microsoft-Windows-TerminalServices-RemoteConnectionManager","Guid":"C76BAA63-AE81-421C-B425-340B4B24157F"}},"EventID":261,"Version":0,"Level":4,"Task":0,"Opcode":0,"Keywords":"0x1000000000000000","TimeCreated":{"#attributes":{"SystemTime":"2021-06-02T19:47:05.878153Z"}},"EventRecordID":418174,"Correlation":{"#attributes":{"ActivityID":"F4206E58-3FB2-4105-B99F-04258DA10000"}},"Execution":{"#attributes":{"ProcessID":856,"ThreadID":1632}},"Channel":"Microsoft-Windows-TerminalServices-RemoteConnectionManager/Operational","Computer":"IPSERVER","Security":{"#attributes":{"UserID":"S-1-5-20"}}},"UserData":{"EventXML":{"#attributes":{"xmlns":"Event_NS"},"listenerName":"RDP-Tcp"}}}}
{"Event":{"#attributes":{"xmlns":"http://schemas.microsoft.com/win/2004/08/events/event"},"System":{"Provider":{"#attributes":{"Name":"Microsoft-Windows-TerminalServices-RemoteConnectionManager","Guid":"C76BAA63-AE81-421C-B425-340B4B24157F"}},"EventID":261,"Version":0,"Level":4,"Task":0,"Opcode":0,"Keywords":"0x1000000000000000","TimeCreated":{"#attributes":{"SystemTime":"2021-06-02T19:47:08.249199Z"}},"EventRecordID":418175,"Correlation":{"#attributes":{"ActivityID":"F420C535-C3CD-49DF-B74B-799F36900000"}},"Execution":{"#attributes":{"ProcessID":856,"ThreadID":1632}},"Channel":"Microsoft-Windows-TerminalServices-RemoteConnectionManager/Operational","Computer":"IPSERVER","Security":{"#attributes":{"UserID":"S-1-5-20"}}},"UserData":{"EventXML":{"#attributes":{"xmlns":"Event_NS"},"listenerName":"RDP-Tcp"}}}}
{"Event":{"#attributes":{"xmlns":"http://schemas.microsoft.com/win/2004/08/events/event"},"System":{"Provider":{"#attributes":{"Name":"Microsoft-Windows-TerminalServices-RemoteConnectionManager","Guid":"C76BAA63-AE81-421C-B425-340B4B24157F"}},"EventID":261,"Version":0,"Level":4,"Task":0,"Opcode":0,"Keywords":"0x1000000000000000","TimeCreated":{"#attributes":{"SystemTime":"2021-06-02T19:47:11.592090Z"}},"EventRecordID":418176,"Correlation":{"#attributes":{"ActivityID":"F420050F-1289-4B93-9FD1-FC9EA9180000"}},"Execution":{"#attributes":{"ProcessID":856,"ThreadID":1632}},"Channel":"Microsoft-Windows-TerminalServices-RemoteConnectionManager/Operational","Computer":"IPSERVER","Security":{"#attributes":{"UserID":"S-1-5-20"}}},"UserData":{"EventXML":{"#attributes":{"xmlns":"Event_NS"},"listenerName":"RDP-Tcp"}}}}
{"Event":{"#attributes":{"xmlns":"http://schemas.microsoft.com/win/2004/08/events/event"},"System":{"Provider":{"#attributes":{"Name":"Microsoft-Windows-TerminalServices-RemoteConnectionManager","Guid":"C76BAA63-AE81-421C-B425-340B4B24157F"}},"EventID":261,"Version":0,"Level":4,"Task":0,"Opcode":0,"Keywords":"0x1000000000000000","TimeCreated":{"#attributes":{"SystemTime":"2021-06-02T19:47:12.588105Z"}},"EventRecordID":418177,"Correlation":{"#attributes":{"ActivityID":"F420850E-258E-45A0-902F-14D97B180000"}},"Execution":{"#attributes":{"ProcessID":856,"ThreadID":1632}},"Channel":"Microsoft-Windows-TerminalServices-RemoteConnectionManager/Operational","Computer":"IPSERVER","Security":{"#attributes":{"UserID":"S-1-5-20"}}},"UserData":{"EventXML":{"#attributes":{"xmlns":"Event_NS"},"listenerName":"RDP-Tcp"}}}}
{"Event":{"#attributes":{"xmlns":"http://schemas.microsoft.com/win/2004/08/events/event"},"System":{"Provider":{"#attributes":{"Name":"Microsoft-Windows-TerminalServices-RemoteConnectionManager","Guid":"C76BAA63-AE81-421C-B425-340B4B24157F"}},"EventID":261,"Version":0,"Level":4,"Task":0,"Opcode":0,"Keywords":"0x1000000000000000","TimeCreated":{"#attributes":{"SystemTime":"2021-06-02T19:47:12.706303Z"}},"EventRecordID":418178,"Correlation":{"#attributes":{"ActivityID":"F42080E2-F58C-43B2-9F88-10548CE10000"}},"Execution":{"#attributes":{"ProcessID":856,"ThreadID":1632}},"Channel":"Microsoft-Windows-TerminalServices-RemoteConnectionManager/Operational","Computer":"IPSERVER","Security":{"#attributes":{"UserID":"S-1-5-20"}}},"UserData":{"EventXML":{"#attributes":{"xmlns":"Event_NS"},"listenerName":"RDP-Tcp"}}}}
{"Event":{"#attributes":{"xmlns":"http://schemas.microsoft.com/win/2004/08/events/event"},"System":{"Provider":{"#attributes":{"Name":"Microsoft-Windows-TerminalServices-RemoteConnectionManager","Guid":"C76BAA63-AE81-421C-B425-340B4B24157F"}},"EventID":261,"Version":0,"Level":4,"Task":0,"Opcode":0,"Keywords":"0x1000000000000000","TimeCreated":{"#attributes":{"SystemTime":"2021-06-02T19:47:15.024389Z"}},"EventRecordID":418179,"Correlation":{"#attributes":{"ActivityID":"F4200E8A-06D7-47FB-871E-54C8AA920000"}},"Execution":{"#attributes":{"ProcessID":856,"ThreadID":1632}},"Channel":"Microsoft-Windows-TerminalServices-RemoteConnectionManager/Operational","Computer":"IPSERVER","Security":{"#attributes":{"UserID":"S-1-5-20"}}},"UserData":{"EventXML":{"#attributes":{"xmlns":"Event_NS"},"listenerName":"RDP-Tcp"}}}}
{"Event":{"#attributes":{"xmlns":"http://schemas.microsoft.com/win/2004/08/events/event"},"System":{"Provider":{"#attributes":{"Name":"Microsoft-Windows-TerminalServices-RemoteConnectionManager","Guid":"C76BAA63-AE81-421C-B425-340B4B24157F"}},"EventID":261,"Version":0,"Level":4,"Task":0,"Opcode":0,"Keywords":"0x1000000000000000","TimeCreated":{"#attributes":{"SystemTime":"2021-06-02T19:47:19.493953Z"}},"EventRecordID":418180,"Correlation":{"#attributes":{"ActivityID":"F4205ACD-E182-42F8-9E60-D0EF267D0000"}},"Execution":{"#attributes":{"ProcessID":856,"ThreadID":1632}},"Channel":"Microsoft-Windows-TerminalServices-RemoteConnectionManager/Operational","Computer":"IPSERVER","Security":{"#attributes":{"UserID":"S-1-5-20"}}},"UserData":{"EventXML":{"#attributes":{"xmlns":"Event_NS"},"listenerName":"RDP-Tcp"}}}}
{"Event":{"#attributes":{"xmlns":"http://schemas.microsoft.com/win/2004/08/events/event"},"System":{"Provider":{"#attributes":{"Name":"Microsoft-Windows-TerminalServices-RemoteConnectionManager","Guid":"C76BAA63-AE81-421C-B425-340B4B24157F"}},"EventID":261,"Version":0,"Level":4,"Task":0,"Opcode":0,"Keywords":"0x1000000000000000","TimeCreated":{"#attributes":{"SystemTime":"2021-06-02T19:47:24.913720Z"}},"EventRecordID":418181,"Correlation":{"#attributes":{"ActivityID":"F420F897-EE43-46C2-A274-A2E9C9C60000"}},"Execution":{"#attributes":{"ProcessID":856,"ThreadID":1632}},"Channel":"Microsoft-Windows-TerminalServices-RemoteConnectionManager/Operational","Computer":"IPSERVER","Security":{"#attributes":{"UserID":"S-1-5-20"}}},"UserData":{"EventXML":{"#attributes":{"xmlns":"Event_NS"},"listenerName":"RDP-Tcp"}}}}
{"Event":{"#attributes":{"xmlns":"http://schemas.microsoft.com/win/2004/08/events/event"},"System":{"Provider":{"#attributes":{"Name":"Microsoft-Windows-TerminalServices-RemoteConnectionManager","Guid":"C76BAA63-AE81-421C-B425-340B4B24157F"}},"EventID":261,"Version":0,"Level":4,"Task":0,"Opcode":0,"Keywords":"0x1000000000000000","TimeCreated":{"#attributes":{"SystemTime":"2021-06-02T19:47:24.931710Z"}},"EventRecordID":418182,"Correlation":{"#attributes":{"ActivityID":"F42084BF-8005-48D3-A444-D6BDC4BE0000"}},"Execution":{"#attributes":{"ProcessID":856,"ThreadID":1632}},"Channel":"Microsoft-Windows-TerminalServices-RemoteConnectionManager/Operational","Computer":"IPSERVER","Security":{"#attributes":{"UserID":"S-1-5-20"}}},"UserData":{"EventXML":{"#attributes":{"xmlns":"Event_NS"},"listenerName":"RDP-Tcp"}}}}
{"Event":{"#attributes":{"xmlns":"http://schemas.microsoft.com/win/2004/08/events/event"},"System":{"Provider":{"#attributes":{"Name":"Microsoft-Windows-TerminalServices-RemoteConnectionManager","Guid":"C76BAA63-AE81-421C-B425-340B4B24157F"}},"EventID":261,"Version":0,"Level":4,"Task":0,"Opcode":0,"Keywords":"0x1000000000000000","TimeCreated":{"#attributes":{"SystemTime":"2021-06-02T19:47:25.364096Z"}},"EventRecordID":418183,"Correlation":{"#attributes":{"ActivityID":"F420A9EB-36FB-4027-BE69-4B7F1DC20000"}},"Execution":{"#attributes":{"ProcessID":856,"ThreadID":1632}},"Channel":"Microsoft-Windows-TerminalServices-RemoteConnectionManager/Operational","Computer":"IPSERVER","Security":{"#attributes":{"UserID":"S-1-5-20"}}},"UserData":{"EventXML":{"#attributes":{"xmlns":"Event_NS"},"listenerName":"RDP-Tcp"}}}}
{"Event":{"#attributes":{"xmlns":"http://schemas.microsoft.com/win/2004/08/events/event"},"System":{"Provider":{"#attributes":{"Name":"Microsoft-Windows-TerminalServices-RemoteConnectionManager","Guid":"C76BAA63-AE81-421C-B425-340B4B24157F"}},"EventID":261,"Version":0,"Level":4,"Task":0,"Opcode":0,"Keywords":"0x1000000000000000","TimeCreated":{"#attributes":{"SystemTime":"2021-06-02T19:47:26.208502Z"}},"EventRecordID":418184,"Correlation":{"#attributes":{"ActivityID":"F4203173-4B75-454D-9EB9-033109BC0000"}},"Execution":{"#attributes":{"ProcessID":856,"ThreadID":1632}},"Channel":"Microsoft-Windows-TerminalServices-RemoteConnectionManager/Operational","Computer":"IPSERVER","Security":{"#attributes":{"UserID":"S-1-5-20"}}},"UserData":{"EventXML":{"#attributes":{"xmlns":"Event_NS"},"listenerName":"RDP-Tcp"}}}}
{"Event":{"#attributes":{"xmlns":"http://schemas.microsoft.com/win/2004/08/events/event"},"System":{"Provider":{"#attributes":{"Name":"Microsoft-Windows-TerminalServices-RemoteConnectionManager","Guid":"C76BAA63-AE81-421C-B425-340B4B24157F"}},"EventID":261,"Version":0,"Level":4,"Task":0,"Opcode":0,"Keywords":"0x1000000000000000","TimeCreated":{"#attributes":{"SystemTime":"2021-06-02T19:47:29.501499Z"}},"EventRecordID":418185,"Correlation":{"#attributes":{"ActivityID":"F420F77D-3F11-4F13-BB04-720C69840000"}},"Execution":{"#attributes":{"ProcessID":856,"ThreadID":1632}},"Channel":"Microsoft-Windows-TerminalServices-RemoteConnectionManager/Operational","Computer":"IPSERVER","Security":{"#attributes":{"UserID":"S-1-5-20"}}},"UserData":{"EventXML":{"#attributes":{"xmlns":"Event_NS"},"listenerName":"RDP-Tcp"}}}}
{"Event":{"#attributes":{"xmlns":"http://schemas.microsoft.com/win/2004/08/events/event"},"System":{"Provider":{"#attributes":{"Name":"Microsoft-Windows-TerminalServices-RemoteConnectionManager","Guid":"C76BAA63-AE81-421C-B425-340B4B24157F"}},"EventID":261,"Version":0,"Level":4,"Task":0,"Opcode":0,"Keywords":"0x1000000000000000","TimeCreated":{"#attributes":{"SystemTime":"2021-06-02T19:47:29.645816Z"}},"EventRecordID":418186,"Correlation":{"#attributes":{"ActivityID":"F420127A-46B5-4BDB-9C2D-708E27B70000"}},"Execution":{"#attributes":{"ProcessID":856,"ThreadID":1632}},"Channel":"Microsoft-Windows-TerminalServices-RemoteConnectionManager/Operational","Computer":"IPSERVER","Security":{"#attributes":{"UserID":"S-1-5-20"}}},"UserData":{"EventXML":{"#attributes":{"xmlns":"Event_NS"},"listenerName":"RDP-Tcp"}}}}
{"Event":{"#attributes":{"xmlns":"http://schemas.microsoft.com/win/2004/08/events/event"},"System":{"Provider":{"#attributes":{"Name":"Microsoft-Windows-TerminalServices-RemoteConnectionManager","Guid":"C76BAA63-AE81-421C-B425-340B4B24157F"}},"EventID":261,"Version":0,"Level":4,"Task":0,"Opcode":0,"Keywords":"0x1000000000000000","TimeCreated":{"#attributes":{"SystemTime":"2021-06-02T19:47:35.657297Z"}},"EventRecordID":418187,"Correlation":{"#attributes":{"ActivityID":"F420B4A4-C4EB-41E1-9139-6508850B0000"}},"Execution":{"#attributes":{"ProcessID":856,"ThreadID":1632}},"Channel":"Microsoft-Windows-TerminalServices-RemoteConnectionManager/Operational","Computer":"IPSERVER","Security":{"#attributes":{"UserID":"S-1-5-20"}}},"UserData":{"EventXML":{"#attributes":{"xmlns":"Event_NS"},"listenerName":"RDP-Tcp"}}}}
{"Event":{"#attributes":{"xmlns":"http://schemas.microsoft.com/win/2004/08/events/event"},"System":{"Provider":{"#attributes":{"Name":"Microsoft-Windows-TerminalServices-RemoteConnectionManager","Guid":"C76BAA63-AE81-421C-B425-340B4B24157F"}},"EventID":261,"Version":0,"Level":4,"Task":0,"Opcode":0,"Keywords":"0x1000000000000000","TimeCreated":{"#attributes":{"SystemTime":"2021-06-02T19:47:39.063901Z"}},"EventRecordID":418188,"Correlation":{"#attributes":{"ActivityID":"F420C343-E98A-43DC-8461-DB0C950F0000"}},"Execution":{"#attributes":{"ProcessID":856,"ThreadID":1632}},"Channel":"Microsoft-Windows-TerminalServices-RemoteConnectionManager/Operational","Computer":"IPSERVER","Security":{"#attributes":{"UserID":"S-1-5-20"}}},"UserData":{"EventXML":{"#attributes":{"xmlns":"Event_NS"},"listenerName":"RDP-Tcp"}}}}
{"Event":{"#attributes":{"xmlns":"http://schemas.microsoft.com/win/2004/08/events/event"},"System":{"Provider":{"#attributes":{"Name":"Microsoft-Windows-TerminalServices-RemoteConnectionManager","Guid":"C76BAA63-AE81-421C-B425-340B4B24157F"}},"EventID":261,"Version":0,"Level":4,"Task":0,"Opcode":0,"Keywords":"0x1000000000000000","TimeCreated":{"#attributes":{"SystemTime":"2021-06-02T19:47:44.531610Z"}},"EventRecordID":418189,"Correlation":{"#attributes":{"ActivityID":"F420817B-59D9-4E03-9632-7C0394AC0000"}},"Execution":{"#attributes":{"ProcessID":856,"ThreadID":1632}},"Channel":"Microsoft-Windows-TerminalServices-RemoteConnectionManager/Operational","Computer":"IPSERVER","Security":{"#attributes":{"UserID":"S-1-5-20"}}},"UserData":{"EventXML":{"#attributes":{"xmlns":"Event_NS"},"listenerName":"RDP-Tcp"}}}}
{"Event":{"#attributes":{"xmlns":"http://schemas.microsoft.com/win/2004/08/events/event"},"System":{"Provider":{"#attributes":{"Name":"Microsoft-Windows-TerminalServices-RemoteConnectionManager","Guid":"C76BAA63-AE81-421C-B425-340B4B24157F"}},"EventID":261,"Version":0,"Level":4,"Task":0,"Opcode":0,"Keywords":"0x1000000000000000","TimeCreated":{"#attributes":{"SystemTime":"2021-06-02T19:47:45.573274Z"}},"EventRecordID":418190,"Correlation":{"#attributes":{"ActivityID":"F420F34D-93D1-4A56-91EF-840B00C50000"}},"Execution":{"#attributes":{"ProcessID":856,"ThreadID":1632}},"Channel":"Microsoft-Windows-TerminalServices-RemoteConnectionManager/Operational","Computer":"IPSERVER","Security":{"#attributes":{"UserID":"S-1-5-20"}}},"UserData":{"EventXML":{"#attributes":{"xmlns":"Event_NS"},"listenerName":"RDP-Tcp"}}}}
{"Event":{"#attributes":{"xmlns":"http://schemas.microsoft.com/win/2004/08/events/event"},"System":{"Provider":{"#attributes":{"Name":"Microsoft-Windows-TerminalServices-RemoteConnectionManager","Guid":"C76BAA63-AE81-421C-B425-340B4B24157F"}},"EventID":261,"Version":0,"Level":4,"Task":0,"Opcode":0,"Keywords":"0x1000000000000000","TimeCreated":{"#attributes":{"SystemTime":"2021-06-02T19:47:49.468821Z"}},"EventRecordID":418191,"Correlation":{"#attributes":{"ActivityID":"F4205CC9-9A26-4B9F-853E-DBE6F15E0000"}},"Execution":{"#attributes":{"ProcessID":856,"ThreadID":1632}},"Channel":"Microsoft-Windows-TerminalServices-RemoteConnectionManager/Operational","Computer":"IPSERVER","Security":{"#attributes":{"UserID":"S-1-5-20"}}},"UserData":{"EventXML":{"#attributes":{"xmlns":"Event_NS"},"listenerName":"RDP-Tcp"}}}}
{"Event":{"#attributes":{"xmlns":"http://schemas.microsoft.com/win/2004/08/events/event"},"System":{"Provider":{"#attributes":{"Name":"Microsoft-Windows-TerminalServices-RemoteConnectionManager","Guid":"C76BAA63-AE81-421C-B425-340B4B24157F"}},"EventID":261,"Version":0,"Level":4,"Task":0,"Opcode":0,"Keywords":"0x1000000000000000","TimeCreated":{"#attributes":{"SystemTime":"2021-06-02T19:48:02.913156Z"}},"EventRecordID":418192,"Correlation":{"#attributes":{"ActivityID":"F420BB31-1771-45EE-A7CF-5B018D2C0000"}},"Execution":{"#attributes":{"ProcessID":856,"ThreadID":1632}},"Channel":"Microsoft-Windows-TerminalServices-RemoteConnectionManager/Operational","Computer":"IPSERVER","Security":{"#attributes":{"UserID":"S-1-5-20"}}},"UserData":{"EventXML":{"#attributes":{"xmlns":"Event_NS"},"listenerName":"RDP-Tcp"}}}}
{"Event":{"#attributes":{"xmlns":"http://schemas.microsoft.com/win/2004/08/events/event"},"System":{"Provider":{"#attributes":{"Name":"Microsoft-Windows-TerminalServices-RemoteConnectionManager","Guid":"C76BAA63-AE81-421C-B425-340B4B24157F"}},"EventID":261,"Version":0,"Level":4,"Task":0,"Opcode":0,"Keywords":"0x1000000000000000","TimeCreated":{"#attributes":{"SystemTime":"2021-06-02T19:48:04.129964Z"}},"EventRecordID":418193,"Correlation":{"#attributes":{"ActivityID":"F4201E63-6F43-4CAE-A9E3-6B0093D50000"}},"Execution":{"#attributes":{"ProcessID":856,"ThreadID":1632}},"Channel":"Microsoft-Windows-TerminalServices-RemoteConnectionManager/Operational","Computer":"IPSERVER","Security":{"#attributes":{"UserID":"S-1-5-20"}}},"UserData":{"EventXML":{"#attributes":{"xmlns":"Event_NS"},"listenerName":"RDP-Tcp"}}}}
{"Event":{"#attributes":{"xmlns":"http://schemas.microsoft.com/win/2004/08/events/event"},"System":{"Provider":{"#attributes":{"Name":"Microsoft-Windows-TerminalServices-RemoteConnectionManager","Guid":"C76BAA63-AE81-421C-B425-340B4B24157F"}},"EventID":261,"Version":0,"Level":4,"Task":0,"Opcode":0,"Keywords":"0x1000000000000000","TimeCreated":{"#attributes":{"SystemTime":"2021-06-02T19:48:06.128029Z"}},"EventRecordID":418194,"Correlation":{"#attributes":{"ActivityID":"F420A462-92FE-477B-9DB0-41E7E42D0000"}},"Execution":{"#attributes":{"ProcessID":856,"ThreadID":1632}},"Channel":"Microsoft-Windows-TerminalServices-RemoteConnectionManager/Operational","Computer":"IPSERVER","Security":{"#attributes":{"UserID":"S-1-5-20"}}},"UserData":{"EventXML":{"#attributes":{"xmlns":"Event_NS"},"listenerName":"RDP-Tcp"}}}}
{"Event":{"#attributes":{"xmlns":"http://schemas.microsoft.com/win/2004/08/events/event"},"System":{"Provider":{"#attributes":{"Name":"Microsoft-Windows-TerminalServices-RemoteConnectionManager","Guid":"C76BAA63-AE81-421C-B425-340B4B24157F"}},"EventID":261,"Version":0,"Level":4,"Task":0,"Opcode":0,"Keywords":"0x1000000000000000","TimeCreated":{"#attributes":{"SystemTime":"2021-06-02T19:48:08.671346Z"}},"EventRecordID":418195,"Correlation":{"#attributes":{"ActivityID":"F4201ADC-ABEF-4989-A9CF-D2941EA80000"}},"Execution":{"#attributes":{"ProcessID":856,"ThreadID":1632}},"Channel":"Microsoft-Windows-TerminalServices-RemoteConnectionManager/Operational","Computer":"IPSERVER","Security":{"#attributes":{"UserID":"S-1-5-20"}}},"UserData":{"EventXML":{"#attributes":{"xmlns":"Event_NS"},"listenerName":"RDP-Tcp"}}}}
{"Event":{"#attributes":{"xmlns":"http://schemas.microsoft.com/win/2004/08/events/event"},"System":{"Provider":{"#attributes":{"Name":"Microsoft-Windows-TerminalServices-RemoteConnectionManager","Guid":"C76BAA63-AE81-421C-B425-340B4B24157F"}},"EventID":261,"Version":0,"Level":4,"Task":0,"Opcode":0,"Keywords":"0x1000000000000000","TimeCreated":{"#attributes":{"SystemTime":"2021-06-02T19:48:15.306628Z"}},"EventRecordID":418196,"Correlation":{"#attributes":{"ActivityID":"F420CFED-4B22-487E-875B-BAF953650000"}},"Execution":{"#attributes":{"ProcessID":856,"ThreadID":1632}},"Channel":"Microsoft-Windows-TerminalServices-RemoteConnectionManager/Operational","Computer":"IPSERVER","Security":{"#attributes":{"UserID":"S-1-5-20"}}},"UserData":{"EventXML":{"#attributes":{"xmlns":"Event_NS"},"listenerName":"RDP-Tcp"}}}}
{"Event":{"#attributes":{"xmlns":"http://schemas.microsoft.com/win/2004/08/events/event"},"System":{"Provider":{"#attributes":{"Name":"Microsoft-Windows-TerminalServices-RemoteConnectionManager","Guid":"C76BAA63-AE81-421C-B425-340B4B24157F"}},"EventID":261,"Version":0,"Level":4,"Task":0,"Opcode":0,"Keywords":"0x1000000000000000","TimeCreated":{"#attributes":{"SystemTime":"2021-06-02T19:48:18.549035Z"}},"EventRecordID":418197,"Correlation":{"#attributes":{"ActivityID":"F42052C8-7932-4A4F-BDD0-F6E321590000"}},"Execution":{"#attributes":{"ProcessID":856,"ThreadID":1632}},"Channel":"Microsoft-Windows-TerminalServices-RemoteConnectionManager/Operational","Computer":"IPSERVER","Security":{"#attributes":{"UserID":"S-1-5-20"}}},"UserData":{"EventXML":{"#attributes":{"xmlns":"Event_NS"},"listenerName":"RDP-Tcp"}}}}
{"Event":{"#attributes":{"xmlns":"http://schemas.microsoft.com/win/2004/08/events/event"},"System":{"Provider":{"#attributes":{"Name":"Microsoft-Windows-TerminalServices-RemoteConnectionManager","Guid":"C76BAA63-AE81-421C-B425-340B4B24157F"}},"EventID":261,"Version":0,"Level":4,"Task":0,"Opcode":0,"Keywords":"0x1000000000000000","TimeCreated":{"#attributes":{"SystemTime":"2021-06-02T19:48:20.373597Z"}},"EventRecordID":418198,"Correlation":{"#attributes":{"ActivityID":"F420F3FD-B810-4DB7-A4AA-D44DF5EA0000"}},"Execution":{"#attributes":{"ProcessID":856,"ThreadID":1632}},"Channel":"Microsoft-Windows-TerminalServices-RemoteConnectionManager/Operational","Computer":"IPSERVER","Security":{"#attributes":{"UserID":"S-1-5-20"}}},"UserData":{"EventXML":{"#attributes":{"xmlns":"Event_NS"},"listenerName":"RDP-Tcp"}}}}
{"Event":{"#attributes":{"xmlns":"http://schemas.microsoft.com/win/2004/08/events/event"},"System":{"Provider":{"#attributes":{"Name":"Microsoft-Windows-TerminalServices-RemoteConnectionManager","Guid":"C76BAA63-AE81-421C-B425-340B4B24157F"}},"EventID":261,"Version":0,"Level":4,"Task":0,"Opcode":0,"Keywords":"0x1000000000000000","TimeCreated":{"#attributes":{"SystemTime":"2021-06-02T19:48:25.440596Z"}},"EventRecordID":418199,"Correlation":{"#attributes":{"ActivityID":"F420FACF-585D-4C87-8A0A-E577A5980000"}},"Execution":{"#attributes":{"ProcessID":856,"ThreadID":1632}},"Channel":"Microsoft-Windows-TerminalServices-RemoteConnectionManager/Operational","Computer":"IPSERVER","Security":{"#attributes":{"UserID":"S-1-5-20"}}},"UserData":{"EventXML":{"#attributes":{"xmlns":"Event_NS"},"listenerName":"RDP-Tcp"}}}}
{"Event":{"#attributes":{"xmlns":"http://schemas.microsoft.com/win/2004/08/events/event"},"System":{"Provider":{"#attributes":{"Name":"Microsoft-Windows-TerminalServices-RemoteConnectionManager","Guid":"C76BAA63-AE81-421C-B425-340B4B24157F"}},"EventID":261,"Version":0,"Level":4,"Task":0,"Opcode":0,"Keywords":"0x1000000000000000","TimeCreated":{"#attributes":{"SystemTime":"2021-06-02T19:48:26.612325Z"}},"EventRecordID":418200,"Correlation":{"#attributes":{"ActivityID":"F420EBE5-B291-46E7-9209-35ECEBF10000"}},"Execution":{"#attributes":{"ProcessID":856,"ThreadID":1632}},"Channel":"Microsoft-Windows-TerminalServices-RemoteConnectionManager/Operational","Computer":"IPSERVER","Security":{"#attributes":{"UserID":"S-1-5-20"}}},"UserData":{"EventXML":{"#attributes":{"xmlns":"Event_NS"},"listenerName":"RDP-Tcp"}}}}
{"Event":{"#attributes":{"xmlns":"http://schemas.microsoft.com/win/2004/08/events/event"},"System":{"Provider":{"#attributes":{"Name":"Microsoft-Windows-TerminalServices-RemoteConnectionManager","Guid":"C76BAA63-AE81-421C-B425-340B4B24157F"}},"EventID":261,"Version":0,"Level":4,"Task":0,"Opcode":0,"Keywords":"0x1000000000000000","TimeCreated":{"#attributes":{"SystemTime":"2021-06-02T19:48:27.929052Z"}},"EventRecordID":418201,"Correlation":{"#attributes":{"ActivityID":"F4204DC2-A8F5-462C-93EC-650732430000"}},"Execution":{"#attributes":{"ProcessID":856,"ThreadID":1632}},"Channel":"Microsoft-Windows-TerminalServices-RemoteConnectionManager/Operational","Computer":"IPSERVER","Security":{"#attributes":{"UserID":"S-1-5-20"}}},"UserData":{"EventXML":{"#attributes":{"xmlns":"Event_NS"},"listenerName":"RDP-Tcp"}}}}
{"Event":{"#attributes":{"xmlns":"http://schemas.microsoft.com/win/2004/08/events/event"},"System":{"Provider":{"#attributes":{"Name":"Microsoft-Windows-TerminalServices-RemoteConnectionManager","Guid":"C76BAA63-AE81-421C-B425-340B4B24157F"}},"EventID":261,"Version":0,"Level":4,"Task":0,"Opcode":0,"Keywords":"0x1000000000000000","TimeCreated":{"#attributes":{"SystemTime":"2021-06-02T19:48:31.156038Z"}},"EventRecordID":418202,"Correlation":{"#attributes":{"ActivityID":"F4203C0E-3AC4-486A-8EAE-97FF66140000"}},"Execution":{"#attributes":{"ProcessID":856,"ThreadID":1632}},"Channel":"Microsoft-Windows-TerminalServices-RemoteConnectionManager/Operational","Computer":"IPSERVER","Security":{"#attributes":{"UserID":"S-1-5-20"}}},"UserData":{"EventXML":{"#attributes":{"xmlns":"Event_NS"},"listenerName":"RDP-Tcp"}}}}
{"Event":{"#attributes":{"xmlns":"http://schemas.microsoft.com/win/2004/08/events/event"},"System":{"Provider":{"#attributes":{"Name":"Microsoft-Windows-TerminalServices-RemoteConnectionManager","Guid":"C76BAA63-AE81-421C-B425-340B4B24157F"}},"EventID":261,"Version":0,"Level":4,"Task":0,"Opcode":0,"Keywords":"0x1000000000000000","TimeCreated":{"#attributes":{"SystemTime":"2021-06-02T19:48:37.163996Z"}},"EventRecordID":418203,"Correlation":{"#attributes":{"ActivityID":"F4202F7A-154D-42C6-83AE-0251AF8C0000"}},"Execution":{"#attributes":{"ProcessID":856,"ThreadID":1632}},"Channel":"Microsoft-Windows-TerminalServices-RemoteConnectionManager/Operational","Computer":"IPSERVER","Security":{"#attributes":{"UserID":"S-1-5-20"}}},"UserData":{"EventXML":{"#attributes":{"xmlns":"Event_NS"},"listenerName":"RDP-Tcp"}}}}
{"Event":{"#attributes":{"xmlns":"http://schemas.microsoft.com/win/2004/08/events/event"},"System":{"Provider":{"#attributes":{"Name":"Microsoft-Windows-TerminalServices-RemoteConnectionManager","Guid":"C76BAA63-AE81-421C-B425-340B4B24157F"}},"EventID":261,"Version":0,"Level":4,"Task":0,"Opcode":0,"Keywords":"0x1000000000000000","TimeCreated":{"#attributes":{"SystemTime":"2021-06-02T19:48:42.004342Z"}},"EventRecordID":418204,"Correlation":{"#attributes":{"ActivityID":"F420BEB3-69E1-45DD-92A1-B7B4758C0000"}},"Execution":{"#attributes":{"ProcessID":856,"ThreadID":1632}},"Channel":"Microsoft-Windows-TerminalServices-RemoteConnectionManager/Operational","Computer":"IPSERVER","Security":{"#attributes":{"UserID":"S-1-5-20"}}},"UserData":{"EventXML":{"#attributes":{"xmlns":"Event_NS"},"listenerName":"RDP-Tcp"}}}}
{"Event":{"#attributes":{"xmlns":"http://schemas.microsoft.com/win/2004/08/events/event"},"System":{"Provider":{"#attributes":{"Name":"Microsoft-Windows-TerminalServices-RemoteConnectionManager","Guid":"C76BAA63-AE81-421C-B425-340B4B24157F"}},"EventID":261,"Version":0,"Level":4,"Task":0,"Opcode":0,"Keywords":"0x1000000000000000","TimeCreated":{"#attributes":{"SystemTime":"2021-06-02T19:48:43.097610Z"}},"EventRecordID":418205,"Correlation":{"#attributes":{"ActivityID":"F4201C68-1346-4E6F-A8D6-B20D84910000"}},"Execution":{"#attributes":{"ProcessID":856,"ThreadID":1632}},"Channel":"Microsoft-Windows-TerminalServices-RemoteConnectionManager/Operational","Computer":"IPSERVER","Security":{"#attributes":{"UserID":"S-1-5-20"}}},"UserData":{"EventXML":{"#attributes":{"xmlns":"Event_NS"},"listenerName":"RDP-Tcp"}}}}
