{"Event":{"#attributes":{"xmlns":"http://schemas.microsoft.com/win/2004/08/events/event"},"System":{"Provider":{"#attributes":{"Name":"Microsoft-Windows-TerminalServices-RemoteConnectionManager","Guid":"C76BAA63-AE81-421C-B425-340B4B24157F"}},"EventID":261,"Version":0,"Level":4,"Task":0,"Opcode":0,"Keywords":"0x1000000000000000","TimeCreated":{"#attributes":{"SystemTime":"2021-06-02T19:27:48.503478Z"}},"EventRecordID":417840,"Correlation":{"#attributes":{"ActivityID":"F4200879-7853-4E81-99F8-2E66C3AB0000"}},"Execution":{"#attributes":{"ProcessID":856,"ThreadID":1632}},"Channel":"Microsoft-Windows-TerminalServices-RemoteConnectionManager/Operational","Computer":"IPSERVER","Security":{"#attributes":{"UserID":"S-1-5-20"}}},"UserData":{"EventXML":{"#attributes":{"xmlns":"Event_NS"},"listenerName":"RDP-Tcp"}}}}
{"Event":{"#attributes":{"xmlns":"http://schemas.microsoft.com/win/2004/08/events/event"},"System":{"Provider":{"#attributes":{"Name":"Microsoft-Windows-TerminalServices-RemoteConnectionManager","Guid":"C76BAA63-AE81-421C-B425-340B4B24157F"}},"EventID":261,"Version":0,"Level":4,"Task":0,"Opcode":0,"Keywords":"0x1000000000000000","TimeCreated":{"#attributes":{"SystemTime":"2021-06-02T19:27:48.785896Z"}},"EventRecordID":417841,"Correlation":{"#attributes":{"ActivityID":"F4205DC3-3D07-4A05-96A0-5BE1D3600000"}},"Execution":{"#attributes":{"ProcessID":856,"ThreadID":1632}},"Channel":"Microsoft-Windows-TerminalServices-RemoteConnectionManager/Operational","Computer":"IPSERVER","Security":{"#attributes":{"UserID":"S-1-5-20"}}},"UserData":{"EventXML":{"#attributes":{"xmlns":"Event_NS"},"listenerName":"RDP-Tcp"}}}}
{"Event":{"#attributes":{"xmlns":"http://schemas.microsoft.com/win/2004/08/events/event"},"System":{"Provider":{"#attributes":{"Name":"Microsoft-Windows-TerminalServices-RemoteConnectionManager","Guid":"C76BAA63-AE81-421C-B425-340B4B24157F"}},"EventID":261,"Version":0,"Level":4,"Task":0,"Opcode":0,"Keywords":"0x1000000000000000","TimeCreated":{"#attributes":{"SystemTime":"2021-06-02T19:27:50.773529Z"}},"EventRecordID":417842,"Correlation":{"#attributes":{"ActivityID":"F4203CC5-115A-4691-B835-ECA485F10000"}},"Execution":{"#attributes":{"ProcessID":856,"ThreadID":1632}},"Channel":"Microsoft-Windows-TerminalServices-RemoteConnectionManager/Operational","Computer":"IPSERVER","Security":{"#attributes":{"UserID":"S-1-5-20"}}},"UserData":{"EventXML":{"#attributes":{"xmlns":"Event_NS"},"listenerName":"RDP-Tcp"}}}}
{"Event":{"#attributes":{"xmlns":"http://schemas.microsoft.com/win/2004/08/events/event"},"System":{"Provider":{"#attributes":{"Name":"Microsoft-Windows-TerminalServices-RemoteConnectionManager","Guid":"C76BAA63-AE81-421C-B425-340B4B24157F"}},"EventID":261,"Version":0,"Level":4,"Task":0,"Opcode":0,"Keywords":"0x1000000000000000","TimeCreated":{"#attributes":{"SystemTime":"2021-06-02T19:28:05.329384Z"}},"EventRecordID":417843,"Correlation":{"#attributes":{"ActivityID":"F4206106-306B-4CA1-8688-E36A76F40000"}},"Execution":{"#attributes":{"ProcessID":856,"ThreadID":1632}},"Channel":"Microsoft-Windows-TerminalServices-RemoteConnectionManager/Operational","Computer":"IPSERVER","Security":{"#attributes":{"UserID":"S-1-5-20"}}},"UserData":{"EventXML":{"#attributes":{"xmlns":"Event_NS"},"listenerName":"RDP-Tcp"}}}}
{"Event":{"#attributes":{"xmlns":"http://schemas.microsoft.com/win/2004/08/events/event"},"System":{"Provider":{"#attributes":{"Name":"Microsoft-Windows-TerminalServices-RemoteConnectionManager","Guid":"C76BAA63-AE81-421C-B425-340B4B24157F"}},"EventID":261,"Version":0,"Level":4,"Task":0,"Opcode":0,"Keywords":"0x1000000000000000","TimeCreated":{"#attributes":{"SystemTime":"2021-06-02T19:28:07.078597Z"}},"EventRecordID":417844,"Correlation":{"#attributes":{"ActivityID":"F420DD9A-D390-44FC-B18E-AA0632C90000"}},"Execution":{"#attributes":{"ProcessID":856,"ThreadID":1632}},"Channel":"Microsoft-Windows-TerminalServices-RemoteConnectionManager/Operational","Computer":"IPSERVER","Security":{"#attributes":{"UserID":"S-1-5-20"}}},"UserData":{"EventXML":{"#attributes":{"xmlns":"Event_NS"},"listenerName":"RDP-Tcp"}}}}
{"Event":{"#attributes":{"xmlns":"http://schemas.microsoft.com/win/2004/08/events/event"},"System":{"Provider":{"#attributes":{"Name":"Microsoft-Windows-TerminalServices-RemoteConnectionManager","Guid":"C76BAA63-AE81-421C-B425-340B4B24157F"}},"EventID":261,"Version":0,"Level":4,"Task":0,"Opcode":0,"Keywords":"0x1000000000000000","TimeCreated":{"#attributes":{"SystemTime":"2021-06-02T19:28:08.914594Z"}},"EventRecordID":417845,"Correlation":{"#attributes":{"ActivityID":"F420FE2F-7585-4FC0-BDA7-67876FEF0000"}},"Execution":{"#attributes":{"ProcessID":856,"ThreadID":1632}},"Channel":"Microsoft-Windows-TerminalServices-RemoteConnectionManager/Operational","Computer":"IPSERVER","Security":{"#attributes":{"UserID":"S-1-5-20"}}},"UserData":{"EventXML":{"#attributes":{"xmlns":"Event_NS"},"listenerName":"RDP-Tcp"}}}}
{"Event":{"#attributes":{"xmlns":"http://schemas.microsoft.com/win/2004/08/events/event"},"System":{"Provider":{"#attributes":{"Name":"Microsoft-Windows-TerminalServices-RemoteConnectionManager","Guid":"C76BAA63-AE81-421C-B425-340B4B24157F"}},"EventID":261,"Version":0,"Level":4,"Task":0,"Opcode":0,"Keywords":"0x1000000000000000","TimeCreated":{"#attributes":{"SystemTime":"2021-06-02T19:28:13.659466Z"}},"EventRecordID":417846,"Correlation":{"#attributes":{"ActivityID":"F4203992-5DFC-4C39-9FED-473A50F40000"}},"Execution":{"#attributes":{"ProcessID":856,"ThreadID":1632}},"Channel":"Microsoft-Windows-TerminalServices-RemoteConnectionManager/Operational","Computer":"IPSERVER","Security":{"#attributes":{"UserID":"S-1-5-20"}}},"UserData":{"EventXML":{"#attributes":{"xmlns":"Event_NS"},"listenerName":"RDP-Tcp"}}}}
{"Event":{"#attributes":{"xmlns":"http://schemas.microsoft.com/win/2004/08/events/event"},"System":{"Provider":{"#attributes":{"Name":"Microsoft-Windows-TerminalServices-RemoteConnectionManager","Guid":"C76BAA63-AE81-421C-B425-340B4B24157F"}},"EventID":261,"Version":0,"Level":4,"Task":0,"Opcode":0,"Keywords":"0x1000000000000000","TimeCreated":{"#attributes":{"SystemTime":"2021-06-02T19:28:16.903702Z"}},"EventRecordID":417847,"Correlation":{"#attributes":{"ActivityID":"F42066CE-A690-4F5A-99DB-2A4768180000"}},"Execution":{"#attributes":{"ProcessID":856,"ThreadID":1632}},"Channel":"Microsoft-Windows-TerminalServices-RemoteConnectionManager/Operational","Computer":"IPSERVER","Security":{"#attributes":{"UserID":"S-1-5-20"}}},"UserData":{"EventXML":{"#attributes":{"xmlns":"Event_NS"},"listenerName":"RDP-Tcp"}}}}
{"Event":{"#attributes":{"xmlns":"http://schemas.microsoft.com/win/2004/08/events/event"},"System":{"Provider":{"#attributes":{"Name":"Microsoft-Windows-TerminalServices-RemoteConnectionManager","Guid":"C76BAA63-AE81-421C-B425-340B4B24157F"}},"EventID":261,"Version":0,"Level":4,"Task":0,"Opcode":0,"Keywords":"0x1000000000000000","TimeCreated":{"#attributes":{"SystemTime":"2021-06-02T19:28:17.808835Z"}},"EventRecordID":417848,"Correlation":{"#attributes":{"ActivityID":"F4203C7E-994A-4CB4-9415-2FBDE44A0000"}},"Execution":{"#attributes":{"ProcessID":856,"ThreadID":1632}},"Channel":"Microsoft-Windows-TerminalServices-RemoteConnectionManager/Operational","Computer":"IPSERVER","Security":{"#attributes":{"UserID":"S-1-5-20"}}},"UserData":{"EventXML":{"#attributes":{"xmlns":"Event_NS"},"listenerName":"RDP-Tcp"}}}}
{"Event":{"#attributes":{"xmlns":"http://schemas.microsoft.com/win/2004/08/events/event"},"System":{"Provider":{"#attributes":{"Name":"Microsoft-Windows-TerminalServices-RemoteConnectionManager","Guid":"C76BAA63-AE81-421C-B425-340B4B24157F"}},"EventID":261,"Version":0,"Level":4,"Task":0,"Opcode":0,"Keywords":"0x1000000000000000","TimeCreated":{"#attributes":{"SystemTime":"2021-06-02T19:28:25.000147Z"}},"EventRecordID":417849,"Correlation":{"#attributes":{"ActivityID":"F4208479-BD82-4E64-8798-3FDFF83B0000"}},"Execution":{"#attributes":{"ProcessID":856,"ThreadID":1632}},"Channel":"Microsoft-Windows-TerminalServices-RemoteConnectionManager/Operational","Computer":"IPSERVER","Security":{"#attributes":{"UserID":"S-1-5-20"}}},"UserData":{"EventXML":{"#attributes":{"xmlns":"Event_NS"},"listenerName":"RDP-Tcp"}}}}
{"Event":{"#attributes":{"xmlns":"http://schemas.microsoft.com/win/2004/08/events/event"},"System":{"Provider":{"#attributes":{"Name":"Microsoft-Windows-TerminalServices-RemoteConnectionManager","Guid":"C76BAA63-AE81-421C-B425-340B4B24157F"}},"EventID":261,"Version":0,"Level":4,"Task":0,"Opcode":0,"Keywords":"0x1000000000000000","TimeCreated":{"#attributes":{"SystemTime":"2021-06-02T19:28:27.158945Z"}},"EventRecordID":417850,"Correlation":{"#attributes":{"ActivityID":"F420987A-96B7-4553-B410-B6E443B40000"}},"Execution":{"#attributes":{"ProcessID":856,"ThreadID":1632}},"Channel":"Microsoft-Windows-TerminalServices-RemoteConnectionManager/Operational","Computer":"IPSERVER","Security":{"#attributes":{"UserID":"S-1-5-20"}}},"UserData":{"EventXML":{"#attributes":{"xmlns":"Event_NS"},"listenerName":"RDP-Tcp"}}}}
{"Event":{"#attributes":{"xmlns":"http://schemas.microsoft.com/win/2004/08/events/event"},"System":{"Provider":{"#attributes":{"Name":"Microsoft-Windows-TerminalServices-RemoteConnectionManager","Guid":"C76BAA63-AE81-421C-B425-340B4B24157F"}},"EventID":261,"Version":0,"Level":4,"Task":0,"Opcode":0,"Keywords":"0x1000000000000000","TimeCreated":{"#attributes":{"SystemTime":"2021-06-02T19:28:28.954919Z"}},"EventRecordID":417851,"Correlation":{"#attributes":{"ActivityID":"F420FFA1-B39C-47A7-A382-27EEC16C0000"}},"Execution":{"#attributes":{"ProcessID":856,"ThreadID":1632}},"Channel":"Microsoft-Windows-TerminalServices-RemoteConnectionManager/Operational","Computer":"IPSERVER","Security":{"#attributes":{"UserID":"S-1-5-20"}}},"UserData":{"EventXML":{"#attributes":{"xmlns":"Event_NS"},"listenerName":"RDP-Tcp"}}}}
{"Event":{"#attributes":{"xmlns":"http://schemas.microsoft.com/win/2004/08/events/event"},"System":{"Provider":{"#attributes":{"Name":"Microsoft-Windows-TerminalServices-RemoteConnectionManager","Guid":"C76BAA63-AE81-421C-B425-340B4B24157F"}},"EventID":261,"Version":0,"Level":4,"Task":0,"Opcode":0,"Keywords":"0x1000000000000000","TimeCreated":{"#attributes":{"SystemTime":"2021-06-02T19:28:29.339941Z"}},"EventRecordID":417852,"Correlation":{"#attributes":{"ActivityID":"F4201B42-56B8-43DD-9400-CB90A7950000"}},"Execution":{"#attributes":{"ProcessID":856,"ThreadID":1632}},"Channel":"Microsoft-Windows-TerminalServices-RemoteConnectionManager/Operational","Computer":"IPSERVER","Security":{"#attributes":{"UserID":"S-1-5-20"}}},"UserData":{"EventXML":{"#attributes":{"xmlns":"Event_NS"},"listenerName":"RDP-Tcp"}}}}
{"Event":{"#attributes":{"xmlns":"http://schemas.microsoft.com/win/2004/08/events/event"},"System":{"Provider":{"#attributes":{"Name":"Microsoft-Windows-TerminalServices-RemoteConnectionManager","Guid":"C76BAA63-AE81-421C-B425-340B4B24157F"}},"EventID":261,"Version":0,"Level":4,"Task":0,"Opcode":0,"Keywords":"0x1000000000000000","TimeCreated":{"#attributes":{"SystemTime":"2021-06-02T19:28:31.545192Z"}},"EventRecordID":417853,"Correlation":{"#attributes":{"ActivityID":"F4207782-7A17-4B2B-984E-A11E581D0000"}},"Execution":{"#attributes":{"ProcessID":856,"ThreadID":1632}},"Channel":"Microsoft-Windows-TerminalServices-RemoteConnectionManager/Operational","Computer":"IPSERVER","Security":{"#attributes":{"UserID":"S-1-5-20"}}},"UserData":{"EventXML":{"#attributes":{"xmlns":"Event_NS"},"listenerName":"RDP-Tcp"}}}}
{"Event":{"#attributes":{"xmlns":"http://schemas.microsoft.com/win/2004/08/events/event"},"System":{"Provider":{"#attributes":{"Name":"Microsoft-Windows-TerminalServices-RemoteConnectionManager","Guid":"C76BAA63-AE81-421C-B425-340B4B24157F"}},"EventID":261,"Version":0,"Level":4,"Task":0,"Opcode":0,"Keywords":"0x1000000000000000","TimeCreated":{"#attributes":{"SystemTime":"2021-06-02T19:28:33.103012Z"}},"EventRecordID":417854,"Correlation":{"#attributes":{"ActivityID":"F4201FF9-2F0A-45B2-BAC3-09A92D140000"}},"Execution":{"#attributes":{"ProcessID":856,"ThreadID":1632}},"Channel":"Microsoft-Windows-TerminalServices-RemoteConnectionManager/Operational","Computer":"IPSERVER","Security":{"#attributes":{"UserID":"S-1-5-20"}}},"UserData":{"EventXML":{"#attributes":{"xmlns":"Event_NS"},"listenerName":"RDP-Tcp"}}}}
{"Event":{"#attributes":{"xmlns":"http://schemas.microsoft.com/win/2004/08/events/event"},"System":{"Provider":{"#attributes":{"Name":"Microsoft-Windows-TerminalServices-RemoteConnectionManager","Guid":"C76BAA63-AE81-421C-B425-340B4B24157F"}},"EventID":261,"Version":0,"Level":4,"Task":0,"Opcode":0,"Keywords":"0x1000000000000000","TimeCreated":{"#attributes":{"SystemTime":"2021-06-02T19:28:35.306135Z"}},"EventRecordID":417855,"Correlation":{"#attributes":{"ActivityID":"F420EEDB-6F90-4086-9955-29DFA2400000"}},"Execution":{"#attributes":{"ProcessID":856,"ThreadID":1632}},"Channel":"Microsoft-Windows-TerminalServices-RemoteConnectionManager/Operational","Computer":"IPSERVER","Security":{"#attributes":{"UserID":"S-1-5-20"}}},"UserData":{"EventXML":{"#attributes":{"xmlns":"Event_NS"},"listenerName":"RDP-Tcp"}}}}
{"Event":{"#attributes":{"xmlns":"http://schemas.microsoft.com/win/2004/08/events/event"},"System":{"Provider":{"#attributes":{"Name":"Microsoft-Windows-TerminalServices-RemoteConnectionManager","Guid":"C76BAA63-AE81-421C-B425-340B4B24157F"}},"EventID":261,"Version":0,"Level":4,"Task":0,"Opcode":0,"Keywords":"0x1000000000000000","TimeCreated":{"#attributes":{"SystemTime":"2021-06-02T19:28:42.675884Z"}},"EventRecordID":417856,"Correlation":{"#attributes":{"ActivityID":"F4206902-264B-480C-B481-A5D48B590000"}},"Execution":{"#attributes":{"ProcessID":856,"ThreadID":1632}},"Channel":"Microsoft-Windows-TerminalServices-RemoteConnectionManager/Operational","Computer":"IPSERVER","Security":{"#attributes":{"UserID":"S-1-5-20"}}},"UserData":{"EventXML":{"#attributes":{"xmlns":"Event_NS"},"listenerName":"RDP-Tcp"}}}}
{"Event":{"#attributes":{"xmlns":"http://schemas.microsoft.com/win/2004/08/events/event"},"System":{"Provider":{"#attributes":{"Name":"Microsoft-Windows-TerminalServices-RemoteConnectionManager","Guid":"C76BAA63-AE81-421C-B425-340B4B24157F"}},"EventID":261,"Version":0,"Level":4,"Task":0,"Opcode":0,"Keywords":"0x1000000000000000","TimeCreated":{"#attributes":{"SystemTime":"2021-06-02T19:28:47.375563Z"}},"EventRecordID":417857,"Correlation":{"#attributes":{"ActivityID":"F42079C7-0C6C-42DA-8CFD-96E9B4280000"}},"Execution":{"#attributes":{"ProcessID":856,"ThreadID":1632}},"Channel":"Microsoft-Windows-TerminalServices-RemoteConnectionManager/Operational","Computer":"IPSERVER","Security":{"#attributes":{"UserID":"S-1-5-20"}}},"UserData":{"EventXML":{"#attributes":{"xmlns":"Event_NS"},"listenerName":"RDP-Tcp"}}}}
{"Event":{"#attributes":{"xmlns":"http://schemas.microsoft.com/win/2004/08/events/event"},"System":{"Provider":{"#attributes":{"Name":"Microsoft-Windows-TerminalServices-RemoteConnectionManager","Guid":"C76BAA63-AE81-421C-B425-340B4B24157F"}},"EventID":261,"Version":0,"Level":4,"Task":0,"Opcode":0,"Keywords":"0x1000000000000000","TimeCreated":{"#attributes":{"SystemTime":"2021-06-02T19:28:55.445588Z"}},"EventRecordID":417858,"Correlation":{"#attributes":{"ActivityID":"F420FE08-1ABA-47B6-86ED-27887ACD0000"}},"Execution":{"#attributes":{"ProcessID":856,"ThreadID":1632}},"Channel":"Microsoft-Windows-TerminalServices-RemoteConnectionManager/Operational","Computer":"IPSERVER","Security":{"#attributes":{"UserID":"S-1-5-20"}}},"UserData":{"EventXML":{"#attributes":{"xmlns":"Event_NS"},"listenerName":"RDP-Tcp"}}}}
{"Event":{"#attributes":{"xmlns":"http://schemas.microsoft.com/win/2004/08/events/event"},"System":{"Provider":{"#attributes":{"Name":"Microsoft-Windows-TerminalServices-RemoteConnectionManager","Guid":"C76BAA63-AE81-421C-B425-340B4B24157F"}},"EventID":261,"Version":0,"Level":4,"Task":0,"Opcode":0,"Keywords":"0x1000000000000000","TimeCreated":{"#attributes":{"SystemTime":"2021-06-02T19:28:58.040570Z"}},"EventRecordID":417859,"Correlation":{"#attributes":{"ActivityID":"F420845C-2FDB-43F1-B1F2-27BF3FAE0000"}},"Execution":{"#attributes":{"ProcessID":856,"ThreadID":1632}},"Channel":"Microsoft-Windows-TerminalServices-RemoteConnectionManager/Operational","Computer":"IPSERVER","Security":{"#attributes":{"UserID":"S-1-5-20"}}},"UserData":{"EventXML":{"#attributes":{"xmlns":"Event_NS"},"listenerName":"RDP-Tcp"}}}}
{"Event":{"#attributes":{"xmlns":"http://schemas.microsoft.com/win/2004/08/events/event"},"System":{"Provider":{"#attributes":{"Name":"Microsoft-Windows-TerminalServices-RemoteConnectionManager","Guid":"C76BAA63-AE81-421C-B425-340B4B24157F"}},"EventID":261,"Version":0,"Level":4,"Task":0,"Opcode":0,"Keywords":"0x1000000000000000","TimeCreated":{"#attributes":{"SystemTime":"2021-06-02T19:29:00.492524Z"}},"EventRecordID":417860,"Correlation":{"#attributes":{"ActivityID":"F420895D-6DD7-4E2E-BA79-24CCE5140000"}},"Execution":{"#attributes":{"ProcessID":856,"ThreadID":1632}},"Channel":"Microsoft-Windows-TerminalServices-RemoteConnectionManager/Operational","Computer":"IPSERVER","Security":{"#attributes":{"UserID":"S-1-5-20"}}},"UserData":{"EventXML":{"#attributes":{"xmlns":"Event_NS"},"listenerName":"RDP-Tcp"}}}}
{"Event":{"#attributes":{"xmlns":"http://schemas.microsoft.com/win/2004/08/events/event"},"System":{"Provider":{"#attributes":{"Name":"Microsoft-Windows-TerminalServices-RemoteConnectionManager","Guid":"C76BAA63-AE81-421C-B425-340B4B24157F"}},"EventID":261,"Version":0,"Level":4,"Task":0,"Opcode":0,"Keywords":"0x1000000000000000","TimeCreated":{"#attributes":{"SystemTime":"2021-06-02T19:29:10.718436Z"}},"EventRecordID":417861,"Correlation":{"#attributes":{"ActivityID":"F420C06E-D6A5-4B28-95B6-0AF2A3120000"}},"Execution":{"#attributes":{"ProcessID":856,"ThreadID":1632}},"Channel":"Microsoft-Windows-TerminalServices-RemoteConnectionManager/Operational","Computer":"IPSERVER","Security":{"#attributes":{"UserID":"S-1-5-20"}}},"UserData":{"EventXML":{"#attributes":{"xmlns":"Event_NS"},"listenerName":"RDP-Tcp"}}}}
{"Event":{"#attributes":{"xmlns":"http://schemas.microsoft.com/win/2004/08/events/event"},"System":{"Provider":{"#attributes":{"Name":"Microsoft-Windows-TerminalServices-RemoteConnectionManager","Guid":"C76BAA63-AE81-421C-B425-340B4B24157F"}},"EventID":261,"Version":0,"Level":4,"Task":0,"Opcode":0,"Keywords":"0x1000000000000000","TimeCreated":{"#attributes":{"SystemTime":"2021-06-02T19:29:19.584134Z"}},"EventRecordID":417862,"Correlation":{"#attributes":{"ActivityID":"F420C20E-8B2B-4698-97EA-64C2912C0000"}},"Execution":{"#attributes":{"ProcessID":856,"ThreadID":1632}},"Channel":"Microsoft-Windows-TerminalServices-RemoteConnectionManager/Operational","Computer":"IPSERVER","Security":{"#attributes":{"UserID":"S-1-5-20"}}},"UserData":{"EventXML":{"#attributes":{"xmlns":"Event_NS"},"listenerName":"RDP-Tcp"}}}}
{"Event":{"#attributes":{"xmlns":"http://schemas.microsoft.com/win/2004/08/events/event"},"System":{"Provider":{"#attributes":{"Name":"Microsoft-Windows-TerminalServices-RemoteConnectionManager","Guid":"C76BAA63-AE81-421C-B425-340B4B24157F"}},"EventID":261,"Version":0,"Level":4,"Task":0,"Opcode":0,"Keywords":"0x1000000000000000","TimeCreated":{"#attributes":{"SystemTime":"2021-06-02T19:29:20.539522Z"}},"EventRecordID":417863,"Correlation":{"#attributes":{"ActivityID":"F420FCD6-2BE7-4E9D-A5B6-FD782B5C0000"}},"Execution":{"#attributes":{"ProcessID":856,"ThreadID":1632}},"Channel":"Microsoft-Windows-TerminalServices-RemoteConnectionManager/Operational","Computer":"IPSERVER","Security":{"#attributes":{"UserID":"S-1-5-20"}}},"UserData":{"EventXML":{"#attributes":{"xmlns":"Event_NS"},"listenerName":"RDP-Tcp"}}}}
{"Event":{"#attributes":{"xmlns":"http://schemas.microsoft.com/win/2004/08/events/event"},"System":{"Provider":{"#attributes":{"Name":"Microsoft-Windows-TerminalServices-RemoteConnectionManager","Guid":"C76BAA63-AE81-421C-B425-340B4B24157F"}},"EventID":261,"Version":0,"Level":4,"Task":0,"Opcode":0,"Keywords":"0x1000000000000000","TimeCreated":{"#attributes":{"SystemTime":"2021-06-02T19:29:21.917603Z"}},"EventRecordID":417864,"Correlation":{"#attributes":{"ActivityID":"F42070BD-DAE1-4F01-9260-B62EA6A00000"}},"Execution":{"#attributes":{"ProcessID":856,"ThreadID":1632}},"Channel":"Microsoft-Windows-TerminalServices-RemoteConnectionManager/Operational","Computer":"IPSERVER","Security":{"#attributes":{"UserID":"S-1-5-20"}}},"UserData":{"EventXML":{"#attributes":{"xmlns":"Event_NS"},"listenerName":"RDP-Tcp"}}}}
{"Event":{"#attributes":{"xmlns":"http://schemas.microsoft.com/win/2004/08/events/event"},"System":{"Provider":{"#attributes":{"Name":"Microsoft-Windows-TerminalServices-RemoteConnectionManager","Guid":"C76BAA63-AE81-421C-B425-340B4B24157F"}},"EventID":261,"Version":0,"Level":4,"Task":0,"Opcode":0,"Keywords":"0x1000000000000000","TimeCreated":{"#attributes":{"SystemTime":"2021-06-02T19:29:24.733158Z"}},"EventRecordID":417865,"Correlation":{"#attributes":{"ActivityID":"F420DCC8-DB58-4145-907C-86EB1CDA0000"}},"Execution":{"#attributes":{"ProcessID":856,"ThreadID":1632}},"Channel":"Microsoft-Windows-TerminalServices-RemoteConnectionManager/Operational","Computer":"IPSERVER","Security":{"#attributes":{"UserID":"S-1-5-20"}}},"UserData":{"EventXML":{"#attributes":{"xmlns":"Event_NS"},"listenerName":"RDP-Tcp"}}}}
{"Event":{"#attributes":{"xmlns":"http://schemas.microsoft.com/win/2004/08/events/event"},"System":{"Provider":{"#attributes":{"Name":"Microsoft-Windows-TerminalServices-RemoteConnectionManager","Guid":"C76BAA63-AE81-421C-B425-340B4B24157F"}},"EventID":261,"Version":0,"Level":4,"Task":0,"Opcode":0,"Keywords":"0x1000000000000000","TimeCreated":{"#attributes":{"SystemTime":"2021-06-02T19:29:24.775984Z"}},"EventRecordID":417866,"Correlation":{"#attributes":{"ActivityID":"F420E929-FDA2-4DAD-A25D-471F1C100000"}},"Execution":{"#attributes":{"ProcessID":856,"ThreadID":1632}},"Channel":"Microsoft-Windows-TerminalServices-RemoteConnectionManager/Operational","Computer":"IPSERVER","Security":{"#attributes":{"UserID":"S-1-5-20"}}},"UserData":{"EventXML":{"#attributes":{"xmlns":"Event_NS"},"listenerName":"RDP-Tcp"}}}}
{"Event":{"#attributes":{"xmlns":"http://schemas.microsoft.com/win/2004/08/events/event"},"System":{"Provider":{"#attributes":{"Name":"Microsoft-Windows-TerminalServices-RemoteConnectionManager","Guid":"C76BAA63-AE81-421C-B425-340B4B24157F"}},"EventID":261,"Version":0,"Level":4,"Task":0,"Opcode":0,"Keywords":"0x1000000000000000","TimeCreated":{"#attributes":{"SystemTime":"2021-06-02T19:29:29.990046Z"}},"EventRecordID":417867,"Correlation":{"#attributes":{"ActivityID":"F4205092-24D9-4116-97C3-632E76D30000"}},"Execution":{"#attributes":{"ProcessID":856,"ThreadID":1632}},"Channel":"Microsoft-Windows-TerminalServices-RemoteConnectionManager/Operational","Computer":"IPSERVER","Security":{"#attributes":{"UserID":"S-1-5-20"}}},"UserData":{"EventXML":{"#attributes":{"xmlns":"Event_NS"},"listenerName":"RDP-Tcp"}}}}
{"Event":{"#attributes":{"xmlns":"http://schemas.microsoft.com/win/2004/08/events/event"},"System":{"Provider":{"#attributes":{"Name":"Microsoft-Windows-TerminalServices-RemoteConnectionManager","Guid":"C76BAA63-AE81-421C-B425-340B4B24157F"}},"EventID":261,"Version":0,"Level":4,"Task":0,"Opcode":0,"Keywords":"0x1000000000000000","TimeCreated":{"#attributes":{"SystemTime":"2021-06-02T19:29:33.935282Z"}},"EventRecordID":417868,"Correlation":{"#attributes":{"ActivityID":"F4206BF2-8FF0-41CB-B27C-E9184DCA0000"}},"Execution":{"#attributes":{"ProcessID":856,"ThreadID":1632}},"Channel":"Microsoft-Windows-TerminalServices-RemoteConnectionManager/Operational","Computer":"IPSERVER","Security":{"#attributes":{"UserID":"S-1-5-20"}}},"UserData":{"EventXML":{"#attributes":{"xmlns":"Event_NS"},"listenerName":"RDP-Tcp"}}}}
{"Event":{"#attributes":{"xmlns":"http://schemas.microsoft.com/win/2004/08/events/event"},"System":{"Provider":{"#attributes":{"Name":"Microsoft-Windows-TerminalServices-RemoteConnectionManager","Guid":"C76BAA63-AE81-421C-B425-340B4B24157F"}},"EventID":261,"Version":0,"Level":4,"Task":0,"Opcode":0,"Keywords":"0x1000000000000000","TimeCreated":{"#attributes":{"SystemTime":"2021-06-02T19:29:34.826996Z"}},"EventRecordID":417869,"Correlation":{"#attributes":{"ActivityID":"F4204C7F-BFF5-4E93-A929-598D36120000"}},"Execution":{"#attributes":{"ProcessID":856,"ThreadID":1632}},"Channel":"Microsoft-Windows-TerminalServices-RemoteConnectionManager/Operational","Computer":"IPSERVER","Security":{"#attributes":{"UserID":"S-1-5-20"}}},"UserData":{"EventXML":{"#attributes":{"xmlns":"Event_NS"},"listenerName":"RDP-Tcp"}}}}
{"Event":{"#attributes":{"xmlns":"http://schemas.microsoft.com/win/2004/08/events/event"},"System":{"Provider":{"#attributes":{"Name":"Microsoft-Windows-TerminalServices-RemoteConnectionManager","Guid":"C76BAA63-AE81-421C-B425-340B4B24157F"}},"EventID":261,"Version":0,"Level":4,"Task":0,"Opcode":0,"Keywords":"0x1000000000000000","TimeCreated":{"#attributes":{"SystemTime":"2021-06-02T19:29:38.285853Z"}},"EventRecordID":417870,"Correlation":{"#attributes":{"ActivityID":"F4204044-7D2F-45C1-87F4-9DFA6F7D0000"}},"Execution":{"#attributes":{"ProcessID":856,"ThreadID":1632}},"Channel":"Microsoft-Windows-TerminalServices-RemoteConnectionManager/Operational","Computer":"IPSERVER","Security":{"#attributes":{"UserID":"S-1-5-20"}}},"UserData":{"EventXML":{"#attributes":{"xmlns":"Event_NS"},"listenerName":"RDP-Tcp"}}}}
{"Event":{"#attributes":{"xmlns":"http://schemas.microsoft.com/win/2004/08/events/event"},"System":{"Provider":{"#attributes":{"Name":"Microsoft-Windows-TerminalServices-RemoteConnectionManager","Guid":"C76BAA63-AE81-421C-B425-340B4B24157F"}},"EventID":261,"Version":0,"Level":4,"Task":0,"Opcode":0,"Keywords":"0x1000000000000000","TimeCreated":{"#attributes":{"SystemTime":"2021-06-02T19:29:45.577771Z"}},"EventRecordID":417871,"Correlation":{"#attributes":{"ActivityID":"F420DCDA-1A7B-426C-917F-59A5DA550000"}},"Execution":{"#attributes":{"ProcessID":856,"ThreadID":1632}},"Channel":"Microsoft-Windows-TerminalServices-RemoteConnectionManager/Operational","Computer":"IPSERVER","Security":{"#attributes":{"UserID":"S-1-5-20"}}},"UserData":{"EventXML":{"#attributes":{"xmlns":"Event_NS"},"listenerName":"RDP-Tcp"}}}}
{"Event":{"#attributes":{"xmlns":"http://schemas.microsoft.com/win/2004/08/events/event"},"System":{"Provider":{"#attributes":{"Name":"Microsoft-Windows-TerminalServices-RemoteConnectionManager","Guid":"C76BAA63-AE81-421C-B425-340B4B24157F"}},"EventID":261,"Version":0,"Level":4,"Task":0,"Opcode":0,"Keywords":"0x1000000000000000","TimeCreated":{"#attributes":{"SystemTime":"2021-06-02T19:29:47.988227Z"}},"EventRecordID":417872,"Correlation":{"#attributes":{"ActivityID":"F42028BF-7E15-477E-880E-A9212A350000"}},"Execution":{"#attributes":{"ProcessID":856,"ThreadID":1632}},"Channel":"Microsoft-Windows-TerminalServices-RemoteConnectionManager/Operational","Computer":"IPSERVER","Security":{"#attributes":{"UserID":"S-1-5-20"}}},"UserData":{"EventXML":{"#attributes":{"xmlns":"Event_NS"},"listenerName":"RDP-Tcp"}}}}
{"Event":{"#attributes":{"xmlns":"http://schemas.microsoft.com/win/2004/08/events/event"},"System":{"Provider":{"#attributes":{"Name":"Microsoft-Windows-TerminalServices-RemoteConnectionManager","Guid":"C76BAA63-AE81-421C-B425-340B4B24157F"}},"EventID":261,"Version":0,"Level":4,"Task":0,"Opcode":0,"Keywords":"0x1000000000000000","TimeCreated":{"#attributes":{"SystemTime":"2021-06-02T19:29:49.307629Z"}},"EventRecordID":417873,"Correlation":{"#attributes":{"ActivityID":"F4208AF7-99DA-439A-AAE1-850B47B10000"}},"Execution":{"#attributes":{"ProcessID":856,"ThreadID":1632}},"Channel":"Microsoft-Windows-TerminalServices-RemoteConnectionManager/Operational","Computer":"IPSERVER","Security":{"#attributes":{"UserID":"S-1-5-20"}}},"UserData":{"EventXML":{"#attributes":{"xmlns":"Event_NS"},"listenerName":"RDP-Tcp"}}}}
{"Event":{"#attributes":{"xmlns":"http://schemas.microsoft.com/win/2004/08/events/event"},"System":{"Provider":{"#attributes":{"Name":"Microsoft-Windows-TerminalServices-RemoteConnectionManager","Guid":"C76BAA63-AE81-421C-B425-340B4B24157F"}},"EventID":261,"Version":0,"Level":4,"Task":0,"Opcode":0,"Keywords":"0x1000000000000000","TimeCreated":{"#attributes":{"SystemTime":"2021-06-02T19:29:53.221534Z"}},"EventRecordID":417874,"Correlation":{"#attributes":{"ActivityID":"F4203297-B2D6-480A-81BA-55F2408B0000"}},"Execution":{"#attributes":{"ProcessID":856,"ThreadID":1632}},"Channel":"Microsoft-Windows-TerminalServices-RemoteConnectionManager/Operational","Computer":"IPSERVER","Security":{"#attributes":{"UserID":"S-1-5-20"}}},"UserData":{"EventXML":{"#attributes":{"xmlns":"Event_NS"},"listenerName":"RDP-Tcp"}}}}
{"Event":{"#attributes":{"xmlns":"http://schemas.microsoft.com/win/2004/08/events/event"},"System":{"Provider":{"#attributes":{"Name":"Microsoft-Windows-TerminalServices-RemoteConnectionManager","Guid":"C76BAA63-AE81-421C-B425-340B4B24157F"}},"EventID":261,"Version":0,"Level":4,"Task":0,"Opcode":0,"Keywords":"0x1000000000000000","TimeCreated":{"#attributes":{"SystemTime":"2021-06-02T19:30:00.235475Z"}},"EventRecordID":417875,"Correlation":{"#attributes":{"ActivityID":"F4200FF6-416C-45F5-8035-8048B07D0000"}},"Execution":{"#attributes":{"ProcessID":856,"ThreadID":1632}},"Channel":"Microsoft-Windows-TerminalServices-RemoteConnectionManager/Operational","Computer":"IPSERVER","Security":{"#attributes":{"UserID":"S-1-5-20"}}},"UserData":{"EventXML":{"#attributes":{"xmlns":"Event_NS"},"listenerName":"RDP-Tcp"}}}}
{"Event":{"#attributes":{"xmlns":"http://schemas.microsoft.com/win/2004/08/events/event"},"System":{"Provider":{"#attributes":{"Name":"Microsoft-Windows-TerminalServices-RemoteConnectionManager","Guid":"C76BAA63-AE81-421C-B425-340B4B24157F"}},"EventID":261,"Version":0,"Level":4,"Task":0,"Opcode":0,"Keywords":"0x1000000000000000","TimeCreated":{"#attributes":{"SystemTime":"2021-06-02T19:30:00.399614Z"}},"EventRecordID":417876,"Correlation":{"#attributes":{"ActivityID":"F420863D-B6B0-45AA-AC1E-1AD84EB80000"}},"Execution":{"#attributes":{"ProcessID":856,"ThreadID":1632}},"Channel":"Microsoft-Windows-TerminalServices-RemoteConnectionManager/Operational","Computer":"IPSERVER","Security":{"#attributes":{"UserID":"S-1-5-20"}}},"UserData":{"EventXML":{"#attributes":{"xmlns":"Event_NS"},"listenerName":"RDP-Tcp"}}}}
{"Event":{"#attributes":{"xmlns":"http://schemas.microsoft.com/win/2004/08/events/event"},"System":{"Provider":{"#attributes":{"Name":"Microsoft-Windows-TerminalServices-RemoteConnectionManager","Guid":"C76BAA63-AE81-421C-B425-340B4B24157F"}},"EventID":261,"Version":0,"Level":4,"Task":0,"Opcode":0,"Keywords":"0x1000000000000000","TimeCreated":{"#attributes":{"SystemTime":"2021-06-02T19:30:02.458387Z"}},"EventRecordID":417877,"Correlation":{"#attributes":{"ActivityID":"F420077F-ADD5-460B-BB3C-5390964B0000"}},"Execution":{"#attributes":{"ProcessID":856,"ThreadID":1632}},"Channel":"Microsoft-Windows-TerminalServices-RemoteConnectionManager/Operational","Computer":"IPSERVER","Security":{"#attributes":{"UserID":"S-1-5-20"}}},"UserData":{"EventXML":{"#attributes":{"xmlns":"Event_NS"},"listenerName":"RDP-Tcp"}}}}
{"Event":{"#attributes":{"xmlns":"http://schemas.microsoft.com/win/2004/08/events/event"},"System":{"Provider":{"#attributes":{"Name":"Microsoft-Windows-TerminalServices-RemoteConnectionManager","Guid":"C76BAA63-AE81-421C-B425-340B4B24157F"}},"EventID":261,"Version":0,"Level":4,"Task":0,"Opcode":0,"Keywords":"0x1000000000000000","TimeCreated":{"#attributes":{"SystemTime":"2021-06-02T19:30:03.921111Z"}},"EventRecordID":417878,"Correlation":{"#attributes":{"ActivityID":"F420B364-9CA1-44B7-B885-0F751A900000"}},"Execution":{"#attributes":{"ProcessID":856,"ThreadID":1632}},"Channel":"Microsoft-Windows-TerminalServices-RemoteConnectionManager/Operational","Computer":"IPSERVER","Security":{"#attributes":{"UserID":"S-1-5-20"}}},"UserData":{"EventXML":{"#attributes":{"xmlns":"Event_NS"},"listenerName":"RDP-Tcp"}}}}
{"Event":{"#attributes":{"xmlns":"http://schemas.microsoft.com/win/2004/08/events/event"},"System":{"Provider":{"#attributes":{"Name":"Microsoft-Windows-TerminalServices-RemoteConnectionManager","Guid":"C76BAA63-AE81-421C-B425-340B4B24157F"}},"EventID":261,"Version":0,"Level":4,"Task":0,"Opcode":0,"Keywords":"0x1000000000000000","TimeCreated":{"#attributes":{"SystemTime":"2021-06-02T19:30:07.099535Z"}},"EventRecordID":417879,"Correlation":{"#attributes":{"ActivityID":"F420DE7C-1523-4349-8D64-B1CCF52B0000"}},"Execution":{"#attributes":{"ProcessID":856,"ThreadID":1632}},"Channel":"Microsoft-Windows-TerminalServices-RemoteConnectionManager/Operational","Computer":"IPSERVER","Security":{"#attributes":{"UserID":"S-1-5-20"}}},"UserData":{"EventXML":{"#attributes":{"xmlns":"Event_NS"},"listenerName":"RDP-Tcp"}}}}
{"Event":{"#attributes":{"xmlns":"http://schemas.microsoft.com/win/2004/08/events/event"},"System":{"Provider":{"#attributes":{"Name":"Microsoft-Windows-TerminalServices-RemoteConnectionManager","Guid":"C76BAA63-AE81-421C-B425-340B4B24157F"}},"EventID":261,"Version":0,"Level":4,"Task":0,"Opcode":0,"Keywords":"0x1000000000000000","TimeCreated":{"#attributes":{"SystemTime":"2021-06-02T19:30:27.561526Z"}},"EventRecordID":417880,"Correlation":{"#attributes":{"ActivityID":"F4206ADD-A15A-4789-89E9-95F9CD970000"}},"Execution":{"#attributes":{"ProcessID":856,"ThreadID":1632}},"Channel":"Microsoft-Windows-TerminalServices-RemoteConnectionManager/Operational","Computer":"IPSERVER","Security":{"#attributes":{"UserID":"S-1-5-20"}}},"UserData":{"EventXML":{"#attributes":{"xmlns":"Event_NS"},"listenerName":"RDP-Tcp"}}}}
{"Event":{"#attributes":{"xmlns":"http://schemas.microsoft.com/win/2004/08/events/event"},"System":{"Provider":{"#attributes":{"Name":"Microsoft-Windows-TerminalServices-RemoteConnectionManager","Guid":"C76BAA63-AE81-421C-B425-340B4B24157F"}},"EventID":261,"Version":0,"Level":4,"Task":0,"Opcode":0,"Keywords":"0x1000000000000000","TimeCreated":{"#attributes":{"SystemTime":"2021-06-02T19:30:30.552265Z"}},"EventRecordID":417881,"Correlation":{"#attributes":{"ActivityID":"F420F63B-8086-43BE-B059-7A4B162C0000"}},"Execution":{"#attributes":{"ProcessID":856,"ThreadID":1632}},"Channel":"Microsoft-Windows-TerminalServices-RemoteConnectionManager/Operational","Computer":"IPSERVER","Security":{"#attributes":{"UserID":"S-1-5-20"}}},"UserData":{"EventXML":{"#attributes":{"xmlns":"Event_NS"},"listenerName":"RDP-Tcp"}}}}
{"Event":{"#attributes":{"xmlns":"http://schemas.microsoft.com/win/2004/08/events/event"},"System":{"Provider":{"#attributes":{"Name":"Microsoft-Windows-TerminalServices-RemoteConnectionManager","Guid":"C76BAA63-AE81-421C-B425-340B4B24157F"}},"EventID":261,"Version":0,"Level":4,"Task":0,"Opcode":0,"Keywords":"0x1000000000000000","TimeCreated":{"#attributes":{"SystemTime":"2021-06-02T19:30:31.407366Z"}},"EventRecordID":417882,"Correlation":{"#attributes":{"ActivityID":"F420E7B7-2B04-49B4-8034-9513CDA90000"}},"Execution":{"#attributes":{"ProcessID":856,"ThreadID":1632}},"Channel":"Microsoft-Windows-TerminalServices-RemoteConnectionManager/Operational","Computer":"IPSERVER","Security":{"#attributes":{"UserID":"S-1-5-20"}}},"UserData":{"EventXML":{"#attributes":{"xmlns":"Event_NS"},"listenerName":"RDP-Tcp"}}}}
{"Event":{"#attributes":{"xmlns":"http://schemas.microsoft.com/win/2004/08/events/event"},"System":{"Provider":{"#attributes":{"Name":"Microsoft-Windows-TerminalServices-RemoteConnectionManager","Guid":"C76BAA63-AE81-421C-B425-340B4B24157F"}},"EventID":261,"Version":0,"Level":4,"Task":0,"Opcode":0,"Keywords":"0x1000000000000000","TimeCreated":{"#attributes":{"SystemTime":"2021-06-02T19:30:41.476951Z"}},"EventRecordID":417883,"Correlation":{"#attributes":{"ActivityID":"F420DDC2-C63A-450F-BA0F-D64244180000"}},"Execution":{"#attributes":{"ProcessID":856,"ThreadID":1632}},"Channel":"Microsoft-Windows-TerminalServices-RemoteConnectionManager/Operational","Computer":"IPSERVER","Security":{"#attributes":{"UserID":"S-1-5-20"}}},"UserData":{"EventXML":{"#attributes":{"xmlns":"Event_NS"},"listenerName":"RDP-Tcp"}}}}
{"Event":{"#attributes":{"xmlns":"http://schemas.microsoft.com/win/2004/08/events/event"},"System":{"Provider":{"#attributes":{"Name":"Microsoft-Windows-TerminalServices-RemoteConnectionManager","Guid":"C76BAA63-AE81-421C-B425-340B4B24157F"}},"EventID":261,"Version":0,"Level":4,"Task":0,"Opcode":0,"Keywords":"0x1000000000000000","TimeCreated":{"#attributes":{"SystemTime":"2021-06-02T19:30:42.362252Z"}},"EventRecordID":417884,"Correlation":{"#attributes":{"ActivityID":"F42097A7-F4A8-41EB-B23A-43DDCACE0000"}},"Execution":{"#attributes":{"ProcessID":856,"ThreadID":1632}},"Channel":"Microsoft-Windows-TerminalServices-RemoteConnectionManager/Operational","Computer":"IPSERVER","Security":{"#attributes":{"UserID":"S-1-5-20"}}},"UserData":{"EventXML":{"#attributes":{"xmlns":"Event_NS"},"listenerName":"RDP-Tcp"}}}}
{"Event":{"#attributes":{"xmlns":"http://schemas.microsoft.com/win/2004/08/events/event"},"System":{"Provider":{"#attributes":{"Name":"Microsoft-Windows-TerminalServices-RemoteConnectionManager","Guid":"C76BAA63-AE81-421C-B425-340B4B24157F"}},"EventID":261,"Version":0,"Level":4,"Task":0,"Opcode":0,"Keywords":"0x1000000000000000","TimeCreated":{"#attributes":{"SystemTime":"2021-06-02T19:30:47.883975Z"}},"EventRecordID":417885,"Correlation":{"#attributes":{"ActivityID":"F42051E6-46AB-4893-B823-F9B240C50000"}},"Execution":{"#attributes":{"ProcessID":856,"ThreadID":1632}},"Channel":"Microsoft-Windows-TerminalServices-RemoteConnectionManager/Operational","Computer":"IPSERVER","Security":{"#attributes":{"UserID":"S-1-5-20"}}},"UserData":{"EventXML":{"#attributes":{"xmlns":"Event_NS"},"listenerName":"RDP-Tcp"}}}}
{"Event":{"#attributes":{"xmlns":"http://schemas.microsoft.com/win/2004/08/events/event"},"System":{"Provider":{"#attributes":{"Name":"Microsoft-Windows-TerminalServices-RemoteConnectionManager","Guid":"C76BAA63-AE81-421C-B425-340B4B24157F"}},"EventID":261,"Version":0,"Level":4,"Task":0,"Opcode":0,"Keywords":"0x1000000000000000","TimeCreated":{"#attributes":{"SystemTime":"2021-06-02T19:30:48.497714Z"}},"EventRecordID":417886,"Correlation":{"#attributes":{"ActivityID":"F42058E9-0A78-4939-B32A-DC0218380000"}},"Execution":{"#attributes":{"ProcessID":856,"ThreadID":1632}},"Channel":"Microsoft-Windows-TerminalServices-RemoteConnectionManager/Operational","Computer":"IPSERVER","Security":{"#attributes":{"UserID":"S-1-5-20"}}},"UserData":{"EventXML":{"#attributes":{"xmlns":"Event_NS"},"listenerName":"RDP-Tcp"}}}}
{"Event":{"#attributes":{"xmlns":"http://schemas.microsoft.com/win/2004/08/events/event"},"System":{"Provider":{"#attributes":{"Name":"Microsoft-Windows-TerminalServices-RemoteConnectionManager","Guid":"C76BAA63-AE81-421C-B425-340B4B24157F"}},"EventID":261,"Version":0,"Level":4,"Task":0,"Opcode":0,"Keywords":"0x1000000000000000","TimeCreated":{"#attributes":{"SystemTime":"2021-06-02T19:30:50.350911Z"}},"EventRecordID":417887,"Correlation":{"#attributes":{"ActivityID":"F420A806-FCE9-4428-A142-3CC7859E0000"}},"Execution":{"#attributes":{"ProcessID":856,"ThreadID":1632}},"Channel":"Microsoft-Windows-TerminalServices-RemoteConnectionManager/Operational","Computer":"IPSERVER","Security":{"#attributes":{"UserID":"S-1-5-20"}}},"UserData":{"EventXML":{"#attributes":{"xmlns":"Event_NS"},"listenerName":"RDP-Tcp"}}}}
{"Event":{"#attributes":{"xmlns":"http://schemas.microsoft.com/win/2004/08/events/event"},"System":{"Provider":{"#attributes":{"Name":"Microsoft-Windows-TerminalServices-RemoteConnectionManager","Guid":"C76BAA63-AE81-421C-B425-340B4B24157F"}},"EventID":261,"Version":0,"Level":4,"Task":0,"Opcode":0,"Keywords":"0x1000000000000000","TimeCreated":{"#attributes":{"SystemTime":"2021-06-02T19:30:51.046161Z"}},"EventRecordID":417888,"Correlation":{"#attributes":{"ActivityID":"F4204BF8-780A-49F6-B620-CE1FA34E0000"}},"Execution":{"#attributes":{"ProcessID":856,"ThreadID":1632}},"Channel":"Microsoft-Windows-TerminalServices-RemoteConnectionManager/Operational","Computer":"IPSERVER","Security":{"#attributes":{"UserID":"S-1-5-20"}}},"UserData":{"EventXML":{"#attributes":{"xmlns":"Event_NS"},"listenerName":"RDP-Tcp"}}}}
{"Event":{"#attributes":{"xmlns":"http://schemas.microsoft.com/win/2004/08/events/event"},"System":{"Provider":{"#attributes":{"Name":"Microsoft-Windows-TerminalServices-RemoteConnectionManager","Guid":"C76BAA63-AE81-421C-B425-340B4B24157F"}},"EventID":261,"Version":0,"Level":4,"Task":0,"Opcode":0,"Keywords":"0x1000000000000000","TimeCreated":{"#attributes":{"SystemTime":"2021-06-02T19:30:51.863688Z"}},"EventRecordID":417889,"Correlation":{"#attributes":{"ActivityID":"F420A290-B4DF-44A6-93C8-5DEAF87B0000"}},"Execution":{"#attributes":{"ProcessID":856,"ThreadID":1632}},"Channel":"Microsoft-Windows-TerminalServices-RemoteConnectionManager/Operational","Computer":"IPSERVER","Security":{"#attributes":{"UserID":"S-1-5-20"}}},"UserData":{"EventXML":{"#attributes":{"xmlns":"Event_NS"},"listenerName":"RDP-Tcp"}}}}
{"Event":{"#attributes":{"xmlns":"http://schemas.microsoft.com/win/2004/08/events/event"},"System":{"Provider":{"#attributes":{"Name":"Microsoft-Windows-TerminalServices-RemoteConnectionManager","Guid":"C76BAA63-AE81-421C-B425-340B4B24157F"}},"EventID":261,"Version":0,"Level":4,"Task":0,"Opcode":0,"Keywords":"0x1000000000000000","TimeCreated":{"#attributes":{"SystemTime":"2021-06-02T19:30:52.476186Z"}},"EventRecordID":417890,"Correlation":{"#attributes":{"ActivityID":"F420771A-CE1F-47FD-94CF-60E9D3D30000"}},"Execution":{"#attributes":{"ProcessID":856,"ThreadID":1632}},"Channel":"Microsoft-Windows-TerminalServices-RemoteConnectionManager/Operational","Computer":"IPSERVER","Security":{"#attributes":{"UserID":"S-1-5-20"}}},"UserData":{"EventXML":{"#attributes":{"xmlns":"Event_NS"},"listenerName":"RDP-Tcp"}}}}
{"Event":{"#attributes":{"xmlns":"http://schemas.microsoft.com/win/2004/08/events/event"},"System":{"Provider":{"#attributes":{"Name":"Microsoft-Windows-TerminalServices-RemoteConnectionManager","Guid":"C76BAA63-AE81-421C-B425-340B4B24157F"}},"EventID":261,"Version":0,"Level":4,"Task":0,"Opcode":0,"Keywords":"0x1000000000000000","TimeCreated":{"#attributes":{"SystemTime":"2021-06-02T19:30:59.099924Z"}},"EventRecordID":417891,"Correlation":{"#attributes":{"ActivityID":"F420FBF9-6831-4C90-8256-9B319EB30000"}},"Execution":{"#attributes":{"ProcessID":856,"ThreadID":1632}},"Channel":"Microsoft-Windows-TerminalServices-RemoteConnectionManager/Operational","Computer":"IPSERVER","Security":{"#attributes":{"UserID":"S-1-5-20"}}},"UserData":{"EventXML":{"#attributes":{"xmlns":"Event_NS"},"listenerName":"RDP-Tcp"}}}}
{"Event":{"#attributes":{"xmlns":"http://schemas.microsoft.com/win/2004/08/events/event"},"System":{"Provider":{"#attributes":{"Name":"Microsoft-Windows-TerminalServices-RemoteConnectionManager","Guid":"C76BAA63-AE81-421C-B425-340B4B24157F"}},"EventID":261,"Version":0,"Level":4,"Task":0,"Opcode":0,"Keywords":"0x1000000000000000","TimeCreated":{"#attributes":{"SystemTime":"2021-06-02T19:30:59.739101Z"}},"EventRecordID":417892,"Correlation":{"#attributes":{"ActivityID":"F420BDB8-D95C-48A5-919B-818F8E330000"}},"Execution":{"#attributes":{"ProcessID":856,"ThreadID":1632}},"Channel":"Microsoft-Windows-TerminalServices-RemoteConnectionManager/Operational","Computer":"IPSERVER","Security":{"#attributes":{"UserID":"S-1-5-20"}}},"UserData":{"EventXML":{"#attributes":{"xmlns":"Event_NS"},"listenerName":"RDP-Tcp"}}}}
{"Event":{"#attributes":{"xmlns":"http://schemas.microsoft.com/win/2004/08/events/event"},"System":{"Provider":{"#attributes":{"Name":"Microsoft-Windows-TerminalServices-RemoteConnectionManager","Guid":"C76BAA63-AE81-421C-B425-340B4B24157F"}},"EventID":261,"Version":0,"Level":4,"Task":0,"Opcode":0,"Keywords":"0x1000000000000000","TimeCreated":{"#attributes":{"SystemTime":"2021-06-02T19:31:02.413736Z"}},"EventRecordID":417893,"Correlation":{"#attributes":{"ActivityID":"F420E26C-B77D-4EFD-B5E8-B8BB3E430000"}},"Execution":{"#attributes":{"ProcessID":856,"ThreadID":1632}},"Channel":"Microsoft-Windows-TerminalServices-RemoteConnectionManager/Operational","Computer":"IPSERVER","Security":{"#attributes":{"UserID":"S-1-5-20"}}},"UserData":{"EventXML":{"#attributes":{"xmlns":"Event_NS"},"listenerName":"RDP-Tcp"}}}}
{"Event":{"#attributes":{"xmlns":"http://schemas.microsoft.com/win/2004/08/events/event"},"System":{"Provider":{"#attributes":{"Name":"Microsoft-Windows-TerminalServices-RemoteConnectionManager","Guid":"C76BAA63-AE81-421C-B425-340B4B24157F"}},"EventID":261,"Version":0,"Level":4,"Task":0,"Opcode":0,"Keywords":"0x1000000000000000","TimeCreated":{"#attributes":{"SystemTime":"2021-06-02T19:31:03.858285Z"}},"EventRecordID":417894,"Correlation":{"#attributes":{"ActivityID":"F420E38A-710F-44E1-B61D-1D2A10EA0000"}},"Execution":{"#attributes":{"ProcessID":856,"ThreadID":1632}},"Channel":"Microsoft-Windows-TerminalServices-RemoteConnectionManager/Operational","Computer":"IPSERVER","Security":{"#attributes":{"UserID":"S-1-5-20"}}},"UserData":{"EventXML":{"#attributes":{"xmlns":"Event_NS"},"listenerName":"RDP-Tcp"}}}}
{"Event":{"#attributes":{"xmlns":"http://schemas.microsoft.com/win/2004/08/events/event"},"System":{"Provider":{"#attributes":{"Name":"Microsoft-Windows-TerminalServices-RemoteConnectionManager","Guid":"C76BAA63-AE81-421C-B425-340B4B24157F"}},"EventID":261,"Version":0,"Level":4,"Task":0,"Opcode":0,"Keywords":"0x1000000000000000","TimeCreated":{"#attributes":{"SystemTime":"2021-06-02T19:31:12.008256Z"}},"EventRecordID":417895,"Correlation":{"#attributes":{"ActivityID":"F420C614-B957-4503-8710-C1EDD9CC0000"}},"Execution":{"#attributes":{"ProcessID":856,"ThreadID":1632}},"Channel":"Microsoft-Windows-TerminalServices-RemoteConnectionManager/Operational","Computer":"IPSERVER","Security":{"#attributes":{"UserID":"S-1-5-20"}}},"UserData":{"EventXML":{"#attributes":{"xmlns":"Event_NS"},"listenerName":"RDP-Tcp"}}}}
{"Event":{"#attributes":{"xmlns":"http://schemas.microsoft.com/win/2004/08/events/event"},"System":{"Provider":{"#attributes":{"Name":"Microsoft-Windows-TerminalServices-RemoteConnectionManager","Guid":"C76BAA63-AE81-421C-B425-340B4B24157F"}},"EventID":261,"Version":0,"Level":4,"Task":0,"Opcode":0,"Keywords":"0x1000000000000000","TimeCreated":{"#attributes":{"SystemTime":"2021-06-02T19:31:14.138944Z"}},"EventRecordID":417896,"Correlation":{"#attributes":{"ActivityID":"F4201F21-C636-407A-BB32-A286AB260000"}},"Execution":{"#attributes":{"ProcessID":856,"ThreadID":1632}},"Channel":"Microsoft-Windows-TerminalServices-RemoteConnectionManager/Operational","Computer":"IPSERVER","Security":{"#attributes":{"UserID":"S-1-5-20"}}},"UserData":{"EventXML":{"#attributes":{"xmlns":"Event_NS"},"listenerName":"RDP-Tcp"}}}}
{"Event":{"#attributes":{"xmlns":"http://schemas.microsoft.com/win/2004/08/events/event"},"System":{"Provider":{"#attributes":{"Name":"Microsoft-Windows-TerminalServices-RemoteConnectionManager","Guid":"C76BAA63-AE81-421C-B425-340B4B24157F"}},"EventID":261,"Version":0,"Level":4,"Task":0,"Opcode":0,"Keywords":"0x1000000000000000","TimeCreated":{"#attributes":{"SystemTime":"2021-06-02T19:31:16.476679Z"}},"EventRecordID":417897,"Correlation":{"#attributes":{"ActivityID":"F420AAB3-4A80-4062-B1A8-97B2A8B10000"}},"Execution":{"#attributes":{"ProcessID":856,"ThreadID":1632}},"Channel":"Microsoft-Windows-TerminalServices-RemoteConnectionManager/Operational","Computer":"IPSERVER","Security":{"#attributes":{"UserID":"S-1-5-20"}}},"UserData":{"EventXML":{"#attributes":{"xmlns":"Event_NS"},"listenerName":"RDP-Tcp"}}}}
{"Event":{"#attributes":{"xmlns":"http://schemas.microsoft.com/win/2004/08/events/event"},"System":{"Provider":{"#attributes":{"Name":"Microsoft-Windows-TerminalServices-RemoteConnectionManager","Guid":"C76BAA63-AE81-421C-B425-340B4B24157F"}},"EventID":261,"Version":0,"Level":4,"Task":0,"Opcode":0,"Keywords":"0x1000000000000000","TimeCreated":{"#attributes":{"SystemTime":"2021-06-02T19:31:18.599535Z"}},"EventRecordID":417898,"Correlation":{"#attributes":{"ActivityID":"F42061C7-8065-4552-8DAF-0C36AE360000"}},"Execution":{"#attributes":{"ProcessID":856,"ThreadID":1632}},"Channel":"Microsoft-Windows-TerminalServices-RemoteConnectionManager/Operational","Computer":"IPSERVER","Security":{"#attributes":{"UserID":"S-1-5-20"}}},"UserData":{"EventXML":{"#attributes":{"xmlns":"Event_NS"},"listenerName":"RDP-Tcp"}}}}
{"Event":{"#attributes":{"xmlns":"http://schemas.microsoft.com/win/2004/08/events/event"},"System":{"Provider":{"#attributes":{"Name":"Microsoft-Windows-TerminalServices-RemoteConnectionManager","Guid":"C76BAA63-AE81-421C-B425-340B4B24157F"}},"EventID":261,"Version":0,"Level":4,"Task":0,"Opcode":0,"Keywords":"0x1000000000000000","TimeCreated":{"#attributes":{"SystemTime":"2021-06-02T19:31:22.659297Z"}},"EventRecordID":417899,"Correlation":{"#attributes":{"ActivityID":"F420592E-35CB-4CFF-85DA-72C532340000"}},"Execution":{"#attributes":{"ProcessID":856,"ThreadID":1632}},"Channel":"Microsoft-Windows-TerminalServices-RemoteConnectionManager/Operational","Computer":"IPSERVER","Security":{"#attributes":{"UserID":"S-1-5-20"}}},"UserData":{"EventXML":{"#attributes":{"xmlns":"Event_NS"},"listenerName":"RDP-Tcp"}}}}
{"Event":{"#attributes":{"xmlns":"http://schemas.microsoft.com/win/2004/08/events/event"},"System":{"Provider":{"#attributes":{"Name":"Microsoft-Windows-TerminalServices-RemoteConnectionManager","Guid":"C76BAA63-AE81-421C-B425-340B4B24157F"}},"EventID":261,"Version":0,"Level":4,"Task":0,"Opcode":0,"Keywords":"0x1000000000000000","TimeCreated":{"#attributes":{"SystemTime":"2021-06-02T19:31:27.634291Z"}},"EventRecordID":417900,"Correlation":{"#attributes":{"ActivityID":"F4206F88-27C7-4BB7-9435-721DC1200000"}},"Execution":{"#attributes":{"ProcessID":856,"ThreadID":1632}},"Channel":"Microsoft-Windows-TerminalServices-RemoteConnectionManager/Operational","Computer":"IPSERVER","Security":{"#attributes":{"UserID":"S-1-5-20"}}},"UserData":{"EventXML":{"#attributes":{"xmlns":"Event_NS"},"listenerName":"RDP-Tcp"}}}}
